Starting job on Tue Mar  4 12:00:22 AM CET 2025
Running on: b9p16p9362.cern.ch
CMSSW environment set up.
DATASET FOLDER: DYJetsToLL_M-50_TuneCP5_13p6TeV-madgraphMLM-pythia8_Run3Summer22NanoAODv12-ALCARECO_forPOG_130X_mcRun3_2022_realistic_v5_ext1-v2_NANOAODSIM 
EOS DIR: /eos/user/o/olfimbre/NanoAOD_Filtered/DYJetsToLL_M-50_TuneCP5_13p6TeV-madgraphMLM-pythia8_Run3Summer22NanoAODv12-ALCARECO_forPOG_130X_mcRun3_2022_realistic_v5_ext1-v2_NANOAODSIM 
Processing file: root://cms-xrd-global.cern.ch//store/mc/Run3Summer22NanoAODv12/DYJetsToLL_M-50_TuneCP5_13p6TeV-madgraphMLM-pythia8/NANOAODSIM/ALCARECO_forPOG_130X_mcRun3_2022_realistic_v5_ext1-v2/2520000/cefa6473-8705-4619-b56f-ecef99b6f42d.root
Will write selected trees to filteredNanoAOD
Pre-select 1018007 entries out of 1018007 (100.00%)
Processed    10000/ 1018007 entries,  0.98% (elapsed time     4.8s, curr speed    2.063 kHz, avg speed    2.063 kHz), accepted     2708/   10001 events (27.08%)
Processed    20000/ 1018007 entries,  1.96% (elapsed time    10.2s, curr speed    1.880 kHz, avg speed    1.967 kHz), accepted     5485/   20001 events (27.42%)
Processed    30000/ 1018007 entries,  2.95% (elapsed time    15.2s, curr speed    2.005 kHz, avg speed    1.980 kHz), accepted     8273/   30001 events (27.58%)
Processed    40000/ 1018007 entries,  3.93% (elapsed time    19.1s, curr speed    2.532 kHz, avg speed    2.094 kHz), accepted    11023/   40001 events (27.56%)
Processed    50000/ 1018007 entries,  4.91% (elapsed time    24.2s, curr speed    1.954 kHz, avg speed    2.064 kHz), accepted    13660/   50001 events (27.32%)
Processed    60000/ 1018007 entries,  5.89% (elapsed time    29.4s, curr speed    1.923 kHz, avg speed    2.039 kHz), accepted    16400/   60001 events (27.33%)
Processed    70000/ 1018007 entries,  6.88% (elapsed time    33.8s, curr speed    2.273 kHz, avg speed    2.070 kHz), accepted    19060/   70001 events (27.23%)
Processed    80000/ 1018007 entries,  7.86% (elapsed time    39.0s, curr speed    1.930 kHz, avg speed    2.051 kHz), accepted    21788/   80001 events (27.23%)
Processed    90000/ 1018007 entries,  8.84% (elapsed time    45.3s, curr speed    1.587 kHz, avg speed    1.987 kHz), accepted    24553/   90001 events (27.28%)
Processed   100000/ 1018007 entries,  9.82% (elapsed time    49.8s, curr speed    2.214 kHz, avg speed    2.007 kHz), accepted    27300/  100001 events (27.30%)
Processed   110000/ 1018007 entries, 10.81% (elapsed time    55.4s, curr speed    1.786 kHz, avg speed    1.985 kHz), accepted    30064/  110001 events (27.33%)
Processed   120000/ 1018007 entries, 11.79% (elapsed time    60.9s, curr speed    1.827 kHz, avg speed    1.971 kHz), accepted    32747/  120001 events (27.29%)
Processed   130000/ 1018007 entries, 12.77% (elapsed time    65.1s, curr speed    2.361 kHz, avg speed    1.996 kHz), accepted    35501/  130001 events (27.31%)
Processed   140000/ 1018007 entries, 13.75% (elapsed time    71.0s, curr speed    1.712 kHz, avg speed    1.973 kHz), accepted    38296/  140001 events (27.35%)
Processed   150000/ 1018007 entries, 14.73% (elapsed time    75.3s, curr speed    2.330 kHz, avg speed    1.993 kHz), accepted    41072/  150001 events (27.38%)
Processed   160000/ 1018007 entries, 15.72% (elapsed time    79.9s, curr speed    2.141 kHz, avg speed    2.002 kHz), accepted    43806/  160001 events (27.38%)
Processed   170000/ 1018007 entries, 16.70% (elapsed time    85.1s, curr speed    1.928 kHz, avg speed    1.997 kHz), accepted    46521/  170001 events (27.37%)
Processed   180000/ 1018007 entries, 17.68% (elapsed time    90.3s, curr speed    1.924 kHz, avg speed    1.993 kHz), accepted    49251/  180001 events (27.36%)
Processed   190000/ 1018007 entries, 18.66% (elapsed time    95.1s, curr speed    2.078 kHz, avg speed    1.997 kHz), accepted    51974/  190001 events (27.35%)
Processed   200000/ 1018007 entries, 19.65% (elapsed time   101.1s, curr speed    1.687 kHz, avg speed    1.979 kHz), accepted    54719/  200001 events (27.36%)
Processed   210000/ 1018007 entries, 20.63% (elapsed time   105.9s, curr speed    2.073 kHz, avg speed    1.983 kHz), accepted    57452/  210001 events (27.36%)
Processed   220000/ 1018007 entries, 21.61% (elapsed time   110.4s, curr speed    2.209 kHz, avg speed    1.993 kHz), accepted    60234/  220001 events (27.38%)
Processed   230000/ 1018007 entries, 22.59% (elapsed time   116.2s, curr speed    1.734 kHz, avg speed    1.980 kHz), accepted    62991/  230001 events (27.39%)
Processed   240000/ 1018007 entries, 23.58% (elapsed time   121.0s, curr speed    2.080 kHz, avg speed    1.984 kHz), accepted    65777/  240001 events (27.41%)
Processed   250000/ 1018007 entries, 24.56% (elapsed time   126.0s, curr speed    1.982 kHz, avg speed    1.984 kHz), accepted    68453/  250001 events (27.38%)
Processed   260000/ 1018007 entries, 25.54% (elapsed time   131.1s, curr speed    1.970 kHz, avg speed    1.983 kHz), accepted    71208/  260001 events (27.39%)
Processed   270000/ 1018007 entries, 26.52% (elapsed time   136.2s, curr speed    1.958 kHz, avg speed    1.982 kHz), accepted    73990/  270001 events (27.40%)
Processed   280000/ 1018007 entries, 27.50% (elapsed time   141.8s, curr speed    1.785 kHz, avg speed    1.974 kHz), accepted    76868/  280001 events (27.45%)
Processed   290000/ 1018007 entries, 28.49% (elapsed time   147.1s, curr speed    1.899 kHz, avg speed    1.972 kHz), accepted    79564/  290001 events (27.44%)
Processed   300000/ 1018007 entries, 29.47% (elapsed time   151.9s, curr speed    2.053 kHz, avg speed    1.974 kHz), accepted    82207/  300001 events (27.40%)
Processed   310000/ 1018007 entries, 30.45% (elapsed time   157.6s, curr speed    1.779 kHz, avg speed    1.967 kHz), accepted    84924/  310001 events (27.39%)
Processed   320000/ 1018007 entries, 31.43% (elapsed time   163.2s, curr speed    1.783 kHz, avg speed    1.961 kHz), accepted    87644/  320001 events (27.39%)
Processed   330000/ 1018007 entries, 32.42% (elapsed time   169.1s, curr speed    1.684 kHz, avg speed    1.951 kHz), accepted    90400/  330001 events (27.39%)
Processed   340000/ 1018007 entries, 33.40% (elapsed time   173.2s, curr speed    2.426 kHz, avg speed    1.963 kHz), accepted    93132/  340001 events (27.39%)
Processed   350000/ 1018007 entries, 34.38% (elapsed time   178.0s, curr speed    2.111 kHz, avg speed    1.967 kHz), accepted    95867/  350001 events (27.39%)
Processed   360000/ 1018007 entries, 35.36% (elapsed time   183.9s, curr speed    1.688 kHz, avg speed    1.958 kHz), accepted    98653/  360001 events (27.40%)
Processed   370000/ 1018007 entries, 36.35% (elapsed time   187.9s, curr speed    2.490 kHz, avg speed    1.969 kHz), accepted   101375/  370001 events (27.40%)
Processed   380000/ 1018007 entries, 37.33% (elapsed time   193.2s, curr speed    1.879 kHz, avg speed    1.966 kHz), accepted   104061/  380001 events (27.38%)
Processed   390000/ 1018007 entries, 38.31% (elapsed time   197.9s, curr speed    2.145 kHz, avg speed    1.971 kHz), accepted   106793/  390001 events (27.38%)
Processed   400000/ 1018007 entries, 39.29% (elapsed time   202.3s, curr speed    2.279 kHz, avg speed    1.977 kHz), accepted   109515/  400001 events (27.38%)
Processed   410000/ 1018007 entries, 40.27% (elapsed time   206.9s, curr speed    2.166 kHz, avg speed    1.982 kHz), accepted   112265/  410001 events (27.38%)
Processed   420000/ 1018007 entries, 41.26% (elapsed time   212.3s, curr speed    1.852 kHz, avg speed    1.978 kHz), accepted   114998/  420001 events (27.38%)
Processed   430000/ 1018007 entries, 42.24% (elapsed time   216.9s, curr speed    2.163 kHz, avg speed    1.982 kHz), accepted   117736/  430001 events (27.38%)
Processed   440000/ 1018007 entries, 43.22% (elapsed time   222.3s, curr speed    1.875 kHz, avg speed    1.980 kHz), accepted   120484/  440001 events (27.38%)
Processed   450000/ 1018007 entries, 44.20% (elapsed time   228.1s, curr speed    1.723 kHz, avg speed    1.973 kHz), accepted   123267/  450001 events (27.39%)
Processed   460000/ 1018007 entries, 45.19% (elapsed time   232.0s, curr speed    2.513 kHz, avg speed    1.982 kHz), accepted   126026/  460001 events (27.40%)
Processed   470000/ 1018007 entries, 46.17% (elapsed time   237.4s, curr speed    1.851 kHz, avg speed    1.979 kHz), accepted   128746/  470001 events (27.39%)
Processed   480000/ 1018007 entries, 47.15% (elapsed time   243.2s, curr speed    1.743 kHz, avg speed    1.974 kHz), accepted   131545/  480001 events (27.41%)
Processed   490000/ 1018007 entries, 48.13% (elapsed time   247.2s, curr speed    2.479 kHz, avg speed    1.982 kHz), accepted   134279/  490001 events (27.40%)
Processed   500000/ 1018007 entries, 49.12% (elapsed time   252.6s, curr speed    1.844 kHz, avg speed    1.979 kHz), accepted   136962/  500001 events (27.39%)
Processed   510000/ 1018007 entries, 50.10% (elapsed time   258.0s, curr speed    1.880 kHz, avg speed    1.977 kHz), accepted   139743/  510001 events (27.40%)
Processed   520000/ 1018007 entries, 51.08% (elapsed time   261.9s, curr speed    2.554 kHz, avg speed    1.986 kHz), accepted   142517/  520001 events (27.41%)
Processed   530000/ 1018007 entries, 52.06% (elapsed time   267.9s, curr speed    1.658 kHz, avg speed    1.978 kHz), accepted   145270/  530001 events (27.41%)
Processed   540000/ 1018007 entries, 53.04% (elapsed time   273.1s, curr speed    1.920 kHz, avg speed    1.977 kHz), accepted   147988/  540001 events (27.41%)
Processed   550000/ 1018007 entries, 54.03% (elapsed time   277.5s, curr speed    2.282 kHz, avg speed    1.982 kHz), accepted   150711/  550001 events (27.40%)
Processed   560000/ 1018007 entries, 55.01% (elapsed time   283.4s, curr speed    1.694 kHz, avg speed    1.976 kHz), accepted   153460/  560001 events (27.40%)
Processed   570000/ 1018007 entries, 55.99% (elapsed time   288.8s, curr speed    1.863 kHz, avg speed    1.974 kHz), accepted   156229/  570001 events (27.41%)
Processed   580000/ 1018007 entries, 56.97% (elapsed time   293.0s, curr speed    2.342 kHz, avg speed    1.979 kHz), accepted   159046/  580001 events (27.42%)
Processed   590000/ 1018007 entries, 57.96% (elapsed time   298.8s, curr speed    1.745 kHz, avg speed    1.975 kHz), accepted   161823/  590001 events (27.43%)
Processed   600000/ 1018007 entries, 58.94% (elapsed time   302.8s, curr speed    2.482 kHz, avg speed    1.982 kHz), accepted   164500/  600001 events (27.42%)
Processed   610000/ 1018007 entries, 59.92% (elapsed time   308.5s, curr speed    1.761 kHz, avg speed    1.977 kHz), accepted   167277/  610001 events (27.42%)
Processed   620000/ 1018007 entries, 60.90% (elapsed time   313.9s, curr speed    1.843 kHz, avg speed    1.975 kHz), accepted   170108/  620001 events (27.44%)
Processed   630000/ 1018007 entries, 61.89% (elapsed time   318.8s, curr speed    2.041 kHz, avg speed    1.976 kHz), accepted   172812/  630001 events (27.43%)
Processed   640000/ 1018007 entries, 62.87% (elapsed time   324.3s, curr speed    1.808 kHz, avg speed    1.973 kHz), accepted   175537/  640001 events (27.43%)
Processed   650000/ 1018007 entries, 63.85% (elapsed time   329.7s, curr speed    1.881 kHz, avg speed    1.972 kHz), accepted   178262/  650001 events (27.42%)
Processed   660000/ 1018007 entries, 64.83% (elapsed time   334.6s, curr speed    2.035 kHz, avg speed    1.973 kHz), accepted   180973/  660001 events (27.42%)
Processed   670000/ 1018007 entries, 65.81% (elapsed time   339.3s, curr speed    2.122 kHz, avg speed    1.975 kHz), accepted   183711/  670001 events (27.42%)
Processed   680000/ 1018007 entries, 66.80% (elapsed time   344.9s, curr speed    1.766 kHz, avg speed    1.971 kHz), accepted   186446/  680001 events (27.42%)
Processed   690000/ 1018007 entries, 67.78% (elapsed time   349.5s, curr speed    2.186 kHz, avg speed    1.974 kHz), accepted   189194/  690001 events (27.42%)
Processed   700000/ 1018007 entries, 68.76% (elapsed time   354.6s, curr speed    1.948 kHz, avg speed    1.974 kHz), accepted   191907/  700001 events (27.42%)
Processed   710000/ 1018007 entries, 69.74% (elapsed time   359.8s, curr speed    1.947 kHz, avg speed    1.973 kHz), accepted   194619/  710001 events (27.41%)
Processed   720000/ 1018007 entries, 70.73% (elapsed time   364.2s, curr speed    2.255 kHz, avg speed    1.977 kHz), accepted   197457/  720001 events (27.42%)
Processed   730000/ 1018007 entries, 71.71% (elapsed time   369.0s, curr speed    2.079 kHz, avg speed    1.978 kHz), accepted   200277/  730001 events (27.44%)
Processed   740000/ 1018007 entries, 72.69% (elapsed time   375.6s, curr speed    1.519 kHz, avg speed    1.970 kHz), accepted   203060/  740001 events (27.44%)
Processed   750000/ 1018007 entries, 73.67% (elapsed time   380.7s, curr speed    1.982 kHz, avg speed    1.970 kHz), accepted   205830/  750001 events (27.44%)
Processed   760000/ 1018007 entries, 74.66% (elapsed time   385.7s, curr speed    1.998 kHz, avg speed    1.971 kHz), accepted   208590/  760001 events (27.45%)
Processed   770000/ 1018007 entries, 75.64% (elapsed time   391.4s, curr speed    1.732 kHz, avg speed    1.967 kHz), accepted   211378/  770001 events (27.45%)
Processed   780000/ 1018007 entries, 76.62% (elapsed time   396.4s, curr speed    2.030 kHz, avg speed    1.968 kHz), accepted   214186/  780001 events (27.46%)
Processed   790000/ 1018007 entries, 77.60% (elapsed time   400.9s, curr speed    2.225 kHz, avg speed    1.971 kHz), accepted   216923/  790001 events (27.46%)
Processed   800000/ 1018007 entries, 78.58% (elapsed time   407.3s, curr speed    1.550 kHz, avg speed    1.964 kHz), accepted   219751/  800001 events (27.47%)
Processed   810000/ 1018007 entries, 79.57% (elapsed time   412.9s, curr speed    1.793 kHz, avg speed    1.962 kHz), accepted   222478/  810001 events (27.47%)
Processed   820000/ 1018007 entries, 80.55% (elapsed time   417.9s, curr speed    1.984 kHz, avg speed    1.962 kHz), accepted   225216/  820001 events (27.47%)
Processed   830000/ 1018007 entries, 81.53% (elapsed time   423.7s, curr speed    1.747 kHz, avg speed    1.959 kHz), accepted   227978/  830001 events (27.47%)
Processed   840000/ 1018007 entries, 82.51% (elapsed time   429.0s, curr speed    1.869 kHz, avg speed    1.958 kHz), accepted   230791/  840001 events (27.48%)
Processed   850000/ 1018007 entries, 83.50% (elapsed time   434.3s, curr speed    1.883 kHz, avg speed    1.957 kHz), accepted   233555/  850001 events (27.48%)
Processed   860000/ 1018007 entries, 84.48% (elapsed time   440.7s, curr speed    1.572 kHz, avg speed    1.952 kHz), accepted   236361/  860001 events (27.48%)
Processed   870000/ 1018007 entries, 85.46% (elapsed time   444.8s, curr speed    2.404 kHz, avg speed    1.956 kHz), accepted   239155/  870001 events (27.49%)
Processed   880000/ 1018007 entries, 86.44% (elapsed time   448.8s, curr speed    2.536 kHz, avg speed    1.961 kHz), accepted   241938/  880001 events (27.49%)
Processed   890000/ 1018007 entries, 87.43% (elapsed time   454.8s, curr speed    1.662 kHz, avg speed    1.957 kHz), accepted   244620/  890001 events (27.49%)
Processed   900000/ 1018007 entries, 88.41% (elapsed time   459.4s, curr speed    2.181 kHz, avg speed    1.959 kHz), accepted   247286/  900001 events (27.48%)
Processed   910000/ 1018007 entries, 89.39% (elapsed time   463.4s, curr speed    2.486 kHz, avg speed    1.964 kHz), accepted   250058/  910001 events (27.48%)
Processed   920000/ 1018007 entries, 90.37% (elapsed time   469.1s, curr speed    1.767 kHz, avg speed    1.961 kHz), accepted   252826/  920001 events (27.48%)
Processed   930000/ 1018007 entries, 91.35% (elapsed time   473.6s, curr speed    2.207 kHz, avg speed    1.964 kHz), accepted   255581/  930001 events (27.48%)
Processed   940000/ 1018007 entries, 92.34% (elapsed time   478.6s, curr speed    1.996 kHz, avg speed    1.964 kHz), accepted   258395/  940001 events (27.49%)
Processed   950000/ 1018007 entries, 93.32% (elapsed time   483.9s, curr speed    1.897 kHz, avg speed    1.963 kHz), accepted   261146/  950001 events (27.49%)
Processed   960000/ 1018007 entries, 94.30% (elapsed time   488.7s, curr speed    2.080 kHz, avg speed    1.964 kHz), accepted   263887/  960001 events (27.49%)
Processed   970000/ 1018007 entries, 95.28% (elapsed time   493.4s, curr speed    2.122 kHz, avg speed    1.966 kHz), accepted   266646/  970001 events (27.49%)
Processed   980000/ 1018007 entries, 96.27% (elapsed time   499.5s, curr speed    1.646 kHz, avg speed    1.962 kHz), accepted   269468/  980001 events (27.50%)
Processed   990000/ 1018007 entries, 97.25% (elapsed time   506.3s, curr speed    1.470 kHz, avg speed    1.955 kHz), accepted   272218/  990001 events (27.50%)
Processed  1000000/ 1018007 entries, 98.23% (elapsed time   511.3s, curr speed    2.007 kHz, avg speed    1.956 kHz), accepted   274907/ 1000001 events (27.49%)
Processed  1010000/ 1018007 entries, 99.21% (elapsed time   516.2s, curr speed    2.039 kHz, avg speed    1.957 kHz), accepted   277656/ 1010001 events (27.49%)
Processed 1018007 preselected entries from root://cms-xrd-global.cern.ch//store/mc/Run3Summer22NanoAODv12/DYJetsToLL_M-50_TuneCP5_13p6TeV-madgraphMLM-pythia8/NANOAODSIM/ALCARECO_forPOG_130X_mcRun3_2022_realistic_v5_ext1-v2/2520000/cefa6473-8705-4619-b56f-ecef99b6f42d.root (1018007 entries). Finally selected 279830 entries
Done filteredNanoAOD/cefa6473-8705-4619-b56f-ecef99b6f42d_Skim.root
Total time 551.9 sec. to process 1018007 events. Rate = 1844.6 Hz.
Copying output files to EOS: /eos/user/o/olfimbre/NanoAOD_Filtered/DYJetsToLL_M-50_TuneCP5_13p6TeV-madgraphMLM-pythia8_Run3Summer22NanoAODv12-ALCARECO_forPOG_130X_mcRun3_2022_realistic_v5_ext1-v2_NANOAODSIM
Job finished on Tue Mar  4 00:10:22 CET 2025
