000 (16790440.000.000) 03/04 20:21:38 Job submitted from host: <188.185.72.155:9618?addrs=188.185.72.155-9618+[2001-1458-d00-8--100-95]-9618&alias=bigbird08.cern.ch&noUDP&sock=schedd_862983_22fa>
...
040 (16790440.000.000) 03/04 20:24:35 Started transferring input files
	Transferring to host: <128.142.161.99:9618?addrs=128.142.161.99-9618+[2001-1458-301-b8--100-21]-9618&alias=b9g03p0440.cern.ch&noUDP&sock=slot1_12_2716775_8226_8675>
...
040 (16790440.000.000) 03/04 20:24:35 Finished transferring input files
...
001 (16790440.000.000) 03/04 20:24:36 Job executing on host: <128.142.161.99:9618?addrs=128.142.161.99-9618+[2001-1458-301-b8--100-21]-9618&alias=b9g03p0440.cern.ch&noUDP&sock=startd_3233_25c6>
	SlotName: slot1_12@b9g03p0440.cern.ch
	CondorScratchDir = "/pool/condor/dir_4156205"
	Cpus = 1
	Disk = 2100087
	GPUs = 0
	Memory = 3000
...
006 (16790440.000.000) 03/04 20:24:44 Image size of job updated: 487844
	477  -  MemoryUsage of job (MB)
	487844  -  ResidentSetSize of job (KB)
...
040 (16790440.000.000) 03/04 20:25:01 Started transferring output files
...
040 (16790440.000.000) 03/04 20:25:01 Finished transferring output files
...
005 (16790440.000.000) 03/04 20:25:01 Job terminated.
	(1) Normal termination (return value 0)
		Usr 0 00:00:10, Sys 0 00:00:01  -  Run Remote Usage
		Usr 0 00:00:00, Sys 0 00:00:00  -  Run Local Usage
		Usr 0 00:00:10, Sys 0 00:00:01  -  Total Remote Usage
		Usr 0 00:00:00, Sys 0 00:00:00  -  Total Local Usage
	6595  -  Run Bytes Sent By Job
	13342  -  Run Bytes Received By Job
	6595  -  Total Bytes Sent By Job
	13342  -  Total Bytes Received By Job
	Partitionable Resources :    Usage  Request Allocated 
	   Cpus                 :        0        1         1 
	   Disk (KB)            :       42  2097152   2100087 
	   GPUs                 :                           0 
	   Memory (MB)          :      477     3000      3000 

	Job terminated of its own accord at 2025-03-04T19:25:01Z with exit-code 0.
...
