Starting job on Tue Mar  4 12:00:22 AM CET 2025
Running on: b9p13p7489.cern.ch
CMSSW environment set up.
DATASET FOLDER: DYJetsToLL_M-50_TuneCP5_13p6TeV-madgraphMLM-pythia8_Run3Summer22NanoAODv12-ALCARECO_forPOG_130X_mcRun3_2022_realistic_v5_ext1-v2_NANOAODSIM 
EOS DIR: /eos/user/o/olfimbre/NanoAOD_Filtered/DYJetsToLL_M-50_TuneCP5_13p6TeV-madgraphMLM-pythia8_Run3Summer22NanoAODv12-ALCARECO_forPOG_130X_mcRun3_2022_realistic_v5_ext1-v2_NANOAODSIM 
Processing file: root://cms-xrd-global.cern.ch//store/mc/Run3Summer22NanoAODv12/DYJetsToLL_M-50_TuneCP5_13p6TeV-madgraphMLM-pythia8/NANOAODSIM/ALCARECO_forPOG_130X_mcRun3_2022_realistic_v5_ext1-v2/2530000/5012baeb-bdfb-4374-8116-399c9ed3b355.root
Will write selected trees to filteredNanoAOD
Pre-select 742203 entries out of 742203 (100.00%)
Processed    10000/  742203 entries,  1.35% (elapsed time     4.7s, curr speed    2.144 kHz, avg speed    2.144 kHz), accepted     2740/   10001 events (27.40%)
Processed    20000/  742203 entries,  2.69% (elapsed time    10.0s, curr speed    1.882 kHz, avg speed    2.004 kHz), accepted     5542/   20001 events (27.71%)
Processed    30000/  742203 entries,  4.04% (elapsed time    14.3s, curr speed    2.290 kHz, avg speed    2.091 kHz), accepted     8266/   30001 events (27.55%)
Processed    40000/  742203 entries,  5.39% (elapsed time    18.9s, curr speed    2.179 kHz, avg speed    2.112 kHz), accepted    11049/   40001 events (27.62%)
Processed    50000/  742203 entries,  6.74% (elapsed time    24.2s, curr speed    1.904 kHz, avg speed    2.067 kHz), accepted    13770/   50001 events (27.54%)
Processed    60000/  742203 entries,  8.08% (elapsed time    28.8s, curr speed    2.175 kHz, avg speed    2.084 kHz), accepted    16559/   60001 events (27.60%)
Processed    70000/  742203 entries,  9.43% (elapsed time    33.3s, curr speed    2.226 kHz, avg speed    2.104 kHz), accepted    19292/   70001 events (27.56%)
Processed    80000/  742203 entries, 10.78% (elapsed time    38.4s, curr speed    1.971 kHz, avg speed    2.086 kHz), accepted    21987/   80001 events (27.48%)
Processed    90000/  742203 entries, 12.13% (elapsed time    43.0s, curr speed    2.130 kHz, avg speed    2.091 kHz), accepted    24721/   90001 events (27.47%)
Processed   100000/  742203 entries, 13.47% (elapsed time    47.9s, curr speed    2.068 kHz, avg speed    2.088 kHz), accepted    27582/  100001 events (27.58%)
Processed   110000/  742203 entries, 14.82% (elapsed time    53.5s, curr speed    1.774 kHz, avg speed    2.055 kHz), accepted    30364/  110001 events (27.60%)
Processed   120000/  742203 entries, 16.17% (elapsed time    57.5s, curr speed    2.528 kHz, avg speed    2.088 kHz), accepted    33079/  120001 events (27.57%)
Processed   130000/  742203 entries, 17.52% (elapsed time    63.1s, curr speed    1.768 kHz, avg speed    2.059 kHz), accepted    35805/  130001 events (27.54%)
Processed   140000/  742203 entries, 18.86% (elapsed time    69.1s, curr speed    1.674 kHz, avg speed    2.026 kHz), accepted    38633/  140001 events (27.59%)
Processed   150000/  742203 entries, 20.21% (elapsed time    73.6s, curr speed    2.209 kHz, avg speed    2.037 kHz), accepted    41432/  150001 events (27.62%)
Processed   160000/  742203 entries, 21.56% (elapsed time    78.9s, curr speed    1.894 kHz, avg speed    2.028 kHz), accepted    44161/  160001 events (27.60%)
Processed   170000/  742203 entries, 22.90% (elapsed time    84.2s, curr speed    1.901 kHz, avg speed    2.020 kHz), accepted    46833/  170001 events (27.55%)
Processed   180000/  742203 entries, 24.25% (elapsed time    88.2s, curr speed    2.503 kHz, avg speed    2.042 kHz), accepted    49567/  180001 events (27.54%)
Processed   190000/  742203 entries, 25.60% (elapsed time    93.4s, curr speed    1.905 kHz, avg speed    2.034 kHz), accepted    52371/  190001 events (27.56%)
Processed   200000/  742203 entries, 26.95% (elapsed time    98.4s, curr speed    1.995 kHz, avg speed    2.032 kHz), accepted    55142/  200001 events (27.57%)
Processed   210000/  742203 entries, 28.29% (elapsed time   103.8s, curr speed    1.864 kHz, avg speed    2.023 kHz), accepted    57949/  210001 events (27.59%)
Processed   220000/  742203 entries, 29.64% (elapsed time   108.7s, curr speed    2.036 kHz, avg speed    2.024 kHz), accepted    60644/  220001 events (27.57%)
Processed   230000/  742203 entries, 30.99% (elapsed time   113.2s, curr speed    2.201 kHz, avg speed    2.031 kHz), accepted    63393/  230001 events (27.56%)
Processed   240000/  742203 entries, 32.34% (elapsed time   118.3s, curr speed    1.986 kHz, avg speed    2.029 kHz), accepted    66151/  240001 events (27.56%)
Processed   250000/  742203 entries, 33.68% (elapsed time   123.4s, curr speed    1.963 kHz, avg speed    2.026 kHz), accepted    68939/  250001 events (27.58%)
Processed   260000/  742203 entries, 35.03% (elapsed time   126.8s, curr speed    2.952 kHz, avg speed    2.051 kHz), accepted    71729/  260001 events (27.59%)
Processed   270000/  742203 entries, 36.38% (elapsed time   132.7s, curr speed    1.671 kHz, avg speed    2.034 kHz), accepted    74480/  270001 events (27.59%)
Processed   280000/  742203 entries, 37.73% (elapsed time   138.1s, curr speed    1.868 kHz, avg speed    2.028 kHz), accepted    77241/  280001 events (27.59%)
Processed   290000/  742203 entries, 39.07% (elapsed time   142.1s, curr speed    2.514 kHz, avg speed    2.041 kHz), accepted    80022/  290001 events (27.59%)
Processed   300000/  742203 entries, 40.42% (elapsed time   147.5s, curr speed    1.831 kHz, avg speed    2.033 kHz), accepted    82823/  300001 events (27.61%)
Processed   310000/  742203 entries, 41.77% (elapsed time   152.5s, curr speed    2.006 kHz, avg speed    2.032 kHz), accepted    85421/  310001 events (27.56%)
Processed   320000/  742203 entries, 43.11% (elapsed time   156.4s, curr speed    2.559 kHz, avg speed    2.046 kHz), accepted    88168/  320001 events (27.55%)
Processed   330000/  742203 entries, 44.46% (elapsed time   161.8s, curr speed    1.867 kHz, avg speed    2.040 kHz), accepted    90965/  330001 events (27.57%)
Processed   340000/  742203 entries, 45.81% (elapsed time   167.1s, curr speed    1.897 kHz, avg speed    2.035 kHz), accepted    93687/  340001 events (27.55%)
Processed   350000/  742203 entries, 47.16% (elapsed time   171.5s, curr speed    2.244 kHz, avg speed    2.041 kHz), accepted    96398/  350001 events (27.54%)
Processed   360000/  742203 entries, 48.50% (elapsed time   177.1s, curr speed    1.782 kHz, avg speed    2.032 kHz), accepted    99046/  360001 events (27.51%)
Processed   370000/  742203 entries, 49.85% (elapsed time   181.8s, curr speed    2.127 kHz, avg speed    2.035 kHz), accepted   101815/  370001 events (27.52%)
Processed   380000/  742203 entries, 51.20% (elapsed time   186.1s, curr speed    2.367 kHz, avg speed    2.042 kHz), accepted   104537/  380001 events (27.51%)
Processed   390000/  742203 entries, 52.55% (elapsed time   192.4s, curr speed    1.568 kHz, avg speed    2.027 kHz), accepted   107306/  390001 events (27.51%)
Processed   400000/  742203 entries, 53.89% (elapsed time   196.3s, curr speed    2.563 kHz, avg speed    2.037 kHz), accepted   109976/  400001 events (27.49%)
Processed   410000/  742203 entries, 55.24% (elapsed time   200.7s, curr speed    2.311 kHz, avg speed    2.043 kHz), accepted   112769/  410001 events (27.50%)
Processed   420000/  742203 entries, 56.59% (elapsed time   207.0s, curr speed    1.574 kHz, avg speed    2.029 kHz), accepted   115556/  420001 events (27.51%)
Processed   430000/  742203 entries, 57.94% (elapsed time   210.3s, curr speed    3.007 kHz, avg speed    2.044 kHz), accepted   118262/  430001 events (27.50%)
Processed   440000/  742203 entries, 59.28% (elapsed time   215.5s, curr speed    1.936 kHz, avg speed    2.042 kHz), accepted   120993/  440001 events (27.50%)
Processed   450000/  742203 entries, 60.63% (elapsed time   221.3s, curr speed    1.719 kHz, avg speed    2.033 kHz), accepted   123736/  450001 events (27.50%)
Processed   460000/  742203 entries, 61.98% (elapsed time   225.2s, curr speed    2.604 kHz, avg speed    2.043 kHz), accepted   126492/  460001 events (27.50%)
Processed   470000/  742203 entries, 63.32% (elapsed time   230.7s, curr speed    1.801 kHz, avg speed    2.037 kHz), accepted   129228/  470001 events (27.50%)
Processed   480000/  742203 entries, 64.67% (elapsed time   235.6s, curr speed    2.049 kHz, avg speed    2.037 kHz), accepted   131965/  480001 events (27.49%)
Processed   490000/  742203 entries, 66.02% (elapsed time   239.5s, curr speed    2.538 kHz, avg speed    2.046 kHz), accepted   134621/  490001 events (27.47%)
Processed   500000/  742203 entries, 67.37% (elapsed time   246.0s, curr speed    1.551 kHz, avg speed    2.033 kHz), accepted   137405/  500001 events (27.48%)
Processed   510000/  742203 entries, 68.71% (elapsed time   250.2s, curr speed    2.366 kHz, avg speed    2.038 kHz), accepted   140175/  510001 events (27.49%)
Processed   520000/  742203 entries, 70.06% (elapsed time   255.1s, curr speed    2.053 kHz, avg speed    2.039 kHz), accepted   142981/  520001 events (27.50%)
Processed   530000/  742203 entries, 71.41% (elapsed time   260.2s, curr speed    1.963 kHz, avg speed    2.037 kHz), accepted   145704/  530001 events (27.49%)
Processed   540000/  742203 entries, 72.76% (elapsed time   264.6s, curr speed    2.275 kHz, avg speed    2.041 kHz), accepted   148527/  540001 events (27.50%)
Processed   550000/  742203 entries, 74.10% (elapsed time   268.9s, curr speed    2.325 kHz, avg speed    2.046 kHz), accepted   151325/  550001 events (27.51%)
Processed   560000/  742203 entries, 75.45% (elapsed time   274.3s, curr speed    1.855 kHz, avg speed    2.042 kHz), accepted   154130/  560001 events (27.52%)
Processed   570000/  742203 entries, 76.80% (elapsed time   278.5s, curr speed    2.384 kHz, avg speed    2.047 kHz), accepted   156895/  570001 events (27.53%)
Processed   580000/  742203 entries, 78.15% (elapsed time   283.4s, curr speed    2.030 kHz, avg speed    2.047 kHz), accepted   159719/  580001 events (27.54%)
Processed   590000/  742203 entries, 79.49% (elapsed time   288.3s, curr speed    2.016 kHz, avg speed    2.046 kHz), accepted   162429/  590001 events (27.53%)
Processed   600000/  742203 entries, 80.84% (elapsed time   293.0s, curr speed    2.164 kHz, avg speed    2.048 kHz), accepted   165242/  600001 events (27.54%)
Processed   610000/  742203 entries, 82.19% (elapsed time   297.9s, curr speed    2.016 kHz, avg speed    2.048 kHz), accepted   167979/  610001 events (27.54%)
Processed   620000/  742203 entries, 83.54% (elapsed time   303.9s, curr speed    1.682 kHz, avg speed    2.040 kHz), accepted   170698/  620001 events (27.53%)
Processed   630000/  742203 entries, 84.88% (elapsed time   308.0s, curr speed    2.420 kHz, avg speed    2.045 kHz), accepted   173445/  630001 events (27.53%)
Processed   640000/  742203 entries, 86.23% (elapsed time   313.8s, curr speed    1.738 kHz, avg speed    2.040 kHz), accepted   176188/  640001 events (27.53%)
Processed   650000/  742203 entries, 87.58% (elapsed time   319.9s, curr speed    1.637 kHz, avg speed    2.032 kHz), accepted   178937/  650001 events (27.53%)
Processed   660000/  742203 entries, 88.92% (elapsed time   323.4s, curr speed    2.810 kHz, avg speed    2.041 kHz), accepted   181697/  660001 events (27.53%)
Processed   670000/  742203 entries, 90.27% (elapsed time   328.9s, curr speed    1.813 kHz, avg speed    2.037 kHz), accepted   184456/  670001 events (27.53%)
Processed   680000/  742203 entries, 91.62% (elapsed time   334.0s, curr speed    1.973 kHz, avg speed    2.036 kHz), accepted   187206/  680001 events (27.53%)
Processed   690000/  742203 entries, 92.97% (elapsed time   339.0s, curr speed    2.007 kHz, avg speed    2.035 kHz), accepted   189964/  690001 events (27.53%)
Processed   700000/  742203 entries, 94.31% (elapsed time   344.4s, curr speed    1.841 kHz, avg speed    2.032 kHz), accepted   192731/  700001 events (27.53%)
Processed   710000/  742203 entries, 95.66% (elapsed time   348.9s, curr speed    2.215 kHz, avg speed    2.035 kHz), accepted   195453/  710001 events (27.53%)
Processed   720000/  742203 entries, 97.01% (elapsed time   353.8s, curr speed    2.075 kHz, avg speed    2.035 kHz), accepted   198148/  720001 events (27.52%)
Processed   730000/  742203 entries, 98.36% (elapsed time   358.5s, curr speed    2.099 kHz, avg speed    2.036 kHz), accepted   200827/  730001 events (27.51%)
Processed   740000/  742203 entries, 99.70% (elapsed time   362.5s, curr speed    2.489 kHz, avg speed    2.041 kHz), accepted   203648/  740001 events (27.52%)
Processed 742203 preselected entries from root://cms-xrd-global.cern.ch//store/mc/Run3Summer22NanoAODv12/DYJetsToLL_M-50_TuneCP5_13p6TeV-madgraphMLM-pythia8/NANOAODSIM/ALCARECO_forPOG_130X_mcRun3_2022_realistic_v5_ext1-v2/2530000/5012baeb-bdfb-4374-8116-399c9ed3b355.root (742203 entries). Finally selected 204327 entries
Done filteredNanoAOD/5012baeb-bdfb-4374-8116-399c9ed3b355_Skim.root
Total time 383.9 sec. to process 742203 events. Rate = 1933.3 Hz.
Copying output files to EOS: /eos/user/o/olfimbre/NanoAOD_Filtered/DYJetsToLL_M-50_TuneCP5_13p6TeV-madgraphMLM-pythia8_Run3Summer22NanoAODv12-ALCARECO_forPOG_130X_mcRun3_2022_realistic_v5_ext1-v2_NANOAODSIM
Job finished on Tue Mar  4 00:07:06 CET 2025
