000 (16790440.003.000) 03/04 20:21:38 Job submitted from host: <188.185.72.155:9618?addrs=188.185.72.155-9618+[2001-1458-d00-8--100-95]-9618&alias=bigbird08.cern.ch&noUDP&sock=schedd_862983_22fa>
...
040 (16790440.003.000) 03/04 20:24:35 Started transferring input files
	Transferring to host: <188.185.198.34:9618?addrs=188.185.198.34-9618+[2001-1458-303-25--100-1e]-9618&alias=b9p15p3368.cern.ch&noUDP&sock=slot1_11_3720517_8cd7_42220>
...
040 (16790440.003.000) 03/04 20:24:35 Finished transferring input files
...
001 (16790440.003.000) 03/04 20:24:36 Job executing on host: <188.185.198.34:9618?addrs=188.185.198.34-9618+[2001-1458-303-25--100-1e]-9618&alias=b9p15p3368.cern.ch&noUDP&sock=startd_6953_c216>
	SlotName: slot1_11@b9p15p3368.cern.ch
	CondorScratchDir = "/pool/condor/dir_962144"
	Cpus = 1
	Disk = 2099992
	GPUs = 0
	Memory = 3000
...
006 (16790440.003.000) 03/04 20:24:44 Image size of job updated: 1804
	2  -  MemoryUsage of job (MB)
	1804  -  ResidentSetSize of job (KB)
...
006 (16790440.003.000) 03/04 20:26:00 Image size of job updated: 344688
	337  -  MemoryUsage of job (MB)
	344688  -  ResidentSetSize of job (KB)
...
040 (16790440.003.000) 03/04 20:26:00 Started transferring output files
...
040 (16790440.003.000) 03/04 20:26:00 Finished transferring output files
...
005 (16790440.003.000) 03/04 20:26:00 Job terminated.
	(1) Normal termination (return value 0)
		Usr 0 00:00:12, Sys 0 00:00:01  -  Run Remote Usage
		Usr 0 00:00:00, Sys 0 00:00:00  -  Run Local Usage
		Usr 0 00:00:12, Sys 0 00:00:01  -  Total Remote Usage
		Usr 0 00:00:00, Sys 0 00:00:00  -  Total Local Usage
	6349  -  Run Bytes Sent By Job
	13342  -  Run Bytes Received By Job
	6349  -  Total Bytes Sent By Job
	13342  -  Total Bytes Received By Job
	Partitionable Resources :    Usage  Request Allocated 
	   Cpus                 :        0        1         1 
	   Disk (KB)            :       42  2097152   2099992 
	   GPUs                 :                           0 
	   Memory (MB)          :      337     3000      3000 

	Job terminated of its own accord at 2025-03-04T19:26:00Z with exit-code 0.
...
