000 (16781426.010.000) 03/04 00:13:24 Job submitted from host: <188.185.72.155:9618?addrs=188.185.72.155-9618+[2001-1458-d00-8--100-95]-9618&alias=bigbird08.cern.ch&noUDP&sock=schedd_862983_22fa>
...
040 (16781426.010.000) 03/04 00:13:54 Started transferring input files
	Transferring to host: <188.185.196.124:9618?addrs=188.185.196.124-9618+[2001-1458-303-23--100-78]-9618&alias=b9p16p7082.cern.ch&noUDP&sock=slot1_40_7142_ef5c_13867>
...
040 (16781426.010.000) 03/04 00:13:54 Finished transferring input files
...
001 (16781426.010.000) 03/04 00:13:55 Job executing on host: <188.185.196.124:9618?addrs=188.185.196.124-9618+[2001-1458-303-23--100-78]-9618&alias=b9p16p7082.cern.ch&noUDP&sock=startd_5989_88ca>
	SlotName: slot1_40@b9p16p7082.cern.ch
	CondorScratchDir = "/pool/condor/dir_753270"
	Cpus = 1
	Disk = 2099837
	GPUs = 0
	Memory = 3000
...
006 (16781426.010.000) 03/04 00:14:09 Image size of job updated: 60796
	60  -  MemoryUsage of job (MB)
	60796  -  ResidentSetSize of job (KB)
...
006 (16781426.010.000) 03/04 00:19:10 Image size of job updated: 79496
	60  -  MemoryUsage of job (MB)
	61164  -  ResidentSetSize of job (KB)
...
040 (16781426.010.000) 03/04 00:30:54 Started transferring output files
...
040 (16781426.010.000) 03/04 00:30:54 Finished transferring output files
...
004 (16781426.010.000) 03/04 00:30:54 Job was evicted.
	(0) CPU times
		Usr 0 00:00:10, Sys 0 00:00:04  -  Run Remote Usage
		Usr 0 00:00:00, Sys 0 00:00:00  -  Run Local Usage
	6001  -  Run Bytes Sent By Job
	13321  -  Run Bytes Received By Job
	Partitionable Resources :    Usage  Request Allocated 
	   Cpus                 :     0.00        1         1 
	   Disk (KB)            :    42     2097152   2099837 
	   GPUs                 :                           0 
	   Memory (MB)          :    60        3000      3000 
...
040 (16781426.010.000) 03/04 00:35:24 Started transferring input files
	Transferring to host: <188.185.195.73:9618?addrs=188.185.195.73-9618+[2001-1458-303-22--100-45]-9618&alias=b9p17p1998.cern.ch&noUDP&sock=slot1_9_3478762_4850_24692>
...
040 (16781426.010.000) 03/04 00:35:24 Finished transferring input files
...
001 (16781426.010.000) 03/04 00:35:25 Job executing on host: <188.185.195.73:9618?addrs=188.185.195.73-9618+[2001-1458-303-22--100-45]-9618&alias=b9p17p1998.cern.ch&noUDP&sock=startd_7242_fcf4>
	SlotName: slot1_9@b9p17p1998.cern.ch
	CondorScratchDir = "/pool/condor/dir_36728"
	Cpus = 1
	Disk = 2099942
	GPUs = 0
	Memory = 3000
...
006 (16781426.010.000) 03/04 00:35:33 Image size of job updated: 100000
	75  -  MemoryUsage of job (MB)
	76760  -  ResidentSetSize of job (KB)
...
006 (16781426.010.000) 03/04 00:40:33 Image size of job updated: 405272
	396  -  MemoryUsage of job (MB)
	405272  -  ResidentSetSize of job (KB)
...
040 (16781426.010.000) 03/04 00:47:15 Started transferring output files
...
040 (16781426.010.000) 03/04 00:47:15 Finished transferring output files
...
005 (16781426.010.000) 03/04 00:47:15 Job terminated.
	(1) Normal termination (return value 0)
		Usr 0 00:00:11, Sys 0 00:00:05  -  Run Remote Usage
		Usr 0 00:00:00, Sys 0 00:00:00  -  Run Local Usage
		Usr 0 00:00:21, Sys 0 00:00:09  -  Total Remote Usage
		Usr 0 00:00:00, Sys 0 00:00:00  -  Total Local Usage
	1172  -  Run Bytes Sent By Job
	19322  -  Run Bytes Received By Job
	7173  -  Total Bytes Sent By Job
	32643  -  Total Bytes Received By Job
	Partitionable Resources :    Usage  Request Allocated 
	   Cpus                 :        0        1         1 
	   Disk (KB)            :       44  2097152   2099942 
	   GPUs                 :                           0 
	   Memory (MB)          :      396     3000      3000 

	Job terminated of its own accord at 2025-03-03T23:47:15Z with exit-code 0.
...
