000 (16781426.021.000) 03/04 00:13:24 Job submitted from host: <188.185.72.155:9618?addrs=188.185.72.155-9618+[2001-1458-d00-8--100-95]-9618&alias=bigbird08.cern.ch&noUDP&sock=schedd_862983_22fa>
...
040 (16781426.021.000) 03/04 00:13:57 Started transferring input files
	Transferring to host: <128.142.51.200:9618?addrs=128.142.51.200-9618+[2001-1458-301-3--100-5]-9618&alias=b9g02p6303.cern.ch&noUDP&sock=slot1_39_1212049_eae1_2838>
...
040 (16781426.021.000) 03/04 00:13:57 Finished transferring input files
...
001 (16781426.021.000) 03/04 00:13:58 Job executing on host: <128.142.51.200:9618?addrs=128.142.51.200-9618+[2001-1458-301-3--100-5]-9618&alias=b9g02p6303.cern.ch&noUDP&sock=startd_8797_96b9>
	SlotName: slot1_39@b9g02p6303.cern.ch
	CondorScratchDir = "/pool/condor/dir_3714005"
	Cpus = 1
	Disk = 2098311
	GPUs = 0
	Memory = 3000
...
006 (16781426.021.000) 03/04 00:14:11 Image size of job updated: 68060
	67  -  MemoryUsage of job (MB)
	68060  -  ResidentSetSize of job (KB)
...
006 (16781426.021.000) 03/04 00:19:11 Image size of job updated: 123592
	67  -  MemoryUsage of job (MB)
	68060  -  ResidentSetSize of job (KB)
...
040 (16781426.021.000) 03/04 00:30:55 Started transferring output files
...
040 (16781426.021.000) 03/04 00:30:55 Finished transferring output files
...
004 (16781426.021.000) 03/04 00:30:55 Job was evicted.
	(0) CPU times
		Usr 0 00:00:10, Sys 0 00:00:04  -  Run Remote Usage
		Usr 0 00:00:00, Sys 0 00:00:00  -  Run Local Usage
	6001  -  Run Bytes Sent By Job
	13321  -  Run Bytes Received By Job
	Partitionable Resources :    Usage  Request Allocated 
	   Cpus                 :     0.00        1         1 
	   Disk (KB)            :    41     2097152   2098311 
	   GPUs                 :                           0 
	   Memory (MB)          :    67        3000      3000 
...
040 (16781426.021.000) 03/04 00:35:26 Started transferring input files
	Transferring to host: <188.185.196.170:9618?addrs=188.185.196.170-9618+[2001-1458-303-23--100-a6]-9618&alias=b9p16p1151.cern.ch&noUDP&sock=slot1_16_1375888_5087_49578>
...
040 (16781426.021.000) 03/04 00:35:26 Finished transferring input files
...
001 (16781426.021.000) 03/04 00:35:27 Job executing on host: <188.185.196.170:9618?addrs=188.185.196.170-9618+[2001-1458-303-23--100-a6]-9618&alias=b9p16p1151.cern.ch&noUDP&sock=startd_11245_b691>
	SlotName: slot1_16@b9p16p1151.cern.ch
	CondorScratchDir = "/pool/condor/dir_1290334"
	Cpus = 1
	Disk = 2099962
	GPUs = 0
	Memory = 3000
...
006 (16781426.021.000) 03/04 00:35:36 Image size of job updated: 174992
	171  -  MemoryUsage of job (MB)
	174992  -  ResidentSetSize of job (KB)
...
006 (16781426.021.000) 03/04 00:40:37 Image size of job updated: 394676
	386  -  MemoryUsage of job (MB)
	394676  -  ResidentSetSize of job (KB)
...
040 (16781426.021.000) 03/04 00:47:20 Started transferring output files
...
040 (16781426.021.000) 03/04 00:47:20 Finished transferring output files
...
005 (16781426.021.000) 03/04 00:47:20 Job terminated.
	(1) Normal termination (return value 0)
		Usr 0 00:00:10, Sys 0 00:00:05  -  Run Remote Usage
		Usr 0 00:00:00, Sys 0 00:00:00  -  Run Local Usage
		Usr 0 00:00:20, Sys 0 00:00:09  -  Total Remote Usage
		Usr 0 00:00:00, Sys 0 00:00:00  -  Total Local Usage
	1172  -  Run Bytes Sent By Job
	19322  -  Run Bytes Received By Job
	7173  -  Total Bytes Sent By Job
	32643  -  Total Bytes Received By Job
	Partitionable Resources :    Usage  Request Allocated 
	   Cpus                 :     0.01        1         1 
	   Disk (KB)            :    44     2097152   2099962 
	   GPUs                 :                           0 
	   Memory (MB)          :   386        3000      3000 

	Job terminated of its own accord at 2025-03-03T23:47:20Z with exit-code 0.
...
