000 (16811378.003.000) 03/12 23:31:24 Job submitted from host: <188.185.72.155:9618?addrs=188.185.72.155-9618+[2001-1458-d00-8--100-95]-9618&alias=bigbird08.cern.ch&noUDP&sock=schedd_1954698_d259>
...
040 (16811378.003.000) 03/12 23:33:54 Started transferring input files
	Transferring to host: <188.185.198.34:9618?addrs=188.185.198.34-9618+[2001-1458-303-25--100-1e]-9618&alias=b9p15p3368.cern.ch&noUDP&sock=slot1_1_3720517_8cd7_51382>
...
040 (16811378.003.000) 03/12 23:33:54 Finished transferring input files
...
001 (16811378.003.000) 03/12 23:33:55 Job executing on host: <188.185.198.34:9618?addrs=188.185.198.34-9618+[2001-1458-303-25--100-1e]-9618&alias=b9p15p3368.cern.ch&noUDP&sock=startd_6953_c216>
	SlotName: slot1_1@b9p15p3368.cern.ch
	CondorScratchDir = "/pool/condor/dir_2071517"
	Cpus = 1
	Disk = 2099937
	GPUs = 0
	Memory = 3000
...
006 (16811378.003.000) 03/12 23:34:04 Image size of job updated: 1784
	2  -  MemoryUsage of job (MB)
	1784  -  ResidentSetSize of job (KB)
...
006 (16811378.003.000) 03/12 23:35:43 Image size of job updated: 379264
	371  -  MemoryUsage of job (MB)
	379264  -  ResidentSetSize of job (KB)
...
040 (16811378.003.000) 03/12 23:35:43 Started transferring output files
...
040 (16811378.003.000) 03/12 23:35:43 Finished transferring output files
...
005 (16811378.003.000) 03/12 23:35:43 Job terminated.
	(1) Normal termination (return value 0)
		Usr 0 00:00:26, Sys 0 00:00:01  -  Run Remote Usage
		Usr 0 00:00:00, Sys 0 00:00:00  -  Run Local Usage
		Usr 0 00:00:26, Sys 0 00:00:01  -  Total Remote Usage
		Usr 0 00:00:00, Sys 0 00:00:00  -  Total Local Usage
	6914  -  Run Bytes Sent By Job
	16801  -  Run Bytes Received By Job
	6914  -  Total Bytes Sent By Job
	16801  -  Total Bytes Received By Job
	Partitionable Resources :    Usage  Request Allocated 
	   Cpus                 :     0.01        1         1 
	   Disk (KB)            :    46     2097152   2099937 
	   GPUs                 :                           0 
	   Memory (MB)          :   371        3000      3000 

	Job terminated of its own accord at 2025-03-12T22:35:43Z with exit-code 0.
...
