000 (16788266.001.000) 03/04 07:00:37 Job submitted from host: <188.185.72.155:9618?addrs=188.185.72.155-9618+[2001-1458-d00-8--100-95]-9618&alias=bigbird08.cern.ch&noUDP&sock=schedd_862983_22fa>
...
040 (16788266.001.000) 03/04 07:05:21 Started transferring input files
	Transferring to host: <188.185.195.22:9618?addrs=188.185.195.22-9618+[2001-1458-303-22--100-12]-9618&alias=b9p17p9664.cern.ch&noUDP&sock=slot1_42_795842_6f24_25990>
...
040 (16788266.001.000) 03/04 07:05:21 Finished transferring input files
...
001 (16788266.001.000) 03/04 07:05:22 Job executing on host: <188.185.195.22:9618?addrs=188.185.195.22-9618+[2001-1458-303-22--100-12]-9618&alias=b9p17p9664.cern.ch&noUDP&sock=startd_5204_16f1>
	SlotName: slot1_42@b9p17p9664.cern.ch
	CondorScratchDir = "/pool/condor/dir_2887135"
	Cpus = 1
	Disk = 2099936
	GPUs = 0
	Memory = 3000
...
006 (16788266.001.000) 03/04 07:05:31 Image size of job updated: 22988
	23  -  MemoryUsage of job (MB)
	22988  -  ResidentSetSize of job (KB)
...
006 (16788266.001.000) 03/04 07:05:39 Image size of job updated: 359104
	351  -  MemoryUsage of job (MB)
	359104  -  ResidentSetSize of job (KB)
...
040 (16788266.001.000) 03/04 07:05:39 Started transferring output files
...
040 (16788266.001.000) 03/04 07:05:39 Finished transferring output files
...
005 (16788266.001.000) 03/04 07:05:39 Job terminated.
	(1) Normal termination (return value 0)
		Usr 0 00:00:07, Sys 0 00:00:01  -  Run Remote Usage
		Usr 0 00:00:00, Sys 0 00:00:00  -  Run Local Usage
		Usr 0 00:00:07, Sys 0 00:00:01  -  Total Remote Usage
		Usr 0 00:00:00, Sys 0 00:00:00  -  Total Local Usage
	6142  -  Run Bytes Sent By Job
	13317  -  Run Bytes Received By Job
	6142  -  Total Bytes Sent By Job
	13317  -  Total Bytes Received By Job
	Partitionable Resources :    Usage  Request Allocated 
	   Cpus                 :                 1         1 
	   Disk (KB)            :       34  2097152   2099936 
	   GPUs                 :                           0 
	   Memory (MB)          :      351     3000      3000 

	Job terminated of its own accord at 2025-03-04T06:05:39Z with exit-code 0.
...
