000 (16790437.000.000) 03/04 19:37:51 Job submitted from host: <188.185.72.155:9618?addrs=188.185.72.155-9618+[2001-1458-d00-8--100-95]-9618&alias=bigbird08.cern.ch&noUDP&sock=schedd_862983_22fa>
...
040 (16790437.000.000) 03/04 19:39:58 Started transferring input files
	Transferring to host: <188.185.198.119:9618?addrs=188.185.198.119-9618+[2001-1458-303-25--100-73]-9618&alias=b9p15p3832.cern.ch&noUDP&sock=slot1_33_2043823_f240_22414>
...
040 (16790437.000.000) 03/04 19:39:58 Finished transferring input files
...
001 (16790437.000.000) 03/04 19:39:59 Job executing on host: <188.185.198.119:9618?addrs=188.185.198.119-9618+[2001-1458-303-25--100-73]-9618&alias=b9p15p3832.cern.ch&noUDP&sock=startd_4495_c64c>
	SlotName: slot1_33@b9p15p3832.cern.ch
	CondorScratchDir = "/pool/condor/dir_238126"
	Cpus = 1
	Disk = 2099925
	GPUs = 0
	Memory = 3000
...
006 (16790437.000.000) 03/04 19:40:07 Image size of job updated: 478380
	468  -  MemoryUsage of job (MB)
	478380  -  ResidentSetSize of job (KB)
...
006 (16790437.000.000) 03/04 19:50:08 Image size of job updated: 574720
	562  -  MemoryUsage of job (MB)
	574720  -  ResidentSetSize of job (KB)
...
040 (16790437.000.000) 03/04 19:50:09 Started transferring output files
...
040 (16790437.000.000) 03/04 19:50:09 Finished transferring output files
...
005 (16790437.000.000) 03/04 19:50:09 Job terminated.
	(1) Normal termination (return value 0)
		Usr 0 00:01:51, Sys 0 00:00:05  -  Run Remote Usage
		Usr 0 00:00:00, Sys 0 00:00:00  -  Run Local Usage
		Usr 0 00:01:51, Sys 0 00:00:05  -  Total Remote Usage
		Usr 0 00:00:00, Sys 0 00:00:00  -  Total Local Usage
	6837  -  Run Bytes Sent By Job
	13324  -  Run Bytes Received By Job
	6837  -  Total Bytes Sent By Job
	13324  -  Total Bytes Received By Job
	Partitionable Resources :    Usage  Request Allocated 
	   Cpus                 :     0.47        1         1 
	   Disk (KB)            :    43     2097152   2099925 
	   GPUs                 :                           0 
	   Memory (MB)          :   562        3000      3000 

	Job terminated of its own accord at 2025-03-04T18:50:09Z with exit-code 0.
...
