000 (16788276.001.000) 03/04 08:36:53 Job submitted from host: <188.185.72.155:9618?addrs=188.185.72.155-9618+[2001-1458-d00-8--100-95]-9618&alias=bigbird08.cern.ch&noUDP&sock=schedd_862983_22fa>
...
040 (16788276.001.000) 03/04 08:38:05 Started transferring input files
	Transferring to host: <188.185.198.185:9618?addrs=188.185.198.185-9618+[2001-1458-303-25--100-b5]-9618&alias=b9p15p2764.cern.ch&noUDP&sock=slot1_36_11104_85bd_103751>
...
040 (16788276.001.000) 03/04 08:38:05 Finished transferring input files
...
001 (16788276.001.000) 03/04 08:38:06 Job executing on host: <188.185.198.185:9618?addrs=188.185.198.185-9618+[2001-1458-303-25--100-b5]-9618&alias=b9p15p2764.cern.ch&noUDP&sock=startd_9656_ca94>
	SlotName: slot1_36@b9p15p2764.cern.ch
	CondorScratchDir = "/pool/condor/dir_1776419"
	Cpus = 1
	Disk = 2099907
	GPUs = 0
	Memory = 3000
...
006 (16788276.001.000) 03/04 08:38:15 Image size of job updated: 17028
	17  -  MemoryUsage of job (MB)
	17028  -  ResidentSetSize of job (KB)
...
006 (16788276.001.000) 03/04 08:40:53 Image size of job updated: 374744
	366  -  MemoryUsage of job (MB)
	374744  -  ResidentSetSize of job (KB)
...
040 (16788276.001.000) 03/04 08:40:53 Started transferring output files
...
040 (16788276.001.000) 03/04 08:40:53 Finished transferring output files
...
005 (16788276.001.000) 03/04 08:40:53 Job terminated.
	(1) Normal termination (return value 0)
		Usr 0 00:00:38, Sys 0 00:00:03  -  Run Remote Usage
		Usr 0 00:00:00, Sys 0 00:00:00  -  Run Local Usage
		Usr 0 00:00:38, Sys 0 00:00:03  -  Total Remote Usage
		Usr 0 00:00:00, Sys 0 00:00:00  -  Total Local Usage
	6669  -  Run Bytes Sent By Job
	13324  -  Run Bytes Received By Job
	6669  -  Total Bytes Sent By Job
	13324  -  Total Bytes Received By Job
	Partitionable Resources :    Usage  Request Allocated 
	   Cpus                 :                 1         1 
	   Disk (KB)            :       34  2097152   2099907 
	   GPUs                 :                           0 
	   Memory (MB)          :      366     3000      3000 

	Job terminated of its own accord at 2025-03-04T07:40:53Z with exit-code 0.
...
