000 (16781426.013.000) 03/04 00:13:24 Job submitted from host: <188.185.72.155:9618?addrs=188.185.72.155-9618+[2001-1458-d00-8--100-95]-9618&alias=bigbird08.cern.ch&noUDP&sock=schedd_862983_22fa>
...
040 (16781426.013.000) 03/04 00:13:55 Started transferring input files
	Transferring to host: <188.185.194.71:9618?addrs=188.185.194.71-9618+[2001-1458-303-21--100-43]-9618&alias=b9p20p3182.cern.ch&noUDP&sock=slot1_18_5975_ad8c_25592>
...
040 (16781426.013.000) 03/04 00:13:55 Finished transferring input files
...
001 (16781426.013.000) 03/04 00:13:56 Job executing on host: <188.185.194.71:9618?addrs=188.185.194.71-9618+[2001-1458-303-21--100-43]-9618&alias=b9p20p3182.cern.ch&noUDP&sock=startd_4373_17be>
	SlotName: slot1_18@b9p20p3182.cern.ch
	CondorScratchDir = "/pool/condor/dir_1457108"
	Cpus = 1
	Disk = 2099869
	GPUs = 0
	Memory = 3000
...
006 (16781426.013.000) 03/04 00:14:09 Image size of job updated: 5548
	6  -  MemoryUsage of job (MB)
	5548  -  ResidentSetSize of job (KB)
...
006 (16781426.013.000) 03/04 00:19:09 Image size of job updated: 134880
	39  -  MemoryUsage of job (MB)
	39916  -  ResidentSetSize of job (KB)
...
006 (16781426.013.000) 03/04 00:29:10 Image size of job updated: 134880
	44  -  MemoryUsage of job (MB)
	44116  -  ResidentSetSize of job (KB)
...
040 (16781426.013.000) 03/04 00:30:54 Started transferring output files
...
040 (16781426.013.000) 03/04 00:30:54 Finished transferring output files
...
004 (16781426.013.000) 03/04 00:30:54 Job was evicted.
	(0) CPU times
		Usr 0 00:00:13, Sys 0 00:00:04  -  Run Remote Usage
		Usr 0 00:00:00, Sys 0 00:00:00  -  Run Local Usage
	6001  -  Run Bytes Sent By Job
	13321  -  Run Bytes Received By Job
	Partitionable Resources :    Usage  Request Allocated 
	   Cpus                 :     0.00        1         1 
	   Disk (KB)            :    42     2097152   2099869 
	   GPUs                 :                           0 
	   Memory (MB)          :    44        3000      3000 
...
040 (16781426.013.000) 03/04 00:35:23 Started transferring input files
	Transferring to host: <128.142.248.240:9618?addrs=128.142.248.240-9618+[2001-1458-301-73--100-ef]-9618&alias=b9g23p3798.cern.ch&noUDP&sock=slot1_5_10778_d36f_19337>
...
040 (16781426.013.000) 03/04 00:35:23 Finished transferring input files
...
001 (16781426.013.000) 03/04 00:35:24 Job executing on host: <128.142.248.240:9618?addrs=128.142.248.240-9618+[2001-1458-301-73--100-ef]-9618&alias=b9g23p3798.cern.ch&noUDP&sock=startd_9142_3ae6>
	SlotName: slot1_5@b9g23p3798.cern.ch
	CondorScratchDir = "/pool/condor/dir_1910770"
	Cpus = 1
	Disk = 2100170
	GPUs = 0
	Memory = 3000
...
006 (16781426.013.000) 03/04 00:35:37 Image size of job updated: 150000
	66  -  MemoryUsage of job (MB)
	67412  -  ResidentSetSize of job (KB)
...
006 (16781426.013.000) 03/04 00:40:37 Image size of job updated: 150000
	67  -  MemoryUsage of job (MB)
	67616  -  ResidentSetSize of job (KB)
...
040 (16781426.013.000) 03/04 00:47:20 Started transferring output files
...
040 (16781426.013.000) 03/04 00:47:20 Finished transferring output files
...
005 (16781426.013.000) 03/04 00:47:20 Job terminated.
	(1) Normal termination (return value 0)
		Usr 0 00:00:10, Sys 0 00:00:04  -  Run Remote Usage
		Usr 0 00:00:00, Sys 0 00:00:00  -  Run Local Usage
		Usr 0 00:00:23, Sys 0 00:00:08  -  Total Remote Usage
		Usr 0 00:00:00, Sys 0 00:00:00  -  Total Local Usage
	1172  -  Run Bytes Sent By Job
	19322  -  Run Bytes Received By Job
	7173  -  Total Bytes Sent By Job
	32643  -  Total Bytes Received By Job
	Partitionable Resources :    Usage  Request Allocated 
	   Cpus                 :     0.00        1         1 
	   Disk (KB)            :    44     2097152   2100170 
	   GPUs                 :                           0 
	   Memory (MB)          :    67        3000      3000 

	Job terminated of its own accord at 2025-03-03T23:47:20Z with exit-code 0.
...
