Starting job on Tue Mar  4 12:00:24 AM CET 2025
Running on: b9p23p7111.cern.ch
CMSSW environment set up.
DATASET FOLDER: DYJetsToLL_M-50_TuneCP5_13p6TeV-madgraphMLM-pythia8_Run3Summer22NanoAODv12-ALCARECO_forPOG_130X_mcRun3_2022_realistic_v5_ext1-v2_NANOAODSIM 
EOS DIR: /eos/user/o/olfimbre/NanoAOD_Filtered/DYJetsToLL_M-50_TuneCP5_13p6TeV-madgraphMLM-pythia8_Run3Summer22NanoAODv12-ALCARECO_forPOG_130X_mcRun3_2022_realistic_v5_ext1-v2_NANOAODSIM 
Processing file: root://cms-xrd-global.cern.ch//store/mc/Run3Summer22NanoAODv12/DYJetsToLL_M-50_TuneCP5_13p6TeV-madgraphMLM-pythia8/NANOAODSIM/ALCARECO_forPOG_130X_mcRun3_2022_realistic_v5_ext1-v2/2530000/4f13936c-a20e-4f8a-8244-6d1e685441c1.root
Will write selected trees to filteredNanoAOD
Pre-select 743939 entries out of 743939 (100.00%)
Processed    10000/  743939 entries,  1.34% (elapsed time     6.9s, curr speed    1.440 kHz, avg speed    1.440 kHz), accepted     2769/   10001 events (27.69%)
Processed    20000/  743939 entries,  2.69% (elapsed time    14.2s, curr speed    1.377 kHz, avg speed    1.408 kHz), accepted     5543/   20001 events (27.71%)
Processed    30000/  743939 entries,  4.03% (elapsed time    19.8s, curr speed    1.780 kHz, avg speed    1.513 kHz), accepted     8229/   30001 events (27.43%)
Processed    40000/  743939 entries,  5.38% (elapsed time    26.2s, curr speed    1.561 kHz, avg speed    1.525 kHz), accepted    10957/   40001 events (27.39%)
Processed    50000/  743939 entries,  6.72% (elapsed time    33.4s, curr speed    1.391 kHz, avg speed    1.496 kHz), accepted    13717/   50001 events (27.43%)
Processed    60000/  743939 entries,  8.07% (elapsed time    38.7s, curr speed    1.885 kHz, avg speed    1.549 kHz), accepted    16460/   60001 events (27.43%)
Processed    70000/  743939 entries,  9.41% (elapsed time    45.0s, curr speed    1.604 kHz, avg speed    1.557 kHz), accepted    19198/   70001 events (27.43%)
Processed    80000/  743939 entries, 10.75% (elapsed time    52.6s, curr speed    1.311 kHz, avg speed    1.521 kHz), accepted    22012/   80001 events (27.51%)
Processed    90000/  743939 entries, 12.10% (elapsed time    58.4s, curr speed    1.722 kHz, avg speed    1.541 kHz), accepted    24687/   90001 events (27.43%)
Processed   100000/  743939 entries, 13.44% (elapsed time    65.4s, curr speed    1.434 kHz, avg speed    1.530 kHz), accepted    27401/  100001 events (27.40%)
Processed   110000/  743939 entries, 14.79% (elapsed time    72.4s, curr speed    1.414 kHz, avg speed    1.518 kHz), accepted    30200/  110001 events (27.45%)
Processed   120000/  743939 entries, 16.13% (elapsed time    78.3s, curr speed    1.693 kHz, avg speed    1.532 kHz), accepted    32910/  120001 events (27.42%)
Processed   130000/  743939 entries, 17.47% (elapsed time    84.3s, curr speed    1.667 kHz, avg speed    1.541 kHz), accepted    35620/  130001 events (27.40%)
Processed   140000/  743939 entries, 18.82% (elapsed time    91.7s, curr speed    1.354 kHz, avg speed    1.526 kHz), accepted    38329/  140001 events (27.38%)
Processed   150000/  743939 entries, 20.16% (elapsed time    97.2s, curr speed    1.815 kHz, avg speed    1.543 kHz), accepted    41154/  150001 events (27.44%)
Processed   160000/  743939 entries, 21.51% (elapsed time   104.2s, curr speed    1.435 kHz, avg speed    1.535 kHz), accepted    43829/  160001 events (27.39%)
Processed   170000/  743939 entries, 22.85% (elapsed time   111.7s, curr speed    1.333 kHz, avg speed    1.522 kHz), accepted    46553/  170001 events (27.38%)
Processed   180000/  743939 entries, 24.20% (elapsed time   115.9s, curr speed    2.399 kHz, avg speed    1.553 kHz), accepted    49350/  180001 events (27.42%)
Processed   190000/  743939 entries, 25.54% (elapsed time   123.1s, curr speed    1.388 kHz, avg speed    1.544 kHz), accepted    52126/  190001 events (27.43%)
Processed   200000/  743939 entries, 26.88% (elapsed time   130.4s, curr speed    1.365 kHz, avg speed    1.534 kHz), accepted    54810/  200001 events (27.40%)
Processed   210000/  743939 entries, 28.23% (elapsed time   134.7s, curr speed    2.331 kHz, avg speed    1.559 kHz), accepted    57611/  210001 events (27.43%)
Processed   220000/  743939 entries, 29.57% (elapsed time   143.6s, curr speed    1.125 kHz, avg speed    1.532 kHz), accepted    60363/  220001 events (27.44%)
Processed   230000/  743939 entries, 30.92% (elapsed time   151.6s, curr speed    1.247 kHz, avg speed    1.517 kHz), accepted    63147/  230001 events (27.46%)
Processed   240000/  743939 entries, 32.26% (elapsed time   156.7s, curr speed    1.979 kHz, avg speed    1.532 kHz), accepted    65868/  240001 events (27.44%)
Processed   250000/  743939 entries, 33.60% (elapsed time   165.9s, curr speed    1.088 kHz, avg speed    1.507 kHz), accepted    68566/  250001 events (27.43%)
Processed   260000/  743939 entries, 34.95% (elapsed time   174.0s, curr speed    1.226 kHz, avg speed    1.494 kHz), accepted    71330/  260001 events (27.43%)
Processed   270000/  743939 entries, 36.29% (elapsed time   178.6s, curr speed    2.173 kHz, avg speed    1.512 kHz), accepted    74091/  270001 events (27.44%)
Processed   280000/  743939 entries, 37.64% (elapsed time   186.6s, curr speed    1.259 kHz, avg speed    1.501 kHz), accepted    76869/  280001 events (27.45%)
Processed   290000/  743939 entries, 38.98% (elapsed time   194.0s, curr speed    1.339 kHz, avg speed    1.495 kHz), accepted    79525/  290001 events (27.42%)
Processed   300000/  743939 entries, 40.33% (elapsed time   198.3s, curr speed    2.325 kHz, avg speed    1.513 kHz), accepted    82275/  300001 events (27.42%)
Processed   310000/  743939 entries, 41.67% (elapsed time   205.8s, curr speed    1.329 kHz, avg speed    1.506 kHz), accepted    85026/  310001 events (27.43%)
Processed   320000/  743939 entries, 43.01% (elapsed time   213.1s, curr speed    1.384 kHz, avg speed    1.502 kHz), accepted    87862/  320001 events (27.46%)
Processed   330000/  743939 entries, 44.36% (elapsed time   217.6s, curr speed    2.187 kHz, avg speed    1.516 kHz), accepted    90638/  330001 events (27.47%)
Processed   340000/  743939 entries, 45.70% (elapsed time   225.1s, curr speed    1.346 kHz, avg speed    1.511 kHz), accepted    93344/  340001 events (27.45%)
Processed   350000/  743939 entries, 47.05% (elapsed time   230.1s, curr speed    1.983 kHz, avg speed    1.521 kHz), accepted    96094/  350001 events (27.46%)
Processed   360000/  743939 entries, 48.39% (elapsed time   236.5s, curr speed    1.564 kHz, avg speed    1.522 kHz), accepted    98803/  360001 events (27.45%)
Processed   370000/  743939 entries, 49.74% (elapsed time   243.8s, curr speed    1.372 kHz, avg speed    1.518 kHz), accepted   101511/  370001 events (27.44%)
Processed   380000/  743939 entries, 51.08% (elapsed time   248.9s, curr speed    1.955 kHz, avg speed    1.527 kHz), accepted   104360/  380001 events (27.46%)
Processed   390000/  743939 entries, 52.42% (elapsed time   255.5s, curr speed    1.529 kHz, avg speed    1.527 kHz), accepted   107059/  390001 events (27.45%)
Processed   400000/  743939 entries, 53.77% (elapsed time   262.5s, curr speed    1.424 kHz, avg speed    1.524 kHz), accepted   109706/  400001 events (27.43%)
Processed   410000/  743939 entries, 55.11% (elapsed time   267.7s, curr speed    1.924 kHz, avg speed    1.532 kHz), accepted   112435/  410001 events (27.42%)
Processed   420000/  743939 entries, 56.46% (elapsed time   274.3s, curr speed    1.521 kHz, avg speed    1.531 kHz), accepted   115212/  420001 events (27.43%)
Processed   430000/  743939 entries, 57.80% (elapsed time   281.8s, curr speed    1.322 kHz, avg speed    1.526 kHz), accepted   118003/  430001 events (27.44%)
Processed   440000/  743939 entries, 59.14% (elapsed time   286.8s, curr speed    2.002 kHz, avg speed    1.534 kHz), accepted   120697/  440001 events (27.43%)
Processed   450000/  743939 entries, 60.49% (elapsed time   293.1s, curr speed    1.590 kHz, avg speed    1.535 kHz), accepted   123463/  450001 events (27.44%)
Processed   460000/  743939 entries, 61.83% (elapsed time   301.7s, curr speed    1.165 kHz, avg speed    1.525 kHz), accepted   126240/  460001 events (27.44%)
Processed   470000/  743939 entries, 63.18% (elapsed time   307.2s, curr speed    1.823 kHz, avg speed    1.530 kHz), accepted   128956/  470001 events (27.44%)
Processed   480000/  743939 entries, 64.52% (elapsed time   314.6s, curr speed    1.342 kHz, avg speed    1.526 kHz), accepted   131630/  480001 events (27.42%)
Processed   490000/  743939 entries, 65.87% (elapsed time   324.5s, curr speed    1.009 kHz, avg speed    1.510 kHz), accepted   134358/  490001 events (27.42%)
Processed   500000/  743939 entries, 67.21% (elapsed time   329.0s, curr speed    2.242 kHz, avg speed    1.520 kHz), accepted   137059/  500001 events (27.41%)
Processed   510000/  743939 entries, 68.55% (elapsed time   337.7s, curr speed    1.146 kHz, avg speed    1.510 kHz), accepted   139777/  510001 events (27.41%)
Processed   520000/  743939 entries, 69.90% (elapsed time   344.9s, curr speed    1.388 kHz, avg speed    1.508 kHz), accepted   142513/  520001 events (27.41%)
Processed   530000/  743939 entries, 71.24% (elapsed time   349.7s, curr speed    2.087 kHz, avg speed    1.516 kHz), accepted   145257/  530001 events (27.41%)
Processed   540000/  743939 entries, 72.59% (elapsed time   356.9s, curr speed    1.390 kHz, avg speed    1.513 kHz), accepted   148057/  540001 events (27.42%)
Processed   550000/  743939 entries, 73.93% (elapsed time   364.9s, curr speed    1.255 kHz, avg speed    1.507 kHz), accepted   150806/  550001 events (27.42%)
Processed   560000/  743939 entries, 75.27% (elapsed time   369.2s, curr speed    2.289 kHz, avg speed    1.517 kHz), accepted   153479/  560001 events (27.41%)
Processed   570000/  743939 entries, 76.62% (elapsed time   376.4s, curr speed    1.394 kHz, avg speed    1.514 kHz), accepted   156285/  570001 events (27.42%)
Processed   580000/  743939 entries, 77.96% (elapsed time   383.6s, curr speed    1.392 kHz, avg speed    1.512 kHz), accepted   159078/  580001 events (27.43%)
Processed   590000/  743939 entries, 79.31% (elapsed time   388.1s, curr speed    2.239 kHz, avg speed    1.520 kHz), accepted   161855/  590001 events (27.43%)
Processed   600000/  743939 entries, 80.65% (elapsed time   395.5s, curr speed    1.343 kHz, avg speed    1.517 kHz), accepted   164586/  600001 events (27.43%)
Processed   610000/  743939 entries, 82.00% (elapsed time   403.7s, curr speed    1.215 kHz, avg speed    1.511 kHz), accepted   167333/  610001 events (27.43%)
Processed   620000/  743939 entries, 83.34% (elapsed time   408.0s, curr speed    2.359 kHz, avg speed    1.520 kHz), accepted   170082/  620001 events (27.43%)
Processed   630000/  743939 entries, 84.68% (elapsed time   415.1s, curr speed    1.408 kHz, avg speed    1.518 kHz), accepted   172858/  630001 events (27.44%)
Processed   640000/  743939 entries, 86.03% (elapsed time   422.2s, curr speed    1.405 kHz, avg speed    1.516 kHz), accepted   175582/  640001 events (27.43%)
Processed   650000/  743939 entries, 87.37% (elapsed time   427.0s, curr speed    2.073 kHz, avg speed    1.522 kHz), accepted   178338/  650001 events (27.44%)
Processed   660000/  743939 entries, 88.72% (elapsed time   434.3s, curr speed    1.366 kHz, avg speed    1.520 kHz), accepted   181112/  660001 events (27.44%)
Processed   670000/  743939 entries, 90.06% (elapsed time   440.8s, curr speed    1.537 kHz, avg speed    1.520 kHz), accepted   183902/  670001 events (27.45%)
Processed   680000/  743939 entries, 91.41% (elapsed time   448.0s, curr speed    1.406 kHz, avg speed    1.518 kHz), accepted   186563/  680001 events (27.44%)
Processed   690000/  743939 entries, 92.75% (elapsed time   455.6s, curr speed    1.317 kHz, avg speed    1.515 kHz), accepted   189293/  690001 events (27.43%)
Processed   700000/  743939 entries, 94.09% (elapsed time   461.0s, curr speed    1.847 kHz, avg speed    1.519 kHz), accepted   192051/  700001 events (27.44%)
Processed   710000/  743939 entries, 95.44% (elapsed time   467.3s, curr speed    1.582 kHz, avg speed    1.519 kHz), accepted   194803/  710001 events (27.44%)
Processed   720000/  743939 entries, 96.78% (elapsed time   474.5s, curr speed    1.393 kHz, avg speed    1.517 kHz), accepted   197501/  720001 events (27.43%)
Processed   730000/  743939 entries, 98.13% (elapsed time   479.9s, curr speed    1.852 kHz, avg speed    1.521 kHz), accepted   200233/  730001 events (27.43%)
Processed   740000/  743939 entries, 99.47% (elapsed time   486.0s, curr speed    1.632 kHz, avg speed    1.523 kHz), accepted   203025/  740001 events (27.44%)
Processed 743939 preselected entries from root://cms-xrd-global.cern.ch//store/mc/Run3Summer22NanoAODv12/DYJetsToLL_M-50_TuneCP5_13p6TeV-madgraphMLM-pythia8/NANOAODSIM/ALCARECO_forPOG_130X_mcRun3_2022_realistic_v5_ext1-v2/2530000/4f13936c-a20e-4f8a-8244-6d1e685441c1.root (743939 entries). Finally selected 204082 entries
Done filteredNanoAOD/4f13936c-a20e-4f8a-8244-6d1e685441c1_Skim.root
Total time 514.3 sec. to process 743939 events. Rate = 1446.6 Hz.
Copying output files to EOS: /eos/user/o/olfimbre/NanoAOD_Filtered/DYJetsToLL_M-50_TuneCP5_13p6TeV-madgraphMLM-pythia8_Run3Summer22NanoAODv12-ALCARECO_forPOG_130X_mcRun3_2022_realistic_v5_ext1-v2_NANOAODSIM
Job finished on Tue Mar  4 00:09:35 CET 2025
