040 (16781425.024.000) 03/04 00:35:19 Started transferring input files
	Transferring to host: <188.185.198.178:9618?addrs=188.185.198.178-9618+[2001-1458-303-25--100-ae]-9618&alias=b9p15p6631.cern.ch&noUDP&sock=slot1_11_3153103_0e75_26395>
...
040 (16781425.024.000) 03/04 00:35:19 Finished transferring input files
...
001 (16781425.024.000) 03/04 00:35:20 Job executing on host: <188.185.198.178:9618?addrs=188.185.198.178-9618+[2001-1458-303-25--100-ae]-9618&alias=b9p15p6631.cern.ch&noUDP&sock=startd_6111_3757>
	SlotName: slot1_11@b9p15p6631.cern.ch
	CondorScratchDir = "/pool/condor/dir_3088739"
	Cpus = 1
	Disk = 2102802
	GPUs = 0
	Memory = 3000
...
006 (16781425.024.000) 03/04 00:36:15 Image size of job updated: 339848
	332  -  MemoryUsage of job (MB)
	339848  -  ResidentSetSize of job (KB)
...
040 (16781425.024.000) 03/04 00:36:15 Started transferring output files
...
040 (16781425.024.000) 03/04 00:36:15 Finished transferring output files
...
004 (16781425.024.000) 03/04 00:36:15 Job was evicted.
	(0) CPU times
		Usr 0 00:00:08, Sys 0 00:00:01  -  Run Remote Usage
		Usr 0 00:00:00, Sys 0 00:00:00  -  Run Local Usage
	1129  -  Run Bytes Sent By Job
	35088  -  Run Bytes Received By Job
	Partitionable Resources :    Usage  Request Allocated 
	   Cpus                 :        0        1         1 
	   Disk (KB)            :       44  2097152   2102802 
	   GPUs                 :                           0 
	   Memory (MB)          :      332     3000      3000 
...
040 (16781425.024.000) 03/04 00:46:44 Started transferring input files
	Transferring to host: <188.185.194.86:9618?addrs=188.185.194.86-9618+[2001-1458-303-21--100-52]-9618&alias=b9p20p9758.cern.ch&noUDP&sock=slot1_5_11256_9ec3_130737>
...
040 (16781425.024.000) 03/04 00:46:44 Finished transferring input files
...
001 (16781425.024.000) 03/04 00:46:45 Job executing on host: <188.185.194.86:9618?addrs=188.185.194.86-9618+[2001-1458-303-21--100-52]-9618&alias=b9p20p9758.cern.ch&noUDP&sock=startd_11128_75fc>
	SlotName: slot1_5@b9p20p9758.cern.ch
	CondorScratchDir = "/pool/condor/dir_2632610"
	Cpus = 1
	Disk = 2108571
	GPUs = 0
	Memory = 3000
...
006 (16781425.024.000) 03/04 00:47:10 Image size of job updated: 351528
	344  -  MemoryUsage of job (MB)
	351528  -  ResidentSetSize of job (KB)
...
040 (16781425.024.000) 03/04 00:47:10 Started transferring output files
...
040 (16781425.024.000) 03/04 00:47:10 Finished transferring output files
...
005 (16781425.024.000) 03/04 00:47:10 Job terminated.
	(1) Normal termination (return value 0)
		Usr 0 00:00:11, Sys 0 00:00:03  -  Run Remote Usage
		Usr 0 00:00:00, Sys 0 00:00:00  -  Run Local Usage
		Usr 0 00:05:38, Sys 0 00:00:14  -  Total Remote Usage
		Usr 0 00:00:00, Sys 0 00:00:00  -  Total Local Usage
	1174  -  Run Bytes Sent By Job
	18823  -  Run Bytes Received By Job
	24571  -  Total Bytes Sent By Job
	66699  -  Total Bytes Received By Job
	Partitionable Resources :    Usage  Request Allocated 
	   Cpus                 :        0        1         1 
	   Disk (KB)            :       44  2097152   2108571 
	   GPUs                 :                           0 
	   Memory (MB)          :      344     3000      3000 

	Job terminated of its own accord at 2025-03-03T23:47:10Z with exit-code 0.
...
