000 (16781426.023.000) 03/04 00:13:24 Job submitted from host: <188.185.72.155:9618?addrs=188.185.72.155-9618+[2001-1458-d00-8--100-95]-9618&alias=bigbird08.cern.ch&noUDP&sock=schedd_862983_22fa>
...
040 (16781426.023.000) 03/04 00:13:58 Started transferring input files
	Transferring to host: <188.185.195.63:9618?addrs=188.185.195.63-9618+[2001-1458-303-22--100-3b]-9618&alias=b9p17p3309.cern.ch&noUDP&sock=slot1_3_3598630_21da_11382>
...
040 (16781426.023.000) 03/04 00:13:58 Finished transferring input files
...
001 (16781426.023.000) 03/04 00:13:59 Job executing on host: <188.185.195.63:9618?addrs=188.185.195.63-9618+[2001-1458-303-22--100-3b]-9618&alias=b9p17p3309.cern.ch&noUDP&sock=startd_8159_f94d>
	SlotName: slot1_3@b9p17p3309.cern.ch
	CondorScratchDir = "/pool/condor/dir_1970144"
	Cpus = 1
	Disk = 2099934
	GPUs = 0
	Memory = 3000
...
006 (16781426.023.000) 03/04 00:14:07 Image size of job updated: 1784
	2  -  MemoryUsage of job (MB)
	1784  -  ResidentSetSize of job (KB)
...
006 (16781426.023.000) 03/04 00:19:07 Image size of job updated: 390300
	382  -  MemoryUsage of job (MB)
	390300  -  ResidentSetSize of job (KB)
...
006 (16781426.023.000) 03/04 00:24:08 Image size of job updated: 398140
	389  -  MemoryUsage of job (MB)
	398140  -  ResidentSetSize of job (KB)
...
040 (16781426.023.000) 03/04 00:30:55 Started transferring output files
...
040 (16781426.023.000) 03/04 00:30:55 Finished transferring output files
...
004 (16781426.023.000) 03/04 00:30:55 Job was evicted.
	(0) CPU times
		Usr 0 00:00:10, Sys 0 00:00:04  -  Run Remote Usage
		Usr 0 00:00:00, Sys 0 00:00:00  -  Run Local Usage
	6003  -  Run Bytes Sent By Job
	13321  -  Run Bytes Received By Job
	Partitionable Resources :    Usage  Request Allocated 
	   Cpus                 :        0        1         1 
	   Disk (KB)            :       42  2097152   2099934 
	   GPUs                 :                           0 
	   Memory (MB)          :      389     3000      3000 
...
040 (16781426.023.000) 03/04 00:35:27 Started transferring input files
	Transferring to host: <128.142.248.20:9618?addrs=128.142.248.20-9618+[2001-1458-301-73--100-104]-9618&alias=b9g23p7768.cern.ch&noUDP&sock=slot1_39_619998_6db5_15778>
...
040 (16781426.023.000) 03/04 00:35:27 Finished transferring input files
...
001 (16781426.023.000) 03/04 00:35:28 Job executing on host: <128.142.248.20:9618?addrs=128.142.248.20-9618+[2001-1458-301-73--100-104]-9618&alias=b9g23p7768.cern.ch&noUDP&sock=startd_8333_52c8>
	SlotName: slot1_39@b9g23p7768.cern.ch
	CondorScratchDir = "/pool/condor/dir_225872"
	Cpus = 1
	Disk = 2099220
	GPUs = 0
	Memory = 3000
...
040 (16781426.023.000) 03/04 00:47:47 Started transferring output files
...
040 (16781426.023.000) 03/04 00:47:47 Finished transferring output files
...
005 (16781426.023.000) 03/04 00:47:47 Job terminated.
	(1) Normal termination (return value 0)
		Usr 0 00:00:12, Sys 0 00:00:04  -  Run Remote Usage
		Usr 0 00:00:00, Sys 0 00:00:00  -  Run Local Usage
		Usr 0 00:00:22, Sys 0 00:00:08  -  Total Remote Usage
		Usr 0 00:00:00, Sys 0 00:00:00  -  Total Local Usage
	1174  -  Run Bytes Sent By Job
	19324  -  Run Bytes Received By Job
	7177  -  Total Bytes Sent By Job
	32645  -  Total Bytes Received By Job
	Partitionable Resources :    Usage  Request Allocated 
	   Cpus                 :     0.01        1         1 
	   Disk (KB)            :    43     2097152   2099220 
	   GPUs                 :                           0 
	   Memory (MB)          :   391        3000      3000 

	Job terminated of its own accord at 2025-03-03T23:47:47Z with exit-code 0.
...
