000 (16788274.003.000) 03/04 08:20:24 Job submitted from host: <188.185.72.155:9618?addrs=188.185.72.155-9618+[2001-1458-d00-8--100-95]-9618&alias=bigbird08.cern.ch&noUDP&sock=schedd_862983_22fa>
...
040 (16788274.003.000) 03/04 08:20:54 Started transferring input files
	Transferring to host: <188.185.198.58:9618?addrs=188.185.198.58-9618+[2001-1458-303-25--100-36]-9618&alias=b9p15p9291.cern.ch&noUDP&sock=slot1_25_8027_7f5f_11113>
...
040 (16788274.003.000) 03/04 08:20:54 Finished transferring input files
...
001 (16788274.003.000) 03/04 08:20:55 Job executing on host: <188.185.198.58:9618?addrs=188.185.198.58-9618+[2001-1458-303-25--100-36]-9618&alias=b9p15p9291.cern.ch&noUDP&sock=startd_6937_c892>
	SlotName: slot1_25@b9p15p9291.cern.ch
	CondorScratchDir = "/pool/condor/dir_1059857"
	Cpus = 1
	Disk = 2099811
	GPUs = 0
	Memory = 3000
...
006 (16788274.003.000) 03/04 08:21:04 Image size of job updated: 17028
	17  -  MemoryUsage of job (MB)
	17028  -  ResidentSetSize of job (KB)
...
006 (16788274.003.000) 03/04 08:21:13 Image size of job updated: 356500
	349  -  MemoryUsage of job (MB)
	356500  -  ResidentSetSize of job (KB)
...
040 (16788274.003.000) 03/04 08:21:13 Started transferring output files
...
040 (16788274.003.000) 03/04 08:21:13 Finished transferring output files
...
005 (16788274.003.000) 03/04 08:21:13 Job terminated.
	(1) Normal termination (return value 0)
		Usr 0 00:00:07, Sys 0 00:00:01  -  Run Remote Usage
		Usr 0 00:00:00, Sys 0 00:00:00  -  Run Local Usage
		Usr 0 00:00:07, Sys 0 00:00:01  -  Total Remote Usage
		Usr 0 00:00:00, Sys 0 00:00:00  -  Total Local Usage
	6703  -  Run Bytes Sent By Job
	13321  -  Run Bytes Received By Job
	6703  -  Total Bytes Sent By Job
	13321  -  Total Bytes Received By Job
	Partitionable Resources :    Usage  Request Allocated 
	   Cpus                 :        0        1         1 
	   Disk (KB)            :       43  2097152   2099811 
	   GPUs                 :                           0 
	   Memory (MB)          :      349     3000      3000 

	Job terminated of its own accord at 2025-03-04T07:21:13Z with exit-code 0.
...
