Starting job on Tue Mar  4 12:00:26 AM CET 2025
Running on: b9p15p9678.cern.ch
CMSSW environment set up.
DATASET FOLDER: DYJetsToLL_M-50_TuneCP5_13p6TeV-madgraphMLM-pythia8_Run3Summer22NanoAODv12-ALCARECO_forPOG_130X_mcRun3_2022_realistic_v5_ext1-v2_NANOAODSIM 
EOS DIR: /eos/user/o/olfimbre/NanoAOD_Filtered/DYJetsToLL_M-50_TuneCP5_13p6TeV-madgraphMLM-pythia8_Run3Summer22NanoAODv12-ALCARECO_forPOG_130X_mcRun3_2022_realistic_v5_ext1-v2_NANOAODSIM 
Processing file: root://cms-xrd-global.cern.ch//store/mc/Run3Summer22NanoAODv12/DYJetsToLL_M-50_TuneCP5_13p6TeV-madgraphMLM-pythia8/NANOAODSIM/ALCARECO_forPOG_130X_mcRun3_2022_realistic_v5_ext1-v2/2520000/37a14289-f591-4000-a2b2-974554fa4e68.root
Will write selected trees to filteredNanoAOD
Pre-select 838109 entries out of 838109 (100.00%)
Processed    10000/  838109 entries,  1.19% (elapsed time     5.6s, curr speed    1.799 kHz, avg speed    1.799 kHz), accepted     2721/   10001 events (27.21%)
Processed    20000/  838109 entries,  2.39% (elapsed time    12.6s, curr speed    1.420 kHz, avg speed    1.587 kHz), accepted     5385/   20001 events (26.92%)
Processed    30000/  838109 entries,  3.58% (elapsed time    17.8s, curr speed    1.939 kHz, avg speed    1.689 kHz), accepted     8094/   30001 events (26.98%)
Processed    40000/  838109 entries,  4.77% (elapsed time    23.2s, curr speed    1.825 kHz, avg speed    1.721 kHz), accepted    10727/   40001 events (26.82%)
Processed    50000/  838109 entries,  5.97% (elapsed time    28.4s, curr speed    1.938 kHz, avg speed    1.761 kHz), accepted    13364/   50001 events (26.73%)
Processed    60000/  838109 entries,  7.16% (elapsed time    34.4s, curr speed    1.670 kHz, avg speed    1.745 kHz), accepted    16083/   60001 events (26.80%)
Processed    70000/  838109 entries,  8.35% (elapsed time    40.3s, curr speed    1.690 kHz, avg speed    1.737 kHz), accepted    18752/   70001 events (26.79%)
Processed    80000/  838109 entries,  9.55% (elapsed time    46.0s, curr speed    1.740 kHz, avg speed    1.737 kHz), accepted    21495/   80001 events (26.87%)
Processed    90000/  838109 entries, 10.74% (elapsed time    51.6s, curr speed    1.794 kHz, avg speed    1.743 kHz), accepted    24238/   90001 events (26.93%)
Processed   100000/  838109 entries, 11.93% (elapsed time    56.9s, curr speed    1.901 kHz, avg speed    1.758 kHz), accepted    27054/  100001 events (27.05%)
Processed   110000/  838109 entries, 13.12% (elapsed time    63.4s, curr speed    1.528 kHz, avg speed    1.734 kHz), accepted    29800/  110001 events (27.09%)
Processed   120000/  838109 entries, 14.32% (elapsed time    68.9s, curr speed    1.829 kHz, avg speed    1.742 kHz), accepted    32537/  120001 events (27.11%)
Processed   130000/  838109 entries, 15.51% (elapsed time    73.5s, curr speed    2.193 kHz, avg speed    1.770 kHz), accepted    35203/  130001 events (27.08%)
Processed   140000/  838109 entries, 16.70% (elapsed time    80.1s, curr speed    1.504 kHz, avg speed    1.748 kHz), accepted    37917/  140001 events (27.08%)
Processed   150000/  838109 entries, 17.90% (elapsed time    85.2s, curr speed    1.958 kHz, avg speed    1.760 kHz), accepted    40695/  150001 events (27.13%)
Processed   160000/  838109 entries, 19.09% (elapsed time    90.5s, curr speed    1.897 kHz, avg speed    1.768 kHz), accepted    43423/  160001 events (27.14%)
Processed   170000/  838109 entries, 20.28% (elapsed time    97.7s, curr speed    1.392 kHz, avg speed    1.741 kHz), accepted    46165/  170001 events (27.16%)
Processed   180000/  838109 entries, 21.48% (elapsed time   102.4s, curr speed    2.113 kHz, avg speed    1.758 kHz), accepted    48928/  180001 events (27.18%)
Processed   190000/  838109 entries, 22.67% (elapsed time   108.2s, curr speed    1.724 kHz, avg speed    1.756 kHz), accepted    51575/  190001 events (27.14%)
Processed   200000/  838109 entries, 23.86% (elapsed time   114.7s, curr speed    1.542 kHz, avg speed    1.744 kHz), accepted    54382/  200001 events (27.19%)
Processed   210000/  838109 entries, 25.06% (elapsed time   119.7s, curr speed    1.991 kHz, avg speed    1.754 kHz), accepted    57039/  210001 events (27.16%)
Processed   220000/  838109 entries, 26.25% (elapsed time   125.6s, curr speed    1.690 kHz, avg speed    1.751 kHz), accepted    59785/  220001 events (27.17%)
Processed   230000/  838109 entries, 27.44% (elapsed time   131.2s, curr speed    1.800 kHz, avg speed    1.753 kHz), accepted    62465/  230001 events (27.16%)
Processed   240000/  838109 entries, 28.64% (elapsed time   135.8s, curr speed    2.144 kHz, avg speed    1.767 kHz), accepted    65188/  240001 events (27.16%)
Processed   250000/  838109 entries, 29.83% (elapsed time   141.6s, curr speed    1.740 kHz, avg speed    1.766 kHz), accepted    67927/  250001 events (27.17%)
Processed   260000/  838109 entries, 31.02% (elapsed time   180.0s, curr speed    0.260 kHz, avg speed    1.444 kHz), accepted    70728/  260001 events (27.20%)
Processed   270000/  838109 entries, 32.22% (elapsed time   185.1s, curr speed    1.955 kHz, avg speed    1.458 kHz), accepted    73541/  270001 events (27.24%)
Processed   280000/  838109 entries, 33.41% (elapsed time   190.8s, curr speed    1.774 kHz, avg speed    1.468 kHz), accepted    76208/  280001 events (27.22%)
Processed   290000/  838109 entries, 34.60% (elapsed time   197.1s, curr speed    1.585 kHz, avg speed    1.472 kHz), accepted    78922/  290001 events (27.21%)
Processed   300000/  838109 entries, 35.79% (elapsed time   201.5s, curr speed    2.232 kHz, avg speed    1.488 kHz), accepted    81657/  300001 events (27.22%)
Processed   310000/  838109 entries, 36.99% (elapsed time   207.7s, curr speed    1.632 kHz, avg speed    1.493 kHz), accepted    84508/  310001 events (27.26%)
Processed   320000/  838109 entries, 38.18% (elapsed time   214.8s, curr speed    1.413 kHz, avg speed    1.490 kHz), accepted    87265/  320001 events (27.27%)
Processed   330000/  838109 entries, 39.37% (elapsed time   219.4s, curr speed    2.155 kHz, avg speed    1.504 kHz), accepted    90046/  330001 events (27.29%)
Processed   340000/  838109 entries, 40.57% (elapsed time   226.7s, curr speed    1.374 kHz, avg speed    1.500 kHz), accepted    92722/  340001 events (27.27%)
Processed   350000/  838109 entries, 41.76% (elapsed time   233.8s, curr speed    1.398 kHz, avg speed    1.497 kHz), accepted    95484/  350001 events (27.28%)
Processed   360000/  838109 entries, 42.95% (elapsed time   238.0s, curr speed    2.379 kHz, avg speed    1.512 kHz), accepted    98273/  360001 events (27.30%)
Processed   370000/  838109 entries, 44.15% (elapsed time   245.1s, curr speed    1.421 kHz, avg speed    1.510 kHz), accepted   100938/  370001 events (27.28%)
Processed   380000/  838109 entries, 45.34% (elapsed time   250.5s, curr speed    1.830 kHz, avg speed    1.517 kHz), accepted   103652/  380001 events (27.28%)
Processed   390000/  838109 entries, 46.53% (elapsed time   255.9s, curr speed    1.858 kHz, avg speed    1.524 kHz), accepted   106335/  390001 events (27.27%)
Processed   400000/  838109 entries, 47.73% (elapsed time   262.5s, curr speed    1.514 kHz, avg speed    1.524 kHz), accepted   109138/  400001 events (27.28%)
Processed   410000/  838109 entries, 48.92% (elapsed time   268.8s, curr speed    1.594 kHz, avg speed    1.525 kHz), accepted   111951/  410001 events (27.31%)
Processed   420000/  838109 entries, 50.11% (elapsed time   275.7s, curr speed    1.451 kHz, avg speed    1.523 kHz), accepted   114636/  420001 events (27.29%)
Processed   430000/  838109 entries, 51.31% (elapsed time   284.4s, curr speed    1.145 kHz, avg speed    1.512 kHz), accepted   117415/  430001 events (27.31%)
Processed   440000/  838109 entries, 52.50% (elapsed time   290.1s, curr speed    1.770 kHz, avg speed    1.517 kHz), accepted   120101/  440001 events (27.30%)
Processed   450000/  838109 entries, 53.69% (elapsed time   295.6s, curr speed    1.797 kHz, avg speed    1.522 kHz), accepted   122847/  450001 events (27.30%)
Processed   460000/  838109 entries, 54.89% (elapsed time   301.8s, curr speed    1.610 kHz, avg speed    1.524 kHz), accepted   125548/  460001 events (27.29%)
Processed   470000/  838109 entries, 56.08% (elapsed time   308.5s, curr speed    1.514 kHz, avg speed    1.524 kHz), accepted   128312/  470001 events (27.30%)
Processed   480000/  838109 entries, 57.27% (elapsed time   314.4s, curr speed    1.676 kHz, avg speed    1.527 kHz), accepted   131132/  480001 events (27.32%)
Processed   490000/  838109 entries, 58.46% (elapsed time   320.4s, curr speed    1.674 kHz, avg speed    1.529 kHz), accepted   133895/  490001 events (27.33%)
Processed   500000/  838109 entries, 59.66% (elapsed time   326.9s, curr speed    1.529 kHz, avg speed    1.529 kHz), accepted   136585/  500001 events (27.32%)
Processed   510000/  838109 entries, 60.85% (elapsed time   331.5s, curr speed    2.175 kHz, avg speed    1.538 kHz), accepted   139296/  510001 events (27.31%)
Processed   520000/  838109 entries, 62.04% (elapsed time   337.3s, curr speed    1.722 kHz, avg speed    1.541 kHz), accepted   142019/  520001 events (27.31%)
Processed   530000/  838109 entries, 63.24% (elapsed time   343.7s, curr speed    1.579 kHz, avg speed    1.542 kHz), accepted   144749/  530001 events (27.31%)
Processed   540000/  838109 entries, 64.43% (elapsed time   348.2s, curr speed    2.208 kHz, avg speed    1.551 kHz), accepted   147469/  540001 events (27.31%)
Processed   550000/  838109 entries, 65.62% (elapsed time   354.1s, curr speed    1.683 kHz, avg speed    1.553 kHz), accepted   150308/  550001 events (27.33%)
Processed   560000/  838109 entries, 66.82% (elapsed time   359.3s, curr speed    1.937 kHz, avg speed    1.559 kHz), accepted   153004/  560001 events (27.32%)
Processed   570000/  838109 entries, 68.01% (elapsed time   365.3s, curr speed    1.667 kHz, avg speed    1.560 kHz), accepted   155791/  570001 events (27.33%)
Processed   580000/  838109 entries, 69.20% (elapsed time   371.5s, curr speed    1.625 kHz, avg speed    1.561 kHz), accepted   158516/  580001 events (27.33%)
Processed   590000/  838109 entries, 70.40% (elapsed time   376.5s, curr speed    1.984 kHz, avg speed    1.567 kHz), accepted   161294/  590001 events (27.34%)
Processed   600000/  838109 entries, 71.59% (elapsed time   381.8s, curr speed    1.873 kHz, avg speed    1.571 kHz), accepted   164125/  600001 events (27.35%)
Processed   610000/  838109 entries, 72.78% (elapsed time   387.2s, curr speed    1.875 kHz, avg speed    1.576 kHz), accepted   166848/  610001 events (27.35%)
Processed   620000/  838109 entries, 73.98% (elapsed time   392.1s, curr speed    2.029 kHz, avg speed    1.581 kHz), accepted   169559/  620001 events (27.35%)
Processed   630000/  838109 entries, 75.17% (elapsed time   397.8s, curr speed    1.743 kHz, avg speed    1.584 kHz), accepted   172299/  630001 events (27.35%)
Processed   640000/  838109 entries, 76.36% (elapsed time   404.6s, curr speed    1.484 kHz, avg speed    1.582 kHz), accepted   174976/  640001 events (27.34%)
Processed   650000/  838109 entries, 77.56% (elapsed time   409.8s, curr speed    1.913 kHz, avg speed    1.586 kHz), accepted   177670/  650001 events (27.33%)
Processed   660000/  838109 entries, 78.75% (elapsed time   415.4s, curr speed    1.776 kHz, avg speed    1.589 kHz), accepted   180466/  660001 events (27.34%)
Processed   670000/  838109 entries, 79.94% (elapsed time   421.8s, curr speed    1.563 kHz, avg speed    1.588 kHz), accepted   183307/  670001 events (27.36%)
Processed   680000/  838109 entries, 81.14% (elapsed time   426.9s, curr speed    1.981 kHz, avg speed    1.593 kHz), accepted   186057/  680001 events (27.36%)
Processed   690000/  838109 entries, 82.33% (elapsed time   432.0s, curr speed    1.967 kHz, avg speed    1.597 kHz), accepted   188834/  690001 events (27.37%)
Processed   700000/  838109 entries, 83.52% (elapsed time   438.3s, curr speed    1.567 kHz, avg speed    1.597 kHz), accepted   191592/  700001 events (27.37%)
Processed   710000/  838109 entries, 84.71% (elapsed time   443.7s, curr speed    1.851 kHz, avg speed    1.600 kHz), accepted   194369/  710001 events (27.38%)
Processed   720000/  838109 entries, 85.91% (elapsed time   448.6s, curr speed    2.068 kHz, avg speed    1.605 kHz), accepted   197083/  720001 events (27.37%)
Processed   730000/  838109 entries, 87.10% (elapsed time   454.2s, curr speed    1.791 kHz, avg speed    1.607 kHz), accepted   199802/  730001 events (27.37%)
Processed   740000/  838109 entries, 88.29% (elapsed time   459.2s, curr speed    1.966 kHz, avg speed    1.611 kHz), accepted   202553/  740001 events (27.37%)
Processed   750000/  838109 entries, 89.49% (elapsed time   465.2s, curr speed    1.684 kHz, avg speed    1.612 kHz), accepted   205343/  750001 events (27.38%)
Processed   760000/  838109 entries, 90.68% (elapsed time   471.8s, curr speed    1.511 kHz, avg speed    1.611 kHz), accepted   208050/  760001 events (27.37%)
Processed   770000/  838109 entries, 91.87% (elapsed time   476.2s, curr speed    2.251 kHz, avg speed    1.617 kHz), accepted   210820/  770001 events (27.38%)
Processed   780000/  838109 entries, 93.07% (elapsed time   482.4s, curr speed    1.619 kHz, avg speed    1.617 kHz), accepted   213578/  780001 events (27.38%)
Processed   790000/  838109 entries, 94.26% (elapsed time   488.1s, curr speed    1.755 kHz, avg speed    1.618 kHz), accepted   216330/  790001 events (27.38%)
Processed   800000/  838109 entries, 95.45% (elapsed time   493.2s, curr speed    1.970 kHz, avg speed    1.622 kHz), accepted   219070/  800001 events (27.38%)
Processed   810000/  838109 entries, 96.65% (elapsed time   499.9s, curr speed    1.483 kHz, avg speed    1.620 kHz), accepted   221812/  810001 events (27.38%)
Processed   820000/  838109 entries, 97.84% (elapsed time   504.8s, curr speed    2.045 kHz, avg speed    1.624 kHz), accepted   224521/  820001 events (27.38%)
Processed   830000/  838109 entries, 99.03% (elapsed time   509.5s, curr speed    2.152 kHz, avg speed    1.629 kHz), accepted   227354/  830001 events (27.39%)
Processed 838109 preselected entries from root://cms-xrd-global.cern.ch//store/mc/Run3Summer22NanoAODv12/DYJetsToLL_M-50_TuneCP5_13p6TeV-madgraphMLM-pythia8/NANOAODSIM/ALCARECO_forPOG_130X_mcRun3_2022_realistic_v5_ext1-v2/2520000/37a14289-f591-4000-a2b2-974554fa4e68.root (838109 entries). Finally selected 229606 entries
Done filteredNanoAOD/37a14289-f591-4000-a2b2-974554fa4e68_Skim.root
Total time 543.2 sec. to process 838109 events. Rate = 1543.0 Hz.
Copying output files to EOS: /eos/user/o/olfimbre/NanoAOD_Filtered/DYJetsToLL_M-50_TuneCP5_13p6TeV-madgraphMLM-pythia8_Run3Summer22NanoAODv12-ALCARECO_forPOG_130X_mcRun3_2022_realistic_v5_ext1-v2_NANOAODSIM
Job finished on Tue Mar  4 00:10:16 CET 2025
