000 (16811378.000.000) 03/12 23:31:24 Job submitted from host: <188.185.72.155:9618?addrs=188.185.72.155-9618+[2001-1458-d00-8--100-95]-9618&alias=bigbird08.cern.ch&noUDP&sock=schedd_1954698_d259>
...
040 (16811378.000.000) 03/12 23:33:53 Started transferring input files
	Transferring to host: <188.185.198.142:9618?addrs=188.185.198.142-9618+[2001-1458-303-25--100-8a]-9618&alias=b9p15p5603.cern.ch&noUDP&sock=slot1_12_3956846_b5c1_25509>
...
040 (16811378.000.000) 03/12 23:33:53 Finished transferring input files
...
001 (16811378.000.000) 03/12 23:33:54 Job executing on host: <188.185.198.142:9618?addrs=188.185.198.142-9618+[2001-1458-303-25--100-8a]-9618&alias=b9p15p5603.cern.ch&noUDP&sock=startd_5776_6f1d>
	SlotName: slot1_12@b9p15p5603.cern.ch
	CondorScratchDir = "/pool/condor/dir_2275565"
	Cpus = 1
	Disk = 2099913
	GPUs = 0
	Memory = 3000
...
006 (16811378.000.000) 03/12 23:34:03 Image size of job updated: 1808
	2  -  MemoryUsage of job (MB)
	1808  -  ResidentSetSize of job (KB)
...
006 (16811378.000.000) 03/12 23:34:46 Image size of job updated: 379152
	371  -  MemoryUsage of job (MB)
	379152  -  ResidentSetSize of job (KB)
...
040 (16811378.000.000) 03/12 23:34:47 Started transferring output files
...
040 (16811378.000.000) 03/12 23:34:47 Finished transferring output files
...
005 (16811378.000.000) 03/12 23:34:47 Job terminated.
	(1) Normal termination (return value 0)
		Usr 0 00:00:16, Sys 0 00:00:01  -  Run Remote Usage
		Usr 0 00:00:00, Sys 0 00:00:00  -  Run Local Usage
		Usr 0 00:00:16, Sys 0 00:00:01  -  Total Remote Usage
		Usr 0 00:00:00, Sys 0 00:00:00  -  Total Local Usage
	6748  -  Run Bytes Sent By Job
	16801  -  Run Bytes Received By Job
	6748  -  Total Bytes Sent By Job
	16801  -  Total Bytes Received By Job
	Partitionable Resources :    Usage  Request Allocated 
	   Cpus                 :     0.56        1         1 
	   Disk (KB)            :    46     2097152   2099913 
	   GPUs                 :                           0 
	   Memory (MB)          :   371        3000      3000 

	Job terminated of its own accord at 2025-03-12T22:34:46Z with exit-code 0.
...
