000 (16788275.001.000) 03/04 08:24:53 Job submitted from host: <188.185.72.155:9618?addrs=188.185.72.155-9618+[2001-1458-d00-8--100-95]-9618&alias=bigbird08.cern.ch&noUDP&sock=schedd_862983_22fa>
...
040 (16788275.001.000) 03/04 08:26:00 Started transferring input files
	Transferring to host: <188.185.194.105:9618?addrs=188.185.194.105-9618+[2001-1458-303-21--100-65]-9618&alias=b9p20p0035.cern.ch&noUDP&sock=slot1_15_7224_b61f_26564>
...
040 (16788275.001.000) 03/04 08:26:00 Finished transferring input files
...
001 (16788275.001.000) 03/04 08:26:01 Job executing on host: <188.185.194.105:9618?addrs=188.185.194.105-9618+[2001-1458-303-21--100-65]-9618&alias=b9p20p0035.cern.ch&noUDP&sock=startd_6151_a721>
	SlotName: slot1_15@b9p20p0035.cern.ch
	CondorScratchDir = "/pool/condor/dir_1510371"
	Cpus = 1
	Disk = 2099989
	GPUs = 0
	Memory = 3000
...
006 (16788275.001.000) 03/04 08:26:15 Image size of job updated: 36352
	36  -  MemoryUsage of job (MB)
	36352  -  ResidentSetSize of job (KB)
...
006 (16788275.001.000) 03/04 08:26:29 Image size of job updated: 168728
	36  -  MemoryUsage of job (MB)
	36352  -  ResidentSetSize of job (KB)
...
040 (16788275.001.000) 03/04 08:26:29 Started transferring output files
...
040 (16788275.001.000) 03/04 08:26:29 Finished transferring output files
...
005 (16788275.001.000) 03/04 08:26:29 Job terminated.
	(1) Normal termination (return value 0)
		Usr 0 00:00:12, Sys 0 00:00:01  -  Run Remote Usage
		Usr 0 00:00:00, Sys 0 00:00:00  -  Run Local Usage
		Usr 0 00:00:12, Sys 0 00:00:01  -  Total Remote Usage
		Usr 0 00:00:00, Sys 0 00:00:00  -  Total Local Usage
	6425  -  Run Bytes Sent By Job
	13323  -  Run Bytes Received By Job
	6425  -  Total Bytes Sent By Job
	13323  -  Total Bytes Received By Job
	Partitionable Resources :    Usage  Request Allocated 
	   Cpus                 :                 1         1 
	   Disk (KB)            :       34  2097152   2099989 
	   GPUs                 :                           0 
	   Memory (MB)          :       36     3000      3000 

	Job terminated of its own accord at 2025-03-04T07:26:29Z with exit-code 0.
...
