000 (16781552.003.000) 03/04 00:54:35 Job submitted from host: <188.185.72.155:9618?addrs=188.185.72.155-9618+[2001-1458-d00-8--100-95]-9618&alias=bigbird08.cern.ch&noUDP&sock=schedd_862983_22fa>
...
040 (16781552.003.000) 03/04 00:58:19 Started transferring input files
	Transferring to host: <188.185.196.108:9618?addrs=188.185.196.108-9618+[2001-1458-303-23--100-68]-9618&alias=b9p16p4013.cern.ch&noUDP&sock=slot1_3_6263_9998_14166>
...
040 (16781552.003.000) 03/04 00:58:19 Finished transferring input files
...
001 (16781552.003.000) 03/04 00:58:20 Job executing on host: <188.185.196.108:9618?addrs=188.185.196.108-9618+[2001-1458-303-23--100-68]-9618&alias=b9p16p4013.cern.ch&noUDP&sock=startd_4679_fbb9>
	SlotName: slot1_3@b9p16p4013.cern.ch
	CondorScratchDir = "/pool/condor/dir_487195"
	Cpus = 1
	Disk = 2099924
	GPUs = 0
	Memory = 3000
...
006 (16781552.003.000) 03/04 00:58:33 Image size of job updated: 6696
	7  -  MemoryUsage of job (MB)
	6696  -  ResidentSetSize of job (KB)
...
006 (16781552.003.000) 03/04 01:01:11 Image size of job updated: 55500
	7  -  MemoryUsage of job (MB)
	6696  -  ResidentSetSize of job (KB)
...
040 (16781552.003.000) 03/04 01:01:11 Started transferring output files
...
040 (16781552.003.000) 03/04 01:01:11 Finished transferring output files
...
005 (16781552.003.000) 03/04 01:01:11 Job terminated.
	(1) Normal termination (return value 0)
		Usr 0 00:00:11, Sys 0 00:00:04  -  Run Remote Usage
		Usr 0 00:00:00, Sys 0 00:00:00  -  Run Local Usage
		Usr 0 00:00:11, Sys 0 00:00:04  -  Total Remote Usage
		Usr 0 00:00:00, Sys 0 00:00:00  -  Total Local Usage
	6075  -  Run Bytes Sent By Job
	13321  -  Run Bytes Received By Job
	6075  -  Total Bytes Sent By Job
	13321  -  Total Bytes Received By Job
	Partitionable Resources :    Usage  Request Allocated 
	   Cpus                 :        0        1         1 
	   Disk (KB)            :       42  2097152   2099924 
	   GPUs                 :                           0 
	   Memory (MB)          :        7     3000      3000 

	Job terminated of its own accord at 2025-03-04T00:01:11Z with exit-code 0.
...
