Starting job on Tue Mar  4 12:00:18 AM CET 2025
Running on: b9p02p6555.cern.ch
CMSSW environment set up.
DATASET FOLDER: DYJetsToLL_M-50_TuneCP5_13p6TeV-madgraphMLM-pythia8_Run3Summer22NanoAODv12-ALCARECO_forPOG_130X_mcRun3_2022_realistic_v5_ext1-v2_NANOAODSIM 
EOS DIR: /eos/user/o/olfimbre/NanoAOD_Filtered/DYJetsToLL_M-50_TuneCP5_13p6TeV-madgraphMLM-pythia8_Run3Summer22NanoAODv12-ALCARECO_forPOG_130X_mcRun3_2022_realistic_v5_ext1-v2_NANOAODSIM 
Processing file: root://cms-xrd-global.cern.ch//store/mc/Run3Summer22NanoAODv12/DYJetsToLL_M-50_TuneCP5_13p6TeV-madgraphMLM-pythia8/NANOAODSIM/ALCARECO_forPOG_130X_mcRun3_2022_realistic_v5_ext1-v2/30000/7b406e69-9cad-4915-b198-9088cf6ee211.root
Will write selected trees to filteredNanoAOD
Pre-select 997722 entries out of 997722 (100.00%)
Processed    10000/  997722 entries,  1.00% (elapsed time     6.3s, curr speed    1.578 kHz, avg speed    1.578 kHz), accepted     2753/   10001 events (27.53%)
Processed    20000/  997722 entries,  2.00% (elapsed time    13.7s, curr speed    1.359 kHz, avg speed    1.460 kHz), accepted     5510/   20001 events (27.55%)
Processed    30000/  997722 entries,  3.01% (elapsed time    20.8s, curr speed    1.406 kHz, avg speed    1.442 kHz), accepted     8229/   30001 events (27.43%)
Processed    40000/  997722 entries,  4.01% (elapsed time    25.4s, curr speed    2.201 kHz, avg speed    1.578 kHz), accepted    11031/   40001 events (27.58%)
Processed    50000/  997722 entries,  5.01% (elapsed time    32.7s, curr speed    1.358 kHz, avg speed    1.528 kHz), accepted    13798/   50001 events (27.60%)
Processed    60000/  997722 entries,  6.01% (elapsed time    40.1s, curr speed    1.360 kHz, avg speed    1.497 kHz), accepted    16559/   60001 events (27.60%)
Processed    70000/  997722 entries,  7.02% (elapsed time    44.6s, curr speed    2.213 kHz, avg speed    1.570 kHz), accepted    19275/   70001 events (27.54%)
Processed    80000/  997722 entries,  8.02% (elapsed time    51.5s, curr speed    1.456 kHz, avg speed    1.555 kHz), accepted    22094/   80001 events (27.62%)
Processed    90000/  997722 entries,  9.02% (elapsed time    59.0s, curr speed    1.322 kHz, avg speed    1.525 kHz), accepted    24814/   90001 events (27.57%)
Processed   100000/  997722 entries, 10.02% (elapsed time    63.6s, curr speed    2.179 kHz, avg speed    1.572 kHz), accepted    27591/  100001 events (27.59%)
Processed   110000/  997722 entries, 11.03% (elapsed time    70.8s, curr speed    1.390 kHz, avg speed    1.554 kHz), accepted    30268/  110001 events (27.52%)
Processed   120000/  997722 entries, 12.03% (elapsed time    78.3s, curr speed    1.343 kHz, avg speed    1.534 kHz), accepted    33109/  120001 events (27.59%)
Processed   130000/  997722 entries, 13.03% (elapsed time    82.7s, curr speed    2.238 kHz, avg speed    1.572 kHz), accepted    35844/  130001 events (27.57%)
Processed   140000/  997722 entries, 14.03% (elapsed time    90.0s, curr speed    1.375 kHz, avg speed    1.556 kHz), accepted    38494/  140001 events (27.50%)
Processed   150000/  997722 entries, 15.03% (elapsed time    97.1s, curr speed    1.413 kHz, avg speed    1.545 kHz), accepted    41280/  150001 events (27.52%)
Processed   160000/  997722 entries, 16.04% (elapsed time   101.3s, curr speed    2.373 kHz, avg speed    1.580 kHz), accepted    43995/  160001 events (27.50%)
Processed   170000/  997722 entries, 17.04% (elapsed time   108.9s, curr speed    1.319 kHz, avg speed    1.562 kHz), accepted    46763/  170001 events (27.51%)
Processed   180000/  997722 entries, 18.04% (elapsed time   116.0s, curr speed    1.407 kHz, avg speed    1.552 kHz), accepted    49470/  180001 events (27.48%)
Processed   190000/  997722 entries, 19.04% (elapsed time   119.9s, curr speed    2.515 kHz, avg speed    1.584 kHz), accepted    52337/  190001 events (27.55%)
Processed   200000/  997722 entries, 20.05% (elapsed time   127.3s, curr speed    1.352 kHz, avg speed    1.571 kHz), accepted    55087/  200001 events (27.54%)
Processed   210000/  997722 entries, 21.05% (elapsed time   134.4s, curr speed    1.419 kHz, avg speed    1.563 kHz), accepted    57829/  210001 events (27.54%)
Processed   220000/  997722 entries, 22.05% (elapsed time   138.9s, curr speed    2.199 kHz, avg speed    1.583 kHz), accepted    60578/  220001 events (27.54%)
Processed   230000/  997722 entries, 23.05% (elapsed time   146.6s, curr speed    1.308 kHz, avg speed    1.569 kHz), accepted    63287/  230001 events (27.52%)
Processed   240000/  997722 entries, 24.05% (elapsed time   153.4s, curr speed    1.459 kHz, avg speed    1.564 kHz), accepted    66093/  240001 events (27.54%)
Processed   250000/  997722 entries, 25.06% (elapsed time   158.1s, curr speed    2.128 kHz, avg speed    1.581 kHz), accepted    68837/  250001 events (27.53%)
Processed   260000/  997722 entries, 26.06% (elapsed time   165.3s, curr speed    1.404 kHz, avg speed    1.573 kHz), accepted    71565/  260001 events (27.52%)
Processed   270000/  997722 entries, 27.06% (elapsed time   172.4s, curr speed    1.402 kHz, avg speed    1.566 kHz), accepted    74347/  270001 events (27.54%)
Processed   280000/  997722 entries, 28.06% (elapsed time   176.9s, curr speed    2.205 kHz, avg speed    1.583 kHz), accepted    77103/  280001 events (27.54%)
Processed   290000/  997722 entries, 29.07% (elapsed time   183.9s, curr speed    1.430 kHz, avg speed    1.577 kHz), accepted    79934/  290001 events (27.56%)
Processed   300000/  997722 entries, 30.07% (elapsed time   191.2s, curr speed    1.371 kHz, avg speed    1.569 kHz), accepted    82637/  300001 events (27.55%)
Processed   310000/  997722 entries, 31.07% (elapsed time   195.9s, curr speed    2.115 kHz, avg speed    1.582 kHz), accepted    85386/  310001 events (27.54%)
Processed   320000/  997722 entries, 32.07% (elapsed time   202.9s, curr speed    1.437 kHz, avg speed    1.577 kHz), accepted    88117/  320001 events (27.54%)
Processed   330000/  997722 entries, 33.08% (elapsed time   210.4s, curr speed    1.335 kHz, avg speed    1.568 kHz), accepted    90892/  330001 events (27.54%)
Processed   340000/  997722 entries, 34.08% (elapsed time   215.1s, curr speed    2.128 kHz, avg speed    1.581 kHz), accepted    93655/  340001 events (27.55%)
Processed   350000/  997722 entries, 35.08% (elapsed time   222.3s, curr speed    1.388 kHz, avg speed    1.574 kHz), accepted    96409/  350001 events (27.55%)
Processed   360000/  997722 entries, 36.08% (elapsed time   230.2s, curr speed    1.267 kHz, avg speed    1.564 kHz), accepted    99151/  360001 events (27.54%)
Processed   370000/  997722 entries, 37.08% (elapsed time   234.7s, curr speed    2.225 kHz, avg speed    1.577 kHz), accepted   101829/  370001 events (27.52%)
Processed   380000/  997722 entries, 38.09% (elapsed time   242.0s, curr speed    1.357 kHz, avg speed    1.570 kHz), accepted   104576/  380001 events (27.52%)
Processed   390000/  997722 entries, 39.09% (elapsed time   249.9s, curr speed    1.269 kHz, avg speed    1.560 kHz), accepted   107333/  390001 events (27.52%)
Processed   400000/  997722 entries, 40.09% (elapsed time   254.2s, curr speed    2.339 kHz, avg speed    1.574 kHz), accepted   110113/  400001 events (27.53%)
Processed   410000/  997722 entries, 41.09% (elapsed time   261.8s, curr speed    1.324 kHz, avg speed    1.566 kHz), accepted   112833/  410001 events (27.52%)
Processed   420000/  997722 entries, 42.10% (elapsed time   269.4s, curr speed    1.305 kHz, avg speed    1.559 kHz), accepted   115606/  420001 events (27.53%)
Processed   430000/  997722 entries, 43.10% (elapsed time   273.9s, curr speed    2.254 kHz, avg speed    1.570 kHz), accepted   118361/  430001 events (27.53%)
Processed   440000/  997722 entries, 44.10% (elapsed time   281.1s, curr speed    1.389 kHz, avg speed    1.566 kHz), accepted   121149/  440001 events (27.53%)
Processed   450000/  997722 entries, 45.10% (elapsed time   288.4s, curr speed    1.367 kHz, avg speed    1.560 kHz), accepted   123848/  450001 events (27.52%)
Processed   460000/  997722 entries, 46.11% (elapsed time   293.0s, curr speed    2.150 kHz, avg speed    1.570 kHz), accepted   126645/  460001 events (27.53%)
Processed   470000/  997722 entries, 47.11% (elapsed time   300.4s, curr speed    1.359 kHz, avg speed    1.565 kHz), accepted   129351/  470001 events (27.52%)
Processed   480000/  997722 entries, 48.11% (elapsed time   307.7s, curr speed    1.363 kHz, avg speed    1.560 kHz), accepted   132154/  480001 events (27.53%)
Processed   490000/  997722 entries, 49.11% (elapsed time   312.3s, curr speed    2.187 kHz, avg speed    1.569 kHz), accepted   134903/  490001 events (27.53%)
Processed   500000/  997722 entries, 50.11% (elapsed time   319.7s, curr speed    1.345 kHz, avg speed    1.564 kHz), accepted   137594/  500001 events (27.52%)
Processed   510000/  997722 entries, 51.12% (elapsed time   327.1s, curr speed    1.363 kHz, avg speed    1.559 kHz), accepted   140315/  510001 events (27.51%)
Processed   520000/  997722 entries, 52.12% (elapsed time   331.3s, curr speed    2.367 kHz, avg speed    1.570 kHz), accepted   143085/  520001 events (27.52%)
Processed   530000/  997722 entries, 53.12% (elapsed time   338.8s, curr speed    1.334 kHz, avg speed    1.564 kHz), accepted   145836/  530001 events (27.52%)
Processed   540000/  997722 entries, 54.12% (elapsed time   346.1s, curr speed    1.361 kHz, avg speed    1.560 kHz), accepted   148619/  540001 events (27.52%)
Processed   550000/  997722 entries, 55.13% (elapsed time   350.2s, curr speed    2.474 kHz, avg speed    1.571 kHz), accepted   151335/  550001 events (27.52%)
Processed   560000/  997722 entries, 56.13% (elapsed time   357.8s, curr speed    1.310 kHz, avg speed    1.565 kHz), accepted   154045/  560001 events (27.51%)
Processed   570000/  997722 entries, 57.13% (elapsed time   365.2s, curr speed    1.348 kHz, avg speed    1.561 kHz), accepted   156854/  570001 events (27.52%)
Processed   580000/  997722 entries, 58.13% (elapsed time   369.6s, curr speed    2.295 kHz, avg speed    1.569 kHz), accepted   159658/  580001 events (27.53%)
Processed   590000/  997722 entries, 59.13% (elapsed time   377.1s, curr speed    1.330 kHz, avg speed    1.565 kHz), accepted   162379/  590001 events (27.52%)
Processed   600000/  997722 entries, 60.14% (elapsed time   384.3s, curr speed    1.400 kHz, avg speed    1.561 kHz), accepted   165248/  600001 events (27.54%)
Processed   610000/  997722 entries, 61.14% (elapsed time   388.7s, curr speed    2.225 kHz, avg speed    1.569 kHz), accepted   167954/  610001 events (27.53%)
Processed   620000/  997722 entries, 62.14% (elapsed time   396.2s, curr speed    1.347 kHz, avg speed    1.565 kHz), accepted   170687/  620001 events (27.53%)
Processed   630000/  997722 entries, 63.14% (elapsed time   403.1s, curr speed    1.435 kHz, avg speed    1.563 kHz), accepted   173421/  630001 events (27.53%)
Processed   640000/  997722 entries, 64.15% (elapsed time   407.8s, curr speed    2.160 kHz, avg speed    1.570 kHz), accepted   176168/  640001 events (27.53%)
Processed   650000/  997722 entries, 65.15% (elapsed time   414.8s, curr speed    1.419 kHz, avg speed    1.567 kHz), accepted   178938/  650001 events (27.53%)
Processed   660000/  997722 entries, 66.15% (elapsed time   422.0s, curr speed    1.400 kHz, avg speed    1.564 kHz), accepted   181745/  660001 events (27.54%)
Processed   670000/  997722 entries, 67.15% (elapsed time   426.5s, curr speed    2.207 kHz, avg speed    1.571 kHz), accepted   184501/  670001 events (27.54%)
Processed   680000/  997722 entries, 68.16% (elapsed time   433.4s, curr speed    1.455 kHz, avg speed    1.569 kHz), accepted   187285/  680001 events (27.54%)
Processed   690000/  997722 entries, 69.16% (elapsed time   440.5s, curr speed    1.393 kHz, avg speed    1.566 kHz), accepted   190015/  690001 events (27.54%)
Processed   700000/  997722 entries, 70.16% (elapsed time   444.9s, curr speed    2.279 kHz, avg speed    1.573 kHz), accepted   192735/  700001 events (27.53%)
Processed   710000/  997722 entries, 71.16% (elapsed time   452.1s, curr speed    1.395 kHz, avg speed    1.570 kHz), accepted   195598/  710001 events (27.55%)
Processed   720000/  997722 entries, 72.16% (elapsed time   459.6s, curr speed    1.337 kHz, avg speed    1.567 kHz), accepted   198349/  720001 events (27.55%)
Processed   730000/  997722 entries, 73.17% (elapsed time   464.3s, curr speed    2.121 kHz, avg speed    1.572 kHz), accepted   201074/  730001 events (27.54%)
Processed   740000/  997722 entries, 74.17% (elapsed time   471.3s, curr speed    1.425 kHz, avg speed    1.570 kHz), accepted   203815/  740001 events (27.54%)
Processed   750000/  997722 entries, 75.17% (elapsed time   478.6s, curr speed    1.363 kHz, avg speed    1.567 kHz), accepted   206562/  750001 events (27.54%)
Processed   760000/  997722 entries, 76.17% (elapsed time   483.8s, curr speed    1.927 kHz, avg speed    1.571 kHz), accepted   209330/  760001 events (27.54%)
Processed   770000/  997722 entries, 77.18% (elapsed time   490.3s, curr speed    1.540 kHz, avg speed    1.570 kHz), accepted   212043/  770001 events (27.54%)
Processed   780000/  997722 entries, 78.18% (elapsed time   497.5s, curr speed    1.390 kHz, avg speed    1.568 kHz), accepted   214760/  780001 events (27.53%)
Processed   790000/  997722 entries, 79.18% (elapsed time   502.8s, curr speed    1.905 kHz, avg speed    1.571 kHz), accepted   217481/  790001 events (27.53%)
Processed   800000/  997722 entries, 80.18% (elapsed time   509.3s, curr speed    1.540 kHz, avg speed    1.571 kHz), accepted   220203/  800001 events (27.53%)
Processed   810000/  997722 entries, 81.18% (elapsed time   516.4s, curr speed    1.399 kHz, avg speed    1.569 kHz), accepted   222971/  810001 events (27.53%)
Processed   820000/  997722 entries, 82.19% (elapsed time   521.8s, curr speed    1.845 kHz, avg speed    1.571 kHz), accepted   225745/  820001 events (27.53%)
Processed   830000/  997722 entries, 83.19% (elapsed time   528.4s, curr speed    1.528 kHz, avg speed    1.571 kHz), accepted   228488/  830001 events (27.53%)
Processed   840000/  997722 entries, 84.19% (elapsed time   535.2s, curr speed    1.469 kHz, avg speed    1.570 kHz), accepted   231256/  840001 events (27.53%)
Processed   850000/  997722 entries, 85.19% (elapsed time   540.6s, curr speed    1.840 kHz, avg speed    1.572 kHz), accepted   234019/  850001 events (27.53%)
Processed   860000/  997722 entries, 86.20% (elapsed time   547.1s, curr speed    1.552 kHz, avg speed    1.572 kHz), accepted   236754/  860001 events (27.53%)
Processed   870000/  997722 entries, 87.20% (elapsed time   554.2s, curr speed    1.402 kHz, avg speed    1.570 kHz), accepted   239503/  870001 events (27.53%)
Processed   880000/  997722 entries, 88.20% (elapsed time   559.7s, curr speed    1.817 kHz, avg speed    1.572 kHz), accepted   242244/  880001 events (27.53%)
Processed   890000/  997722 entries, 89.20% (elapsed time   566.1s, curr speed    1.562 kHz, avg speed    1.572 kHz), accepted   244976/  890001 events (27.53%)
Processed   900000/  997722 entries, 90.21% (elapsed time   573.2s, curr speed    1.410 kHz, avg speed    1.570 kHz), accepted   247713/  900001 events (27.52%)
Processed   910000/  997722 entries, 91.21% (elapsed time   578.8s, curr speed    1.768 kHz, avg speed    1.572 kHz), accepted   250509/  910001 events (27.53%)
Processed   920000/  997722 entries, 92.21% (elapsed time   585.2s, curr speed    1.575 kHz, avg speed    1.572 kHz), accepted   253195/  920001 events (27.52%)
Processed   930000/  997722 entries, 93.21% (elapsed time   592.3s, curr speed    1.407 kHz, avg speed    1.570 kHz), accepted   255990/  930001 events (27.53%)
Processed   940000/  997722 entries, 94.21% (elapsed time   598.0s, curr speed    1.767 kHz, avg speed    1.572 kHz), accepted   258746/  940001 events (27.53%)
Processed   950000/  997722 entries, 95.22% (elapsed time   603.5s, curr speed    1.802 kHz, avg speed    1.574 kHz), accepted   261471/  950001 events (27.52%)
Processed   960000/  997722 entries, 96.22% (elapsed time   610.2s, curr speed    1.500 kHz, avg speed    1.573 kHz), accepted   264233/  960001 events (27.52%)
Processed   970000/  997722 entries, 97.22% (elapsed time   615.5s, curr speed    1.878 kHz, avg speed    1.576 kHz), accepted   266961/  970001 events (27.52%)
Processed   980000/  997722 entries, 98.22% (elapsed time   621.3s, curr speed    1.736 kHz, avg speed    1.577 kHz), accepted   269649/  980001 events (27.52%)
Processed   990000/  997722 entries, 99.23% (elapsed time   628.2s, curr speed    1.441 kHz, avg speed    1.576 kHz), accepted   272413/  990001 events (27.52%)
Processed 997722 preselected entries from root://cms-xrd-global.cern.ch//store/mc/Run3Summer22NanoAODv12/DYJetsToLL_M-50_TuneCP5_13p6TeV-madgraphMLM-pythia8/NANOAODSIM/ALCARECO_forPOG_130X_mcRun3_2022_realistic_v5_ext1-v2/30000/7b406e69-9cad-4915-b198-9088cf6ee211.root (997722 entries). Finally selected 274533 entries
Done filteredNanoAOD/7b406e69-9cad-4915-b198-9088cf6ee211_Skim.root
Total time 777.1 sec. to process 997722 events. Rate = 1283.8 Hz.
Copying output files to EOS: /eos/user/o/olfimbre/NanoAOD_Filtered/DYJetsToLL_M-50_TuneCP5_13p6TeV-madgraphMLM-pythia8_Run3Summer22NanoAODv12-ALCARECO_forPOG_130X_mcRun3_2022_realistic_v5_ext1-v2_NANOAODSIM
Job finished on Tue Mar  4 00:20:17 CET 2025
