000 (16798628.000.000) 03/06 22:38:07 Job submitted from host: <188.185.72.155:9618?addrs=188.185.72.155-9618+[2001-1458-d00-8--100-95]-9618&alias=bigbird08.cern.ch&noUDP&sock=schedd_1954698_d259>
...
040 (16798628.000.000) 03/06 22:38:57 Started transferring input files
	Transferring to host: <128.142.132.63:9618?addrs=128.142.132.63-9618+[2001-1458-301-5a--100-33]-9618&alias=b9g12p0821.cern.ch&noUDP&sock=slot1_3_3158724_8f3a_105255>
...
040 (16798628.000.000) 03/06 22:38:57 Finished transferring input files
...
001 (16798628.000.000) 03/06 22:38:58 Job executing on host: <128.142.132.63:9618?addrs=128.142.132.63-9618+[2001-1458-301-5a--100-33]-9618&alias=b9g12p0821.cern.ch&noUDP&sock=startd_2439_8794>
	SlotName: slot1_3@b9g12p0821.cern.ch
	CondorScratchDir = "/pool/condor/dir_339460"
	Cpus = 1
	Disk = 2098851
	GPUs = 0
	Memory = 3000
...
006 (16798628.000.000) 03/06 22:39:07 Image size of job updated: 1780
	2  -  MemoryUsage of job (MB)
	1780  -  ResidentSetSize of job (KB)
...
006 (16798628.000.000) 03/06 22:40:03 Image size of job updated: 253808
	248  -  MemoryUsage of job (MB)
	253808  -  ResidentSetSize of job (KB)
...
040 (16798628.000.000) 03/06 22:40:03 Started transferring output files
...
040 (16798628.000.000) 03/06 22:40:03 Finished transferring output files
...
005 (16798628.000.000) 03/06 22:40:03 Job terminated.
	(1) Normal termination (return value 0)
		Usr 0 00:00:20, Sys 0 00:00:01  -  Run Remote Usage
		Usr 0 00:00:00, Sys 0 00:00:00  -  Run Local Usage
		Usr 0 00:00:20, Sys 0 00:00:01  -  Total Remote Usage
		Usr 0 00:00:00, Sys 0 00:00:00  -  Total Local Usage
	6748  -  Run Bytes Sent By Job
	15440  -  Run Bytes Received By Job
	6748  -  Total Bytes Sent By Job
	15440  -  Total Bytes Received By Job
	Partitionable Resources :    Usage  Request Allocated 
	   Cpus                 :        0        1         1 
	   Disk (KB)            :       44  2097152   2098851 
	   GPUs                 :                           0 
	   Memory (MB)          :      248     3000      3000 

	Job terminated of its own accord at 2025-03-06T21:40:03Z with exit-code 0.
...
