Starting job on Tue Mar  4 12:00:22 AM CET 2025
Running on: b9p21p2877.cern.ch
CMSSW environment set up.
DATASET FOLDER: DYJetsToLL_M-50_TuneCP5_13p6TeV-madgraphMLM-pythia8_Run3Summer22NanoAODv12-ALCARECO_forPOG_130X_mcRun3_2022_realistic_v5_ext1-v2_NANOAODSIM 
EOS DIR: /eos/user/o/olfimbre/NanoAOD_Filtered/DYJetsToLL_M-50_TuneCP5_13p6TeV-madgraphMLM-pythia8_Run3Summer22NanoAODv12-ALCARECO_forPOG_130X_mcRun3_2022_realistic_v5_ext1-v2_NANOAODSIM 
Processing file: root://cms-xrd-global.cern.ch//store/mc/Run3Summer22NanoAODv12/DYJetsToLL_M-50_TuneCP5_13p6TeV-madgraphMLM-pythia8/NANOAODSIM/ALCARECO_forPOG_130X_mcRun3_2022_realistic_v5_ext1-v2/40000/bb7b92bc-ef5b-4809-8dd2-832f064bb95f.root
Will write selected trees to filteredNanoAOD
Pre-select 572880 entries out of 572880 (100.00%)
Processed    10000/  572880 entries,  1.75% (elapsed time     6.5s, curr speed    1.532 kHz, avg speed    1.532 kHz), accepted     2677/   10001 events (26.77%)
Processed    20000/  572880 entries,  3.49% (elapsed time    14.2s, curr speed    1.311 kHz, avg speed    1.413 kHz), accepted     5413/   20001 events (27.06%)
Processed    30000/  572880 entries,  5.24% (elapsed time    19.8s, curr speed    1.757 kHz, avg speed    1.512 kHz), accepted     8183/   30001 events (27.28%)
Processed    40000/  572880 entries,  6.98% (elapsed time    26.4s, curr speed    1.517 kHz, avg speed    1.513 kHz), accepted    10933/   40001 events (27.33%)
Processed    50000/  572880 entries,  8.73% (elapsed time    33.9s, curr speed    1.346 kHz, avg speed    1.476 kHz), accepted    13694/   50001 events (27.39%)
Processed    60000/  572880 entries, 10.47% (elapsed time    39.5s, curr speed    1.782 kHz, avg speed    1.520 kHz), accepted    16397/   60001 events (27.33%)
Processed    70000/  572880 entries, 12.22% (elapsed time    46.1s, curr speed    1.511 kHz, avg speed    1.519 kHz), accepted    19137/   70001 events (27.34%)
Processed    80000/  572880 entries, 13.96% (elapsed time    53.6s, curr speed    1.336 kHz, avg speed    1.493 kHz), accepted    21873/   80001 events (27.34%)
Processed    90000/  572880 entries, 15.71% (elapsed time    59.4s, curr speed    1.729 kHz, avg speed    1.516 kHz), accepted    24595/   90001 events (27.33%)
Processed   100000/  572880 entries, 17.46% (elapsed time    66.0s, curr speed    1.513 kHz, avg speed    1.516 kHz), accepted    27354/  100001 events (27.35%)
Processed   110000/  572880 entries, 19.20% (elapsed time    73.5s, curr speed    1.336 kHz, avg speed    1.498 kHz), accepted    30162/  110001 events (27.42%)
Processed   120000/  572880 entries, 20.95% (elapsed time    79.5s, curr speed    1.641 kHz, avg speed    1.509 kHz), accepted    32919/  120001 events (27.43%)
Processed   130000/  572880 entries, 22.69% (elapsed time    85.8s, curr speed    1.587 kHz, avg speed    1.514 kHz), accepted    35655/  130001 events (27.43%)
Processed   140000/  572880 entries, 24.44% (elapsed time    93.6s, curr speed    1.296 kHz, avg speed    1.496 kHz), accepted    38414/  140001 events (27.44%)
Processed   150000/  572880 entries, 26.18% (elapsed time    99.1s, curr speed    1.790 kHz, avg speed    1.513 kHz), accepted    41179/  150001 events (27.45%)
Processed   160000/  572880 entries, 27.93% (elapsed time   105.6s, curr speed    1.541 kHz, avg speed    1.515 kHz), accepted    43900/  160001 events (27.44%)
Processed   170000/  572880 entries, 29.67% (elapsed time   113.2s, curr speed    1.330 kHz, avg speed    1.502 kHz), accepted    46702/  170001 events (27.47%)
Processed   180000/  572880 entries, 31.42% (elapsed time   118.7s, curr speed    1.798 kHz, avg speed    1.516 kHz), accepted    49418/  180001 events (27.45%)
Processed   190000/  572880 entries, 33.17% (elapsed time   125.2s, curr speed    1.533 kHz, avg speed    1.517 kHz), accepted    52178/  190001 events (27.46%)
Processed   200000/  572880 entries, 34.91% (elapsed time   132.7s, curr speed    1.335 kHz, avg speed    1.507 kHz), accepted    54897/  200001 events (27.45%)
Processed   210000/  572880 entries, 36.66% (elapsed time   138.0s, curr speed    1.908 kHz, avg speed    1.522 kHz), accepted    57610/  210001 events (27.43%)
Processed   220000/  572880 entries, 38.40% (elapsed time   144.8s, curr speed    1.454 kHz, avg speed    1.519 kHz), accepted    60349/  220001 events (27.43%)
Processed   230000/  572880 entries, 40.15% (elapsed time   152.5s, curr speed    1.307 kHz, avg speed    1.508 kHz), accepted    63000/  230001 events (27.39%)
Processed   240000/  572880 entries, 41.89% (elapsed time   157.8s, curr speed    1.873 kHz, avg speed    1.521 kHz), accepted    65795/  240001 events (27.41%)
Processed   250000/  572880 entries, 43.64% (elapsed time   164.7s, curr speed    1.454 kHz, avg speed    1.518 kHz), accepted    68511/  250001 events (27.40%)
Processed   260000/  572880 entries, 45.38% (elapsed time   172.1s, curr speed    1.358 kHz, avg speed    1.511 kHz), accepted    71311/  260001 events (27.43%)
Processed   270000/  572880 entries, 47.13% (elapsed time   177.0s, curr speed    2.049 kHz, avg speed    1.526 kHz), accepted    74044/  270001 events (27.42%)
Processed   280000/  572880 entries, 48.88% (elapsed time   184.4s, curr speed    1.352 kHz, avg speed    1.519 kHz), accepted    76695/  280001 events (27.39%)
Processed   290000/  572880 entries, 50.62% (elapsed time   192.0s, curr speed    1.304 kHz, avg speed    1.510 kHz), accepted    79447/  290001 events (27.40%)
Processed   300000/  572880 entries, 52.37% (elapsed time   196.4s, curr speed    2.271 kHz, avg speed    1.527 kHz), accepted    82178/  300001 events (27.39%)
Processed   310000/  572880 entries, 54.11% (elapsed time   204.5s, curr speed    1.239 kHz, avg speed    1.516 kHz), accepted    84979/  310001 events (27.41%)
Processed   320000/  572880 entries, 55.86% (elapsed time   212.4s, curr speed    1.264 kHz, avg speed    1.506 kHz), accepted    87725/  320001 events (27.41%)
Processed   330000/  572880 entries, 57.60% (elapsed time   216.8s, curr speed    2.289 kHz, avg speed    1.522 kHz), accepted    90507/  330001 events (27.43%)
Processed   340000/  572880 entries, 59.35% (elapsed time   224.9s, curr speed    1.237 kHz, avg speed    1.512 kHz), accepted    93290/  340001 events (27.44%)
Processed   350000/  572880 entries, 61.09% (elapsed time   232.4s, curr speed    1.322 kHz, avg speed    1.506 kHz), accepted    96001/  350001 events (27.43%)
Processed   360000/  572880 entries, 62.84% (elapsed time   237.2s, curr speed    2.110 kHz, avg speed    1.518 kHz), accepted    98782/  360001 events (27.44%)
Processed   370000/  572880 entries, 64.59% (elapsed time   244.8s, curr speed    1.312 kHz, avg speed    1.511 kHz), accepted   101543/  370001 events (27.44%)
Processed   380000/  572880 entries, 66.33% (elapsed time   252.2s, curr speed    1.356 kHz, avg speed    1.507 kHz), accepted   104369/  380001 events (27.47%)
Processed   390000/  572880 entries, 68.08% (elapsed time   257.0s, curr speed    2.093 kHz, avg speed    1.518 kHz), accepted   107175/  390001 events (27.48%)
Processed   400000/  572880 entries, 69.82% (elapsed time   264.7s, curr speed    1.294 kHz, avg speed    1.511 kHz), accepted   109931/  400001 events (27.48%)
Processed   410000/  572880 entries, 71.57% (elapsed time   271.9s, curr speed    1.381 kHz, avg speed    1.508 kHz), accepted   112627/  410001 events (27.47%)
Processed   420000/  572880 entries, 73.31% (elapsed time   277.2s, curr speed    1.897 kHz, avg speed    1.515 kHz), accepted   115417/  420001 events (27.48%)
Processed   430000/  572880 entries, 75.06% (elapsed time   285.2s, curr speed    1.255 kHz, avg speed    1.508 kHz), accepted   118195/  430001 events (27.49%)
Processed   440000/  572880 entries, 76.80% (elapsed time   292.1s, curr speed    1.433 kHz, avg speed    1.506 kHz), accepted   120948/  440001 events (27.49%)
Processed   450000/  572880 entries, 78.55% (elapsed time   297.1s, curr speed    2.004 kHz, avg speed    1.514 kHz), accepted   123680/  450001 events (27.48%)
Processed   460000/  572880 entries, 80.30% (elapsed time   305.3s, curr speed    1.225 kHz, avg speed    1.507 kHz), accepted   126453/  460001 events (27.49%)
Processed   470000/  572880 entries, 82.04% (elapsed time   313.3s, curr speed    1.256 kHz, avg speed    1.500 kHz), accepted   129212/  470001 events (27.49%)
Processed   480000/  572880 entries, 83.79% (elapsed time   318.0s, curr speed    2.101 kHz, avg speed    1.509 kHz), accepted   132039/  480001 events (27.51%)
Processed   490000/  572880 entries, 85.53% (elapsed time   325.6s, curr speed    1.313 kHz, avg speed    1.505 kHz), accepted   134728/  490001 events (27.50%)
Processed   500000/  572880 entries, 87.28% (elapsed time   333.9s, curr speed    1.217 kHz, avg speed    1.498 kHz), accepted   137506/  500001 events (27.50%)
Processed   510000/  572880 entries, 89.02% (elapsed time   338.9s, curr speed    1.972 kHz, avg speed    1.505 kHz), accepted   140238/  510001 events (27.50%)
Processed   520000/  572880 entries, 90.77% (elapsed time   346.1s, curr speed    1.400 kHz, avg speed    1.503 kHz), accepted   143016/  520001 events (27.50%)
Processed   530000/  572880 entries, 92.52% (elapsed time   352.1s, curr speed    1.647 kHz, avg speed    1.505 kHz), accepted   145764/  530001 events (27.50%)
Processed   540000/  572880 entries, 94.26% (elapsed time   358.6s, curr speed    1.545 kHz, avg speed    1.506 kHz), accepted   148534/  540001 events (27.51%)
Processed   550000/  572880 entries, 96.01% (elapsed time   366.0s, curr speed    1.346 kHz, avg speed    1.503 kHz), accepted   151296/  550001 events (27.51%)
Processed   560000/  572880 entries, 97.75% (elapsed time   371.9s, curr speed    1.702 kHz, avg speed    1.506 kHz), accepted   153993/  560001 events (27.50%)
Processed   570000/  572880 entries, 99.50% (elapsed time   378.2s, curr speed    1.596 kHz, avg speed    1.507 kHz), accepted   156731/  570001 events (27.50%)
Processed 572880 preselected entries from root://cms-xrd-global.cern.ch//store/mc/Run3Summer22NanoAODv12/DYJetsToLL_M-50_TuneCP5_13p6TeV-madgraphMLM-pythia8/NANOAODSIM/ALCARECO_forPOG_130X_mcRun3_2022_realistic_v5_ext1-v2/40000/bb7b92bc-ef5b-4809-8dd2-832f064bb95f.root (572880 entries). Finally selected 157527 entries
Done filteredNanoAOD/bb7b92bc-ef5b-4809-8dd2-832f064bb95f_Skim.root
Total time 527.6 sec. to process 572880 events. Rate = 1085.8 Hz.
Copying output files to EOS: /eos/user/o/olfimbre/NanoAOD_Filtered/DYJetsToLL_M-50_TuneCP5_13p6TeV-madgraphMLM-pythia8_Run3Summer22NanoAODv12-ALCARECO_forPOG_130X_mcRun3_2022_realistic_v5_ext1-v2_NANOAODSIM
Job finished on Tue Mar  4 00:09:50 CET 2025
