Starting job on Tue Mar  4 12:00:24 AM CET 2025
Running on: b9g29p5557.cern.ch
CMSSW environment set up.
DATASET FOLDER: DYJetsToLL_M-50_TuneCP5_13p6TeV-madgraphMLM-pythia8_Run3Summer22NanoAODv12-ALCARECO_forPOG_130X_mcRun3_2022_realistic_v5_ext1-v2_NANOAODSIM 
EOS DIR: /eos/user/o/olfimbre/NanoAOD_Filtered/DYJetsToLL_M-50_TuneCP5_13p6TeV-madgraphMLM-pythia8_Run3Summer22NanoAODv12-ALCARECO_forPOG_130X_mcRun3_2022_realistic_v5_ext1-v2_NANOAODSIM 
Processing file: root://cms-xrd-global.cern.ch//store/mc/Run3Summer22NanoAODv12/DYJetsToLL_M-50_TuneCP5_13p6TeV-madgraphMLM-pythia8/NANOAODSIM/ALCARECO_forPOG_130X_mcRun3_2022_realistic_v5_ext1-v2/2530000/7f69d772-fa4a-4133-be45-35d2056f8f34.root
Will write selected trees to filteredNanoAOD
Pre-select 700549 entries out of 700549 (100.00%)
Processed    10000/  700549 entries,  1.43% (elapsed time     6.2s, curr speed    1.622 kHz, avg speed    1.622 kHz), accepted     2781/   10001 events (27.81%)
Processed    20000/  700549 entries,  2.85% (elapsed time    13.4s, curr speed    1.383 kHz, avg speed    1.493 kHz), accepted     5429/   20001 events (27.14%)
Processed    30000/  700549 entries,  4.28% (elapsed time    19.0s, curr speed    1.788 kHz, avg speed    1.580 kHz), accepted     8193/   30001 events (27.31%)
Processed    40000/  700549 entries,  5.71% (elapsed time    25.7s, curr speed    1.494 kHz, avg speed    1.558 kHz), accepted    11025/   40001 events (27.56%)
Processed    50000/  700549 entries,  7.14% (elapsed time    33.1s, curr speed    1.351 kHz, avg speed    1.511 kHz), accepted    13792/   50001 events (27.58%)
Processed    60000/  700549 entries,  8.56% (elapsed time    38.7s, curr speed    1.776 kHz, avg speed    1.550 kHz), accepted    16496/   60001 events (27.49%)
Processed    70000/  700549 entries,  9.99% (elapsed time    45.4s, curr speed    1.485 kHz, avg speed    1.540 kHz), accepted    19224/   70001 events (27.46%)
Processed    80000/  700549 entries, 11.42% (elapsed time    52.6s, curr speed    1.402 kHz, avg speed    1.521 kHz), accepted    22027/   80001 events (27.53%)
Processed    90000/  700549 entries, 12.85% (elapsed time    58.4s, curr speed    1.708 kHz, avg speed    1.540 kHz), accepted    24836/   90001 events (27.60%)
Processed   100000/  700549 entries, 14.27% (elapsed time    64.9s, curr speed    1.545 kHz, avg speed    1.541 kHz), accepted    27584/  100001 events (27.58%)
Processed   110000/  700549 entries, 15.70% (elapsed time    73.2s, curr speed    1.209 kHz, avg speed    1.503 kHz), accepted    30367/  110001 events (27.61%)
Processed   120000/  700549 entries, 17.13% (elapsed time    78.7s, curr speed    1.818 kHz, avg speed    1.525 kHz), accepted    33169/  120001 events (27.64%)
Processed   130000/  700549 entries, 18.56% (elapsed time    85.1s, curr speed    1.555 kHz, avg speed    1.527 kHz), accepted    35879/  130001 events (27.60%)
Processed   140000/  700549 entries, 19.98% (elapsed time    92.5s, curr speed    1.349 kHz, avg speed    1.513 kHz), accepted    38613/  140001 events (27.58%)
Processed   150000/  700549 entries, 21.41% (elapsed time    98.0s, curr speed    1.815 kHz, avg speed    1.530 kHz), accepted    41391/  150001 events (27.59%)
Processed   160000/  700549 entries, 22.84% (elapsed time   105.0s, curr speed    1.446 kHz, avg speed    1.525 kHz), accepted    44134/  160001 events (27.58%)
Processed   170000/  700549 entries, 24.27% (elapsed time   112.7s, curr speed    1.294 kHz, avg speed    1.509 kHz), accepted    46894/  170001 events (27.58%)
Processed   180000/  700549 entries, 25.69% (elapsed time   118.4s, curr speed    1.736 kHz, avg speed    1.520 kHz), accepted    49673/  180001 events (27.60%)
Processed   190000/  700549 entries, 27.12% (elapsed time   124.7s, curr speed    1.594 kHz, avg speed    1.524 kHz), accepted    52434/  190001 events (27.60%)
Processed   200000/  700549 entries, 28.55% (elapsed time   132.3s, curr speed    1.315 kHz, avg speed    1.512 kHz), accepted    55145/  200001 events (27.57%)
Processed   210000/  700549 entries, 29.98% (elapsed time   137.6s, curr speed    1.896 kHz, avg speed    1.526 kHz), accepted    57882/  210001 events (27.56%)
Processed   220000/  700549 entries, 31.40% (elapsed time   144.2s, curr speed    1.522 kHz, avg speed    1.526 kHz), accepted    60599/  220001 events (27.54%)
Processed   230000/  700549 entries, 32.83% (elapsed time   151.8s, curr speed    1.301 kHz, avg speed    1.515 kHz), accepted    63321/  230001 events (27.53%)
Processed   240000/  700549 entries, 34.26% (elapsed time   157.2s, curr speed    1.882 kHz, avg speed    1.527 kHz), accepted    66104/  240001 events (27.54%)
Processed   250000/  700549 entries, 35.69% (elapsed time   163.8s, curr speed    1.509 kHz, avg speed    1.526 kHz), accepted    68840/  250001 events (27.54%)
Processed   260000/  700549 entries, 37.11% (elapsed time   171.0s, curr speed    1.392 kHz, avg speed    1.521 kHz), accepted    71583/  260001 events (27.53%)
Processed   270000/  700549 entries, 38.54% (elapsed time   176.8s, curr speed    1.719 kHz, avg speed    1.527 kHz), accepted    74312/  270001 events (27.52%)
Processed   280000/  700549 entries, 39.97% (elapsed time   183.7s, curr speed    1.447 kHz, avg speed    1.524 kHz), accepted    77032/  280001 events (27.51%)
Processed   290000/  700549 entries, 41.40% (elapsed time   190.9s, curr speed    1.380 kHz, avg speed    1.519 kHz), accepted    79702/  290001 events (27.48%)
Processed   300000/  700549 entries, 42.82% (elapsed time   196.8s, curr speed    1.719 kHz, avg speed    1.525 kHz), accepted    82444/  300001 events (27.48%)
Processed   310000/  700549 entries, 44.25% (elapsed time   203.7s, curr speed    1.448 kHz, avg speed    1.522 kHz), accepted    85219/  310001 events (27.49%)
Processed   320000/  700549 entries, 45.68% (elapsed time   210.8s, curr speed    1.410 kHz, avg speed    1.518 kHz), accepted    87916/  320001 events (27.47%)
Processed   330000/  700549 entries, 47.11% (elapsed time   216.4s, curr speed    1.761 kHz, avg speed    1.525 kHz), accepted    90720/  330001 events (27.49%)
Processed   340000/  700549 entries, 48.53% (elapsed time   223.1s, curr speed    1.501 kHz, avg speed    1.524 kHz), accepted    93434/  340001 events (27.48%)
Processed   350000/  700549 entries, 49.96% (elapsed time   230.4s, curr speed    1.365 kHz, avg speed    1.519 kHz), accepted    96090/  350001 events (27.45%)
Processed   360000/  700549 entries, 51.39% (elapsed time   236.5s, curr speed    1.656 kHz, avg speed    1.522 kHz), accepted    98827/  360001 events (27.45%)
Processed   370000/  700549 entries, 52.82% (elapsed time   242.7s, curr speed    1.602 kHz, avg speed    1.524 kHz), accepted   101633/  370001 events (27.47%)
Processed   380000/  700549 entries, 54.24% (elapsed time   250.1s, curr speed    1.353 kHz, avg speed    1.519 kHz), accepted   104326/  380001 events (27.45%)
Processed   390000/  700549 entries, 55.67% (elapsed time   255.9s, curr speed    1.727 kHz, avg speed    1.524 kHz), accepted   107120/  390001 events (27.47%)
Processed   400000/  700549 entries, 57.10% (elapsed time   262.3s, curr speed    1.550 kHz, avg speed    1.525 kHz), accepted   109897/  400001 events (27.47%)
Processed   410000/  700549 entries, 58.53% (elapsed time   269.8s, curr speed    1.336 kHz, avg speed    1.519 kHz), accepted   112716/  410001 events (27.49%)
Processed   420000/  700549 entries, 59.95% (elapsed time   275.6s, curr speed    1.730 kHz, avg speed    1.524 kHz), accepted   115468/  420001 events (27.49%)
Processed   430000/  700549 entries, 61.38% (elapsed time   282.0s, curr speed    1.558 kHz, avg speed    1.525 kHz), accepted   118124/  430001 events (27.47%)
Processed   440000/  700549 entries, 62.81% (elapsed time   289.6s, curr speed    1.319 kHz, avg speed    1.519 kHz), accepted   120876/  440001 events (27.47%)
Processed   450000/  700549 entries, 64.24% (elapsed time   295.2s, curr speed    1.787 kHz, avg speed    1.524 kHz), accepted   123674/  450001 events (27.48%)
Processed   460000/  700549 entries, 65.66% (elapsed time   301.8s, curr speed    1.521 kHz, avg speed    1.524 kHz), accepted   126483/  460001 events (27.50%)
Processed   470000/  700549 entries, 67.09% (elapsed time   309.3s, curr speed    1.326 kHz, avg speed    1.519 kHz), accepted   129246/  470001 events (27.50%)
Processed   480000/  700549 entries, 68.52% (elapsed time   314.8s, curr speed    1.813 kHz, avg speed    1.525 kHz), accepted   131926/  480001 events (27.48%)
Processed   490000/  700549 entries, 69.95% (elapsed time   321.1s, curr speed    1.596 kHz, avg speed    1.526 kHz), accepted   134696/  490001 events (27.49%)
Processed   500000/  700549 entries, 71.37% (elapsed time   328.3s, curr speed    1.393 kHz, avg speed    1.523 kHz), accepted   137402/  500001 events (27.48%)
Processed   510000/  700549 entries, 72.80% (elapsed time   333.8s, curr speed    1.812 kHz, avg speed    1.528 kHz), accepted   140165/  510001 events (27.48%)
Processed   520000/  700549 entries, 74.23% (elapsed time   339.9s, curr speed    1.648 kHz, avg speed    1.530 kHz), accepted   142880/  520001 events (27.48%)
Processed   530000/  700549 entries, 75.65% (elapsed time   347.6s, curr speed    1.296 kHz, avg speed    1.525 kHz), accepted   145612/  530001 events (27.47%)
Processed   540000/  700549 entries, 77.08% (elapsed time   353.2s, curr speed    1.774 kHz, avg speed    1.529 kHz), accepted   148341/  540001 events (27.47%)
Processed   550000/  700549 entries, 78.51% (elapsed time   359.2s, curr speed    1.674 kHz, avg speed    1.531 kHz), accepted   151113/  550001 events (27.48%)
Processed   560000/  700549 entries, 79.94% (elapsed time   366.9s, curr speed    1.300 kHz, avg speed    1.526 kHz), accepted   153909/  560001 events (27.48%)
Processed   570000/  700549 entries, 81.36% (elapsed time   371.2s, curr speed    2.295 kHz, avg speed    1.535 kHz), accepted   156570/  570001 events (27.47%)
Processed   580000/  700549 entries, 82.79% (elapsed time   378.6s, curr speed    1.353 kHz, avg speed    1.532 kHz), accepted   159348/  580001 events (27.47%)
Processed   590000/  700549 entries, 84.22% (elapsed time   386.2s, curr speed    1.330 kHz, avg speed    1.528 kHz), accepted   162108/  590001 events (27.48%)
Processed   600000/  700549 entries, 85.65% (elapsed time   390.6s, curr speed    2.256 kHz, avg speed    1.536 kHz), accepted   164913/  600001 events (27.49%)
Processed   610000/  700549 entries, 87.07% (elapsed time   398.1s, curr speed    1.340 kHz, avg speed    1.532 kHz), accepted   167652/  610001 events (27.48%)
Processed   620000/  700549 entries, 88.50% (elapsed time   405.8s, curr speed    1.289 kHz, avg speed    1.528 kHz), accepted   170395/  620001 events (27.48%)
Processed   630000/  700549 entries, 89.93% (elapsed time   409.9s, curr speed    2.422 kHz, avg speed    1.537 kHz), accepted   173207/  630001 events (27.49%)
Processed   640000/  700549 entries, 91.36% (elapsed time   417.7s, curr speed    1.282 kHz, avg speed    1.532 kHz), accepted   175995/  640001 events (27.50%)
Processed   650000/  700549 entries, 92.78% (elapsed time   425.0s, curr speed    1.382 kHz, avg speed    1.530 kHz), accepted   178722/  650001 events (27.50%)
Processed   660000/  700549 entries, 94.21% (elapsed time   429.4s, curr speed    2.282 kHz, avg speed    1.537 kHz), accepted   181432/  660001 events (27.49%)
Processed   670000/  700549 entries, 95.64% (elapsed time   437.1s, curr speed    1.290 kHz, avg speed    1.533 kHz), accepted   184189/  670001 events (27.49%)
Processed   680000/  700549 entries, 97.07% (elapsed time   444.2s, curr speed    1.401 kHz, avg speed    1.531 kHz), accepted   186891/  680001 events (27.48%)
Processed   690000/  700549 entries, 98.49% (elapsed time   449.0s, curr speed    2.122 kHz, avg speed    1.537 kHz), accepted   189684/  690001 events (27.49%)
Processed   700000/  700549 entries, 99.92% (elapsed time   456.0s, curr speed    1.427 kHz, avg speed    1.535 kHz), accepted   192445/  700001 events (27.49%)
Processed 700549 preselected entries from root://cms-xrd-global.cern.ch//store/mc/Run3Summer22NanoAODv12/DYJetsToLL_M-50_TuneCP5_13p6TeV-madgraphMLM-pythia8/NANOAODSIM/ALCARECO_forPOG_130X_mcRun3_2022_realistic_v5_ext1-v2/2530000/7f69d772-fa4a-4133-be45-35d2056f8f34.root (700549 entries). Finally selected 192585 entries
Done filteredNanoAOD/7f69d772-fa4a-4133-be45-35d2056f8f34_Skim.root
Total time 479.2 sec. to process 700549 events. Rate = 1461.9 Hz.
Copying output files to EOS: /eos/user/o/olfimbre/NanoAOD_Filtered/DYJetsToLL_M-50_TuneCP5_13p6TeV-madgraphMLM-pythia8_Run3Summer22NanoAODv12-ALCARECO_forPOG_130X_mcRun3_2022_realistic_v5_ext1-v2_NANOAODSIM
Job finished on Tue Mar  4 00:08:52 CET 2025
