000 (16781426.018.000) 03/04 00:13:24 Job submitted from host: <188.185.72.155:9618?addrs=188.185.72.155-9618+[2001-1458-d00-8--100-95]-9618&alias=bigbird08.cern.ch&noUDP&sock=schedd_862983_22fa>
...
040 (16781426.018.000) 03/04 00:13:56 Started transferring input files
	Transferring to host: <128.142.248.33:9618?addrs=128.142.248.33-9618+[2001-1458-301-73--100-111]-9618&alias=b9g23p1094.cern.ch&noUDP&sock=slot1_19_6850_31d0_22427>
...
040 (16781426.018.000) 03/04 00:13:56 Finished transferring input files
...
001 (16781426.018.000) 03/04 00:13:57 Job executing on host: <128.142.248.33:9618?addrs=128.142.248.33-9618+[2001-1458-301-73--100-111]-9618&alias=b9g23p1094.cern.ch&noUDP&sock=startd_5042_f89a>
	SlotName: slot1_19@b9g23p1094.cern.ch
	CondorScratchDir = "/pool/condor/dir_3469680"
	Cpus = 1
	Disk = 2099994
	GPUs = 0
	Memory = 3000
...
006 (16781426.018.000) 03/04 00:14:11 Image size of job updated: 117880
	116  -  MemoryUsage of job (MB)
	117880  -  ResidentSetSize of job (KB)
...
006 (16781426.018.000) 03/04 00:19:12 Image size of job updated: 118128
	116  -  MemoryUsage of job (MB)
	118128  -  ResidentSetSize of job (KB)
...
040 (16781426.018.000) 03/04 00:30:54 Started transferring output files
...
040 (16781426.018.000) 03/04 00:30:54 Finished transferring output files
...
004 (16781426.018.000) 03/04 00:30:54 Job was evicted.
	(0) CPU times
		Usr 0 00:00:10, Sys 0 00:00:04  -  Run Remote Usage
		Usr 0 00:00:00, Sys 0 00:00:00  -  Run Local Usage
	6003  -  Run Bytes Sent By Job
	13321  -  Run Bytes Received By Job
	Partitionable Resources :    Usage  Request Allocated 
	   Cpus                 :     0.00        1         1 
	   Disk (KB)            :    42     2097152   2099994 
	   GPUs                 :                           0 
	   Memory (MB)          :   116        3000      3000 
...
040 (16781426.018.000) 03/04 00:35:23 Started transferring input files
	Transferring to host: <188.185.194.68:9618?addrs=188.185.194.68-9618+[2001-1458-303-21--100-40]-9618&alias=b9p20p5000.cern.ch&noUDP&sock=slot1_25_3379479_6d6a_16824>
...
040 (16781426.018.000) 03/04 00:35:23 Finished transferring input files
...
001 (16781426.018.000) 03/04 00:35:24 Job executing on host: <188.185.194.68:9618?addrs=188.185.194.68-9618+[2001-1458-303-21--100-40]-9618&alias=b9p20p5000.cern.ch&noUDP&sock=startd_6859_482f>
	SlotName: slot1_25@b9p20p5000.cern.ch
	CondorScratchDir = "/pool/condor/dir_3635942"
	Cpus = 1
	Disk = 2099838
	GPUs = 0
	Memory = 3000
...
006 (16781426.018.000) 03/04 00:40:32 Image size of job updated: 392808
	384  -  MemoryUsage of job (MB)
	392808  -  ResidentSetSize of job (KB)
...
040 (16781426.018.000) 03/04 00:47:15 Started transferring output files
...
040 (16781426.018.000) 03/04 00:47:15 Finished transferring output files
...
005 (16781426.018.000) 03/04 00:47:15 Job terminated.
	(1) Normal termination (return value 0)
		Usr 0 00:00:10, Sys 0 00:00:04  -  Run Remote Usage
		Usr 0 00:00:00, Sys 0 00:00:00  -  Run Local Usage
		Usr 0 00:00:20, Sys 0 00:00:08  -  Total Remote Usage
		Usr 0 00:00:00, Sys 0 00:00:00  -  Total Local Usage
	1174  -  Run Bytes Sent By Job
	19324  -  Run Bytes Received By Job
	7177  -  Total Bytes Sent By Job
	32645  -  Total Bytes Received By Job
	Partitionable Resources :    Usage  Request Allocated 
	   Cpus                 :     0.00        1         1 
	   Disk (KB)            :    44     2097152   2099838 
	   GPUs                 :                           0 
	   Memory (MB)          :   384        3000      3000 

	Job terminated of its own accord at 2025-03-03T23:47:15Z with exit-code 0.
...
