000 (16790439.001.000) 03/04 20:01:11 Job submitted from host: <188.185.72.155:9618?addrs=188.185.72.155-9618+[2001-1458-d00-8--100-95]-9618&alias=bigbird08.cern.ch&noUDP&sock=schedd_862983_22fa>
...
040 (16790439.001.000) 03/04 20:06:25 Started transferring input files
	Transferring to host: <188.185.210.62:9618?addrs=188.185.210.62-9618+[2001-1458-303-1--100-3a]-9618&alias=b9p21p9921.cern.ch&noUDP&sock=slot1_17_3317520_b4f3_16392>
...
040 (16790439.001.000) 03/04 20:06:25 Finished transferring input files
...
001 (16790439.001.000) 03/04 20:06:26 Job executing on host: <188.185.210.62:9618?addrs=188.185.210.62-9618+[2001-1458-303-1--100-3a]-9618&alias=b9p21p9921.cern.ch&noUDP&sock=startd_699264_852b>
	SlotName: slot1_17@b9p21p9921.cern.ch
	CondorScratchDir = "/pool/condor/dir_2317095"
	Cpus = 1
	Disk = 2100019
	GPUs = 0
	Memory = 3000
...
006 (16790439.001.000) 03/04 20:06:35 Image size of job updated: 153212
	150  -  MemoryUsage of job (MB)
	153212  -  ResidentSetSize of job (KB)
...
040 (16790439.001.000) 03/04 20:06:41 Started transferring output files
...
040 (16790439.001.000) 03/04 20:06:41 Finished transferring output files
...
005 (16790439.001.000) 03/04 20:06:41 Job terminated.
	(1) Normal termination (return value 0)
		Usr 0 00:00:06, Sys 0 00:00:01  -  Run Remote Usage
		Usr 0 00:00:00, Sys 0 00:00:00  -  Run Local Usage
		Usr 0 00:00:06, Sys 0 00:00:01  -  Total Remote Usage
		Usr 0 00:00:00, Sys 0 00:00:00  -  Total Local Usage
	7162  -  Run Bytes Sent By Job
	13355  -  Run Bytes Received By Job
	7162  -  Total Bytes Sent By Job
	13355  -  Total Bytes Received By Job
	Partitionable Resources :    Usage  Request Allocated 
	   Cpus                 :        0        1         1 
	   Disk (KB)            :       43  2097152   2100019 
	   GPUs                 :                           0 
	   Memory (MB)          :      150     3000      3000 

	Job terminated of its own accord at 2025-03-04T19:06:41Z with exit-code 0.
...
