000 (16788266.000.000) 03/04 07:00:37 Job submitted from host: <188.185.72.155:9618?addrs=188.185.72.155-9618+[2001-1458-d00-8--100-95]-9618&alias=bigbird08.cern.ch&noUDP&sock=schedd_862983_22fa>
...
040 (16788266.000.000) 03/04 07:05:21 Started transferring input files
	Transferring to host: <188.185.196.127:9618?addrs=188.185.196.127-9618+[2001-1458-303-23--100-7b]-9618&alias=b9p16p6284.cern.ch&noUDP&sock=slot1_2_2584295_5d1b_17338>
...
040 (16788266.000.000) 03/04 07:05:21 Finished transferring input files
...
001 (16788266.000.000) 03/04 07:05:22 Job executing on host: <188.185.196.127:9618?addrs=188.185.196.127-9618+[2001-1458-303-23--100-7b]-9618&alias=b9p16p6284.cern.ch&noUDP&sock=startd_7367_ba4b>
	SlotName: slot1_2@b9p16p6284.cern.ch
	CondorScratchDir = "/pool/condor/dir_2952257"
	Cpus = 1
	Disk = 2100004
	GPUs = 0
	Memory = 3000
...
006 (16788266.000.000) 03/04 07:05:30 Image size of job updated: 19036
	19  -  MemoryUsage of job (MB)
	19036  -  ResidentSetSize of job (KB)
...
006 (16788266.000.000) 03/04 07:05:38 Image size of job updated: 358896
	351  -  MemoryUsage of job (MB)
	358896  -  ResidentSetSize of job (KB)
...
040 (16788266.000.000) 03/04 07:05:38 Started transferring output files
...
040 (16788266.000.000) 03/04 07:05:38 Finished transferring output files
...
005 (16788266.000.000) 03/04 07:05:38 Job terminated.
	(1) Normal termination (return value 0)
		Usr 0 00:00:07, Sys 0 00:00:01  -  Run Remote Usage
		Usr 0 00:00:00, Sys 0 00:00:00  -  Run Local Usage
		Usr 0 00:00:07, Sys 0 00:00:01  -  Total Remote Usage
		Usr 0 00:00:00, Sys 0 00:00:00  -  Total Local Usage
	6142  -  Run Bytes Sent By Job
	13317  -  Run Bytes Received By Job
	6142  -  Total Bytes Sent By Job
	13317  -  Total Bytes Received By Job
	Partitionable Resources :    Usage  Request Allocated 
	   Cpus                 :        0        1         1 
	   Disk (KB)            :       42  2097152   2100004 
	   GPUs                 :                           0 
	   Memory (MB)          :      351     3000      3000 

	Job terminated of its own accord at 2025-03-04T06:05:38Z with exit-code 0.
...
