000 (16788275.002.000) 03/04 08:24:53 Job submitted from host: <188.185.72.155:9618?addrs=188.185.72.155-9618+[2001-1458-d00-8--100-95]-9618&alias=bigbird08.cern.ch&noUDP&sock=schedd_862983_22fa>
...
040 (16788275.002.000) 03/04 08:26:00 Started transferring input files
	Transferring to host: <188.185.196.93:9618?addrs=188.185.196.93-9618+[2001-1458-303-23--100-59]-9618&alias=b9p16p2468.cern.ch&noUDP&sock=slot1_32_3064048_c0b0_37455>
...
040 (16788275.002.000) 03/04 08:26:00 Finished transferring input files
...
001 (16788275.002.000) 03/04 08:26:01 Job executing on host: <188.185.196.93:9618?addrs=188.185.196.93-9618+[2001-1458-303-23--100-59]-9618&alias=b9p16p2468.cern.ch&noUDP&sock=startd_5175_32b2>
	SlotName: slot1_32@b9p16p2468.cern.ch
	CondorScratchDir = "/pool/condor/dir_3847765"
	Cpus = 1
	Disk = 2100011
	GPUs = 0
	Memory = 3000
...
006 (16788275.002.000) 03/04 08:26:10 Image size of job updated: 10520
	11  -  MemoryUsage of job (MB)
	10520  -  ResidentSetSize of job (KB)
...
006 (16788275.002.000) 03/04 08:26:38 Image size of job updated: 328236
	321  -  MemoryUsage of job (MB)
	328236  -  ResidentSetSize of job (KB)
...
040 (16788275.002.000) 03/04 08:26:38 Started transferring output files
...
040 (16788275.002.000) 03/04 08:26:38 Finished transferring output files
...
005 (16788275.002.000) 03/04 08:26:38 Job terminated.
	(1) Normal termination (return value 0)
		Usr 0 00:00:15, Sys 0 00:00:01  -  Run Remote Usage
		Usr 0 00:00:00, Sys 0 00:00:00  -  Run Local Usage
		Usr 0 00:00:15, Sys 0 00:00:01  -  Total Remote Usage
		Usr 0 00:00:00, Sys 0 00:00:00  -  Total Local Usage
	6349  -  Run Bytes Sent By Job
	13323  -  Run Bytes Received By Job
	6349  -  Total Bytes Sent By Job
	13323  -  Total Bytes Received By Job
	Partitionable Resources :    Usage  Request Allocated 
	   Cpus                 :        0        1         1 
	   Disk (KB)            :       42  2097152   2100011 
	   GPUs                 :                           0 
	   Memory (MB)          :      321     3000      3000 

	Job terminated of its own accord at 2025-03-04T07:26:38Z with exit-code 0.
...
