000 (16781426.029.000) 03/04 00:13:24 Job submitted from host: <188.185.72.155:9618?addrs=188.185.72.155-9618+[2001-1458-d00-8--100-95]-9618&alias=bigbird08.cern.ch&noUDP&sock=schedd_862983_22fa>
...
040 (16781426.029.000) 03/04 00:14:00 Started transferring input files
	Transferring to host: <188.185.192.34:9618?addrs=188.185.192.34-9618+[2001-1458-303-1f--100-1e]-9618&alias=b9p13p8814.cern.ch&noUDP&sock=slot1_14_127159_c4cc_9363>
...
040 (16781426.029.000) 03/04 00:14:00 Finished transferring input files
...
001 (16781426.029.000) 03/04 00:14:01 Job executing on host: <188.185.192.34:9618?addrs=188.185.192.34-9618+[2001-1458-303-1f--100-1e]-9618&alias=b9p13p8814.cern.ch&noUDP&sock=startd_6484_102b>
	SlotName: slot1_14@b9p13p8814.cern.ch
	CondorScratchDir = "/pool/condor/dir_2806428"
	Cpus = 1
	Disk = 2099112
	GPUs = 0
	Memory = 3000
...
006 (16781426.029.000) 03/04 00:14:10 Image size of job updated: 1804
	2  -  MemoryUsage of job (MB)
	1804  -  ResidentSetSize of job (KB)
...
006 (16781426.029.000) 03/04 00:19:11 Image size of job updated: 386664
	378  -  MemoryUsage of job (MB)
	386664  -  ResidentSetSize of job (KB)
...
040 (16781426.029.000) 03/04 00:30:55 Started transferring output files
...
040 (16781426.029.000) 03/04 00:30:55 Finished transferring output files
...
004 (16781426.029.000) 03/04 00:30:55 Job was evicted.
	(0) CPU times
		Usr 0 00:00:11, Sys 0 00:00:04  -  Run Remote Usage
		Usr 0 00:00:00, Sys 0 00:00:00  -  Run Local Usage
	6001  -  Run Bytes Sent By Job
	13321  -  Run Bytes Received By Job
	Partitionable Resources :    Usage  Request Allocated 
	   Cpus                 :     0.00        1         1 
	   Disk (KB)            :    42     2097152   2099112 
	   GPUs                 :                           0 
	   Memory (MB)          :   378        3000      3000 
...
040 (16781426.029.000) 03/04 00:47:15 Started transferring input files
	Transferring to host: <188.185.194.68:9618?addrs=188.185.194.68-9618+[2001-1458-303-21--100-40]-9618&alias=b9p20p5000.cern.ch&noUDP&sock=slot1_25_3379479_6d6a_16840>
...
040 (16781426.029.000) 03/04 00:47:15 Finished transferring input files
...
001 (16781426.029.000) 03/04 00:47:16 Job executing on host: <188.185.194.68:9618?addrs=188.185.194.68-9618+[2001-1458-303-21--100-40]-9618&alias=b9p20p5000.cern.ch&noUDP&sock=startd_6859_482f>
	SlotName: slot1_25@b9p20p5000.cern.ch
	CondorScratchDir = "/pool/condor/dir_3647329"
	Cpus = 1
	Disk = 2128664
	GPUs = 0
	Memory = 3000
...
006 (16781426.029.000) 03/04 00:47:25 Image size of job updated: 475120
	464  -  MemoryUsage of job (MB)
	475120  -  ResidentSetSize of job (KB)
...
040 (16781426.029.000) 03/04 00:47:38 Started transferring output files
...
040 (16781426.029.000) 03/04 00:47:38 Finished transferring output files
...
005 (16781426.029.000) 03/04 00:47:38 Job terminated.
	(1) Normal termination (return value 0)
		Usr 0 00:00:08, Sys 0 00:00:02  -  Run Remote Usage
		Usr 0 00:00:00, Sys 0 00:00:00  -  Run Local Usage
		Usr 0 00:00:19, Sys 0 00:00:06  -  Total Remote Usage
		Usr 0 00:00:00, Sys 0 00:00:00  -  Total Local Usage
	1172  -  Run Bytes Sent By Job
	19322  -  Run Bytes Received By Job
	7173  -  Total Bytes Sent By Job
	32643  -  Total Bytes Received By Job
	Partitionable Resources :    Usage  Request Allocated 
	   Cpus                 :        0        1         1 
	   Disk (KB)            :       44  2097152   2128664 
	   GPUs                 :                           0 
	   Memory (MB)          :      464     3000      3000 

	Job terminated of its own accord at 2025-03-03T23:47:38Z with exit-code 0.
...
