000 (16781426.012.000) 03/04 00:13:24 Job submitted from host: <188.185.72.155:9618?addrs=188.185.72.155-9618+[2001-1458-d00-8--100-95]-9618&alias=bigbird08.cern.ch&noUDP&sock=schedd_862983_22fa>
...
040 (16781426.012.000) 03/04 00:13:54 Started transferring input files
	Transferring to host: <188.185.215.150:9618?addrs=188.185.215.150-9618+[2001-1458-303-26--100-12]-9618&alias=b9p18p6006.cern.ch&noUDP&sock=slot1_23_715597_9285_2793>
...
040 (16781426.012.000) 03/04 00:13:54 Finished transferring input files
...
001 (16781426.012.000) 03/04 00:13:55 Job executing on host: <188.185.215.150:9618?addrs=188.185.215.150-9618+[2001-1458-303-26--100-12]-9618&alias=b9p18p6006.cern.ch&noUDP&sock=startd_7195_c001>
	SlotName: slot1_23@b9p18p6006.cern.ch
	CondorScratchDir = "/pool/condor/dir_925903"
	Cpus = 1
	Disk = 2100006
	GPUs = 0
	Memory = 3000
...
006 (16781426.012.000) 03/04 00:14:09 Image size of job updated: 70700
	70  -  MemoryUsage of job (MB)
	70700  -  ResidentSetSize of job (KB)
...
006 (16781426.012.000) 03/04 00:19:10 Image size of job updated: 84256
	70  -  MemoryUsage of job (MB)
	70700  -  ResidentSetSize of job (KB)
...
040 (16781426.012.000) 03/04 00:30:54 Started transferring output files
...
040 (16781426.012.000) 03/04 00:30:54 Finished transferring output files
...
004 (16781426.012.000) 03/04 00:30:54 Job was evicted.
	(0) CPU times
		Usr 0 00:00:10, Sys 0 00:00:04  -  Run Remote Usage
		Usr 0 00:00:00, Sys 0 00:00:00  -  Run Local Usage
	6001  -  Run Bytes Sent By Job
	13321  -  Run Bytes Received By Job
	Partitionable Resources :    Usage  Request Allocated 
	   Cpus                 :     0.00        1         1 
	   Disk (KB)            :    42     2097152   2100006 
	   GPUs                 :                           0 
	   Memory (MB)          :    70        3000      3000 
...
040 (16781426.012.000) 03/04 00:35:25 Started transferring input files
	Transferring to host: <188.185.193.65:9618?addrs=188.185.193.65-9618+[2001-1458-303-20--100-3d]-9618&alias=b9p19p9149.cern.ch&noUDP&sock=slot1_37_3034987_a632_11835>
...
040 (16781426.012.000) 03/04 00:35:25 Finished transferring input files
...
001 (16781426.012.000) 03/04 00:35:26 Job executing on host: <188.185.193.65:9618?addrs=188.185.193.65-9618+[2001-1458-303-20--100-3d]-9618&alias=b9p19p9149.cern.ch&noUDP&sock=startd_7489_68d9>
	SlotName: slot1_37@b9p19p9149.cern.ch
	CondorScratchDir = "/pool/condor/dir_2794588"
	Cpus = 1
	Disk = 2099849
	GPUs = 0
	Memory = 3000
...
006 (16781426.012.000) 03/04 00:40:34 Image size of job updated: 415304
	406  -  MemoryUsage of job (MB)
	415304  -  ResidentSetSize of job (KB)
...
040 (16781426.012.000) 03/04 00:47:40 Started transferring output files
...
040 (16781426.012.000) 03/04 00:47:40 Finished transferring output files
...
005 (16781426.012.000) 03/04 00:47:41 Job terminated.
	(1) Normal termination (return value 0)
		Usr 0 00:00:13, Sys 0 00:00:04  -  Run Remote Usage
		Usr 0 00:00:00, Sys 0 00:00:00  -  Run Local Usage
		Usr 0 00:00:23, Sys 0 00:00:08  -  Total Remote Usage
		Usr 0 00:00:00, Sys 0 00:00:00  -  Total Local Usage
	1172  -  Run Bytes Sent By Job
	19322  -  Run Bytes Received By Job
	7173  -  Total Bytes Sent By Job
	32643  -  Total Bytes Received By Job
	Partitionable Resources :    Usage  Request Allocated 
	   Cpus                 :     0.01        1         1 
	   Disk (KB)            :    43     2097152   2099849 
	   GPUs                 :                           0 
	   Memory (MB)          :   406        3000      3000 

	Job terminated of its own accord at 2025-03-03T23:47:40Z with exit-code 0.
...
