000 (16781426.032.000) 03/04 00:13:24 Job submitted from host: <188.185.72.155:9618?addrs=188.185.72.155-9618+[2001-1458-d00-8--100-95]-9618&alias=bigbird08.cern.ch&noUDP&sock=schedd_862983_22fa>
...
040 (16781426.032.000) 03/04 00:14:01 Started transferring input files
	Transferring to host: <188.185.195.100:9618?addrs=188.185.195.100-9618+[2001-1458-303-22--100-60]-9618&alias=b9p17p8991.cern.ch&noUDP&sock=slot1_26_4157614_eda5_50892>
...
040 (16781426.032.000) 03/04 00:14:01 Finished transferring input files
...
001 (16781426.032.000) 03/04 00:14:02 Job executing on host: <188.185.195.100:9618?addrs=188.185.195.100-9618+[2001-1458-303-22--100-60]-9618&alias=b9p17p8991.cern.ch&noUDP&sock=startd_7159_0e98>
	SlotName: slot1_26@b9p17p8991.cern.ch
	CondorScratchDir = "/pool/condor/dir_176503"
	Cpus = 1
	Disk = 2100092
	GPUs = 0
	Memory = 3000
...
006 (16781426.032.000) 03/04 00:14:11 Image size of job updated: 31764
	32  -  MemoryUsage of job (MB)
	31764  -  ResidentSetSize of job (KB)
...
006 (16781426.032.000) 03/04 00:19:13 Image size of job updated: 408428
	399  -  MemoryUsage of job (MB)
	408428  -  ResidentSetSize of job (KB)
...
006 (16781426.032.000) 03/04 00:24:13 Image size of job updated: 419480
	410  -  MemoryUsage of job (MB)
	419480  -  ResidentSetSize of job (KB)
...
040 (16781426.032.000) 03/04 00:30:56 Started transferring output files
...
040 (16781426.032.000) 03/04 00:30:56 Finished transferring output files
...
004 (16781426.032.000) 03/04 00:30:56 Job was evicted.
	(0) CPU times
		Usr 0 00:00:12, Sys 0 00:00:05  -  Run Remote Usage
		Usr 0 00:00:00, Sys 0 00:00:00  -  Run Local Usage
	6001  -  Run Bytes Sent By Job
	13321  -  Run Bytes Received By Job
	Partitionable Resources :    Usage  Request Allocated 
	   Cpus                 :     0.01        1         1 
	   Disk (KB)            :    42     2097152   2100092 
	   GPUs                 :                           0 
	   Memory (MB)          :   410        3000      3000 
...
040 (16781426.032.000) 03/04 00:47:31 Started transferring input files
	Transferring to host: <128.142.161.112:9618?addrs=128.142.161.112-9618+[2001-1458-301-b8--100-2e]-9618&alias=b9g03p9650.cern.ch&noUDP&sock=slot1_14_2699588_b64b_9306>
...
040 (16781426.032.000) 03/04 00:47:31 Finished transferring input files
...
001 (16781426.032.000) 03/04 00:47:32 Job executing on host: <128.142.161.112:9618?addrs=128.142.161.112-9618+[2001-1458-301-b8--100-2e]-9618&alias=b9g03p9650.cern.ch&noUDP&sock=startd_3210_5f19>
	SlotName: slot1_14@b9g03p9650.cern.ch
	CondorScratchDir = "/pool/condor/dir_424153"
	Cpus = 1
	Disk = 2100023
	GPUs = 0
	Memory = 3000
...
040 (16781426.032.000) 03/04 00:47:55 Started transferring output files
...
040 (16781426.032.000) 03/04 00:47:55 Finished transferring output files
...
005 (16781426.032.000) 03/04 00:47:55 Job terminated.
	(1) Normal termination (return value 0)
		Usr 0 00:00:09, Sys 0 00:00:03  -  Run Remote Usage
		Usr 0 00:00:00, Sys 0 00:00:00  -  Run Local Usage
		Usr 0 00:00:21, Sys 0 00:00:08  -  Total Remote Usage
		Usr 0 00:00:00, Sys 0 00:00:00  -  Total Local Usage
	1172  -  Run Bytes Sent By Job
	19322  -  Run Bytes Received By Job
	7173  -  Total Bytes Sent By Job
	32643  -  Total Bytes Received By Job
	Partitionable Resources :    Usage  Request Allocated 
	   Cpus                 :     0.01        1         1 
	   Disk (KB)            :    36     2097152   2100023 
	   GPUs                 :                           0 
	   Memory (MB)          :   416        3000      3000 

	Job terminated of its own accord at 2025-03-03T23:47:54Z with exit-code 0.
...
