000 (16788276.000.000) 03/04 08:36:53 Job submitted from host: <188.185.72.155:9618?addrs=188.185.72.155-9618+[2001-1458-d00-8--100-95]-9618&alias=bigbird08.cern.ch&noUDP&sock=schedd_862983_22fa>
...
040 (16788276.000.000) 03/04 08:38:04 Started transferring input files
	Transferring to host: <188.185.198.161:9618?addrs=188.185.198.161-9618+[2001-1458-303-25--100-9d]-9618&alias=b9p15p3870.cern.ch&noUDP&sock=slot1_34_11215_bb61_13811>
...
040 (16788276.000.000) 03/04 08:38:04 Finished transferring input files
...
001 (16788276.000.000) 03/04 08:38:05 Job executing on host: <188.185.198.161:9618?addrs=188.185.198.161-9618+[2001-1458-303-25--100-9d]-9618&alias=b9p15p3870.cern.ch&noUDP&sock=startd_9617_0a62>
	SlotName: slot1_34@b9p15p3870.cern.ch
	CondorScratchDir = "/pool/condor/dir_1128792"
	Cpus = 1
	Disk = 2099935
	GPUs = 0
	Memory = 3000
...
006 (16788276.000.000) 03/04 08:38:19 Image size of job updated: 5768
	6  -  MemoryUsage of job (MB)
	5768  -  ResidentSetSize of job (KB)
...
006 (16788276.000.000) 03/04 08:43:20 Image size of job updated: 288724
	282  -  MemoryUsage of job (MB)
	288724  -  ResidentSetSize of job (KB)
...
006 (16788276.000.000) 03/04 08:48:20 Image size of job updated: 325072
	318  -  MemoryUsage of job (MB)
	325072  -  ResidentSetSize of job (KB)
...
006 (16788276.000.000) 03/04 08:53:20 Image size of job updated: 448484
	438  -  MemoryUsage of job (MB)
	448484  -  ResidentSetSize of job (KB)
...
006 (16788276.000.000) 03/04 08:53:27 Image size of job updated: 448844
	438  -  MemoryUsage of job (MB)
	448484  -  ResidentSetSize of job (KB)
...
040 (16788276.000.000) 03/04 08:53:27 Started transferring output files
...
040 (16788276.000.000) 03/04 08:53:27 Finished transferring output files
...
005 (16788276.000.000) 03/04 08:53:27 Job terminated.
	(1) Normal termination (return value 0)
		Usr 0 00:03:27, Sys 0 00:00:07  -  Run Remote Usage
		Usr 0 00:00:00, Sys 0 00:00:00  -  Run Local Usage
		Usr 0 00:03:27, Sys 0 00:00:07  -  Total Remote Usage
		Usr 0 00:00:00, Sys 0 00:00:00  -  Total Local Usage
	6837  -  Run Bytes Sent By Job
	13324  -  Run Bytes Received By Job
	6837  -  Total Bytes Sent By Job
	13324  -  Total Bytes Received By Job
	Partitionable Resources :    Usage  Request Allocated 
	   Cpus                 :     0.04        1         1 
	   Disk (KB)            :    43     2097152   2099935 
	   GPUs                 :                           0 
	   Memory (MB)          :   438        3000      3000 

	Job terminated of its own accord at 2025-03-04T07:53:27Z with exit-code 0.
...
