000 (16788274.000.000) 03/04 08:20:24 Job submitted from host: <188.185.72.155:9618?addrs=188.185.72.155-9618+[2001-1458-d00-8--100-95]-9618&alias=bigbird08.cern.ch&noUDP&sock=schedd_862983_22fa>
...
040 (16788274.000.000) 03/04 08:20:54 Started transferring input files
	Transferring to host: <188.185.198.88:9618?addrs=188.185.198.88-9618+[2001-1458-303-25--100-54]-9618&alias=b9p15p5046.cern.ch&noUDP&sock=slot1_4_4009796_c66a_23737>
...
040 (16788274.000.000) 03/04 08:20:54 Finished transferring input files
...
001 (16788274.000.000) 03/04 08:20:55 Job executing on host: <188.185.198.88:9618?addrs=188.185.198.88-9618+[2001-1458-303-25--100-54]-9618&alias=b9p15p5046.cern.ch&noUDP&sock=startd_7525_1a42>
	SlotName: slot1_4@b9p15p5046.cern.ch
	CondorScratchDir = "/pool/condor/dir_670167"
	Cpus = 1
	Disk = 2099954
	GPUs = 0
	Memory = 3000
...
006 (16788274.000.000) 03/04 08:21:04 Image size of job updated: 424940
	415  -  MemoryUsage of job (MB)
	424940  -  ResidentSetSize of job (KB)
...
040 (16788274.000.000) 03/04 08:21:07 Started transferring output files
...
040 (16788274.000.000) 03/04 08:21:07 Finished transferring output files
...
005 (16788274.000.000) 03/04 08:21:07 Job terminated.
	(1) Normal termination (return value 0)
		Usr 0 00:00:07, Sys 0 00:00:01  -  Run Remote Usage
		Usr 0 00:00:00, Sys 0 00:00:00  -  Run Local Usage
		Usr 0 00:00:07, Sys 0 00:00:01  -  Total Remote Usage
		Usr 0 00:00:00, Sys 0 00:00:00  -  Total Local Usage
	6703  -  Run Bytes Sent By Job
	13321  -  Run Bytes Received By Job
	6703  -  Total Bytes Sent By Job
	13321  -  Total Bytes Received By Job
	Partitionable Resources :    Usage  Request Allocated 
	   Cpus                 :        0        1         1 
	   Disk (KB)            :       43  2097152   2099954 
	   GPUs                 :                           0 
	   Memory (MB)          :      415     3000      3000 

	Job terminated of its own accord at 2025-03-04T07:21:07Z with exit-code 0.
...
