Starting job on Tue Mar  4 12:00:26 AM CET 2025
Running on: b9p16p3545.cern.ch
CMSSW environment set up.
DATASET FOLDER: DYJetsToLL_M-50_TuneCP5_13p6TeV-madgraphMLM-pythia8_Run3Summer22NanoAODv12-ALCARECO_forPOG_130X_mcRun3_2022_realistic_v5_ext1-v2_NANOAODSIM 
EOS DIR: /eos/user/o/olfimbre/NanoAOD_Filtered/DYJetsToLL_M-50_TuneCP5_13p6TeV-madgraphMLM-pythia8_Run3Summer22NanoAODv12-ALCARECO_forPOG_130X_mcRun3_2022_realistic_v5_ext1-v2_NANOAODSIM 
Processing file: root://cms-xrd-global.cern.ch//store/mc/Run3Summer22NanoAODv12/DYJetsToLL_M-50_TuneCP5_13p6TeV-madgraphMLM-pythia8/NANOAODSIM/ALCARECO_forPOG_130X_mcRun3_2022_realistic_v5_ext1-v2/30000/addac82e-7a77-4235-8345-251af3851521.root
Will write selected trees to filteredNanoAOD
Pre-select 1358000 entries out of 1358000 (100.00%)
Processed    10000/ 1358000 entries,  0.74% (elapsed time     4.9s, curr speed    2.058 kHz, avg speed    2.058 kHz), accepted     2815/   10001 events (28.15%)
Processed    20000/ 1358000 entries,  1.47% (elapsed time    10.4s, curr speed    1.791 kHz, avg speed    1.915 kHz), accepted     5595/   20001 events (27.97%)
Processed    30000/ 1358000 entries,  2.21% (elapsed time    15.1s, curr speed    2.156 kHz, avg speed    1.989 kHz), accepted     8315/   30001 events (27.72%)
Processed    40000/ 1358000 entries,  2.95% (elapsed time    20.3s, curr speed    1.915 kHz, avg speed    1.970 kHz), accepted    11052/   40001 events (27.63%)
Processed    50000/ 1358000 entries,  3.68% (elapsed time    25.9s, curr speed    1.771 kHz, avg speed    1.927 kHz), accepted    13783/   50001 events (27.57%)
Processed    60000/ 1358000 entries,  4.42% (elapsed time    30.1s, curr speed    2.432 kHz, avg speed    1.996 kHz), accepted    16507/   60001 events (27.51%)
Processed    70000/ 1358000 entries,  5.15% (elapsed time    35.4s, curr speed    1.857 kHz, avg speed    1.975 kHz), accepted    19330/   70001 events (27.61%)
Processed    80000/ 1358000 entries,  5.89% (elapsed time    40.5s, curr speed    1.990 kHz, avg speed    1.977 kHz), accepted    22023/   80001 events (27.53%)
Processed    90000/ 1358000 entries,  6.63% (elapsed time    45.1s, curr speed    2.166 kHz, avg speed    1.996 kHz), accepted    24737/   90001 events (27.49%)
Processed   100000/ 1358000 entries,  7.36% (elapsed time    50.5s, curr speed    1.860 kHz, avg speed    1.982 kHz), accepted    27478/  100001 events (27.48%)
Processed   110000/ 1358000 entries,  8.10% (elapsed time    54.6s, curr speed    2.418 kHz, avg speed    2.015 kHz), accepted    30200/  110001 events (27.45%)
Processed   120000/ 1358000 entries,  8.84% (elapsed time    60.5s, curr speed    1.705 kHz, avg speed    1.985 kHz), accepted    32964/  120001 events (27.47%)
Processed   130000/ 1358000 entries,  9.57% (elapsed time    65.4s, curr speed    2.033 kHz, avg speed    1.988 kHz), accepted    35668/  130001 events (27.44%)
Processed   140000/ 1358000 entries, 10.31% (elapsed time    69.9s, curr speed    2.226 kHz, avg speed    2.003 kHz), accepted    38427/  140001 events (27.45%)
Processed   150000/ 1358000 entries, 11.05% (elapsed time    74.8s, curr speed    2.031 kHz, avg speed    2.005 kHz), accepted    41211/  150001 events (27.47%)
Processed   160000/ 1358000 entries, 11.78% (elapsed time    79.3s, curr speed    2.203 kHz, avg speed    2.017 kHz), accepted    43889/  160001 events (27.43%)
Processed   170000/ 1358000 entries, 12.52% (elapsed time    83.0s, curr speed    2.737 kHz, avg speed    2.048 kHz), accepted    46669/  170001 events (27.45%)
Processed   180000/ 1358000 entries, 13.25% (elapsed time    88.4s, curr speed    1.864 kHz, avg speed    2.037 kHz), accepted    49404/  180001 events (27.45%)
Processed   190000/ 1358000 entries, 13.99% (elapsed time    94.0s, curr speed    1.775 kHz, avg speed    2.022 kHz), accepted    52199/  190001 events (27.47%)
Processed   200000/ 1358000 entries, 14.73% (elapsed time    98.1s, curr speed    2.439 kHz, avg speed    2.039 kHz), accepted    54979/  200001 events (27.49%)
Processed   210000/ 1358000 entries, 15.46% (elapsed time   103.4s, curr speed    1.867 kHz, avg speed    2.030 kHz), accepted    57683/  210001 events (27.47%)
Processed   220000/ 1358000 entries, 16.20% (elapsed time   108.0s, curr speed    2.172 kHz, avg speed    2.036 kHz), accepted    60438/  220001 events (27.47%)
Processed   230000/ 1358000 entries, 16.94% (elapsed time   113.4s, curr speed    1.877 kHz, avg speed    2.029 kHz), accepted    63235/  230001 events (27.49%)
Processed   240000/ 1358000 entries, 17.67% (elapsed time   119.0s, curr speed    1.778 kHz, avg speed    2.017 kHz), accepted    66034/  240001 events (27.51%)
Processed   250000/ 1358000 entries, 18.41% (elapsed time   123.4s, curr speed    2.296 kHz, avg speed    2.027 kHz), accepted    68809/  250001 events (27.52%)
Processed   260000/ 1358000 entries, 19.15% (elapsed time   128.1s, curr speed    2.129 kHz, avg speed    2.030 kHz), accepted    71511/  260001 events (27.50%)
Processed   270000/ 1358000 entries, 19.88% (elapsed time   133.7s, curr speed    1.786 kHz, avg speed    2.020 kHz), accepted    74237/  270001 events (27.50%)
Processed   280000/ 1358000 entries, 20.62% (elapsed time   138.1s, curr speed    2.270 kHz, avg speed    2.028 kHz), accepted    77031/  280001 events (27.51%)
Processed   290000/ 1358000 entries, 21.35% (elapsed time   143.3s, curr speed    1.917 kHz, avg speed    2.024 kHz), accepted    79744/  290001 events (27.50%)
Processed   300000/ 1358000 entries, 22.09% (elapsed time   149.0s, curr speed    1.762 kHz, avg speed    2.014 kHz), accepted    82516/  300001 events (27.51%)
Processed   310000/ 1358000 entries, 22.83% (elapsed time   152.9s, curr speed    2.515 kHz, avg speed    2.027 kHz), accepted    85300/  310001 events (27.52%)
Processed   320000/ 1358000 entries, 23.56% (elapsed time   158.4s, curr speed    1.812 kHz, avg speed    2.020 kHz), accepted    88029/  320001 events (27.51%)
Processed   330000/ 1358000 entries, 24.30% (elapsed time   162.9s, curr speed    2.227 kHz, avg speed    2.025 kHz), accepted    90741/  330001 events (27.50%)
Processed   340000/ 1358000 entries, 25.04% (elapsed time   167.9s, curr speed    2.012 kHz, avg speed    2.025 kHz), accepted    93550/  340001 events (27.51%)
Processed   350000/ 1358000 entries, 25.77% (elapsed time   173.3s, curr speed    1.858 kHz, avg speed    2.020 kHz), accepted    96261/  350001 events (27.50%)
Processed   360000/ 1358000 entries, 26.51% (elapsed time   177.4s, curr speed    2.442 kHz, avg speed    2.030 kHz), accepted    98977/  360001 events (27.49%)
Processed   370000/ 1358000 entries, 27.25% (elapsed time   182.4s, curr speed    1.997 kHz, avg speed    2.029 kHz), accepted   101774/  370001 events (27.51%)
Processed   380000/ 1358000 entries, 27.98% (elapsed time   187.4s, curr speed    1.977 kHz, avg speed    2.027 kHz), accepted   104571/  380001 events (27.52%)
Processed   390000/ 1358000 entries, 28.72% (elapsed time   191.6s, curr speed    2.400 kHz, avg speed    2.035 kHz), accepted   107427/  390001 events (27.55%)
Processed   400000/ 1358000 entries, 29.46% (elapsed time   196.9s, curr speed    1.897 kHz, avg speed    2.032 kHz), accepted   110220/  400001 events (27.55%)
Processed   410000/ 1358000 entries, 30.19% (elapsed time   201.4s, curr speed    2.219 kHz, avg speed    2.036 kHz), accepted   112939/  410001 events (27.55%)
Processed   420000/ 1358000 entries, 30.93% (elapsed time   206.8s, curr speed    1.864 kHz, avg speed    2.031 kHz), accepted   115753/  420001 events (27.56%)
Processed   430000/ 1358000 entries, 31.66% (elapsed time   212.1s, curr speed    1.883 kHz, avg speed    2.028 kHz), accepted   118491/  430001 events (27.56%)
Processed   440000/ 1358000 entries, 32.40% (elapsed time   216.4s, curr speed    2.330 kHz, avg speed    2.034 kHz), accepted   121176/  440001 events (27.54%)
Processed   450000/ 1358000 entries, 33.14% (elapsed time   221.4s, curr speed    2.001 kHz, avg speed    2.033 kHz), accepted   123923/  450001 events (27.54%)
Processed   460000/ 1358000 entries, 33.87% (elapsed time   226.9s, curr speed    1.797 kHz, avg speed    2.027 kHz), accepted   126691/  460001 events (27.54%)
Processed   470000/ 1358000 entries, 34.61% (elapsed time   230.7s, curr speed    2.659 kHz, avg speed    2.037 kHz), accepted   129406/  470001 events (27.53%)
Processed   480000/ 1358000 entries, 35.35% (elapsed time   236.1s, curr speed    1.832 kHz, avg speed    2.033 kHz), accepted   132135/  480001 events (27.53%)
Processed   490000/ 1358000 entries, 36.08% (elapsed time   241.2s, curr speed    1.974 kHz, avg speed    2.031 kHz), accepted   134877/  490001 events (27.53%)
Processed   500000/ 1358000 entries, 36.82% (elapsed time   245.3s, curr speed    2.433 kHz, avg speed    2.038 kHz), accepted   137576/  500001 events (27.52%)
Processed   510000/ 1358000 entries, 37.56% (elapsed time   250.9s, curr speed    1.803 kHz, avg speed    2.033 kHz), accepted   140417/  510001 events (27.53%)
Processed   520000/ 1358000 entries, 38.29% (elapsed time   255.1s, curr speed    2.333 kHz, avg speed    2.038 kHz), accepted   143228/  520001 events (27.54%)
Processed   530000/ 1358000 entries, 39.03% (elapsed time   260.3s, curr speed    1.934 kHz, avg speed    2.036 kHz), accepted   145907/  530001 events (27.53%)
Processed   540000/ 1358000 entries, 39.76% (elapsed time   265.6s, curr speed    1.884 kHz, avg speed    2.033 kHz), accepted   148687/  540001 events (27.53%)
Processed   550000/ 1358000 entries, 40.50% (elapsed time   269.4s, curr speed    2.685 kHz, avg speed    2.042 kHz), accepted   151390/  550001 events (27.53%)
Processed   560000/ 1358000 entries, 41.24% (elapsed time   275.2s, curr speed    1.721 kHz, avg speed    2.035 kHz), accepted   154181/  560001 events (27.53%)
Processed   570000/ 1358000 entries, 41.97% (elapsed time   280.6s, curr speed    1.834 kHz, avg speed    2.031 kHz), accepted   156901/  570001 events (27.53%)
Processed   580000/ 1358000 entries, 42.71% (elapsed time   284.3s, curr speed    2.703 kHz, avg speed    2.040 kHz), accepted   159636/  580001 events (27.52%)
Processed   590000/ 1358000 entries, 43.45% (elapsed time   290.5s, curr speed    1.605 kHz, avg speed    2.031 kHz), accepted   162340/  590001 events (27.52%)
Processed   600000/ 1358000 entries, 44.18% (elapsed time   295.7s, curr speed    1.923 kHz, avg speed    2.029 kHz), accepted   165179/  600001 events (27.53%)
Processed   610000/ 1358000 entries, 44.92% (elapsed time   299.8s, curr speed    2.476 kHz, avg speed    2.035 kHz), accepted   167874/  610001 events (27.52%)
Processed   620000/ 1358000 entries, 45.66% (elapsed time   305.3s, curr speed    1.811 kHz, avg speed    2.031 kHz), accepted   170555/  620001 events (27.51%)
Processed   630000/ 1358000 entries, 46.39% (elapsed time   309.1s, curr speed    2.633 kHz, avg speed    2.038 kHz), accepted   173347/  630001 events (27.52%)
Processed   640000/ 1358000 entries, 47.13% (elapsed time   314.6s, curr speed    1.818 kHz, avg speed    2.034 kHz), accepted   176013/  640001 events (27.50%)
Processed   650000/ 1358000 entries, 47.86% (elapsed time   319.9s, curr speed    1.893 kHz, avg speed    2.032 kHz), accepted   178764/  650001 events (27.50%)
Processed   660000/ 1358000 entries, 48.60% (elapsed time   323.5s, curr speed    2.739 kHz, avg speed    2.040 kHz), accepted   181470/  660001 events (27.50%)
Processed   670000/ 1358000 entries, 49.34% (elapsed time   329.6s, curr speed    1.658 kHz, avg speed    2.033 kHz), accepted   184223/  670001 events (27.50%)
Processed   680000/ 1358000 entries, 50.07% (elapsed time   335.3s, curr speed    1.750 kHz, avg speed    2.028 kHz), accepted   186947/  680001 events (27.49%)
Processed   690000/ 1358000 entries, 50.81% (elapsed time   339.3s, curr speed    2.492 kHz, avg speed    2.034 kHz), accepted   189709/  690001 events (27.49%)
Processed   700000/ 1358000 entries, 51.55% (elapsed time   344.8s, curr speed    1.828 kHz, avg speed    2.030 kHz), accepted   192449/  700001 events (27.49%)
Processed   710000/ 1358000 entries, 52.28% (elapsed time   349.8s, curr speed    1.971 kHz, avg speed    2.030 kHz), accepted   195225/  710001 events (27.50%)
Processed   720000/ 1358000 entries, 53.02% (elapsed time   355.0s, curr speed    1.925 kHz, avg speed    2.028 kHz), accepted   197964/  720001 events (27.49%)
Processed   730000/ 1358000 entries, 53.76% (elapsed time   360.6s, curr speed    1.784 kHz, avg speed    2.024 kHz), accepted   200685/  730001 events (27.49%)
Processed   740000/ 1358000 entries, 54.49% (elapsed time   365.3s, curr speed    2.130 kHz, avg speed    2.026 kHz), accepted   203496/  740001 events (27.50%)
Processed   750000/ 1358000 entries, 55.23% (elapsed time   370.6s, curr speed    1.905 kHz, avg speed    2.024 kHz), accepted   206294/  750001 events (27.51%)
Processed   760000/ 1358000 entries, 55.96% (elapsed time   375.3s, curr speed    2.127 kHz, avg speed    2.025 kHz), accepted   209020/  760001 events (27.50%)
Processed   770000/ 1358000 entries, 56.70% (elapsed time   379.3s, curr speed    2.460 kHz, avg speed    2.030 kHz), accepted   211789/  770001 events (27.51%)
Processed   780000/ 1358000 entries, 57.44% (elapsed time   384.3s, curr speed    2.017 kHz, avg speed    2.030 kHz), accepted   214457/  780001 events (27.49%)
Processed   790000/ 1358000 entries, 58.17% (elapsed time   389.8s, curr speed    1.830 kHz, avg speed    2.027 kHz), accepted   217182/  790001 events (27.49%)
Processed   800000/ 1358000 entries, 58.91% (elapsed time   394.1s, curr speed    2.328 kHz, avg speed    2.030 kHz), accepted   219854/  800001 events (27.48%)
Processed   810000/ 1358000 entries, 59.65% (elapsed time   399.0s, curr speed    2.024 kHz, avg speed    2.030 kHz), accepted   222609/  810001 events (27.48%)
Processed   820000/ 1358000 entries, 60.38% (elapsed time   403.4s, curr speed    2.301 kHz, avg speed    2.033 kHz), accepted   225374/  820001 events (27.48%)
Processed   830000/ 1358000 entries, 61.12% (elapsed time   408.8s, curr speed    1.834 kHz, avg speed    2.030 kHz), accepted   228249/  830001 events (27.50%)
Processed   840000/ 1358000 entries, 61.86% (elapsed time   413.9s, curr speed    1.957 kHz, avg speed    2.029 kHz), accepted   230973/  840001 events (27.50%)
Processed   850000/ 1358000 entries, 62.59% (elapsed time   418.1s, curr speed    2.384 kHz, avg speed    2.033 kHz), accepted   233779/  850001 events (27.50%)
Processed   860000/ 1358000 entries, 63.33% (elapsed time   423.0s, curr speed    2.051 kHz, avg speed    2.033 kHz), accepted   236588/  860001 events (27.51%)
Processed   870000/ 1358000 entries, 64.06% (elapsed time   428.2s, curr speed    1.908 kHz, avg speed    2.032 kHz), accepted   239298/  870001 events (27.51%)
Processed   880000/ 1358000 entries, 64.80% (elapsed time   432.3s, curr speed    2.463 kHz, avg speed    2.036 kHz), accepted   242017/  880001 events (27.50%)
Processed   890000/ 1358000 entries, 65.54% (elapsed time   437.6s, curr speed    1.876 kHz, avg speed    2.034 kHz), accepted   244699/  890001 events (27.49%)
Processed   900000/ 1358000 entries, 66.27% (elapsed time   442.7s, curr speed    1.980 kHz, avg speed    2.033 kHz), accepted   247470/  900001 events (27.50%)
Processed   910000/ 1358000 entries, 67.01% (elapsed time   446.5s, curr speed    2.603 kHz, avg speed    2.038 kHz), accepted   250245/  910001 events (27.50%)
Processed   920000/ 1358000 entries, 67.75% (elapsed time   452.7s, curr speed    1.610 kHz, avg speed    2.032 kHz), accepted   253016/  920001 events (27.50%)
Processed   930000/ 1358000 entries, 68.48% (elapsed time   456.8s, curr speed    2.447 kHz, avg speed    2.036 kHz), accepted   255756/  930001 events (27.50%)
Processed   940000/ 1358000 entries, 69.22% (elapsed time   461.7s, curr speed    2.061 kHz, avg speed    2.036 kHz), accepted   258610/  940001 events (27.51%)
Processed   950000/ 1358000 entries, 69.96% (elapsed time   467.3s, curr speed    1.770 kHz, avg speed    2.033 kHz), accepted   261343/  950001 events (27.51%)
Processed   960000/ 1358000 entries, 70.69% (elapsed time   470.7s, curr speed    2.926 kHz, avg speed    2.039 kHz), accepted   264056/  960001 events (27.51%)
Processed   970000/ 1358000 entries, 71.43% (elapsed time   476.7s, curr speed    1.675 kHz, avg speed    2.035 kHz), accepted   266757/  970001 events (27.50%)
Processed   980000/ 1358000 entries, 72.16% (elapsed time   481.7s, curr speed    1.991 kHz, avg speed    2.034 kHz), accepted   269488/  980001 events (27.50%)
Processed   990000/ 1358000 entries, 72.90% (elapsed time   485.3s, curr speed    2.817 kHz, avg speed    2.040 kHz), accepted   272234/  990001 events (27.50%)
Processed  1000000/ 1358000 entries, 73.64% (elapsed time   490.7s, curr speed    1.826 kHz, avg speed    2.038 kHz), accepted   274964/ 1000001 events (27.50%)
Processed  1010000/ 1358000 entries, 74.37% (elapsed time   495.3s, curr speed    2.216 kHz, avg speed    2.039 kHz), accepted   277649/ 1010001 events (27.49%)
Processed  1020000/ 1358000 entries, 75.11% (elapsed time   500.1s, curr speed    2.062 kHz, avg speed    2.040 kHz), accepted   280397/ 1020001 events (27.49%)
Processed  1030000/ 1358000 entries, 75.85% (elapsed time   505.2s, curr speed    1.963 kHz, avg speed    2.039 kHz), accepted   283100/ 1030001 events (27.49%)
Processed  1040000/ 1358000 entries, 76.58% (elapsed time   509.7s, curr speed    2.215 kHz, avg speed    2.040 kHz), accepted   285856/ 1040001 events (27.49%)
Processed  1050000/ 1358000 entries, 77.32% (elapsed time   514.9s, curr speed    1.919 kHz, avg speed    2.039 kHz), accepted   288622/ 1050001 events (27.49%)
Processed  1060000/ 1358000 entries, 78.06% (elapsed time   520.4s, curr speed    1.822 kHz, avg speed    2.037 kHz), accepted   291379/ 1060001 events (27.49%)
Processed  1070000/ 1358000 entries, 78.79% (elapsed time   524.5s, curr speed    2.464 kHz, avg speed    2.040 kHz), accepted   294170/ 1070001 events (27.49%)
Processed  1080000/ 1358000 entries, 79.53% (elapsed time   529.5s, curr speed    1.976 kHz, avg speed    2.040 kHz), accepted   296961/ 1080001 events (27.50%)
Processed  1090000/ 1358000 entries, 80.27% (elapsed time   534.9s, curr speed    1.872 kHz, avg speed    2.038 kHz), accepted   299699/ 1090001 events (27.50%)
Processed  1100000/ 1358000 entries, 81.00% (elapsed time   538.7s, curr speed    2.579 kHz, avg speed    2.042 kHz), accepted   302478/ 1100001 events (27.50%)
Processed  1110000/ 1358000 entries, 81.74% (elapsed time   544.2s, curr speed    1.832 kHz, avg speed    2.040 kHz), accepted   305296/ 1110001 events (27.50%)
Processed  1120000/ 1358000 entries, 82.47% (elapsed time   549.3s, curr speed    1.946 kHz, avg speed    2.039 kHz), accepted   307959/ 1120001 events (27.50%)
Processed  1130000/ 1358000 entries, 83.21% (elapsed time   554.1s, curr speed    2.104 kHz, avg speed    2.039 kHz), accepted   310698/ 1130001 events (27.50%)
Processed  1140000/ 1358000 entries, 83.95% (elapsed time   559.8s, curr speed    1.760 kHz, avg speed    2.036 kHz), accepted   313481/ 1140001 events (27.50%)
Processed  1150000/ 1358000 entries, 84.68% (elapsed time   563.9s, curr speed    2.425 kHz, avg speed    2.039 kHz), accepted   316207/ 1150001 events (27.50%)
Processed  1160000/ 1358000 entries, 85.42% (elapsed time   568.8s, curr speed    2.036 kHz, avg speed    2.039 kHz), accepted   318954/ 1160001 events (27.50%)
Processed  1170000/ 1358000 entries, 86.16% (elapsed time   574.7s, curr speed    1.715 kHz, avg speed    2.036 kHz), accepted   321745/ 1170001 events (27.50%)
Processed  1180000/ 1358000 entries, 86.89% (elapsed time   578.9s, curr speed    2.372 kHz, avg speed    2.038 kHz), accepted   324523/ 1180001 events (27.50%)
Processed  1190000/ 1358000 entries, 87.63% (elapsed time   584.4s, curr speed    1.812 kHz, avg speed    2.036 kHz), accepted   327232/ 1190001 events (27.50%)
Processed  1200000/ 1358000 entries, 88.37% (elapsed time   589.6s, curr speed    1.934 kHz, avg speed    2.035 kHz), accepted   330016/ 1200001 events (27.50%)
Processed  1210000/ 1358000 entries, 89.10% (elapsed time   593.8s, curr speed    2.380 kHz, avg speed    2.038 kHz), accepted   332874/ 1210001 events (27.51%)
Processed  1220000/ 1358000 entries, 89.84% (elapsed time   598.8s, curr speed    1.993 kHz, avg speed    2.037 kHz), accepted   335602/ 1220001 events (27.51%)
Processed  1230000/ 1358000 entries, 90.57% (elapsed time   603.2s, curr speed    2.248 kHz, avg speed    2.039 kHz), accepted   338278/ 1230001 events (27.50%)
Processed  1240000/ 1358000 entries, 91.31% (elapsed time   608.2s, curr speed    2.000 kHz, avg speed    2.039 kHz), accepted   340951/ 1240001 events (27.50%)
Processed  1250000/ 1358000 entries, 92.05% (elapsed time   613.9s, curr speed    1.765 kHz, avg speed    2.036 kHz), accepted   343745/ 1250001 events (27.50%)
Processed  1260000/ 1358000 entries, 92.78% (elapsed time   617.8s, curr speed    2.570 kHz, avg speed    2.040 kHz), accepted   346446/ 1260001 events (27.50%)
Processed  1270000/ 1358000 entries, 93.52% (elapsed time   622.9s, curr speed    1.964 kHz, avg speed    2.039 kHz), accepted   349129/ 1270001 events (27.49%)
Processed  1280000/ 1358000 entries, 94.26% (elapsed time   628.8s, curr speed    1.681 kHz, avg speed    2.036 kHz), accepted   351931/ 1280001 events (27.49%)
Processed  1290000/ 1358000 entries, 94.99% (elapsed time   632.3s, curr speed    2.837 kHz, avg speed    2.040 kHz), accepted   354657/ 1290001 events (27.49%)
Processed  1300000/ 1358000 entries, 95.73% (elapsed time   638.1s, curr speed    1.733 kHz, avg speed    2.037 kHz), accepted   357356/ 1300001 events (27.49%)
Processed  1310000/ 1358000 entries, 96.47% (elapsed time   642.4s, curr speed    2.351 kHz, avg speed    2.039 kHz), accepted   360096/ 1310001 events (27.49%)
Processed  1320000/ 1358000 entries, 97.20% (elapsed time   646.9s, curr speed    2.193 kHz, avg speed    2.040 kHz), accepted   362853/ 1320001 events (27.49%)
Processed  1330000/ 1358000 entries, 97.94% (elapsed time   653.0s, curr speed    1.649 kHz, avg speed    2.037 kHz), accepted   365621/ 1330001 events (27.49%)
Processed  1340000/ 1358000 entries, 98.67% (elapsed time   656.9s, curr speed    2.544 kHz, avg speed    2.040 kHz), accepted   368399/ 1340001 events (27.49%)
Processed  1350000/ 1358000 entries, 99.41% (elapsed time   661.7s, curr speed    2.081 kHz, avg speed    2.040 kHz), accepted   371124/ 1350001 events (27.49%)
Processed 1358000 preselected entries from root://cms-xrd-global.cern.ch//store/mc/Run3Summer22NanoAODv12/DYJetsToLL_M-50_TuneCP5_13p6TeV-madgraphMLM-pythia8/NANOAODSIM/ALCARECO_forPOG_130X_mcRun3_2022_realistic_v5_ext1-v2/30000/addac82e-7a77-4235-8345-251af3851521.root (1358000 entries). Finally selected 373362 entries
Done filteredNanoAOD/addac82e-7a77-4235-8345-251af3851521_Skim.root
Total time 701.8 sec. to process 1358000 events. Rate = 1935.1 Hz.
Copying output files to EOS: /eos/user/o/olfimbre/NanoAOD_Filtered/DYJetsToLL_M-50_TuneCP5_13p6TeV-madgraphMLM-pythia8_Run3Summer22NanoAODv12-ALCARECO_forPOG_130X_mcRun3_2022_realistic_v5_ext1-v2_NANOAODSIM
Job finished on Tue Mar  4 00:13:17 CET 2025
