000 (16781426.030.000) 03/04 00:13:24 Job submitted from host: <188.185.72.155:9618?addrs=188.185.72.155-9618+[2001-1458-d00-8--100-95]-9618&alias=bigbird08.cern.ch&noUDP&sock=schedd_862983_22fa>
...
040 (16781426.030.000) 03/04 00:14:01 Started transferring input files
	Transferring to host: <188.185.215.149:9618?addrs=188.185.215.149-9618+[2001-1458-303-26--100-11]-9618&alias=b9p18p4489.cern.ch&noUDP&sock=slot1_13_11559_1c6f_13897>
...
040 (16781426.030.000) 03/04 00:14:01 Finished transferring input files
...
001 (16781426.030.000) 03/04 00:14:02 Job executing on host: <188.185.215.149:9618?addrs=188.185.215.149-9618+[2001-1458-303-26--100-11]-9618&alias=b9p18p4489.cern.ch&noUDP&sock=startd_10507_81ac>
	SlotName: slot1_13@b9p18p4489.cern.ch
	CondorScratchDir = "/pool/condor/dir_3365840"
	Cpus = 1
	Disk = 2100131
	GPUs = 0
	Memory = 3000
...
006 (16781426.030.000) 03/04 00:14:16 Image size of job updated: 5544
	6  -  MemoryUsage of job (MB)
	5516  -  ResidentSetSize of job (KB)
...
006 (16781426.030.000) 03/04 00:19:17 Image size of job updated: 54228
	53  -  MemoryUsage of job (MB)
	54228  -  ResidentSetSize of job (KB)
...
006 (16781426.030.000) 03/04 00:24:18 Image size of job updated: 62436
	53  -  MemoryUsage of job (MB)
	54228  -  ResidentSetSize of job (KB)
...
006 (16781426.030.000) 03/04 00:29:18 Image size of job updated: 70712
	53  -  MemoryUsage of job (MB)
	54228  -  ResidentSetSize of job (KB)
...
040 (16781426.030.000) 03/04 00:30:56 Started transferring output files
...
040 (16781426.030.000) 03/04 00:30:56 Finished transferring output files
...
004 (16781426.030.000) 03/04 00:30:56 Job was evicted.
	(0) CPU times
		Usr 0 00:00:11, Sys 0 00:00:04  -  Run Remote Usage
		Usr 0 00:00:00, Sys 0 00:00:00  -  Run Local Usage
	6001  -  Run Bytes Sent By Job
	13321  -  Run Bytes Received By Job
	Partitionable Resources :    Usage  Request Allocated 
	   Cpus                 :     0.00        1         1 
	   Disk (KB)            :    42     2097152   2100131 
	   GPUs                 :                           0 
	   Memory (MB)          :    53        3000      3000 
...
040 (16781426.030.000) 03/04 00:47:16 Started transferring input files
	Transferring to host: <188.185.195.73:9618?addrs=188.185.195.73-9618+[2001-1458-303-22--100-45]-9618&alias=b9p17p1998.cern.ch&noUDP&sock=slot1_9_3478762_4850_24703>
...
040 (16781426.030.000) 03/04 00:47:16 Finished transferring input files
...
001 (16781426.030.000) 03/04 00:47:17 Job executing on host: <188.185.195.73:9618?addrs=188.185.195.73-9618+[2001-1458-303-22--100-45]-9618&alias=b9p17p1998.cern.ch&noUDP&sock=startd_7242_fcf4>
	SlotName: slot1_9@b9p17p1998.cern.ch
	CondorScratchDir = "/pool/condor/dir_49301"
	Cpus = 1
	Disk = 2118465
	GPUs = 0
	Memory = 3000
...
006 (16781426.030.000) 03/04 00:47:26 Image size of job updated: 375572
	367  -  MemoryUsage of job (MB)
	375572  -  ResidentSetSize of job (KB)
...
006 (16781426.030.000) 03/04 00:47:44 Image size of job updated: 375572
	369  -  MemoryUsage of job (MB)
	377084  -  ResidentSetSize of job (KB)
...
040 (16781426.030.000) 03/04 00:47:44 Started transferring output files
...
040 (16781426.030.000) 03/04 00:47:44 Finished transferring output files
...
005 (16781426.030.000) 03/04 00:47:44 Job terminated.
	(1) Normal termination (return value 0)
		Usr 0 00:00:11, Sys 0 00:00:02  -  Run Remote Usage
		Usr 0 00:00:00, Sys 0 00:00:00  -  Run Local Usage
		Usr 0 00:00:22, Sys 0 00:00:06  -  Total Remote Usage
		Usr 0 00:00:00, Sys 0 00:00:00  -  Total Local Usage
	1172  -  Run Bytes Sent By Job
	19322  -  Run Bytes Received By Job
	7173  -  Total Bytes Sent By Job
	32643  -  Total Bytes Received By Job
	Partitionable Resources :    Usage  Request Allocated 
	   Cpus                 :     0.18        1         1 
	   Disk (KB)            :    44     2097152   2118465 
	   GPUs                 :                           0 
	   Memory (MB)          :   369        3000      3000 

	Job terminated of its own accord at 2025-03-03T23:47:44Z with exit-code 0.
...
