000 (16811378.002.000) 03/12 23:31:24 Job submitted from host: <188.185.72.155:9618?addrs=188.185.72.155-9618+[2001-1458-d00-8--100-95]-9618&alias=bigbird08.cern.ch&noUDP&sock=schedd_1954698_d259>
...
040 (16811378.002.000) 03/12 23:33:53 Started transferring input files
	Transferring to host: <188.185.198.143:9618?addrs=188.185.198.143-9618+[2001-1458-303-25--100-8b]-9618&alias=b9p15p4099.cern.ch&noUDP&sock=slot1_37_11533_caae_22914>
...
040 (16811378.002.000) 03/12 23:33:53 Finished transferring input files
...
001 (16811378.002.000) 03/12 23:33:54 Job executing on host: <188.185.198.143:9618?addrs=188.185.198.143-9618+[2001-1458-303-25--100-8b]-9618&alias=b9p15p4099.cern.ch&noUDP&sock=startd_11484_a5b4>
	SlotName: slot1_37@b9p15p4099.cern.ch
	CondorScratchDir = "/pool/condor/dir_3155901"
	Cpus = 1
	Disk = 2100038
	GPUs = 0
	Memory = 3000
...
006 (16811378.002.000) 03/12 23:34:08 Image size of job updated: 5552
	6  -  MemoryUsage of job (MB)
	5552  -  ResidentSetSize of job (KB)
...
006 (16811378.002.000) 03/12 23:35:10 Image size of job updated: 210680
	6  -  MemoryUsage of job (MB)
	5552  -  ResidentSetSize of job (KB)
...
040 (16811378.002.000) 03/12 23:35:10 Started transferring output files
...
040 (16811378.002.000) 03/12 23:35:10 Finished transferring output files
...
005 (16811378.002.000) 03/12 23:35:10 Job terminated.
	(1) Normal termination (return value 0)
		Usr 0 00:00:23, Sys 0 00:00:01  -  Run Remote Usage
		Usr 0 00:00:00, Sys 0 00:00:00  -  Run Local Usage
		Usr 0 00:00:23, Sys 0 00:00:01  -  Total Remote Usage
		Usr 0 00:00:00, Sys 0 00:00:00  -  Total Local Usage
	7053  -  Run Bytes Sent By Job
	16801  -  Run Bytes Received By Job
	7053  -  Total Bytes Sent By Job
	16801  -  Total Bytes Received By Job
	Partitionable Resources :    Usage  Request Allocated 
	   Cpus                 :                 1         1 
	   Disk (KB)            :       38  2097152   2100038 
	   GPUs                 :                           0 
	   Memory (MB)          :        6     3000      3000 

	Job terminated of its own accord at 2025-03-12T22:35:10Z with exit-code 0.
...
