Starting job on Tue Mar  4 12:00:38 AM CET 2025
Running on: b9p20p1449.cern.ch
CMSSW environment set up.
DATASET FOLDER: DYJetsToLL_M-50_TuneCP5_13p6TeV-madgraphMLM-pythia8_Run3Summer22NanoAODv12-ALCARECO_forPOG_130X_mcRun3_2022_realistic_v5_ext1-v2_NANOAODSIM 
EOS DIR: /eos/user/o/olfimbre/NanoAOD_Filtered/DYJetsToLL_M-50_TuneCP5_13p6TeV-madgraphMLM-pythia8_Run3Summer22NanoAODv12-ALCARECO_forPOG_130X_mcRun3_2022_realistic_v5_ext1-v2_NANOAODSIM 
Processing file: root://cms-xrd-global.cern.ch//store/mc/Run3Summer22NanoAODv12/DYJetsToLL_M-50_TuneCP5_13p6TeV-madgraphMLM-pythia8/NANOAODSIM/ALCARECO_forPOG_130X_mcRun3_2022_realistic_v5_ext1-v2/30000/7226f1b5-b227-4cb7-81c9-7ea3b75d3632.root
Will write selected trees to filteredNanoAOD
Pre-select 806417 entries out of 806417 (100.00%)
Processed    10000/  806417 entries,  1.24% (elapsed time     4.2s, curr speed    2.401 kHz, avg speed    2.401 kHz), accepted     2757/   10001 events (27.57%)
Processed    20000/  806417 entries,  2.48% (elapsed time     9.5s, curr speed    1.870 kHz, avg speed    2.102 kHz), accepted     5473/   20001 events (27.36%)
Processed    30000/  806417 entries,  3.72% (elapsed time    14.1s, curr speed    2.190 kHz, avg speed    2.131 kHz), accepted     8237/   30001 events (27.46%)
Processed    40000/  806417 entries,  4.96% (elapsed time    19.1s, curr speed    1.979 kHz, avg speed    2.091 kHz), accepted    10912/   40001 events (27.28%)
Processed    50000/  806417 entries,  6.20% (elapsed time    24.3s, curr speed    1.922 kHz, avg speed    2.055 kHz), accepted    13623/   50001 events (27.25%)
Processed    60000/  806417 entries,  7.44% (elapsed time    29.4s, curr speed    1.988 kHz, avg speed    2.043 kHz), accepted    16346/   60001 events (27.24%)
Processed    70000/  806417 entries,  8.68% (elapsed time    34.5s, curr speed    1.951 kHz, avg speed    2.030 kHz), accepted    19107/   70001 events (27.30%)
Processed    80000/  806417 entries,  9.92% (elapsed time    39.7s, curr speed    1.928 kHz, avg speed    2.016 kHz), accepted    21877/   80001 events (27.35%)
Processed    90000/  806417 entries, 11.16% (elapsed time    44.4s, curr speed    2.100 kHz, avg speed    2.025 kHz), accepted    24567/   90001 events (27.30%)
Processed   100000/  806417 entries, 12.40% (elapsed time    49.7s, curr speed    1.915 kHz, avg speed    2.014 kHz), accepted    27346/  100001 events (27.35%)
Processed   110000/  806417 entries, 13.64% (elapsed time    54.5s, curr speed    2.071 kHz, avg speed    2.019 kHz), accepted    30054/  110001 events (27.32%)
Processed   120000/  806417 entries, 14.88% (elapsed time    59.1s, curr speed    2.150 kHz, avg speed    2.029 kHz), accepted    32844/  120001 events (27.37%)
Processed   130000/  806417 entries, 16.12% (elapsed time    64.3s, curr speed    1.928 kHz, avg speed    2.021 kHz), accepted    35641/  130001 events (27.42%)
Processed   140000/  806417 entries, 17.36% (elapsed time    70.1s, curr speed    1.719 kHz, avg speed    1.996 kHz), accepted    38361/  140001 events (27.40%)
Processed   150000/  806417 entries, 18.60% (elapsed time    74.4s, curr speed    2.326 kHz, avg speed    2.015 kHz), accepted    41101/  150001 events (27.40%)
Processed   160000/  806417 entries, 19.84% (elapsed time    80.0s, curr speed    1.809 kHz, avg speed    2.001 kHz), accepted    43869/  160001 events (27.42%)
Processed   170000/  806417 entries, 21.08% (elapsed time    85.0s, curr speed    1.971 kHz, avg speed    1.999 kHz), accepted    46630/  170001 events (27.43%)
Processed   180000/  806417 entries, 22.32% (elapsed time    90.1s, curr speed    1.974 kHz, avg speed    1.998 kHz), accepted    49411/  180001 events (27.45%)
Processed   190000/  806417 entries, 23.56% (elapsed time    95.7s, curr speed    1.786 kHz, avg speed    1.985 kHz), accepted    52091/  190001 events (27.42%)
Processed   200000/  806417 entries, 24.80% (elapsed time   100.2s, curr speed    2.218 kHz, avg speed    1.996 kHz), accepted    54754/  200001 events (27.38%)
Processed   210000/  806417 entries, 26.04% (elapsed time   105.5s, curr speed    1.904 kHz, avg speed    1.991 kHz), accepted    57470/  210001 events (27.37%)
Processed   220000/  806417 entries, 27.28% (elapsed time   111.3s, curr speed    1.717 kHz, avg speed    1.977 kHz), accepted    60230/  220001 events (27.38%)
Processed   230000/  806417 entries, 28.52% (elapsed time   115.2s, curr speed    2.568 kHz, avg speed    1.997 kHz), accepted    62977/  230001 events (27.38%)
Processed   240000/  806417 entries, 29.76% (elapsed time   121.0s, curr speed    1.715 kHz, avg speed    1.983 kHz), accepted    65705/  240001 events (27.38%)
Processed   250000/  806417 entries, 31.00% (elapsed time   126.8s, curr speed    1.739 kHz, avg speed    1.972 kHz), accepted    68411/  250001 events (27.36%)
Processed   260000/  806417 entries, 32.24% (elapsed time   130.4s, curr speed    2.736 kHz, avg speed    1.993 kHz), accepted    71177/  260001 events (27.38%)
Processed   270000/  806417 entries, 33.48% (elapsed time   136.4s, curr speed    1.665 kHz, avg speed    1.979 kHz), accepted    73873/  270001 events (27.36%)
Processed   280000/  806417 entries, 34.72% (elapsed time   141.4s, curr speed    2.010 kHz, avg speed    1.980 kHz), accepted    76563/  280001 events (27.34%)
Processed   290000/  806417 entries, 35.96% (elapsed time   146.1s, curr speed    2.144 kHz, avg speed    1.985 kHz), accepted    79321/  290001 events (27.35%)
Processed   300000/  806417 entries, 37.20% (elapsed time   151.1s, curr speed    1.995 kHz, avg speed    1.986 kHz), accepted    82051/  300001 events (27.35%)
Processed   310000/  806417 entries, 38.44% (elapsed time   155.2s, curr speed    2.418 kHz, avg speed    1.997 kHz), accepted    84837/  310001 events (27.37%)
Processed   320000/  806417 entries, 39.68% (elapsed time   160.1s, curr speed    2.070 kHz, avg speed    1.999 kHz), accepted    87545/  320001 events (27.36%)
Processed   330000/  806417 entries, 40.92% (elapsed time   165.6s, curr speed    1.791 kHz, avg speed    1.992 kHz), accepted    90349/  330001 events (27.38%)
Processed   340000/  806417 entries, 42.16% (elapsed time   170.1s, curr speed    2.217 kHz, avg speed    1.998 kHz), accepted    93137/  340001 events (27.39%)
Processed   350000/  806417 entries, 43.40% (elapsed time   175.2s, curr speed    1.976 kHz, avg speed    1.998 kHz), accepted    95885/  350001 events (27.40%)
Processed   360000/  806417 entries, 44.64% (elapsed time   181.1s, curr speed    1.699 kHz, avg speed    1.988 kHz), accepted    98589/  360001 events (27.39%)
Processed   370000/  806417 entries, 45.88% (elapsed time   185.8s, curr speed    2.105 kHz, avg speed    1.991 kHz), accepted   101380/  370001 events (27.40%)
Processed   380000/  806417 entries, 47.12% (elapsed time   191.2s, curr speed    1.864 kHz, avg speed    1.987 kHz), accepted   104131/  380001 events (27.40%)
Processed   390000/  806417 entries, 48.36% (elapsed time   197.1s, curr speed    1.704 kHz, avg speed    1.979 kHz), accepted   106797/  390001 events (27.38%)
Processed   400000/  806417 entries, 49.60% (elapsed time   201.3s, curr speed    2.361 kHz, avg speed    1.987 kHz), accepted   109603/  400001 events (27.40%)
Processed   410000/  806417 entries, 50.84% (elapsed time   206.4s, curr speed    1.966 kHz, avg speed    1.986 kHz), accepted   112372/  410001 events (27.41%)
Processed   420000/  806417 entries, 52.08% (elapsed time   212.7s, curr speed    1.596 kHz, avg speed    1.975 kHz), accepted   115110/  420001 events (27.41%)
Processed   430000/  806417 entries, 53.32% (elapsed time   216.9s, curr speed    2.357 kHz, avg speed    1.982 kHz), accepted   117883/  430001 events (27.41%)
Processed   440000/  806417 entries, 54.56% (elapsed time   222.3s, curr speed    1.859 kHz, avg speed    1.979 kHz), accepted   120587/  440001 events (27.41%)
Processed   450000/  806417 entries, 55.80% (elapsed time   227.7s, curr speed    1.848 kHz, avg speed    1.976 kHz), accepted   123358/  450001 events (27.41%)
Processed   460000/  806417 entries, 57.04% (elapsed time   232.4s, curr speed    2.137 kHz, avg speed    1.980 kHz), accepted   126095/  460001 events (27.41%)
Processed   470000/  806417 entries, 58.28% (elapsed time   238.3s, curr speed    1.679 kHz, avg speed    1.972 kHz), accepted   128796/  470001 events (27.40%)
Processed   480000/  806417 entries, 59.52% (elapsed time   243.2s, curr speed    2.038 kHz, avg speed    1.973 kHz), accepted   131500/  480001 events (27.40%)
Processed   490000/  806417 entries, 60.76% (elapsed time   248.4s, curr speed    1.927 kHz, avg speed    1.972 kHz), accepted   134208/  490001 events (27.39%)
Processed   500000/  806417 entries, 62.00% (elapsed time   254.8s, curr speed    1.576 kHz, avg speed    1.963 kHz), accepted   136995/  500001 events (27.40%)
Processed   510000/  806417 entries, 63.24% (elapsed time   258.7s, curr speed    2.534 kHz, avg speed    1.971 kHz), accepted   139744/  510001 events (27.40%)
Processed   520000/  806417 entries, 64.48% (elapsed time   264.3s, curr speed    1.776 kHz, avg speed    1.967 kHz), accepted   142517/  520001 events (27.41%)
Processed   530000/  806417 entries, 65.72% (elapsed time   270.2s, curr speed    1.705 kHz, avg speed    1.961 kHz), accepted   145332/  530001 events (27.42%)
Processed   540000/  806417 entries, 66.96% (elapsed time   274.0s, curr speed    2.615 kHz, avg speed    1.971 kHz), accepted   147977/  540001 events (27.40%)
Processed   550000/  806417 entries, 68.20% (elapsed time   279.6s, curr speed    1.787 kHz, avg speed    1.967 kHz), accepted   150706/  550001 events (27.40%)
Processed   560000/  806417 entries, 69.44% (elapsed time   285.3s, curr speed    1.766 kHz, avg speed    1.963 kHz), accepted   153461/  560001 events (27.40%)
Processed   570000/  806417 entries, 70.68% (elapsed time   289.1s, curr speed    2.656 kHz, avg speed    1.972 kHz), accepted   156211/  570001 events (27.41%)
Processed   580000/  806417 entries, 71.92% (elapsed time   294.7s, curr speed    1.758 kHz, avg speed    1.968 kHz), accepted   159009/  580001 events (27.42%)
Processed   590000/  806417 entries, 73.16% (elapsed time   299.8s, curr speed    1.987 kHz, avg speed    1.968 kHz), accepted   161747/  590001 events (27.41%)
Processed   600000/  806417 entries, 74.40% (elapsed time   305.1s, curr speed    1.860 kHz, avg speed    1.966 kHz), accepted   164406/  600001 events (27.40%)
Processed   610000/  806417 entries, 75.64% (elapsed time   311.2s, curr speed    1.651 kHz, avg speed    1.960 kHz), accepted   167134/  610001 events (27.40%)
Processed   620000/  806417 entries, 76.88% (elapsed time   315.7s, curr speed    2.243 kHz, avg speed    1.964 kHz), accepted   169839/  620001 events (27.39%)
Processed   630000/  806417 entries, 78.12% (elapsed time   321.1s, curr speed    1.825 kHz, avg speed    1.962 kHz), accepted   172609/  630001 events (27.40%)
Processed   640000/  806417 entries, 79.36% (elapsed time   327.2s, curr speed    1.652 kHz, avg speed    1.956 kHz), accepted   175326/  640001 events (27.39%)
Processed   650000/  806417 entries, 80.60% (elapsed time   331.5s, curr speed    2.309 kHz, avg speed    1.961 kHz), accepted   178158/  650001 events (27.41%)
Processed   660000/  806417 entries, 81.84% (elapsed time   337.7s, curr speed    1.616 kHz, avg speed    1.954 kHz), accepted   180910/  660001 events (27.41%)
Processed   670000/  806417 entries, 83.08% (elapsed time   343.4s, curr speed    1.757 kHz, avg speed    1.951 kHz), accepted   183671/  670001 events (27.41%)
Processed   680000/  806417 entries, 84.32% (elapsed time   348.1s, curr speed    2.150 kHz, avg speed    1.954 kHz), accepted   186394/  680001 events (27.41%)
Processed   690000/  806417 entries, 85.56% (elapsed time   352.8s, curr speed    2.108 kHz, avg speed    1.956 kHz), accepted   189094/  690001 events (27.40%)
Processed   700000/  806417 entries, 86.80% (elapsed time   358.7s, curr speed    1.685 kHz, avg speed    1.951 kHz), accepted   191854/  700001 events (27.41%)
Processed   710000/  806417 entries, 88.04% (elapsed time   363.8s, curr speed    1.982 kHz, avg speed    1.952 kHz), accepted   194509/  710001 events (27.40%)
Processed   720000/  806417 entries, 89.28% (elapsed time   369.3s, curr speed    1.826 kHz, avg speed    1.950 kHz), accepted   197294/  720001 events (27.40%)
Processed   730000/  806417 entries, 90.52% (elapsed time   373.7s, curr speed    2.253 kHz, avg speed    1.953 kHz), accepted   200002/  730001 events (27.40%)
Processed   740000/  806417 entries, 91.76% (elapsed time   379.4s, curr speed    1.760 kHz, avg speed    1.951 kHz), accepted   202769/  740001 events (27.40%)
Processed   750000/  806417 entries, 93.00% (elapsed time   385.4s, curr speed    1.661 kHz, avg speed    1.946 kHz), accepted   205488/  750001 events (27.40%)
Processed   760000/  806417 entries, 94.24% (elapsed time   390.2s, curr speed    2.067 kHz, avg speed    1.948 kHz), accepted   208176/  760001 events (27.39%)
Processed   770000/  806417 entries, 95.48% (elapsed time   395.7s, curr speed    1.844 kHz, avg speed    1.946 kHz), accepted   210975/  770001 events (27.40%)
Processed   780000/  806417 entries, 96.72% (elapsed time   401.6s, curr speed    1.691 kHz, avg speed    1.942 kHz), accepted   213797/  780001 events (27.41%)
Processed   790000/  806417 entries, 97.96% (elapsed time   405.8s, curr speed    2.350 kHz, avg speed    1.947 kHz), accepted   216543/  790001 events (27.41%)
Processed   800000/  806417 entries, 99.20% (elapsed time   412.0s, curr speed    1.620 kHz, avg speed    1.942 kHz), accepted   219292/  800001 events (27.41%)
Processed 806417 preselected entries from root://cms-xrd-global.cern.ch//store/mc/Run3Summer22NanoAODv12/DYJetsToLL_M-50_TuneCP5_13p6TeV-madgraphMLM-pythia8/NANOAODSIM/ALCARECO_forPOG_130X_mcRun3_2022_realistic_v5_ext1-v2/30000/7226f1b5-b227-4cb7-81c9-7ea3b75d3632.root (806417 entries). Finally selected 221056 entries
Done filteredNanoAOD/7226f1b5-b227-4cb7-81c9-7ea3b75d3632_Skim.root
Total time 442.0 sec. to process 806417 events. Rate = 1824.6 Hz.
Copying output files to EOS: /eos/user/o/olfimbre/NanoAOD_Filtered/DYJetsToLL_M-50_TuneCP5_13p6TeV-madgraphMLM-pythia8_Run3Summer22NanoAODv12-ALCARECO_forPOG_130X_mcRun3_2022_realistic_v5_ext1-v2_NANOAODSIM
Job finished on Tue Mar  4 00:08:28 CET 2025
