Starting job on Tue Mar  4 12:00:20 AM CET 2025
Running on: b9p19p6792.cern.ch
CMSSW environment set up.
DATASET FOLDER: DYJetsToLL_M-50_TuneCP5_13p6TeV-madgraphMLM-pythia8_Run3Summer22NanoAODv12-ALCARECO_forPOG_130X_mcRun3_2022_realistic_v5_ext1-v2_NANOAODSIM 
EOS DIR: /eos/user/o/olfimbre/NanoAOD_Filtered/DYJetsToLL_M-50_TuneCP5_13p6TeV-madgraphMLM-pythia8_Run3Summer22NanoAODv12-ALCARECO_forPOG_130X_mcRun3_2022_realistic_v5_ext1-v2_NANOAODSIM 
Processing file: root://cms-xrd-global.cern.ch//store/mc/Run3Summer22NanoAODv12/DYJetsToLL_M-50_TuneCP5_13p6TeV-madgraphMLM-pythia8/NANOAODSIM/ALCARECO_forPOG_130X_mcRun3_2022_realistic_v5_ext1-v2/30000/06d98d6b-c8fb-49ef-8afc-3c5c5f340708.root
Will write selected trees to filteredNanoAOD
Pre-select 741932 entries out of 741932 (100.00%)
Processed    10000/  741932 entries,  1.35% (elapsed time     5.6s, curr speed    1.793 kHz, avg speed    1.793 kHz), accepted     2728/   10001 events (27.28%)
Processed    20000/  741932 entries,  2.70% (elapsed time    12.6s, curr speed    1.414 kHz, avg speed    1.581 kHz), accepted     5473/   20001 events (27.36%)
Processed    30000/  741932 entries,  4.04% (elapsed time    17.6s, curr speed    2.037 kHz, avg speed    1.708 kHz), accepted     8145/   30001 events (27.15%)
Processed    40000/  741932 entries,  5.39% (elapsed time    22.7s, curr speed    1.939 kHz, avg speed    1.761 kHz), accepted    10925/   40001 events (27.31%)
Processed    50000/  741932 entries,  6.74% (elapsed time    28.9s, curr speed    1.621 kHz, avg speed    1.731 kHz), accepted    13663/   50001 events (27.33%)
Processed    60000/  741932 entries,  8.09% (elapsed time    34.4s, curr speed    1.799 kHz, avg speed    1.742 kHz), accepted    16409/   60001 events (27.35%)
Processed    70000/  741932 entries,  9.43% (elapsed time    40.8s, curr speed    1.562 kHz, avg speed    1.714 kHz), accepted    19177/   70001 events (27.40%)
Processed    80000/  741932 entries, 10.78% (elapsed time    46.4s, curr speed    1.802 kHz, avg speed    1.724 kHz), accepted    21840/   80001 events (27.30%)
Processed    90000/  741932 entries, 12.13% (elapsed time    51.7s, curr speed    1.888 kHz, avg speed    1.741 kHz), accepted    24620/   90001 events (27.36%)
Processed   100000/  741932 entries, 13.48% (elapsed time    58.6s, curr speed    1.448 kHz, avg speed    1.707 kHz), accepted    27436/  100001 events (27.44%)
Processed   110000/  741932 entries, 14.83% (elapsed time    65.2s, curr speed    1.506 kHz, avg speed    1.686 kHz), accepted    30180/  110001 events (27.44%)
Processed   120000/  741932 entries, 16.17% (elapsed time    71.1s, curr speed    1.691 kHz, avg speed    1.687 kHz), accepted    32969/  120001 events (27.47%)
Processed   130000/  741932 entries, 17.52% (elapsed time    77.1s, curr speed    1.689 kHz, avg speed    1.687 kHz), accepted    35652/  130001 events (27.42%)
Processed   140000/  741932 entries, 18.87% (elapsed time    83.3s, curr speed    1.605 kHz, avg speed    1.681 kHz), accepted    38368/  140001 events (27.41%)
Processed   150000/  741932 entries, 20.22% (elapsed time    88.0s, curr speed    2.144 kHz, avg speed    1.705 kHz), accepted    41102/  150001 events (27.40%)
Processed   160000/  741932 entries, 21.57% (elapsed time    94.8s, curr speed    1.455 kHz, avg speed    1.687 kHz), accepted    43891/  160001 events (27.43%)
Processed   170000/  741932 entries, 22.91% (elapsed time   101.4s, curr speed    1.520 kHz, avg speed    1.676 kHz), accepted    46623/  170001 events (27.43%)
Processed   180000/  741932 entries, 24.26% (elapsed time   106.2s, curr speed    2.071 kHz, avg speed    1.694 kHz), accepted    49306/  180001 events (27.39%)
Processed   190000/  741932 entries, 25.61% (elapsed time   112.5s, curr speed    1.595 kHz, avg speed    1.689 kHz), accepted    51996/  190001 events (27.37%)
Processed   200000/  741932 entries, 26.96% (elapsed time   117.5s, curr speed    1.998 kHz, avg speed    1.702 kHz), accepted    54805/  200001 events (27.40%)
Processed   210000/  741932 entries, 28.30% (elapsed time   124.0s, curr speed    1.539 kHz, avg speed    1.693 kHz), accepted    57473/  210001 events (27.37%)
Processed   220000/  741932 entries, 29.65% (elapsed time   131.8s, curr speed    1.279 kHz, avg speed    1.669 kHz), accepted    60240/  220001 events (27.38%)
Processed   230000/  741932 entries, 31.00% (elapsed time   138.8s, curr speed    1.433 kHz, avg speed    1.657 kHz), accepted    62996/  230001 events (27.39%)
Processed   240000/  741932 entries, 32.35% (elapsed time   146.1s, curr speed    1.373 kHz, avg speed    1.643 kHz), accepted    65724/  240001 events (27.38%)
Processed   250000/  741932 entries, 33.70% (elapsed time   154.1s, curr speed    1.251 kHz, avg speed    1.622 kHz), accepted    68400/  250001 events (27.36%)
Processed   260000/  741932 entries, 35.04% (elapsed time   158.3s, curr speed    2.379 kHz, avg speed    1.643 kHz), accepted    71140/  260001 events (27.36%)
Processed   270000/  741932 entries, 36.39% (elapsed time   165.5s, curr speed    1.382 kHz, avg speed    1.631 kHz), accepted    73847/  270001 events (27.35%)
Processed   280000/  741932 entries, 37.74% (elapsed time   171.5s, curr speed    1.684 kHz, avg speed    1.633 kHz), accepted    76505/  280001 events (27.32%)
Processed   290000/  741932 entries, 39.09% (elapsed time   176.4s, curr speed    2.017 kHz, avg speed    1.644 kHz), accepted    79242/  290001 events (27.32%)
Processed   300000/  741932 entries, 40.43% (elapsed time   183.0s, curr speed    1.523 kHz, avg speed    1.639 kHz), accepted    82047/  300001 events (27.35%)
Processed   310000/  741932 entries, 41.78% (elapsed time   188.7s, curr speed    1.755 kHz, avg speed    1.643 kHz), accepted    84846/  310001 events (27.37%)
Processed   320000/  741932 entries, 43.13% (elapsed time   193.6s, curr speed    2.021 kHz, avg speed    1.653 kHz), accepted    87657/  320001 events (27.39%)
Processed   330000/  741932 entries, 44.48% (elapsed time   199.8s, curr speed    1.625 kHz, avg speed    1.652 kHz), accepted    90397/  330001 events (27.39%)
Processed   340000/  741932 entries, 45.83% (elapsed time   206.0s, curr speed    1.607 kHz, avg speed    1.650 kHz), accepted    93187/  340001 events (27.41%)
Processed   350000/  741932 entries, 47.17% (elapsed time   210.7s, curr speed    2.154 kHz, avg speed    1.661 kHz), accepted    95965/  350001 events (27.42%)
Processed   360000/  741932 entries, 48.52% (elapsed time   216.9s, curr speed    1.590 kHz, avg speed    1.659 kHz), accepted    98738/  360001 events (27.43%)
Processed   370000/  741932 entries, 49.87% (elapsed time   221.9s, curr speed    2.017 kHz, avg speed    1.667 kHz), accepted   101527/  370001 events (27.44%)
Processed   380000/  741932 entries, 51.22% (elapsed time   227.4s, curr speed    1.812 kHz, avg speed    1.671 kHz), accepted   104237/  380001 events (27.43%)
Processed   390000/  741932 entries, 52.57% (elapsed time   234.4s, curr speed    1.436 kHz, avg speed    1.664 kHz), accepted   107015/  390001 events (27.44%)
Processed   400000/  741932 entries, 53.91% (elapsed time   240.3s, curr speed    1.694 kHz, avg speed    1.665 kHz), accepted   109677/  400001 events (27.42%)
Processed   410000/  741932 entries, 55.26% (elapsed time   246.8s, curr speed    1.541 kHz, avg speed    1.661 kHz), accepted   112342/  410001 events (27.40%)
Processed   420000/  741932 entries, 56.61% (elapsed time   254.2s, curr speed    1.350 kHz, avg speed    1.652 kHz), accepted   114989/  420001 events (27.38%)
Processed   430000/  741932 entries, 57.96% (elapsed time   259.0s, curr speed    2.080 kHz, avg speed    1.660 kHz), accepted   117742/  430001 events (27.38%)
Processed   440000/  741932 entries, 59.30% (elapsed time   264.9s, curr speed    1.706 kHz, avg speed    1.661 kHz), accepted   120419/  440001 events (27.37%)
Processed   450000/  741932 entries, 60.65% (elapsed time   271.1s, curr speed    1.603 kHz, avg speed    1.660 kHz), accepted   123196/  450001 events (27.38%)
Processed   460000/  741932 entries, 62.00% (elapsed time   275.6s, curr speed    2.216 kHz, avg speed    1.669 kHz), accepted   125877/  460001 events (27.36%)
Processed   470000/  741932 entries, 63.35% (elapsed time   282.7s, curr speed    1.416 kHz, avg speed    1.663 kHz), accepted   128659/  470001 events (27.37%)
Processed   480000/  741932 entries, 64.70% (elapsed time   289.1s, curr speed    1.560 kHz, avg speed    1.660 kHz), accepted   131390/  480001 events (27.37%)
Processed   490000/  741932 entries, 66.04% (elapsed time   293.2s, curr speed    2.399 kHz, avg speed    1.671 kHz), accepted   134193/  490001 events (27.39%)
Processed   500000/  741932 entries, 67.39% (elapsed time   299.3s, curr speed    1.643 kHz, avg speed    1.670 kHz), accepted   136959/  500001 events (27.39%)
Processed   510000/  741932 entries, 68.74% (elapsed time   304.6s, curr speed    1.895 kHz, avg speed    1.674 kHz), accepted   139642/  510001 events (27.38%)
Processed   520000/  741932 entries, 70.09% (elapsed time   308.9s, curr speed    2.319 kHz, avg speed    1.683 kHz), accepted   142407/  520001 events (27.39%)
Processed   530000/  741932 entries, 71.44% (elapsed time   315.4s, curr speed    1.538 kHz, avg speed    1.680 kHz), accepted   145128/  530001 events (27.38%)
Processed   540000/  741932 entries, 72.78% (elapsed time   320.0s, curr speed    2.176 kHz, avg speed    1.687 kHz), accepted   147879/  540001 events (27.38%)
Processed   550000/  741932 entries, 74.13% (elapsed time   325.4s, curr speed    1.865 kHz, avg speed    1.690 kHz), accepted   150556/  550001 events (27.37%)
Processed   560000/  741932 entries, 75.48% (elapsed time   331.1s, curr speed    1.756 kHz, avg speed    1.691 kHz), accepted   153390/  560001 events (27.39%)
Processed   570000/  741932 entries, 76.83% (elapsed time   336.4s, curr speed    1.879 kHz, avg speed    1.694 kHz), accepted   156192/  570001 events (27.40%)
Processed   580000/  741932 entries, 78.17% (elapsed time   342.3s, curr speed    1.683 kHz, avg speed    1.694 kHz), accepted   158922/  580001 events (27.40%)
Processed   590000/  741932 entries, 79.52% (elapsed time   349.4s, curr speed    1.411 kHz, avg speed    1.688 kHz), accepted   161658/  590001 events (27.40%)
Processed   600000/  741932 entries, 80.87% (elapsed time   354.9s, curr speed    1.811 kHz, avg speed    1.690 kHz), accepted   164375/  600001 events (27.40%)
Processed   610000/  741932 entries, 82.22% (elapsed time   361.9s, curr speed    1.435 kHz, avg speed    1.685 kHz), accepted   167180/  610001 events (27.41%)
Processed   620000/  741932 entries, 83.57% (elapsed time   368.6s, curr speed    1.499 kHz, avg speed    1.682 kHz), accepted   169915/  620001 events (27.41%)
Processed   630000/  741932 entries, 84.91% (elapsed time   373.3s, curr speed    2.110 kHz, avg speed    1.688 kHz), accepted   172611/  630001 events (27.40%)
Processed   640000/  741932 entries, 86.26% (elapsed time   380.1s, curr speed    1.474 kHz, avg speed    1.684 kHz), accepted   175385/  640001 events (27.40%)
Processed   650000/  741932 entries, 87.61% (elapsed time   385.9s, curr speed    1.722 kHz, avg speed    1.684 kHz), accepted   178073/  650001 events (27.40%)
Processed   660000/  741932 entries, 88.96% (elapsed time   390.8s, curr speed    2.052 kHz, avg speed    1.689 kHz), accepted   180863/  660001 events (27.40%)
Processed   670000/  741932 entries, 90.30% (elapsed time   397.3s, curr speed    1.528 kHz, avg speed    1.686 kHz), accepted   183677/  670001 events (27.41%)
Processed   680000/  741932 entries, 91.65% (elapsed time   403.5s, curr speed    1.625 kHz, avg speed    1.685 kHz), accepted   186460/  680001 events (27.42%)
Processed   690000/  741932 entries, 93.00% (elapsed time   408.2s, curr speed    2.124 kHz, avg speed    1.690 kHz), accepted   189237/  690001 events (27.43%)
Processed   700000/  741932 entries, 94.35% (elapsed time   414.8s, curr speed    1.512 kHz, avg speed    1.688 kHz), accepted   191998/  700001 events (27.43%)
Processed   710000/  741932 entries, 95.70% (elapsed time   420.0s, curr speed    1.928 kHz, avg speed    1.690 kHz), accepted   194760/  710001 events (27.43%)
Processed   720000/  741932 entries, 97.04% (elapsed time   425.4s, curr speed    1.856 kHz, avg speed    1.693 kHz), accepted   197478/  720001 events (27.43%)
Processed   730000/  741932 entries, 98.39% (elapsed time   431.7s, curr speed    1.596 kHz, avg speed    1.691 kHz), accepted   200269/  730001 events (27.43%)
Processed   740000/  741932 entries, 99.74% (elapsed time   436.9s, curr speed    1.901 kHz, avg speed    1.694 kHz), accepted   203023/  740001 events (27.44%)
Processed 741932 preselected entries from root://cms-xrd-global.cern.ch//store/mc/Run3Summer22NanoAODv12/DYJetsToLL_M-50_TuneCP5_13p6TeV-madgraphMLM-pythia8/NANOAODSIM/ALCARECO_forPOG_130X_mcRun3_2022_realistic_v5_ext1-v2/30000/06d98d6b-c8fb-49ef-8afc-3c5c5f340708.root (741932 entries). Finally selected 203568 entries
Done filteredNanoAOD/06d98d6b-c8fb-49ef-8afc-3c5c5f340708_Skim.root
Total time 464.2 sec. to process 741932 events. Rate = 1598.4 Hz.
Copying output files to EOS: /eos/user/o/olfimbre/NanoAOD_Filtered/DYJetsToLL_M-50_TuneCP5_13p6TeV-madgraphMLM-pythia8_Run3Summer22NanoAODv12-ALCARECO_forPOG_130X_mcRun3_2022_realistic_v5_ext1-v2_NANOAODSIM
Job finished on Tue Mar  4 00:08:46 CET 2025
