000 (16781426.009.000) 03/04 00:13:24 Job submitted from host: <188.185.72.155:9618?addrs=188.185.72.155-9618+[2001-1458-d00-8--100-95]-9618&alias=bigbird08.cern.ch&noUDP&sock=schedd_862983_22fa>
...
040 (16781426.009.000) 03/04 00:13:53 Started transferring input files
	Transferring to host: <188.185.194.183:9618?addrs=188.185.194.183-9618+[2001-1458-303-21--100-b3]-9618&alias=b9p20p6512.cern.ch&noUDP&sock=slot1_16_6511_56a2_100296>
...
040 (16781426.009.000) 03/04 00:13:53 Finished transferring input files
...
001 (16781426.009.000) 03/04 00:13:54 Job executing on host: <188.185.194.183:9618?addrs=188.185.194.183-9618+[2001-1458-303-21--100-b3]-9618&alias=b9p20p6512.cern.ch&noUDP&sock=startd_4984_301b>
	SlotName: slot1_16@b9p20p6512.cern.ch
	CondorScratchDir = "/pool/condor/dir_1075891"
	Cpus = 1
	Disk = 2099916
	GPUs = 0
	Memory = 3000
...
006 (16781426.009.000) 03/04 00:14:03 Image size of job updated: 11096
	11  -  MemoryUsage of job (MB)
	11096  -  ResidentSetSize of job (KB)
...
006 (16781426.009.000) 03/04 00:19:04 Image size of job updated: 75084
	74  -  MemoryUsage of job (MB)
	75084  -  ResidentSetSize of job (KB)
...
040 (16781426.009.000) 03/04 00:30:53 Started transferring output files
...
040 (16781426.009.000) 03/04 00:30:53 Finished transferring output files
...
004 (16781426.009.000) 03/04 00:30:53 Job was evicted.
	(0) CPU times
		Usr 0 00:00:11, Sys 0 00:00:04  -  Run Remote Usage
		Usr 0 00:00:00, Sys 0 00:00:00  -  Run Local Usage
	6001  -  Run Bytes Sent By Job
	13321  -  Run Bytes Received By Job
	Partitionable Resources :    Usage  Request Allocated 
	   Cpus                 :     0.00        1         1 
	   Disk (KB)            :    42     2097152   2099916 
	   GPUs                 :                           0 
	   Memory (MB)          :    74        3000      3000 
...
040 (16781426.009.000) 03/04 00:35:24 Started transferring input files
	Transferring to host: <128.142.248.211:9618?addrs=128.142.248.211-9618+[2001-1458-301-73--100-d2]-9618&alias=b9g23p8105.cern.ch&noUDP&sock=slot1_7_3960_ed9a_19370>
...
040 (16781426.009.000) 03/04 00:35:24 Finished transferring input files
...
001 (16781426.009.000) 03/04 00:35:25 Job executing on host: <128.142.248.211:9618?addrs=128.142.248.211-9618+[2001-1458-301-73--100-d2]-9618&alias=b9g23p8105.cern.ch&noUDP&sock=startd_3229_6765>
	SlotName: slot1_7@b9g23p8105.cern.ch
	CondorScratchDir = "/pool/condor/dir_661018"
	Cpus = 1
	Disk = 2099889
	GPUs = 0
	Memory = 3000
...
040 (16781426.009.000) 03/04 00:47:26 Started transferring output files
...
040 (16781426.009.000) 03/04 00:47:26 Finished transferring output files
...
005 (16781426.009.000) 03/04 00:47:26 Job terminated.
	(1) Normal termination (return value 0)
		Usr 0 00:00:11, Sys 0 00:00:04  -  Run Remote Usage
		Usr 0 00:00:00, Sys 0 00:00:00  -  Run Local Usage
		Usr 0 00:00:22, Sys 0 00:00:08  -  Total Remote Usage
		Usr 0 00:00:00, Sys 0 00:00:00  -  Total Local Usage
	1172  -  Run Bytes Sent By Job
	19322  -  Run Bytes Received By Job
	7173  -  Total Bytes Sent By Job
	32643  -  Total Bytes Received By Job
	Partitionable Resources :    Usage  Request Allocated 
	   Cpus                 :     0.01        1         1 
	   Disk (KB)            :    44     2097152   2099889 
	   GPUs                 :                           0 
	   Memory (MB)          :    98        3000      3000 

	Job terminated of its own accord at 2025-03-03T23:47:26Z with exit-code 0.
...
