000 (16790437.002.000) 03/04 19:37:51 Job submitted from host: <188.185.72.155:9618?addrs=188.185.72.155-9618+[2001-1458-d00-8--100-95]-9618&alias=bigbird08.cern.ch&noUDP&sock=schedd_862983_22fa>
...
040 (16790437.002.000) 03/04 19:39:59 Started transferring input files
	Transferring to host: <128.142.161.114:9618?addrs=128.142.161.114-9618+[2001-1458-301-b8--100-30]-9618&alias=b9g03p3124.cern.ch&noUDP&sock=slot1_18_3885209_f680_9843>
...
040 (16790437.002.000) 03/04 19:39:59 Finished transferring input files
...
001 (16790437.002.000) 03/04 19:40:00 Job executing on host: <128.142.161.114:9618?addrs=128.142.161.114-9618+[2001-1458-301-b8--100-30]-9618&alias=b9g03p3124.cern.ch&noUDP&sock=startd_3212_be49>
	SlotName: slot1_18@b9g03p3124.cern.ch
	CondorScratchDir = "/pool/condor/dir_3099102"
	Cpus = 1
	Disk = 2097376
	GPUs = 0
	Memory = 3000
...
006 (16790437.002.000) 03/04 19:40:13 Image size of job updated: 150812
	148  -  MemoryUsage of job (MB)
	150812  -  ResidentSetSize of job (KB)
...
006 (16790437.002.000) 03/04 19:44:19 Image size of job updated: 409840
	148  -  MemoryUsage of job (MB)
	150812  -  ResidentSetSize of job (KB)
...
040 (16790437.002.000) 03/04 19:44:19 Started transferring output files
...
040 (16790437.002.000) 03/04 19:44:19 Finished transferring output files
...
005 (16790437.002.000) 03/04 19:44:19 Job terminated.
	(1) Normal termination (return value 0)
		Usr 0 00:01:01, Sys 0 00:00:03  -  Run Remote Usage
		Usr 0 00:00:00, Sys 0 00:00:00  -  Run Local Usage
		Usr 0 00:01:01, Sys 0 00:00:03  -  Total Remote Usage
		Usr 0 00:00:00, Sys 0 00:00:00  -  Total Local Usage
	6592  -  Run Bytes Sent By Job
	13324  -  Run Bytes Received By Job
	6592  -  Total Bytes Sent By Job
	13324  -  Total Bytes Received By Job
	Partitionable Resources :    Usage  Request Allocated 
	   Cpus                 :        0        1         1 
	   Disk (KB)            :       42  2097152   2097376 
	   GPUs                 :                           0 
	   Memory (MB)          :      148     3000      3000 

	Job terminated of its own accord at 2025-03-04T18:44:19Z with exit-code 0.
...
