000 (16781426.019.000) 03/04 00:13:24 Job submitted from host: <188.185.72.155:9618?addrs=188.185.72.155-9618+[2001-1458-d00-8--100-95]-9618&alias=bigbird08.cern.ch&noUDP&sock=schedd_862983_22fa>
...
040 (16781426.019.000) 03/04 00:13:57 Started transferring input files
	Transferring to host: <188.185.193.19:9618?addrs=188.185.193.19-9618+[2001-1458-303-20--100-f]-9618&alias=b9p19p4256.cern.ch&noUDP&sock=slot1_35_7721_e493_26135>
...
040 (16781426.019.000) 03/04 00:13:57 Finished transferring input files
...
001 (16781426.019.000) 03/04 00:13:58 Job executing on host: <188.185.193.19:9618?addrs=188.185.193.19-9618+[2001-1458-303-20--100-f]-9618&alias=b9p19p4256.cern.ch&noUDP&sock=startd_6356_440b>
	SlotName: slot1_35@b9p19p4256.cern.ch
	CondorScratchDir = "/pool/condor/dir_1193261"
	Cpus = 1
	Disk = 2099866
	GPUs = 0
	Memory = 3000
...
006 (16781426.019.000) 03/04 00:14:11 Image size of job updated: 6740
	7  -  MemoryUsage of job (MB)
	6740  -  ResidentSetSize of job (KB)
...
006 (16781426.019.000) 03/04 00:19:11 Image size of job updated: 50944
	47  -  MemoryUsage of job (MB)
	47888  -  ResidentSetSize of job (KB)
...
006 (16781426.019.000) 03/04 00:24:12 Image size of job updated: 59224
	57  -  MemoryUsage of job (MB)
	58212  -  ResidentSetSize of job (KB)
...
006 (16781426.019.000) 03/04 00:29:12 Image size of job updated: 75620
	57  -  MemoryUsage of job (MB)
	58212  -  ResidentSetSize of job (KB)
...
040 (16781426.019.000) 03/04 00:30:54 Started transferring output files
...
040 (16781426.019.000) 03/04 00:30:54 Finished transferring output files
...
004 (16781426.019.000) 03/04 00:30:54 Job was evicted.
	(0) CPU times
		Usr 0 00:00:11, Sys 0 00:00:04  -  Run Remote Usage
		Usr 0 00:00:00, Sys 0 00:00:00  -  Run Local Usage
	6003  -  Run Bytes Sent By Job
	13321  -  Run Bytes Received By Job
	Partitionable Resources :    Usage  Request Allocated 
	   Cpus                 :     0.00        1         1 
	   Disk (KB)            :    42     2097152   2099866 
	   GPUs                 :                           0 
	   Memory (MB)          :    57        3000      3000 
...
040 (16781426.019.000) 03/04 00:35:26 Started transferring input files
	Transferring to host: <188.185.192.26:9618?addrs=188.185.192.26-9618+[2001-1458-303-1f--100-16]-9618&alias=b9p13p7848.cern.ch&noUDP&sock=slot1_12_3759610_1aec_82641>
...
040 (16781426.019.000) 03/04 00:35:26 Finished transferring input files
...
001 (16781426.019.000) 03/04 00:35:27 Job executing on host: <188.185.192.26:9618?addrs=188.185.192.26-9618+[2001-1458-303-1f--100-16]-9618&alias=b9p13p7848.cern.ch&noUDP&sock=startd_5543_9d8c>
	SlotName: slot1_12@b9p13p7848.cern.ch
	CondorScratchDir = "/pool/condor/dir_1625670"
	Cpus = 1
	Disk = 2099977
	GPUs = 0
	Memory = 3000
...
006 (16781426.019.000) 03/04 00:40:37 Image size of job updated: 408220
	399  -  MemoryUsage of job (MB)
	408220  -  ResidentSetSize of job (KB)
...
040 (16781426.019.000) 03/04 00:47:41 Started transferring output files
...
040 (16781426.019.000) 03/04 00:47:42 Finished transferring output files
...
005 (16781426.019.000) 03/04 00:47:42 Job terminated.
	(1) Normal termination (return value 0)
		Usr 0 00:00:11, Sys 0 00:00:05  -  Run Remote Usage
		Usr 0 00:00:00, Sys 0 00:00:00  -  Run Local Usage
		Usr 0 00:00:22, Sys 0 00:00:09  -  Total Remote Usage
		Usr 0 00:00:00, Sys 0 00:00:00  -  Total Local Usage
	1174  -  Run Bytes Sent By Job
	19324  -  Run Bytes Received By Job
	7177  -  Total Bytes Sent By Job
	32645  -  Total Bytes Received By Job
	Partitionable Resources :    Usage  Request Allocated 
	   Cpus                 :     0.01        1         1 
	   Disk (KB)            :    44     2097152   2099977 
	   GPUs                 :                           0 
	   Memory (MB)          :   399        3000      3000 

	Job terminated of its own accord at 2025-03-03T23:47:41Z with exit-code 0.
...
