000 (16798628.002.000) 03/06 22:38:07 Job submitted from host: <188.185.72.155:9618?addrs=188.185.72.155-9618+[2001-1458-d00-8--100-95]-9618&alias=bigbird08.cern.ch&noUDP&sock=schedd_1954698_d259>
...
040 (16798628.002.000) 03/06 22:38:58 Started transferring input files
	Transferring to host: <188.185.193.30:9618?addrs=188.185.193.30-9618+[2001-1458-303-20--100-1a]-9618&alias=b9p19p1185.cern.ch&noUDP&sock=slot1_46_2496289_2ce0_26935>
...
040 (16798628.002.000) 03/06 22:38:58 Finished transferring input files
...
001 (16798628.002.000) 03/06 22:38:59 Job executing on host: <188.185.193.30:9618?addrs=188.185.193.30-9618+[2001-1458-303-20--100-1a]-9618&alias=b9p19p1185.cern.ch&noUDP&sock=startd_3262_0a06>
	SlotName: slot1_46@b9p19p1185.cern.ch
	CondorScratchDir = "/pool/condor/dir_3384791"
	Cpus = 1
	Disk = 2099893
	GPUs = 0
	Memory = 3000
...
006 (16798628.002.000) 03/06 22:39:08 Image size of job updated: 1812
	2  -  MemoryUsage of job (MB)
	1812  -  ResidentSetSize of job (KB)
...
006 (16798628.002.000) 03/06 22:39:59 Image size of job updated: 238940
	234  -  MemoryUsage of job (MB)
	238940  -  ResidentSetSize of job (KB)
...
040 (16798628.002.000) 03/06 22:39:59 Started transferring output files
...
040 (16798628.002.000) 03/06 22:39:59 Finished transferring output files
...
005 (16798628.002.000) 03/06 22:39:59 Job terminated.
	(1) Normal termination (return value 0)
		Usr 0 00:00:20, Sys 0 00:00:01  -  Run Remote Usage
		Usr 0 00:00:00, Sys 0 00:00:00  -  Run Local Usage
		Usr 0 00:00:20, Sys 0 00:00:01  -  Total Remote Usage
		Usr 0 00:00:00, Sys 0 00:00:00  -  Total Local Usage
	6748  -  Run Bytes Sent By Job
	15440  -  Run Bytes Received By Job
	6748  -  Total Bytes Sent By Job
	15440  -  Total Bytes Received By Job
	Partitionable Resources :    Usage  Request Allocated 
	   Cpus                 :        0        1         1 
	   Disk (KB)            :       44  2097152   2099893 
	   GPUs                 :                           0 
	   Memory (MB)          :      234     3000      3000 

	Job terminated of its own accord at 2025-03-06T21:39:59Z with exit-code 0.
...
