000 (16788267.002.000) 03/04 07:01:55 Job submitted from host: <188.185.72.155:9618?addrs=188.185.72.155-9618+[2001-1458-d00-8--100-95]-9618&alias=bigbird08.cern.ch&noUDP&sock=schedd_862983_22fa>
...
040 (16788267.002.000) 03/04 07:05:21 Started transferring input files
	Transferring to host: <188.185.198.182:9618?addrs=188.185.198.182-9618+[2001-1458-303-25--100-b2]-9618&alias=b9p15p4694.cern.ch&noUDP&sock=slot1_35_9434_db39_103174>
...
040 (16788267.002.000) 03/04 07:05:21 Finished transferring input files
...
001 (16788267.002.000) 03/04 07:05:22 Job executing on host: <188.185.198.182:9618?addrs=188.185.198.182-9618+[2001-1458-303-25--100-b2]-9618&alias=b9p15p4694.cern.ch&noUDP&sock=startd_8257_3195>
	SlotName: slot1_35@b9p15p4694.cern.ch
	CondorScratchDir = "/pool/condor/dir_2851720"
	Cpus = 1
	Disk = 2100041
	GPUs = 0
	Memory = 3000
...
006 (16788267.002.000) 03/04 07:05:30 Image size of job updated: 77424
	76  -  MemoryUsage of job (MB)
	77424  -  ResidentSetSize of job (KB)
...
006 (16788267.002.000) 03/04 07:05:35 Image size of job updated: 358640
	351  -  MemoryUsage of job (MB)
	358640  -  ResidentSetSize of job (KB)
...
040 (16788267.002.000) 03/04 07:05:35 Started transferring output files
...
040 (16788267.002.000) 03/04 07:05:35 Finished transferring output files
...
005 (16788267.002.000) 03/04 07:05:35 Job terminated.
	(1) Normal termination (return value 0)
		Usr 0 00:00:06, Sys 0 00:00:01  -  Run Remote Usage
		Usr 0 00:00:00, Sys 0 00:00:00  -  Run Local Usage
		Usr 0 00:00:06, Sys 0 00:00:01  -  Total Remote Usage
		Usr 0 00:00:00, Sys 0 00:00:00  -  Total Local Usage
	6142  -  Run Bytes Sent By Job
	13317  -  Run Bytes Received By Job
	6142  -  Total Bytes Sent By Job
	13317  -  Total Bytes Received By Job
	Partitionable Resources :    Usage  Request Allocated 
	   Cpus                 :                 1         1 
	   Disk (KB)            :       34  2097152   2100041 
	   GPUs                 :                           0 
	   Memory (MB)          :      351     3000      3000 

	Job terminated of its own accord at 2025-03-04T06:05:35Z with exit-code 0.
...
