Starting job on Tue Mar  4 12:00:25 AM CET 2025
Running on: b9p24p0393.cern.ch
CMSSW environment set up.
DATASET FOLDER: DYJetsToLL_M-50_TuneCP5_13p6TeV-madgraphMLM-pythia8_Run3Summer22NanoAODv12-ALCARECO_forPOG_130X_mcRun3_2022_realistic_v5_ext1-v2_NANOAODSIM 
EOS DIR: /eos/user/o/olfimbre/NanoAOD_Filtered/DYJetsToLL_M-50_TuneCP5_13p6TeV-madgraphMLM-pythia8_Run3Summer22NanoAODv12-ALCARECO_forPOG_130X_mcRun3_2022_realistic_v5_ext1-v2_NANOAODSIM 
Processing file: root://cms-xrd-global.cern.ch//store/mc/Run3Summer22NanoAODv12/DYJetsToLL_M-50_TuneCP5_13p6TeV-madgraphMLM-pythia8/NANOAODSIM/ALCARECO_forPOG_130X_mcRun3_2022_realistic_v5_ext1-v2/50000/0a78bb79-a300-4fce-ae58-8f198054d7a5.root
Will write selected trees to filteredNanoAOD
Pre-select 318927 entries out of 318927 (100.00%)
Processed    10000/  318927 entries,  3.14% (elapsed time     8.4s, curr speed    1.195 kHz, avg speed    1.195 kHz), accepted     2773/   10001 events (27.73%)
Processed    20000/  318927 entries,  6.27% (elapsed time    16.0s, curr speed    1.308 kHz, avg speed    1.249 kHz), accepted     5538/   20001 events (27.69%)
Processed    30000/  318927 entries,  9.41% (elapsed time    23.5s, curr speed    1.335 kHz, avg speed    1.276 kHz), accepted     8233/   30001 events (27.44%)
Processed    40000/  318927 entries, 12.54% (elapsed time    28.4s, curr speed    2.023 kHz, avg speed    1.406 kHz), accepted    10981/   40001 events (27.45%)
Processed    50000/  318927 entries, 15.68% (elapsed time    36.3s, curr speed    1.275 kHz, avg speed    1.378 kHz), accepted    13650/   50001 events (27.30%)
Processed    60000/  318927 entries, 18.81% (elapsed time    44.5s, curr speed    1.218 kHz, avg speed    1.348 kHz), accepted    16389/   60001 events (27.31%)
Processed    70000/  318927 entries, 21.95% (elapsed time    49.9s, curr speed    1.848 kHz, avg speed    1.403 kHz), accepted    19246/   70001 events (27.49%)
Processed    80000/  318927 entries, 25.08% (elapsed time    57.4s, curr speed    1.329 kHz, avg speed    1.393 kHz), accepted    22072/   80001 events (27.59%)
Processed    90000/  318927 entries, 28.22% (elapsed time    65.2s, curr speed    1.281 kHz, avg speed    1.379 kHz), accepted    24806/   90001 events (27.56%)
Processed   100000/  318927 entries, 31.36% (elapsed time    70.3s, curr speed    1.979 kHz, avg speed    1.423 kHz), accepted    27573/  100001 events (27.57%)
Processed   110000/  318927 entries, 34.49% (elapsed time    78.1s, curr speed    1.281 kHz, avg speed    1.408 kHz), accepted    30356/  110001 events (27.60%)
Processed   120000/  318927 entries, 37.63% (elapsed time    86.0s, curr speed    1.263 kHz, avg speed    1.395 kHz), accepted    33099/  120001 events (27.58%)
Processed   130000/  318927 entries, 40.76% (elapsed time    90.8s, curr speed    2.071 kHz, avg speed    1.431 kHz), accepted    35892/  130001 events (27.61%)
Processed   140000/  318927 entries, 43.90% (elapsed time    98.5s, curr speed    1.303 kHz, avg speed    1.421 kHz), accepted    38600/  140001 events (27.57%)
Processed   150000/  318927 entries, 47.03% (elapsed time   106.1s, curr speed    1.327 kHz, avg speed    1.414 kHz), accepted    41403/  150001 events (27.60%)
Processed   160000/  318927 entries, 50.17% (elapsed time   110.4s, curr speed    2.301 kHz, avg speed    1.449 kHz), accepted    44140/  160001 events (27.59%)
Processed   170000/  318927 entries, 53.30% (elapsed time   118.5s, curr speed    1.235 kHz, avg speed    1.435 kHz), accepted    46874/  170001 events (27.57%)
Processed   180000/  318927 entries, 56.44% (elapsed time   126.0s, curr speed    1.328 kHz, avg speed    1.428 kHz), accepted    49531/  180001 events (27.52%)
Processed   190000/  318927 entries, 59.57% (elapsed time   130.4s, curr speed    2.291 kHz, avg speed    1.457 kHz), accepted    52312/  190001 events (27.53%)
Processed   200000/  318927 entries, 62.71% (elapsed time   138.1s, curr speed    1.306 kHz, avg speed    1.449 kHz), accepted    55127/  200001 events (27.56%)
Processed   210000/  318927 entries, 65.85% (elapsed time   146.0s, curr speed    1.261 kHz, avg speed    1.438 kHz), accepted    57863/  210001 events (27.55%)
Processed   220000/  318927 entries, 68.98% (elapsed time   150.6s, curr speed    2.155 kHz, avg speed    1.461 kHz), accepted    60537/  220001 events (27.52%)
Processed   230000/  318927 entries, 72.12% (elapsed time   159.0s, curr speed    1.196 kHz, avg speed    1.447 kHz), accepted    63350/  230001 events (27.54%)
Processed   240000/  318927 entries, 75.25% (elapsed time   166.3s, curr speed    1.371 kHz, avg speed    1.443 kHz), accepted    66131/  240001 events (27.55%)
Processed   250000/  318927 entries, 78.39% (elapsed time   173.8s, curr speed    1.335 kHz, avg speed    1.439 kHz), accepted    68853/  250001 events (27.54%)
Processed   260000/  318927 entries, 81.52% (elapsed time   182.1s, curr speed    1.207 kHz, avg speed    1.428 kHz), accepted    71564/  260001 events (27.52%)
Processed   270000/  318927 entries, 84.66% (elapsed time   190.4s, curr speed    1.203 kHz, avg speed    1.418 kHz), accepted    74314/  270001 events (27.52%)
Processed   280000/  318927 entries, 87.79% (elapsed time   197.1s, curr speed    1.488 kHz, avg speed    1.421 kHz), accepted    77079/  280001 events (27.53%)
Processed   290000/  318927 entries, 90.93% (elapsed time   205.5s, curr speed    1.193 kHz, avg speed    1.411 kHz), accepted    79849/  290001 events (27.53%)
Processed   300000/  318927 entries, 94.07% (elapsed time   213.9s, curr speed    1.193 kHz, avg speed    1.403 kHz), accepted    82527/  300001 events (27.51%)
Processed   310000/  318927 entries, 97.20% (elapsed time   219.9s, curr speed    1.648 kHz, avg speed    1.410 kHz), accepted    85269/  310001 events (27.51%)
Processed 318927 preselected entries from root://cms-xrd-global.cern.ch//store/mc/Run3Summer22NanoAODv12/DYJetsToLL_M-50_TuneCP5_13p6TeV-madgraphMLM-pythia8/NANOAODSIM/ALCARECO_forPOG_130X_mcRun3_2022_realistic_v5_ext1-v2/50000/0a78bb79-a300-4fce-ae58-8f198054d7a5.root (318927 entries). Finally selected 87740 entries
Done filteredNanoAOD/0a78bb79-a300-4fce-ae58-8f198054d7a5_Skim.root
Total time 378.5 sec. to process 318927 events. Rate = 842.6 Hz.
Copying output files to EOS: /eos/user/o/olfimbre/NanoAOD_Filtered/DYJetsToLL_M-50_TuneCP5_13p6TeV-madgraphMLM-pythia8_Run3Summer22NanoAODv12-ALCARECO_forPOG_130X_mcRun3_2022_realistic_v5_ext1-v2_NANOAODSIM
Job finished on Tue Mar  4 00:07:34 CET 2025
