Starting job on Tue Mar  4 12:00:14 AM CET 2025
Running on: b9p10p2529.cern.ch
CMSSW environment set up.
DATASET FOLDER: DYJetsToLL_M-50_TuneCP5_13p6TeV-madgraphMLM-pythia8_Run3Summer22NanoAODv12-ALCARECO_forPOG_130X_mcRun3_2022_realistic_v5_ext1-v2_NANOAODSIM 
EOS DIR: /eos/user/o/olfimbre/NanoAOD_Filtered/DYJetsToLL_M-50_TuneCP5_13p6TeV-madgraphMLM-pythia8_Run3Summer22NanoAODv12-ALCARECO_forPOG_130X_mcRun3_2022_realistic_v5_ext1-v2_NANOAODSIM 
Processing file: root://cms-xrd-global.cern.ch//store/mc/Run3Summer22NanoAODv12/DYJetsToLL_M-50_TuneCP5_13p6TeV-madgraphMLM-pythia8/NANOAODSIM/ALCARECO_forPOG_130X_mcRun3_2022_realistic_v5_ext1-v2/30000/be5bbdc6-7ad4-46df-ab8a-db9e6ec5e637.root
Will write selected trees to filteredNanoAOD
Pre-select 912529 entries out of 912529 (100.00%)
Processed    10000/  912529 entries,  1.10% (elapsed time     6.3s, curr speed    1.586 kHz, avg speed    1.586 kHz), accepted     2687/   10001 events (26.87%)
Processed    20000/  912529 entries,  2.19% (elapsed time    13.6s, curr speed    1.375 kHz, avg speed    1.473 kHz), accepted     5379/   20001 events (26.89%)
Processed    30000/  912529 entries,  3.29% (elapsed time    19.2s, curr speed    1.793 kHz, avg speed    1.566 kHz), accepted     8155/   30001 events (27.18%)
Processed    40000/  912529 entries,  4.38% (elapsed time    25.7s, curr speed    1.524 kHz, avg speed    1.555 kHz), accepted    10918/   40001 events (27.29%)
Processed    50000/  912529 entries,  5.48% (elapsed time    33.3s, curr speed    1.317 kHz, avg speed    1.501 kHz), accepted    13697/   50001 events (27.39%)
Processed    60000/  912529 entries,  6.58% (elapsed time    39.1s, curr speed    1.737 kHz, avg speed    1.536 kHz), accepted    16475/   60001 events (27.46%)
Processed    70000/  912529 entries,  7.67% (elapsed time    45.8s, curr speed    1.474 kHz, avg speed    1.527 kHz), accepted    19149/   70001 events (27.36%)
Processed    80000/  912529 entries,  8.77% (elapsed time    53.2s, curr speed    1.355 kHz, avg speed    1.503 kHz), accepted    21897/   80001 events (27.37%)
Processed    90000/  912529 entries,  9.86% (elapsed time    59.1s, curr speed    1.715 kHz, avg speed    1.524 kHz), accepted    24624/   90001 events (27.36%)
Processed   100000/  912529 entries, 10.96% (elapsed time    65.7s, curr speed    1.512 kHz, avg speed    1.523 kHz), accepted    27410/  100001 events (27.41%)
Processed   110000/  912529 entries, 12.05% (elapsed time    73.0s, curr speed    1.363 kHz, avg speed    1.507 kHz), accepted    30158/  110001 events (27.42%)
Processed   120000/  912529 entries, 13.15% (elapsed time    79.1s, curr speed    1.655 kHz, avg speed    1.518 kHz), accepted    32946/  120001 events (27.45%)
Processed   130000/  912529 entries, 14.25% (elapsed time    85.6s, curr speed    1.534 kHz, avg speed    1.519 kHz), accepted    35743/  130001 events (27.49%)
Processed   140000/  912529 entries, 15.34% (elapsed time    93.1s, curr speed    1.334 kHz, avg speed    1.504 kHz), accepted    38501/  140001 events (27.50%)
Processed   150000/  912529 entries, 16.44% (elapsed time    98.1s, curr speed    2.007 kHz, avg speed    1.530 kHz), accepted    41177/  150001 events (27.45%)
Processed   160000/  912529 entries, 17.53% (elapsed time   104.8s, curr speed    1.481 kHz, avg speed    1.527 kHz), accepted    43940/  160001 events (27.46%)
Processed   170000/  912529 entries, 18.63% (elapsed time   112.5s, curr speed    1.306 kHz, avg speed    1.512 kHz), accepted    46656/  170001 events (27.44%)
Processed   180000/  912529 entries, 19.73% (elapsed time   116.8s, curr speed    2.291 kHz, avg speed    1.541 kHz), accepted    49415/  180001 events (27.45%)
Processed   190000/  912529 entries, 20.82% (elapsed time   124.4s, curr speed    1.320 kHz, avg speed    1.527 kHz), accepted    52056/  190001 events (27.40%)
Processed   200000/  912529 entries, 21.92% (elapsed time   132.0s, curr speed    1.319 kHz, avg speed    1.515 kHz), accepted    54837/  200001 events (27.42%)
Processed   210000/  912529 entries, 23.01% (elapsed time   136.2s, curr speed    2.380 kHz, avg speed    1.542 kHz), accepted    57630/  210001 events (27.44%)
Processed   220000/  912529 entries, 24.11% (elapsed time   144.1s, curr speed    1.266 kHz, avg speed    1.527 kHz), accepted    60408/  220001 events (27.46%)
Processed   230000/  912529 entries, 25.20% (elapsed time   151.9s, curr speed    1.285 kHz, avg speed    1.514 kHz), accepted    63141/  230001 events (27.45%)
Processed   240000/  912529 entries, 26.30% (elapsed time   156.3s, curr speed    2.251 kHz, avg speed    1.535 kHz), accepted    65896/  240001 events (27.46%)
Processed   250000/  912529 entries, 27.40% (elapsed time   163.9s, curr speed    1.321 kHz, avg speed    1.526 kHz), accepted    68671/  250001 events (27.47%)
Processed   260000/  912529 entries, 28.49% (elapsed time   171.4s, curr speed    1.332 kHz, avg speed    1.517 kHz), accepted    71449/  260001 events (27.48%)
Processed   270000/  912529 entries, 29.59% (elapsed time   175.8s, curr speed    2.250 kHz, avg speed    1.536 kHz), accepted    74240/  270001 events (27.50%)
Processed   280000/  912529 entries, 30.68% (elapsed time   183.9s, curr speed    1.238 kHz, avg speed    1.522 kHz), accepted    77035/  280001 events (27.51%)
Processed   290000/  912529 entries, 31.78% (elapsed time   191.7s, curr speed    1.281 kHz, avg speed    1.513 kHz), accepted    79788/  290001 events (27.51%)
Processed   300000/  912529 entries, 32.88% (elapsed time   196.2s, curr speed    2.241 kHz, avg speed    1.529 kHz), accepted    82565/  300001 events (27.52%)
Processed   310000/  912529 entries, 33.97% (elapsed time   203.7s, curr speed    1.326 kHz, avg speed    1.522 kHz), accepted    85306/  310001 events (27.52%)
Processed   320000/  912529 entries, 35.07% (elapsed time   211.5s, curr speed    1.289 kHz, avg speed    1.513 kHz), accepted    87999/  320001 events (27.50%)
Processed   330000/  912529 entries, 36.16% (elapsed time   216.1s, curr speed    2.180 kHz, avg speed    1.527 kHz), accepted    90815/  330001 events (27.52%)
Processed   340000/  912529 entries, 37.26% (elapsed time   223.8s, curr speed    1.288 kHz, avg speed    1.519 kHz), accepted    93546/  340001 events (27.51%)
Processed   350000/  912529 entries, 38.35% (elapsed time   231.0s, curr speed    1.388 kHz, avg speed    1.515 kHz), accepted    96352/  350001 events (27.53%)
Processed   360000/  912529 entries, 39.45% (elapsed time   235.7s, curr speed    2.150 kHz, avg speed    1.527 kHz), accepted    99101/  360001 events (27.53%)
Processed   370000/  912529 entries, 40.55% (elapsed time   243.0s, curr speed    1.368 kHz, avg speed    1.523 kHz), accepted   101816/  370001 events (27.52%)
Processed   380000/  912529 entries, 41.64% (elapsed time   248.6s, curr speed    1.776 kHz, avg speed    1.528 kHz), accepted   104533/  380001 events (27.51%)
Processed   390000/  912529 entries, 42.74% (elapsed time   255.2s, curr speed    1.518 kHz, avg speed    1.528 kHz), accepted   107176/  390001 events (27.48%)
Processed   400000/  912529 entries, 43.83% (elapsed time   262.6s, curr speed    1.361 kHz, avg speed    1.523 kHz), accepted   109929/  400001 events (27.48%)
Processed   410000/  912529 entries, 44.93% (elapsed time   267.7s, curr speed    1.956 kHz, avg speed    1.532 kHz), accepted   112642/  410001 events (27.47%)
Processed   420000/  912529 entries, 46.03% (elapsed time   274.3s, curr speed    1.507 kHz, avg speed    1.531 kHz), accepted   115351/  420001 events (27.46%)
Processed   430000/  912529 entries, 47.12% (elapsed time   282.1s, curr speed    1.288 kHz, avg speed    1.524 kHz), accepted   118101/  430001 events (27.47%)
Processed   440000/  912529 entries, 48.22% (elapsed time   287.3s, curr speed    1.911 kHz, avg speed    1.531 kHz), accepted   120939/  440001 events (27.49%)
Processed   450000/  912529 entries, 49.31% (elapsed time   293.9s, curr speed    1.514 kHz, avg speed    1.531 kHz), accepted   123611/  450001 events (27.47%)
Processed   460000/  912529 entries, 50.41% (elapsed time   301.4s, curr speed    1.343 kHz, avg speed    1.526 kHz), accepted   126330/  460001 events (27.46%)
Processed   470000/  912529 entries, 51.51% (elapsed time   307.2s, curr speed    1.709 kHz, avg speed    1.530 kHz), accepted   129048/  470001 events (27.46%)
Processed   480000/  912529 entries, 52.60% (elapsed time   313.8s, curr speed    1.527 kHz, avg speed    1.530 kHz), accepted   131851/  480001 events (27.47%)
Processed   490000/  912529 entries, 53.70% (elapsed time   321.1s, curr speed    1.356 kHz, avg speed    1.526 kHz), accepted   134519/  490001 events (27.45%)
Processed   500000/  912529 entries, 54.79% (elapsed time   326.2s, curr speed    1.970 kHz, avg speed    1.533 kHz), accepted   137291/  500001 events (27.46%)
Processed   510000/  912529 entries, 55.89% (elapsed time   333.5s, curr speed    1.377 kHz, avg speed    1.529 kHz), accepted   139983/  510001 events (27.45%)
Processed   520000/  912529 entries, 56.98% (elapsed time   340.8s, curr speed    1.366 kHz, avg speed    1.526 kHz), accepted   142770/  520001 events (27.46%)
Processed   530000/  912529 entries, 58.08% (elapsed time   346.0s, curr speed    1.913 kHz, avg speed    1.532 kHz), accepted   145489/  530001 events (27.45%)
Processed   540000/  912529 entries, 59.18% (elapsed time   353.5s, curr speed    1.340 kHz, avg speed    1.528 kHz), accepted   148281/  540001 events (27.46%)
Processed   550000/  912529 entries, 60.27% (elapsed time   361.0s, curr speed    1.325 kHz, avg speed    1.523 kHz), accepted   151010/  550001 events (27.46%)
Processed   560000/  912529 entries, 61.37% (elapsed time   365.8s, curr speed    2.114 kHz, avg speed    1.531 kHz), accepted   153721/  560001 events (27.45%)
Processed   570000/  912529 entries, 62.46% (elapsed time   373.1s, curr speed    1.368 kHz, avg speed    1.528 kHz), accepted   156419/  570001 events (27.44%)
Processed   580000/  912529 entries, 63.56% (elapsed time   380.4s, curr speed    1.371 kHz, avg speed    1.525 kHz), accepted   159188/  580001 events (27.45%)
Processed   590000/  912529 entries, 64.66% (elapsed time   385.1s, curr speed    2.106 kHz, avg speed    1.532 kHz), accepted   161919/  590001 events (27.44%)
Processed   600000/  912529 entries, 65.75% (elapsed time   392.3s, curr speed    1.393 kHz, avg speed    1.529 kHz), accepted   164677/  600001 events (27.45%)
Processed   610000/  912529 entries, 66.85% (elapsed time   399.7s, curr speed    1.340 kHz, avg speed    1.526 kHz), accepted   167441/  610001 events (27.45%)
Processed   620000/  912529 entries, 67.94% (elapsed time   404.2s, curr speed    2.225 kHz, avg speed    1.534 kHz), accepted   170187/  620001 events (27.45%)
Processed   630000/  912529 entries, 69.04% (elapsed time   411.5s, curr speed    1.378 kHz, avg speed    1.531 kHz), accepted   172903/  630001 events (27.44%)
Processed   640000/  912529 entries, 70.13% (elapsed time   419.6s, curr speed    1.227 kHz, avg speed    1.525 kHz), accepted   175606/  640001 events (27.44%)
Processed   650000/  912529 entries, 71.23% (elapsed time   424.2s, curr speed    2.204 kHz, avg speed    1.532 kHz), accepted   178339/  650001 events (27.44%)
Processed   660000/  912529 entries, 72.33% (elapsed time   431.6s, curr speed    1.344 kHz, avg speed    1.529 kHz), accepted   181164/  660001 events (27.45%)
Processed   670000/  912529 entries, 73.42% (elapsed time   439.6s, curr speed    1.257 kHz, avg speed    1.524 kHz), accepted   183907/  670001 events (27.45%)
Processed   680000/  912529 entries, 74.52% (elapsed time   444.2s, curr speed    2.178 kHz, avg speed    1.531 kHz), accepted   186627/  680001 events (27.45%)
Processed   690000/  912529 entries, 75.61% (elapsed time   451.4s, curr speed    1.390 kHz, avg speed    1.529 kHz), accepted   189444/  690001 events (27.46%)
Processed   700000/  912529 entries, 76.71% (elapsed time   459.3s, curr speed    1.253 kHz, avg speed    1.524 kHz), accepted   192250/  700001 events (27.46%)
Processed   710000/  912529 entries, 77.81% (elapsed time   463.7s, curr speed    2.276 kHz, avg speed    1.531 kHz), accepted   194952/  710001 events (27.46%)
Processed   720000/  912529 entries, 78.90% (elapsed time   471.2s, curr speed    1.340 kHz, avg speed    1.528 kHz), accepted   197750/  720001 events (27.47%)
Processed   730000/  912529 entries, 80.00% (elapsed time   476.9s, curr speed    1.739 kHz, avg speed    1.531 kHz), accepted   200570/  730001 events (27.48%)
Processed   740000/  912529 entries, 81.09% (elapsed time   483.7s, curr speed    1.479 kHz, avg speed    1.530 kHz), accepted   203322/  740001 events (27.48%)
Processed   750000/  912529 entries, 82.19% (elapsed time   491.1s, curr speed    1.345 kHz, avg speed    1.527 kHz), accepted   206053/  750001 events (27.47%)
Processed   760000/  912529 entries, 83.29% (elapsed time   497.0s, curr speed    1.722 kHz, avg speed    1.529 kHz), accepted   208771/  760001 events (27.47%)
Processed   770000/  912529 entries, 84.38% (elapsed time   503.0s, curr speed    1.664 kHz, avg speed    1.531 kHz), accepted   211540/  770001 events (27.47%)
Processed   780000/  912529 entries, 85.48% (elapsed time   510.7s, curr speed    1.300 kHz, avg speed    1.527 kHz), accepted   214275/  780001 events (27.47%)
Processed   790000/  912529 entries, 86.57% (elapsed time   516.0s, curr speed    1.863 kHz, avg speed    1.531 kHz), accepted   217022/  790001 events (27.47%)
Processed   800000/  912529 entries, 87.67% (elapsed time   522.5s, curr speed    1.546 kHz, avg speed    1.531 kHz), accepted   219756/  800001 events (27.47%)
Processed   810000/  912529 entries, 88.76% (elapsed time   530.4s, curr speed    1.261 kHz, avg speed    1.527 kHz), accepted   222493/  810001 events (27.47%)
Processed   820000/  912529 entries, 89.86% (elapsed time   535.4s, curr speed    1.999 kHz, avg speed    1.532 kHz), accepted   225279/  820001 events (27.47%)
Processed   830000/  912529 entries, 90.96% (elapsed time   542.4s, curr speed    1.440 kHz, avg speed    1.530 kHz), accepted   227961/  830001 events (27.47%)
Processed   840000/  912529 entries, 92.05% (elapsed time   549.9s, curr speed    1.320 kHz, avg speed    1.527 kHz), accepted   230727/  840001 events (27.47%)
Processed   850000/  912529 entries, 93.15% (elapsed time   554.5s, curr speed    2.184 kHz, avg speed    1.533 kHz), accepted   233494/  850001 events (27.47%)
Processed   860000/  912529 entries, 94.24% (elapsed time   562.2s, curr speed    1.309 kHz, avg speed    1.530 kHz), accepted   236343/  860001 events (27.48%)
Processed   870000/  912529 entries, 95.34% (elapsed time   569.3s, curr speed    1.391 kHz, avg speed    1.528 kHz), accepted   239099/  870001 events (27.48%)
Processed   880000/  912529 entries, 96.44% (elapsed time   573.7s, curr speed    2.297 kHz, avg speed    1.534 kHz), accepted   241866/  880001 events (27.48%)
Processed   890000/  912529 entries, 97.53% (elapsed time   581.8s, curr speed    1.237 kHz, avg speed    1.530 kHz), accepted   244593/  890001 events (27.48%)
Processed   900000/  912529 entries, 98.63% (elapsed time   588.8s, curr speed    1.425 kHz, avg speed    1.529 kHz), accepted   247359/  900001 events (27.48%)
Processed   910000/  912529 entries, 99.72% (elapsed time   593.7s, curr speed    2.056 kHz, avg speed    1.533 kHz), accepted   250072/  910001 events (27.48%)
Processed 912529 preselected entries from root://cms-xrd-global.cern.ch//store/mc/Run3Summer22NanoAODv12/DYJetsToLL_M-50_TuneCP5_13p6TeV-madgraphMLM-pythia8/NANOAODSIM/ALCARECO_forPOG_130X_mcRun3_2022_realistic_v5_ext1-v2/30000/be5bbdc6-7ad4-46df-ab8a-db9e6ec5e637.root (912529 entries). Finally selected 250788 entries
Done filteredNanoAOD/be5bbdc6-7ad4-46df-ab8a-db9e6ec5e637_Skim.root
Total time 754.4 sec. to process 912529 events. Rate = 1209.6 Hz.
Copying output files to EOS: /eos/user/o/olfimbre/NanoAOD_Filtered/DYJetsToLL_M-50_TuneCP5_13p6TeV-madgraphMLM-pythia8_Run3Summer22NanoAODv12-ALCARECO_forPOG_130X_mcRun3_2022_realistic_v5_ext1-v2_NANOAODSIM
Job finished on Tue Mar  4 00:14:20 CET 2025
