040 (16781425.008.000) 03/04 00:35:28 Started transferring input files
	Transferring to host: <188.185.193.129:9618?addrs=188.185.193.129-9618+[2001-1458-303-20--100-7d]-9618&alias=b9p19p4528.cern.ch&noUDP&sock=slot1_11_3367556_9866_26260>
...
040 (16781425.008.000) 03/04 00:35:28 Finished transferring input files
...
001 (16781425.008.000) 03/04 00:35:29 Job executing on host: <188.185.193.129:9618?addrs=188.185.193.129-9618+[2001-1458-303-20--100-7d]-9618&alias=b9p19p4528.cern.ch&noUDP&sock=startd_5835_e734>
	SlotName: slot1_11@b9p19p4528.cern.ch
	CondorScratchDir = "/pool/condor/dir_3262209"
	Cpus = 1
	Disk = 2099894
	GPUs = 0
	Memory = 3000
...
006 (16781425.008.000) 03/04 00:35:53 Image size of job updated: 336080
	329  -  MemoryUsage of job (MB)
	336080  -  ResidentSetSize of job (KB)
...
040 (16781425.008.000) 03/04 00:35:53 Started transferring output files
...
040 (16781425.008.000) 03/04 00:35:53 Finished transferring output files
...
004 (16781425.008.000) 03/04 00:35:53 Job was evicted.
	(0) CPU times
		Usr 0 00:00:11, Sys 0 00:00:01  -  Run Remote Usage
		Usr 0 00:00:00, Sys 0 00:00:00  -  Run Local Usage
	1127  -  Run Bytes Sent By Job
	33796  -  Run Bytes Received By Job
	Partitionable Resources :    Usage  Request Allocated 
	   Cpus                 :        0        1         1 
	   Disk (KB)            :       44  2097152   2099894 
	   GPUs                 :                           0 
	   Memory (MB)          :      329     3000      3000 
...
040 (16781425.008.000) 03/04 00:36:50 Started transferring input files
	Transferring to host: <188.185.198.49:9618?addrs=188.185.198.49-9618+[2001-1458-303-25--100-2d]-9618&alias=b9p15p7424.cern.ch&noUDP&sock=slot1_21_173624_908d_37297>
...
040 (16781425.008.000) 03/04 00:36:50 Finished transferring input files
...
001 (16781425.008.000) 03/04 00:36:51 Job executing on host: <188.185.198.49:9618?addrs=188.185.198.49-9618+[2001-1458-303-25--100-2d]-9618&alias=b9p15p7424.cern.ch&noUDP&sock=startd_6651_9c7c>
	SlotName: slot1_21@b9p15p7424.cern.ch
	CondorScratchDir = "/pool/condor/dir_554783"
	Cpus = 1
	Disk = 2100025
	GPUs = 0
	Memory = 3000
...
006 (16781425.008.000) 03/04 00:41:59 Image size of job updated: 387580
	379  -  MemoryUsage of job (MB)
	387580  -  ResidentSetSize of job (KB)
...
040 (16781425.008.000) 03/04 00:47:52 Started transferring output files
...
040 (16781425.008.000) 03/04 00:47:52 Finished transferring output files
...
005 (16781425.008.000) 03/04 00:47:53 Job terminated.
	(1) Normal termination (return value 0)
		Usr 0 00:00:10, Sys 0 00:00:04  -  Run Remote Usage
		Usr 0 00:00:00, Sys 0 00:00:00  -  Run Local Usage
		Usr 0 00:06:04, Sys 0 00:00:15  -  Total Remote Usage
		Usr 0 00:00:00, Sys 0 00:00:00  -  Total Local Usage
	1172  -  Run Bytes Sent By Job
	18821  -  Run Bytes Received By Job
	23275  -  Total Bytes Sent By Job
	65405  -  Total Bytes Received By Job
	Partitionable Resources :    Usage  Request Allocated 
	   Cpus                 :     0.00        1         1 
	   Disk (KB)            :    43     2097152   2100025 
	   GPUs                 :                           0 
	   Memory (MB)          :   379        3000      3000 

	Job terminated of its own accord at 2025-03-03T23:47:52Z with exit-code 0.
...
