000 (16811378.004.000) 03/12 23:31:24 Job submitted from host: <188.185.72.155:9618?addrs=188.185.72.155-9618+[2001-1458-d00-8--100-95]-9618&alias=bigbird08.cern.ch&noUDP&sock=schedd_1954698_d259>
...
040 (16811378.004.000) 03/12 23:33:54 Started transferring input files
	Transferring to host: <188.185.192.163:9618?addrs=188.185.192.163-9618+[2001-1458-303-1f--100-9f]-9618&alias=b9p13p3341.cern.ch&noUDP&sock=slot1_38_2721904_5a56_303>
...
040 (16811378.004.000) 03/12 23:33:54 Finished transferring input files
...
001 (16811378.004.000) 03/12 23:33:55 Job executing on host: <188.185.192.163:9618?addrs=188.185.192.163-9618+[2001-1458-303-1f--100-9f]-9618&alias=b9p13p3341.cern.ch&noUDP&sock=startd_8000_e9be>
	SlotName: slot1_38@b9p13p3341.cern.ch
	CondorScratchDir = "/pool/condor/dir_3098551"
	Cpus = 1
	Disk = 2099962
	GPUs = 0
	Memory = 3000
...
022 (16811378.004.000) 03/13 00:36:48 Job disconnected, attempting to reconnect
    Socket between submit and execute hosts closed unexpectedly
    Trying to reconnect to slot1_38@b9p13p3341.cern.ch <188.185.192.163:9618?addrs=188.185.192.163-9618+[2001-1458-303-1f--100-9f]-9618&alias=b9p13p3341.cern.ch&noUDP&sock=startd_8000_e9be>
...
024 (16811378.004.000) 03/13 00:36:48 Job reconnection failed
    Job not found at execution machine
    Can not reconnect to slot1_38@b9p13p3341.cern.ch, rescheduling job
...
040 (16811378.004.000) 03/13 00:39:54 Started transferring input files
	Transferring to host: <188.185.195.82:9618?addrs=188.185.195.82-9618+[2001-1458-303-22--100-4e]-9618&alias=b9p17p8232.cern.ch&noUDP&sock=slot1_26_2420439_fd13_1376>
...
040 (16811378.004.000) 03/13 00:39:54 Finished transferring input files
...
001 (16811378.004.000) 03/13 00:39:55 Job executing on host: <188.185.195.82:9618?addrs=188.185.195.82-9618+[2001-1458-303-22--100-4e]-9618&alias=b9p17p8232.cern.ch&noUDP&sock=startd_8163_b7ae>
	SlotName: slot1_26@b9p17p8232.cern.ch
	CondorScratchDir = "/pool/condor/dir_1600914"
	Cpus = 1
	Disk = 2099926
	GPUs = 0
	Memory = 3000
...
006 (16811378.004.000) 03/13 00:40:08 Image size of job updated: 29428
	29  -  MemoryUsage of job (MB)
	29428  -  ResidentSetSize of job (KB)
...
006 (16811378.004.000) 03/13 00:40:30 Image size of job updated: 218068
	29  -  MemoryUsage of job (MB)
	29660  -  ResidentSetSize of job (KB)
...
040 (16811378.004.000) 03/13 00:40:30 Started transferring output files
...
040 (16811378.004.000) 03/13 00:40:30 Finished transferring output files
...
005 (16811378.004.000) 03/13 00:40:30 Job terminated.
	(1) Normal termination (return value 0)
		Usr 0 00:00:18, Sys 0 00:00:01  -  Run Remote Usage
		Usr 0 00:00:00, Sys 0 00:00:00  -  Run Local Usage
		Usr 0 00:00:18, Sys 0 00:00:01  -  Total Remote Usage
		Usr 0 00:00:00, Sys 0 00:00:00  -  Total Local Usage
	6915  -  Run Bytes Sent By Job
	16801  -  Run Bytes Received By Job
	6915  -  Total Bytes Sent By Job
	33602  -  Total Bytes Received By Job
	Partitionable Resources :    Usage  Request Allocated 
	   Cpus                 :                 1         1 
	   Disk (KB)            :       39  2097152   2099926 
	   GPUs                 :                           0 
	   Memory (MB)          :       29     3000      3000 

	Job terminated of its own accord at 2025-03-12T23:40:30Z with exit-code 0.
...
