Starting job on Tue Mar  4 12:00:11 AM CET 2025
Running on: b9p16p7150.cern.ch
CMSSW environment set up.
DATASET FOLDER: DYJetsToLL_M-50_TuneCP5_13p6TeV-madgraphMLM-pythia8_Run3Summer22NanoAODv12-ALCARECO_forPOG_130X_mcRun3_2022_realistic_v5_ext1-v2_NANOAODSIM 
EOS DIR: /eos/user/o/olfimbre/NanoAOD_Filtered/DYJetsToLL_M-50_TuneCP5_13p6TeV-madgraphMLM-pythia8_Run3Summer22NanoAODv12-ALCARECO_forPOG_130X_mcRun3_2022_realistic_v5_ext1-v2_NANOAODSIM 
Processing file: root://cms-xrd-global.cern.ch//store/mc/Run3Summer22NanoAODv12/DYJetsToLL_M-50_TuneCP5_13p6TeV-madgraphMLM-pythia8/NANOAODSIM/ALCARECO_forPOG_130X_mcRun3_2022_realistic_v5_ext1-v2/30000/33a95892-0117-4582-aa73-eb305e2c376a.root
Will write selected trees to filteredNanoAOD
Pre-select 696981 entries out of 696981 (100.00%)
Processed    10000/  696981 entries,  1.43% (elapsed time     7.1s, curr speed    1.404 kHz, avg speed    1.404 kHz), accepted     2672/   10001 events (26.72%)
Processed    20000/  696981 entries,  2.87% (elapsed time    15.6s, curr speed    1.183 kHz, avg speed    1.284 kHz), accepted     5394/   20001 events (26.97%)
Processed    30000/  696981 entries,  4.30% (elapsed time    22.2s, curr speed    1.499 kHz, avg speed    1.348 kHz), accepted     8119/   30001 events (27.06%)
Processed    40000/  696981 entries,  5.74% (elapsed time    29.7s, curr speed    1.346 kHz, avg speed    1.348 kHz), accepted    10801/   40001 events (27.00%)
Processed    50000/  696981 entries,  7.17% (elapsed time    38.0s, curr speed    1.202 kHz, avg speed    1.316 kHz), accepted    13566/   50001 events (27.13%)
Processed    60000/  696981 entries,  8.61% (elapsed time    44.7s, curr speed    1.488 kHz, avg speed    1.342 kHz), accepted    16337/   60001 events (27.23%)
Processed    70000/  696981 entries, 10.04% (elapsed time    52.2s, curr speed    1.338 kHz, avg speed    1.341 kHz), accepted    19049/   70001 events (27.21%)
Processed    80000/  696981 entries, 11.48% (elapsed time    60.5s, curr speed    1.196 kHz, avg speed    1.321 kHz), accepted    21820/   80001 events (27.27%)
Processed    90000/  696981 entries, 12.91% (elapsed time    66.9s, curr speed    1.571 kHz, avg speed    1.345 kHz), accepted    24533/   90001 events (27.26%)
Processed   100000/  696981 entries, 14.35% (elapsed time    75.3s, curr speed    1.186 kHz, avg speed    1.327 kHz), accepted    27311/  100001 events (27.31%)
Processed   110000/  696981 entries, 15.78% (elapsed time    83.9s, curr speed    1.170 kHz, avg speed    1.311 kHz), accepted    29957/  110001 events (27.23%)
Processed   120000/  696981 entries, 17.22% (elapsed time    90.0s, curr speed    1.626 kHz, avg speed    1.333 kHz), accepted    32712/  120001 events (27.26%)
Processed   130000/  696981 entries, 18.65% (elapsed time    98.7s, curr speed    1.154 kHz, avg speed    1.317 kHz), accepted    35530/  130001 events (27.33%)
Processed   140000/  696981 entries, 20.09% (elapsed time   105.9s, curr speed    1.398 kHz, avg speed    1.322 kHz), accepted    38323/  140001 events (27.37%)
Processed   150000/  696981 entries, 21.52% (elapsed time   113.6s, curr speed    1.293 kHz, avg speed    1.320 kHz), accepted    41066/  150001 events (27.38%)
Processed   160000/  696981 entries, 22.96% (elapsed time   122.2s, curr speed    1.156 kHz, avg speed    1.309 kHz), accepted    43879/  160001 events (27.42%)
Processed   170000/  696981 entries, 24.39% (elapsed time   129.5s, curr speed    1.386 kHz, avg speed    1.313 kHz), accepted    46660/  170001 events (27.45%)
Processed   180000/  696981 entries, 25.83% (elapsed time   137.2s, curr speed    1.294 kHz, avg speed    1.312 kHz), accepted    49430/  180001 events (27.46%)
Processed   190000/  696981 entries, 27.26% (elapsed time   145.5s, curr speed    1.204 kHz, avg speed    1.306 kHz), accepted    52208/  190001 events (27.48%)
Processed   200000/  696981 entries, 28.70% (elapsed time   151.4s, curr speed    1.707 kHz, avg speed    1.321 kHz), accepted    54951/  200001 events (27.48%)
Processed   210000/  696981 entries, 30.13% (elapsed time   160.1s, curr speed    1.139 kHz, avg speed    1.311 kHz), accepted    57737/  210001 events (27.49%)
Processed   220000/  696981 entries, 31.56% (elapsed time   168.5s, curr speed    1.196 kHz, avg speed    1.306 kHz), accepted    60444/  220001 events (27.47%)
Processed   230000/  696981 entries, 33.00% (elapsed time   174.1s, curr speed    1.786 kHz, avg speed    1.321 kHz), accepted    63219/  230001 events (27.49%)
Processed   240000/  696981 entries, 34.43% (elapsed time   182.8s, curr speed    1.143 kHz, avg speed    1.313 kHz), accepted    66027/  240001 events (27.51%)
Processed   250000/  696981 entries, 35.87% (elapsed time   191.9s, curr speed    1.098 kHz, avg speed    1.302 kHz), accepted    68837/  250001 events (27.53%)
Processed   260000/  696981 entries, 37.30% (elapsed time   197.7s, curr speed    1.741 kHz, avg speed    1.315 kHz), accepted    71605/  260001 events (27.54%)
Processed   270000/  696981 entries, 38.74% (elapsed time   206.4s, curr speed    1.146 kHz, avg speed    1.308 kHz), accepted    74309/  270001 events (27.52%)
Processed   280000/  696981 entries, 40.17% (elapsed time   213.4s, curr speed    1.430 kHz, avg speed    1.312 kHz), accepted    77040/  280001 events (27.51%)
Processed   290000/  696981 entries, 41.61% (elapsed time   221.0s, curr speed    1.316 kHz, avg speed    1.312 kHz), accepted    79779/  290001 events (27.51%)
Processed   300000/  696981 entries, 43.04% (elapsed time   229.8s, curr speed    1.135 kHz, avg speed    1.305 kHz), accepted    82416/  300001 events (27.47%)
Processed   310000/  696981 entries, 44.48% (elapsed time   237.0s, curr speed    1.389 kHz, avg speed    1.308 kHz), accepted    85139/  310001 events (27.46%)
Processed   320000/  696981 entries, 45.91% (elapsed time   244.1s, curr speed    1.417 kHz, avg speed    1.311 kHz), accepted    87814/  320001 events (27.44%)
Processed   330000/  696981 entries, 47.35% (elapsed time   252.8s, curr speed    1.147 kHz, avg speed    1.305 kHz), accepted    90575/  330001 events (27.45%)
Processed   340000/  696981 entries, 48.78% (elapsed time   259.0s, curr speed    1.607 kHz, avg speed    1.313 kHz), accepted    93332/  340001 events (27.45%)
Processed   350000/  696981 entries, 50.22% (elapsed time   267.1s, curr speed    1.234 kHz, avg speed    1.310 kHz), accepted    96120/  350001 events (27.46%)
Processed   360000/  696981 entries, 51.65% (elapsed time   276.4s, curr speed    1.071 kHz, avg speed    1.302 kHz), accepted    98905/  360001 events (27.47%)
Processed   370000/  696981 entries, 53.09% (elapsed time   281.7s, curr speed    1.899 kHz, avg speed    1.313 kHz), accepted   101601/  370001 events (27.46%)
Processed   380000/  696981 entries, 54.52% (elapsed time   290.6s, curr speed    1.132 kHz, avg speed    1.308 kHz), accepted   104311/  380001 events (27.45%)
Processed   390000/  696981 entries, 55.96% (elapsed time   299.5s, curr speed    1.119 kHz, avg speed    1.302 kHz), accepted   107056/  390001 events (27.45%)
Processed   400000/  696981 entries, 57.39% (elapsed time   304.8s, curr speed    1.886 kHz, avg speed    1.312 kHz), accepted   109779/  400001 events (27.44%)
Processed   410000/  696981 entries, 58.83% (elapsed time   313.2s, curr speed    1.191 kHz, avg speed    1.309 kHz), accepted   112585/  410001 events (27.46%)
Processed   420000/  696981 entries, 60.26% (elapsed time   320.3s, curr speed    1.400 kHz, avg speed    1.311 kHz), accepted   115340/  420001 events (27.46%)
Processed   430000/  696981 entries, 61.69% (elapsed time   327.3s, curr speed    1.427 kHz, avg speed    1.314 kHz), accepted   118110/  430001 events (27.47%)
Processed   440000/  696981 entries, 63.13% (elapsed time   335.6s, curr speed    1.212 kHz, avg speed    1.311 kHz), accepted   120885/  440001 events (27.47%)
Processed   450000/  696981 entries, 64.56% (elapsed time   342.2s, curr speed    1.504 kHz, avg speed    1.315 kHz), accepted   123593/  450001 events (27.47%)
Processed   460000/  696981 entries, 66.00% (elapsed time   350.1s, curr speed    1.275 kHz, avg speed    1.314 kHz), accepted   126305/  460001 events (27.46%)
Processed   470000/  696981 entries, 67.43% (elapsed time   358.9s, curr speed    1.137 kHz, avg speed    1.310 kHz), accepted   129037/  470001 events (27.45%)
Processed   480000/  696981 entries, 68.87% (elapsed time   365.1s, curr speed    1.613 kHz, avg speed    1.315 kHz), accepted   131812/  480001 events (27.46%)
Processed   490000/  696981 entries, 70.30% (elapsed time   373.7s, curr speed    1.153 kHz, avg speed    1.311 kHz), accepted   134646/  490001 events (27.48%)
Processed   500000/  696981 entries, 71.74% (elapsed time   382.8s, curr speed    1.098 kHz, avg speed    1.306 kHz), accepted   137412/  500001 events (27.48%)
Processed   510000/  696981 entries, 73.17% (elapsed time   388.5s, curr speed    1.772 kHz, avg speed    1.313 kHz), accepted   140156/  510001 events (27.48%)
Processed   520000/  696981 entries, 74.61% (elapsed time   396.8s, curr speed    1.204 kHz, avg speed    1.311 kHz), accepted   142915/  520001 events (27.48%)
Processed   530000/  696981 entries, 76.04% (elapsed time   403.9s, curr speed    1.410 kHz, avg speed    1.312 kHz), accepted   145609/  530001 events (27.47%)
Processed   540000/  696981 entries, 77.48% (elapsed time   411.5s, curr speed    1.304 kHz, avg speed    1.312 kHz), accepted   148377/  540001 events (27.48%)
Processed   550000/  696981 entries, 78.91% (elapsed time   419.9s, curr speed    1.197 kHz, avg speed    1.310 kHz), accepted   151112/  550001 events (27.47%)
Processed   560000/  696981 entries, 80.35% (elapsed time   427.7s, curr speed    1.277 kHz, avg speed    1.309 kHz), accepted   153886/  560001 events (27.48%)
Processed   570000/  696981 entries, 81.78% (elapsed time   435.3s, curr speed    1.328 kHz, avg speed    1.310 kHz), accepted   156572/  570001 events (27.47%)
Processed   580000/  696981 entries, 83.22% (elapsed time   443.3s, curr speed    1.239 kHz, avg speed    1.308 kHz), accepted   159284/  580001 events (27.46%)
Processed   590000/  696981 entries, 84.65% (elapsed time   450.6s, curr speed    1.380 kHz, avg speed    1.309 kHz), accepted   162034/  590001 events (27.46%)
Processed   600000/  696981 entries, 86.09% (elapsed time   458.6s, curr speed    1.249 kHz, avg speed    1.308 kHz), accepted   164722/  600001 events (27.45%)
Processed   610000/  696981 entries, 87.52% (elapsed time   466.9s, curr speed    1.208 kHz, avg speed    1.307 kHz), accepted   167452/  610001 events (27.45%)
Processed   620000/  696981 entries, 88.96% (elapsed time   472.9s, curr speed    1.655 kHz, avg speed    1.311 kHz), accepted   170136/  620001 events (27.44%)
Processed   630000/  696981 entries, 90.39% (elapsed time   481.5s, curr speed    1.162 kHz, avg speed    1.308 kHz), accepted   172859/  630001 events (27.44%)
Processed   640000/  696981 entries, 91.82% (elapsed time   490.5s, curr speed    1.113 kHz, avg speed    1.305 kHz), accepted   175629/  640001 events (27.44%)
Processed   650000/  696981 entries, 93.26% (elapsed time   496.5s, curr speed    1.664 kHz, avg speed    1.309 kHz), accepted   178346/  650001 events (27.44%)
Processed   660000/  696981 entries, 94.69% (elapsed time   504.6s, curr speed    1.231 kHz, avg speed    1.308 kHz), accepted   181098/  660001 events (27.44%)
Processed   670000/  696981 entries, 96.13% (elapsed time   511.5s, curr speed    1.450 kHz, avg speed    1.310 kHz), accepted   183801/  670001 events (27.43%)
Processed   680000/  696981 entries, 97.56% (elapsed time   519.2s, curr speed    1.304 kHz, avg speed    1.310 kHz), accepted   186511/  680001 events (27.43%)
Processed   690000/  696981 entries, 99.00% (elapsed time   527.5s, curr speed    1.210 kHz, avg speed    1.308 kHz), accepted   189231/  690001 events (27.42%)
Processed 696981 preselected entries from root://cms-xrd-global.cern.ch//store/mc/Run3Summer22NanoAODv12/DYJetsToLL_M-50_TuneCP5_13p6TeV-madgraphMLM-pythia8/NANOAODSIM/ALCARECO_forPOG_130X_mcRun3_2022_realistic_v5_ext1-v2/30000/33a95892-0117-4582-aa73-eb305e2c376a.root (696981 entries). Finally selected 191154 entries
Done filteredNanoAOD/33a95892-0117-4582-aa73-eb305e2c376a_Skim.root
Total time 690.0 sec. to process 696981 events. Rate = 1010.2 Hz.
Copying output files to EOS: /eos/user/o/olfimbre/NanoAOD_Filtered/DYJetsToLL_M-50_TuneCP5_13p6TeV-madgraphMLM-pythia8_Run3Summer22NanoAODv12-ALCARECO_forPOG_130X_mcRun3_2022_realistic_v5_ext1-v2_NANOAODSIM
Job finished on Tue Mar  4 00:12:56 CET 2025
