040 (16781425.017.000) 03/04 00:35:20 Started transferring input files
	Transferring to host: <188.185.195.56:9618?addrs=188.185.195.56-9618+[2001-1458-303-22--100-34]-9618&alias=b9p17p4909.cern.ch&noUDP&sock=slot1_14_10574_16e7_13111>
...
040 (16781425.017.000) 03/04 00:35:20 Finished transferring input files
...
001 (16781425.017.000) 03/04 00:35:21 Job executing on host: <188.185.195.56:9618?addrs=188.185.195.56-9618+[2001-1458-303-22--100-34]-9618&alias=b9p17p4909.cern.ch&noUDP&sock=startd_8925_62d9>
	SlotName: slot1_14@b9p17p4909.cern.ch
	CondorScratchDir = "/pool/condor/dir_2761448"
	Cpus = 1
	Disk = 2099961
	GPUs = 0
	Memory = 3000
...
040 (16781425.017.000) 03/04 00:36:15 Started transferring output files
...
040 (16781425.017.000) 03/04 00:36:15 Finished transferring output files
...
004 (16781425.017.000) 03/04 00:36:15 Job was evicted.
	(0) CPU times
		Usr 0 00:00:10, Sys 0 00:00:01  -  Run Remote Usage
		Usr 0 00:00:00, Sys 0 00:00:00  -  Run Local Usage
	1129  -  Run Bytes Sent By Job
	35415  -  Run Bytes Received By Job
	Partitionable Resources :    Usage  Request Allocated 
	   Cpus                 :        0        1         1 
	   Disk (KB)            :       44  2097152   2099961 
	   GPUs                 :                           0 
	   Memory (MB)          :      733     3000      3000 
...
040 (16781425.017.000) 03/04 00:46:10 Started transferring input files
	Transferring to host: <128.142.161.111:9618?addrs=128.142.161.111-9618+[2001-1458-301-b8--100-2d]-9618&alias=b9g03p5711.cern.ch&noUDP&sock=slot1_16_2348329_f85f_3556>
...
040 (16781425.017.000) 03/04 00:46:10 Finished transferring input files
...
001 (16781425.017.000) 03/04 00:46:11 Job executing on host: <128.142.161.111:9618?addrs=128.142.161.111-9618+[2001-1458-301-b8--100-2d]-9618&alias=b9g03p5711.cern.ch&noUDP&sock=startd_8045_c781>
	SlotName: slot1_16@b9g03p5711.cern.ch
	CondorScratchDir = "/pool/condor/dir_253458"
	Cpus = 1
	Disk = 2109888
	GPUs = 0
	Memory = 3000
...
040 (16781425.017.000) 03/04 00:46:58 Started transferring output files
...
040 (16781425.017.000) 03/04 00:46:58 Finished transferring output files
...
005 (16781425.017.000) 03/04 00:46:58 Job terminated.
	(1) Normal termination (return value 0)
		Usr 0 00:00:09, Sys 0 00:00:02  -  Run Remote Usage
		Usr 0 00:00:00, Sys 0 00:00:00  -  Run Local Usage
		Usr 0 00:03:44, Sys 0 00:00:12  -  Total Remote Usage
		Usr 0 00:00:00, Sys 0 00:00:00  -  Total Local Usage
	1174  -  Run Bytes Sent By Job
	18823  -  Run Bytes Received By Job
	24898  -  Total Bytes Sent By Job
	67026  -  Total Bytes Received By Job
	Partitionable Resources :    Usage  Request Allocated 
	   Cpus                 :        0        1         1 
	   Disk (KB)            :       43  2097152   2109888 
	   GPUs                 :                           0 
	   Memory (MB)          :      733     3000      3000 

	Job terminated of its own accord at 2025-03-03T23:46:58Z with exit-code 0.
...
