000 (16788276.003.000) 03/04 08:36:53 Job submitted from host: <188.185.72.155:9618?addrs=188.185.72.155-9618+[2001-1458-d00-8--100-95]-9618&alias=bigbird08.cern.ch&noUDP&sock=schedd_862983_22fa>
...
040 (16788276.003.000) 03/04 08:38:04 Started transferring input files
	Transferring to host: <188.185.192.137:9618?addrs=188.185.192.137-9618+[2001-1458-303-1f--100-85]-9618&alias=b9p13p3671.cern.ch&noUDP&sock=slot1_38_505454_d183_22779>
...
040 (16788276.003.000) 03/04 08:38:04 Finished transferring input files
...
001 (16788276.003.000) 03/04 08:38:05 Job executing on host: <188.185.192.137:9618?addrs=188.185.192.137-9618+[2001-1458-303-1f--100-85]-9618&alias=b9p13p3671.cern.ch&noUDP&sock=startd_8950_88b7>
	SlotName: slot1_38@b9p13p3671.cern.ch
	CondorScratchDir = "/pool/condor/dir_1997350"
	Cpus = 1
	Disk = 2100046
	GPUs = 0
	Memory = 3000
...
006 (16788276.003.000) 03/04 08:38:14 Image size of job updated: 1800
	2  -  MemoryUsage of job (MB)
	1800  -  ResidentSetSize of job (KB)
...
006 (16788276.003.000) 03/04 08:43:15 Image size of job updated: 664344
	649  -  MemoryUsage of job (MB)
	664344  -  ResidentSetSize of job (KB)
...
040 (16788276.003.000) 03/04 08:45:59 Started transferring output files
...
040 (16788276.003.000) 03/04 08:45:59 Finished transferring output files
...
005 (16788276.003.000) 03/04 08:45:59 Job terminated.
	(1) Normal termination (return value 0)
		Usr 0 00:01:41, Sys 0 00:00:05  -  Run Remote Usage
		Usr 0 00:00:00, Sys 0 00:00:00  -  Run Local Usage
		Usr 0 00:01:41, Sys 0 00:00:05  -  Total Remote Usage
		Usr 0 00:00:00, Sys 0 00:00:00  -  Total Local Usage
	6592  -  Run Bytes Sent By Job
	13324  -  Run Bytes Received By Job
	6592  -  Total Bytes Sent By Job
	13324  -  Total Bytes Received By Job
	Partitionable Resources :    Usage  Request Allocated 
	   Cpus                 :        0        1         1 
	   Disk (KB)            :       42  2097152   2100046 
	   GPUs                 :                           0 
	   Memory (MB)          :      649     3000      3000 

	Job terminated of its own accord at 2025-03-04T07:45:59Z with exit-code 0.
...
