Starting job on Tue Mar  4 12:00:20 AM CET 2025
Running on: b9p30p8495.cern.ch
CMSSW environment set up.
DATASET FOLDER: DYJetsToLL_M-50_TuneCP5_13p6TeV-madgraphMLM-pythia8_Run3Summer22NanoAODv12-ALCARECO_forPOG_130X_mcRun3_2022_realistic_v5_ext1-v2_NANOAODSIM 
EOS DIR: /eos/user/o/olfimbre/NanoAOD_Filtered/DYJetsToLL_M-50_TuneCP5_13p6TeV-madgraphMLM-pythia8_Run3Summer22NanoAODv12-ALCARECO_forPOG_130X_mcRun3_2022_realistic_v5_ext1-v2_NANOAODSIM 
Processing file: root://cms-xrd-global.cern.ch//store/mc/Run3Summer22NanoAODv12/DYJetsToLL_M-50_TuneCP5_13p6TeV-madgraphMLM-pythia8/NANOAODSIM/ALCARECO_forPOG_130X_mcRun3_2022_realistic_v5_ext1-v2/30000/d62b4f7a-bc3f-45ae-9964-f93fe0d336b8.root
Will write selected trees to filteredNanoAOD
Pre-select 973692 entries out of 973692 (100.00%)
Processed    10000/  973692 entries,  1.03% (elapsed time     3.8s, curr speed    2.666 kHz, avg speed    2.666 kHz), accepted     2765/   10001 events (27.65%)
Processed    20000/  973692 entries,  2.05% (elapsed time     8.0s, curr speed    2.333 kHz, avg speed    2.489 kHz), accepted     5501/   20001 events (27.50%)
Processed    30000/  973692 entries,  3.08% (elapsed time    12.1s, curr speed    2.483 kHz, avg speed    2.487 kHz), accepted     8302/   30001 events (27.67%)
Processed    40000/  973692 entries,  4.11% (elapsed time    15.9s, curr speed    2.596 kHz, avg speed    2.513 kHz), accepted    11055/   40001 events (27.64%)
Processed    50000/  973692 entries,  5.14% (elapsed time    20.1s, curr speed    2.378 kHz, avg speed    2.485 kHz), accepted    13829/   50001 events (27.66%)
Processed    60000/  973692 entries,  6.16% (elapsed time    23.7s, curr speed    2.767 kHz, avg speed    2.528 kHz), accepted    16628/   60001 events (27.71%)
Processed    70000/  973692 entries,  7.19% (elapsed time    27.7s, curr speed    2.514 kHz, avg speed    2.526 kHz), accepted    19393/   70001 events (27.70%)
Processed    80000/  973692 entries,  8.22% (elapsed time    31.5s, curr speed    2.620 kHz, avg speed    2.537 kHz), accepted    22116/   80001 events (27.64%)
Processed    90000/  973692 entries,  9.24% (elapsed time    35.2s, curr speed    2.705 kHz, avg speed    2.555 kHz), accepted    24856/   90001 events (27.62%)
Processed   100000/  973692 entries, 10.27% (elapsed time    39.0s, curr speed    2.631 kHz, avg speed    2.562 kHz), accepted    27642/  100001 events (27.64%)
Processed   110000/  973692 entries, 11.30% (elapsed time    43.4s, curr speed    2.314 kHz, avg speed    2.537 kHz), accepted    30341/  110001 events (27.58%)
Processed   120000/  973692 entries, 12.32% (elapsed time    46.7s, curr speed    2.960 kHz, avg speed    2.568 kHz), accepted    33001/  120001 events (27.50%)
Processed   130000/  973692 entries, 13.35% (elapsed time    50.3s, curr speed    2.828 kHz, avg speed    2.586 kHz), accepted    35671/  130001 events (27.44%)
Processed   140000/  973692 entries, 14.38% (elapsed time    54.8s, curr speed    2.208 kHz, avg speed    2.555 kHz), accepted    38424/  140001 events (27.45%)
Processed   150000/  973692 entries, 15.41% (elapsed time    57.9s, curr speed    3.193 kHz, avg speed    2.590 kHz), accepted    41138/  150001 events (27.43%)
Processed   160000/  973692 entries, 16.43% (elapsed time    61.7s, curr speed    2.652 kHz, avg speed    2.593 kHz), accepted    43877/  160001 events (27.42%)
Processed   170000/  973692 entries, 17.46% (elapsed time    66.2s, curr speed    2.214 kHz, avg speed    2.568 kHz), accepted    46567/  170001 events (27.39%)
Processed   180000/  973692 entries, 18.49% (elapsed time    69.0s, curr speed    3.625 kHz, avg speed    2.610 kHz), accepted    49323/  180001 events (27.40%)
Processed   190000/  973692 entries, 19.51% (elapsed time    73.4s, curr speed    2.253 kHz, avg speed    2.588 kHz), accepted    51975/  190001 events (27.36%)
Processed   200000/  973692 entries, 20.54% (elapsed time    77.9s, curr speed    2.248 kHz, avg speed    2.569 kHz), accepted    54670/  200001 events (27.33%)
Processed   210000/  973692 entries, 21.57% (elapsed time    80.7s, curr speed    3.559 kHz, avg speed    2.603 kHz), accepted    57480/  210001 events (27.37%)
Processed   220000/  973692 entries, 22.59% (elapsed time    85.1s, curr speed    2.245 kHz, avg speed    2.585 kHz), accepted    60301/  220001 events (27.41%)
Processed   230000/  973692 entries, 23.62% (elapsed time    89.1s, curr speed    2.489 kHz, avg speed    2.580 kHz), accepted    63001/  230001 events (27.39%)
Processed   240000/  973692 entries, 24.65% (elapsed time    92.2s, curr speed    3.322 kHz, avg speed    2.604 kHz), accepted    65738/  240001 events (27.39%)
Processed   250000/  973692 entries, 25.68% (elapsed time    96.5s, curr speed    2.322 kHz, avg speed    2.592 kHz), accepted    68434/  250001 events (27.37%)
Processed   260000/  973692 entries, 26.70% (elapsed time   100.3s, curr speed    2.576 kHz, avg speed    2.591 kHz), accepted    71202/  260001 events (27.39%)
Processed   270000/  973692 entries, 27.73% (elapsed time   103.5s, curr speed    3.139 kHz, avg speed    2.608 kHz), accepted    73953/  270001 events (27.39%)
Processed   280000/  973692 entries, 28.76% (elapsed time   107.6s, curr speed    2.460 kHz, avg speed    2.603 kHz), accepted    76673/  280001 events (27.38%)
Processed   290000/  973692 entries, 29.78% (elapsed time   111.9s, curr speed    2.331 kHz, avg speed    2.592 kHz), accepted    79408/  290001 events (27.38%)
Processed   300000/  973692 entries, 30.81% (elapsed time   114.9s, curr speed    3.349 kHz, avg speed    2.612 kHz), accepted    82183/  300001 events (27.39%)
Processed   310000/  973692 entries, 31.84% (elapsed time   119.0s, curr speed    2.411 kHz, avg speed    2.605 kHz), accepted    84902/  310001 events (27.39%)
Processed   320000/  973692 entries, 32.86% (elapsed time   123.2s, curr speed    2.396 kHz, avg speed    2.598 kHz), accepted    87569/  320001 events (27.37%)
Processed   330000/  973692 entries, 33.89% (elapsed time   126.2s, curr speed    3.335 kHz, avg speed    2.615 kHz), accepted    90428/  330001 events (27.40%)
Processed   340000/  973692 entries, 34.92% (elapsed time   130.4s, curr speed    2.375 kHz, avg speed    2.607 kHz), accepted    93048/  340001 events (27.37%)
Processed   350000/  973692 entries, 35.95% (elapsed time   134.3s, curr speed    2.535 kHz, avg speed    2.605 kHz), accepted    95790/  350001 events (27.37%)
Processed   360000/  973692 entries, 36.97% (elapsed time   137.3s, curr speed    3.393 kHz, avg speed    2.622 kHz), accepted    98525/  360001 events (27.37%)
Processed   370000/  973692 entries, 38.00% (elapsed time   141.8s, curr speed    2.225 kHz, avg speed    2.610 kHz), accepted   101176/  370001 events (27.34%)
Processed   380000/  973692 entries, 39.03% (elapsed time   145.1s, curr speed    3.036 kHz, avg speed    2.619 kHz), accepted   103983/  380001 events (27.36%)
Processed   390000/  973692 entries, 40.05% (elapsed time   149.0s, curr speed    2.561 kHz, avg speed    2.618 kHz), accepted   106771/  390001 events (27.38%)
Processed   400000/  973692 entries, 41.08% (elapsed time   153.4s, curr speed    2.271 kHz, avg speed    2.608 kHz), accepted   109504/  400001 events (27.38%)
Processed   410000/  973692 entries, 42.11% (elapsed time   156.5s, curr speed    3.222 kHz, avg speed    2.620 kHz), accepted   112246/  410001 events (27.38%)
Processed   420000/  973692 entries, 43.13% (elapsed time   160.9s, curr speed    2.292 kHz, avg speed    2.611 kHz), accepted   114987/  420001 events (27.38%)
Processed   430000/  973692 entries, 44.16% (elapsed time   165.1s, curr speed    2.354 kHz, avg speed    2.605 kHz), accepted   117806/  430001 events (27.40%)
Processed   440000/  973692 entries, 45.19% (elapsed time   168.2s, curr speed    3.174 kHz, avg speed    2.615 kHz), accepted   120546/  440001 events (27.40%)
Processed   450000/  973692 entries, 46.22% (elapsed time   172.3s, curr speed    2.448 kHz, avg speed    2.611 kHz), accepted   123321/  450001 events (27.40%)
Processed   460000/  973692 entries, 47.24% (elapsed time   176.3s, curr speed    2.501 kHz, avg speed    2.609 kHz), accepted   126008/  460001 events (27.39%)
Processed   470000/  973692 entries, 48.27% (elapsed time   179.7s, curr speed    2.936 kHz, avg speed    2.615 kHz), accepted   128734/  470001 events (27.39%)
Processed   480000/  973692 entries, 49.30% (elapsed time   183.9s, curr speed    2.429 kHz, avg speed    2.611 kHz), accepted   131481/  480001 events (27.39%)
Processed   490000/  973692 entries, 50.32% (elapsed time   188.1s, curr speed    2.378 kHz, avg speed    2.606 kHz), accepted   134253/  490001 events (27.40%)
Processed   500000/  973692 entries, 51.35% (elapsed time   191.7s, curr speed    2.712 kHz, avg speed    2.608 kHz), accepted   136990/  500001 events (27.40%)
Processed   510000/  973692 entries, 52.38% (elapsed time   195.3s, curr speed    2.781 kHz, avg speed    2.611 kHz), accepted   139735/  510001 events (27.40%)
Processed   520000/  973692 entries, 53.40% (elapsed time   199.8s, curr speed    2.258 kHz, avg speed    2.603 kHz), accepted   142564/  520001 events (27.42%)
Processed   530000/  973692 entries, 54.43% (elapsed time   203.7s, curr speed    2.531 kHz, avg speed    2.602 kHz), accepted   145336/  530001 events (27.42%)
Processed   540000/  973692 entries, 55.46% (elapsed time   207.6s, curr speed    2.577 kHz, avg speed    2.601 kHz), accepted   148052/  540001 events (27.42%)
Processed   550000/  973692 entries, 56.49% (elapsed time   211.9s, curr speed    2.354 kHz, avg speed    2.596 kHz), accepted   150797/  550001 events (27.42%)
Processed   560000/  973692 entries, 57.51% (elapsed time   215.1s, curr speed    3.096 kHz, avg speed    2.604 kHz), accepted   153605/  560001 events (27.43%)
Processed   570000/  973692 entries, 58.54% (elapsed time   219.2s, curr speed    2.424 kHz, avg speed    2.600 kHz), accepted   156347/  570001 events (27.43%)
Processed   580000/  973692 entries, 59.57% (elapsed time   223.6s, curr speed    2.287 kHz, avg speed    2.594 kHz), accepted   159148/  580001 events (27.44%)
Processed   590000/  973692 entries, 60.59% (elapsed time   226.6s, curr speed    3.345 kHz, avg speed    2.604 kHz), accepted   161900/  590001 events (27.44%)
Processed   600000/  973692 entries, 61.62% (elapsed time   231.0s, curr speed    2.277 kHz, avg speed    2.598 kHz), accepted   164624/  600001 events (27.44%)
Processed   610000/  973692 entries, 62.65% (elapsed time   235.7s, curr speed    2.115 kHz, avg speed    2.588 kHz), accepted   167375/  610001 events (27.44%)
Processed   620000/  973692 entries, 63.68% (elapsed time   238.6s, curr speed    3.459 kHz, avg speed    2.599 kHz), accepted   170132/  620001 events (27.44%)
Processed   630000/  973692 entries, 64.70% (elapsed time   242.7s, curr speed    2.413 kHz, avg speed    2.596 kHz), accepted   172900/  630001 events (27.44%)
Processed   640000/  973692 entries, 65.73% (elapsed time   246.9s, curr speed    2.409 kHz, avg speed    2.592 kHz), accepted   175666/  640001 events (27.45%)
Processed   650000/  973692 entries, 66.76% (elapsed time   250.1s, curr speed    3.060 kHz, avg speed    2.598 kHz), accepted   178521/  650001 events (27.46%)
Processed   660000/  973692 entries, 67.78% (elapsed time   254.3s, curr speed    2.429 kHz, avg speed    2.596 kHz), accepted   181260/  660001 events (27.46%)
Processed   670000/  973692 entries, 68.81% (elapsed time   258.5s, curr speed    2.376 kHz, avg speed    2.592 kHz), accepted   184027/  670001 events (27.47%)
Processed   680000/  973692 entries, 69.84% (elapsed time   261.5s, curr speed    3.344 kHz, avg speed    2.601 kHz), accepted   186725/  680001 events (27.46%)
Processed   690000/  973692 entries, 70.86% (elapsed time   265.3s, curr speed    2.617 kHz, avg speed    2.601 kHz), accepted   189463/  690001 events (27.46%)
Processed   700000/  973692 entries, 71.89% (elapsed time   269.7s, curr speed    2.287 kHz, avg speed    2.596 kHz), accepted   192265/  700001 events (27.47%)
Processed   710000/  973692 entries, 72.92% (elapsed time   272.7s, curr speed    3.257 kHz, avg speed    2.603 kHz), accepted   194943/  710001 events (27.46%)
Processed   720000/  973692 entries, 73.95% (elapsed time   277.0s, curr speed    2.339 kHz, avg speed    2.599 kHz), accepted   197627/  720001 events (27.45%)
Processed   730000/  973692 entries, 74.97% (elapsed time   281.1s, curr speed    2.435 kHz, avg speed    2.597 kHz), accepted   200336/  730001 events (27.44%)
Processed   740000/  973692 entries, 76.00% (elapsed time   283.9s, curr speed    3.556 kHz, avg speed    2.606 kHz), accepted   203101/  740001 events (27.45%)
Processed   750000/  973692 entries, 77.03% (elapsed time   288.4s, curr speed    2.228 kHz, avg speed    2.600 kHz), accepted   205801/  750001 events (27.44%)
Processed   760000/  973692 entries, 78.05% (elapsed time   291.8s, curr speed    2.979 kHz, avg speed    2.605 kHz), accepted   208561/  760001 events (27.44%)
Processed   770000/  973692 entries, 79.08% (elapsed time   295.4s, curr speed    2.715 kHz, avg speed    2.606 kHz), accepted   211294/  770001 events (27.44%)
Processed   780000/  973692 entries, 80.11% (elapsed time   300.0s, curr speed    2.216 kHz, avg speed    2.600 kHz), accepted   214041/  780001 events (27.44%)
Processed   790000/  973692 entries, 81.13% (elapsed time   303.2s, curr speed    3.061 kHz, avg speed    2.605 kHz), accepted   216766/  790001 events (27.44%)
Processed   800000/  973692 entries, 82.16% (elapsed time   306.8s, curr speed    2.822 kHz, avg speed    2.608 kHz), accepted   219459/  800001 events (27.43%)
Processed   810000/  973692 entries, 83.19% (elapsed time   311.3s, curr speed    2.216 kHz, avg speed    2.602 kHz), accepted   222226/  810001 events (27.44%)
Processed   820000/  973692 entries, 84.22% (elapsed time   314.4s, curr speed    3.244 kHz, avg speed    2.608 kHz), accepted   225026/  820001 events (27.44%)
Processed   830000/  973692 entries, 85.24% (elapsed time   318.5s, curr speed    2.427 kHz, avg speed    2.606 kHz), accepted   227772/  830001 events (27.44%)
Processed   840000/  973692 entries, 86.27% (elapsed time   322.8s, curr speed    2.308 kHz, avg speed    2.602 kHz), accepted   230510/  840001 events (27.44%)
Processed   850000/  973692 entries, 87.30% (elapsed time   325.9s, curr speed    3.217 kHz, avg speed    2.608 kHz), accepted   233235/  850001 events (27.44%)
Processed   860000/  973692 entries, 88.32% (elapsed time   330.2s, curr speed    2.333 kHz, avg speed    2.604 kHz), accepted   235953/  860001 events (27.44%)
Processed   870000/  973692 entries, 89.35% (elapsed time   334.2s, curr speed    2.512 kHz, avg speed    2.603 kHz), accepted   238717/  870001 events (27.44%)
Processed   880000/  973692 entries, 90.38% (elapsed time   337.8s, curr speed    2.746 kHz, avg speed    2.605 kHz), accepted   241491/  880001 events (27.44%)
Processed   890000/  973692 entries, 91.40% (elapsed time   342.2s, curr speed    2.285 kHz, avg speed    2.601 kHz), accepted   244237/  890001 events (27.44%)
Processed   900000/  973692 entries, 92.43% (elapsed time   346.1s, curr speed    2.579 kHz, avg speed    2.600 kHz), accepted   246945/  900001 events (27.44%)
Processed   910000/  973692 entries, 93.46% (elapsed time   349.5s, curr speed    2.954 kHz, avg speed    2.604 kHz), accepted   249693/  910001 events (27.44%)
Processed   920000/  973692 entries, 94.49% (elapsed time   353.8s, curr speed    2.306 kHz, avg speed    2.600 kHz), accepted   252415/  920001 events (27.44%)
Processed   930000/  973692 entries, 95.51% (elapsed time   358.0s, curr speed    2.373 kHz, avg speed    2.598 kHz), accepted   255140/  930001 events (27.43%)
Processed   940000/  973692 entries, 96.54% (elapsed time   361.5s, curr speed    2.920 kHz, avg speed    2.601 kHz), accepted   257918/  940001 events (27.44%)
Processed   950000/  973692 entries, 97.57% (elapsed time   365.7s, curr speed    2.345 kHz, avg speed    2.598 kHz), accepted   260649/  950001 events (27.44%)
Processed   960000/  973692 entries, 98.59% (elapsed time   369.8s, curr speed    2.463 kHz, avg speed    2.596 kHz), accepted   263459/  960001 events (27.44%)
Processed   970000/  973692 entries, 99.62% (elapsed time   373.1s, curr speed    3.033 kHz, avg speed    2.600 kHz), accepted   266354/  970001 events (27.46%)
Processed 973692 preselected entries from root://cms-xrd-global.cern.ch//store/mc/Run3Summer22NanoAODv12/DYJetsToLL_M-50_TuneCP5_13p6TeV-madgraphMLM-pythia8/NANOAODSIM/ALCARECO_forPOG_130X_mcRun3_2022_realistic_v5_ext1-v2/30000/d62b4f7a-bc3f-45ae-9964-f93fe0d336b8.root (973692 entries). Finally selected 267375 entries
Done filteredNanoAOD/d62b4f7a-bc3f-45ae-9964-f93fe0d336b8_Skim.root
Total time 400.4 sec. to process 973692 events. Rate = 2432.0 Hz.
Copying output files to EOS: /eos/user/o/olfimbre/NanoAOD_Filtered/DYJetsToLL_M-50_TuneCP5_13p6TeV-madgraphMLM-pythia8_Run3Summer22NanoAODv12-ALCARECO_forPOG_130X_mcRun3_2022_realistic_v5_ext1-v2_NANOAODSIM
Job finished on Tue Mar  4 00:07:23 CET 2025
