000 (16798628.003.000) 03/06 22:38:07 Job submitted from host: <188.185.72.155:9618?addrs=188.185.72.155-9618+[2001-1458-d00-8--100-95]-9618&alias=bigbird08.cern.ch&noUDP&sock=schedd_1954698_d259>
...
040 (16798628.003.000) 03/06 22:38:58 Started transferring input files
	Transferring to host: <188.185.211.155:9618?addrs=188.185.211.155-9618+[2001-1458-303-17--100-17]-9618&alias=b9p24p6645.cern.ch&noUDP&sock=slot1_3_4651_ccd6_98063>
...
040 (16798628.003.000) 03/06 22:38:58 Finished transferring input files
...
001 (16798628.003.000) 03/06 22:38:59 Job executing on host: <188.185.211.155:9618?addrs=188.185.211.155-9618+[2001-1458-303-17--100-17]-9618&alias=b9p24p6645.cern.ch&noUDP&sock=startd_3826_e570>
	SlotName: slot1_3@b9p24p6645.cern.ch
	CondorScratchDir = "/pool/condor/dir_3022864"
	Cpus = 1
	Disk = 2099947
	GPUs = 0
	Memory = 3000
...
006 (16798628.003.000) 03/06 22:39:08 Image size of job updated: 13260
	13  -  MemoryUsage of job (MB)
	13260  -  ResidentSetSize of job (KB)
...
006 (16798628.003.000) 03/06 22:39:55 Image size of job updated: 237172
	232  -  MemoryUsage of job (MB)
	237172  -  ResidentSetSize of job (KB)
...
040 (16798628.003.000) 03/06 22:39:55 Started transferring output files
...
040 (16798628.003.000) 03/06 22:39:55 Finished transferring output files
...
005 (16798628.003.000) 03/06 22:39:55 Job terminated.
	(1) Normal termination (return value 0)
		Usr 0 00:00:17, Sys 0 00:00:02  -  Run Remote Usage
		Usr 0 00:00:00, Sys 0 00:00:00  -  Run Local Usage
		Usr 0 00:00:17, Sys 0 00:00:02  -  Total Remote Usage
		Usr 0 00:00:00, Sys 0 00:00:00  -  Total Local Usage
	6914  -  Run Bytes Sent By Job
	15440  -  Run Bytes Received By Job
	6914  -  Total Bytes Sent By Job
	15440  -  Total Bytes Received By Job
	Partitionable Resources :    Usage  Request Allocated 
	   Cpus                 :     0.04        1         1 
	   Disk (KB)            :    45     2097152   2099947 
	   GPUs                 :                           0 
	   Memory (MB)          :   232        3000      3000 

	Job terminated of its own accord at 2025-03-06T21:39:55Z with exit-code 0.
...
