000 (16788263.003.000) 03/04 06:46:41 Job submitted from host: <188.185.72.155:9618?addrs=188.185.72.155-9618+[2001-1458-d00-8--100-95]-9618&alias=bigbird08.cern.ch&noUDP&sock=schedd_862983_22fa>
...
040 (16788263.003.000) 03/04 06:49:41 Started transferring input files
	Transferring to host: <128.142.161.99:9618?addrs=128.142.161.99-9618+[2001-1458-301-b8--100-21]-9618&alias=b9g03p0440.cern.ch&noUDP&sock=slot1_23_2716775_8226_7758>
...
040 (16788263.003.000) 03/04 06:49:41 Finished transferring input files
...
001 (16788263.003.000) 03/04 06:49:42 Job executing on host: <128.142.161.99:9618?addrs=128.142.161.99-9618+[2001-1458-301-b8--100-21]-9618&alias=b9g03p0440.cern.ch&noUDP&sock=startd_3233_25c6>
	SlotName: slot1_23@b9g03p0440.cern.ch
	CondorScratchDir = "/pool/condor/dir_1493291"
	Cpus = 1
	Disk = 2100045
	GPUs = 0
	Memory = 3000
...
006 (16788263.003.000) 03/04 06:49:51 Image size of job updated: 22668
	23  -  MemoryUsage of job (MB)
	22668  -  ResidentSetSize of job (KB)
...
006 (16788263.003.000) 03/04 06:52:06 Image size of job updated: 361612
	354  -  MemoryUsage of job (MB)
	361612  -  ResidentSetSize of job (KB)
...
040 (16788263.003.000) 03/04 06:52:06 Started transferring output files
...
040 (16788263.003.000) 03/04 06:52:06 Finished transferring output files
...
005 (16788263.003.000) 03/04 06:52:06 Job terminated.
	(1) Normal termination (return value 0)
		Usr 0 00:00:11, Sys 0 00:00:04  -  Run Remote Usage
		Usr 0 00:00:00, Sys 0 00:00:00  -  Run Local Usage
		Usr 0 00:00:11, Sys 0 00:00:04  -  Total Remote Usage
		Usr 0 00:00:00, Sys 0 00:00:00  -  Total Local Usage
	6075  -  Run Bytes Sent By Job
	13317  -  Run Bytes Received By Job
	6075  -  Total Bytes Sent By Job
	13317  -  Total Bytes Received By Job
	Partitionable Resources :    Usage  Request Allocated 
	   Cpus                 :     0.03        1         1 
	   Disk (KB)            :    42     2097152   2100045 
	   GPUs                 :                           0 
	   Memory (MB)          :   354        3000      3000 

	Job terminated of its own accord at 2025-03-04T05:52:06Z with exit-code 0.
...
