000 (16781426.002.000) 03/04 00:13:24 Job submitted from host: <188.185.72.155:9618?addrs=188.185.72.155-9618+[2001-1458-d00-8--100-95]-9618&alias=bigbird08.cern.ch&noUDP&sock=schedd_862983_22fa>
...
040 (16781426.002.000) 03/04 00:13:51 Started transferring input files
	Transferring to host: <188.185.192.144:9618?addrs=188.185.192.144-9618+[2001-1458-303-1f--100-8c]-9618&alias=b9p13p4519.cern.ch&noUDP&sock=slot1_20_7695_92d2_13005>
...
040 (16781426.002.000) 03/04 00:13:51 Finished transferring input files
...
001 (16781426.002.000) 03/04 00:13:52 Job executing on host: <188.185.192.144:9618?addrs=188.185.192.144-9618+[2001-1458-303-1f--100-8c]-9618&alias=b9p13p4519.cern.ch&noUDP&sock=startd_6392_f574>
	SlotName: slot1_20@b9p13p4519.cern.ch
	CondorScratchDir = "/pool/condor/dir_1972861"
	Cpus = 1
	Disk = 2099908
	GPUs = 0
	Memory = 3000
...
006 (16781426.002.000) 03/04 00:14:06 Image size of job updated: 82512
	81  -  MemoryUsage of job (MB)
	82512  -  ResidentSetSize of job (KB)
...
006 (16781426.002.000) 03/04 00:19:07 Image size of job updated: 108376
	81  -  MemoryUsage of job (MB)
	82552  -  ResidentSetSize of job (KB)
...
040 (16781426.002.000) 03/04 00:30:53 Started transferring output files
...
040 (16781426.002.000) 03/04 00:30:53 Finished transferring output files
...
004 (16781426.002.000) 03/04 00:30:53 Job was evicted.
	(0) CPU times
		Usr 0 00:00:10, Sys 0 00:00:04  -  Run Remote Usage
		Usr 0 00:00:00, Sys 0 00:00:00  -  Run Local Usage
	6001  -  Run Bytes Sent By Job
	13321  -  Run Bytes Received By Job
	Partitionable Resources :    Usage  Request Allocated 
	   Cpus                 :     0.00        1         1 
	   Disk (KB)            :    42     2097152   2099908 
	   GPUs                 :                           0 
	   Memory (MB)          :    81        3000      3000 
...
040 (16781426.002.000) 03/04 00:35:21 Started transferring input files
	Transferring to host: <188.185.195.124:9618?addrs=188.185.195.124-9618+[2001-1458-303-22--100-78]-9618&alias=b9p17p8195.cern.ch&noUDP&sock=slot1_44_2928482_3de7_27331>
...
040 (16781426.002.000) 03/04 00:35:21 Finished transferring input files
...
001 (16781426.002.000) 03/04 00:35:22 Job executing on host: <188.185.195.124:9618?addrs=188.185.195.124-9618+[2001-1458-303-22--100-78]-9618&alias=b9p17p8195.cern.ch&noUDP&sock=startd_3970_ab13>
	SlotName: slot1_44@b9p17p8195.cern.ch
	CondorScratchDir = "/pool/condor/dir_655156"
	Cpus = 1
	Disk = 2099950
	GPUs = 0
	Memory = 3000
...
006 (16781426.002.000) 03/04 00:36:15 Image size of job updated: 265192
	259  -  MemoryUsage of job (MB)
	265192  -  ResidentSetSize of job (KB)
...
040 (16781426.002.000) 03/04 00:36:15 Started transferring output files
...
040 (16781426.002.000) 03/04 00:36:15 Finished transferring output files
...
004 (16781426.002.000) 03/04 00:36:15 Job was evicted.
	(0) CPU times
		Usr 0 00:00:07, Sys 0 00:00:01  -  Run Remote Usage
		Usr 0 00:00:00, Sys 0 00:00:00  -  Run Local Usage
	695  -  Run Bytes Sent By Job
	19322  -  Run Bytes Received By Job
	Partitionable Resources :    Usage  Request Allocated 
	   Cpus                 :        0        1         1 
	   Disk (KB)            :       44  2097152   2099950 
	   GPUs                 :                           0 
	   Memory (MB)          :      259     3000      3000 
...
040 (16781426.002.000) 03/04 00:47:11 Started transferring input files
	Transferring to host: <188.185.194.86:9618?addrs=188.185.194.86-9618+[2001-1458-303-21--100-52]-9618&alias=b9p20p9758.cern.ch&noUDP&sock=slot1_5_11256_9ec3_130738>
...
040 (16781426.002.000) 03/04 00:47:11 Finished transferring input files
...
001 (16781426.002.000) 03/04 00:47:12 Job executing on host: <188.185.194.86:9618?addrs=188.185.194.86-9618+[2001-1458-303-21--100-52]-9618&alias=b9p20p9758.cern.ch&noUDP&sock=startd_11128_75fc>
	SlotName: slot1_5@b9p20p9758.cern.ch
	CondorScratchDir = "/pool/condor/dir_2634461"
	Cpus = 1
	Disk = 2112329
	GPUs = 0
	Memory = 3000
...
040 (16781426.002.000) 03/04 00:47:36 Started transferring output files
...
040 (16781426.002.000) 03/04 00:47:36 Finished transferring output files
...
005 (16781426.002.000) 03/04 00:47:36 Job terminated.
	(1) Normal termination (return value 0)
		Usr 0 00:00:10, Sys 0 00:00:02  -  Run Remote Usage
		Usr 0 00:00:00, Sys 0 00:00:00  -  Run Local Usage
		Usr 0 00:00:27, Sys 0 00:00:07  -  Total Remote Usage
		Usr 0 00:00:00, Sys 0 00:00:00  -  Total Local Usage
	1172  -  Run Bytes Sent By Job
	18890  -  Run Bytes Received By Job
	7868  -  Total Bytes Sent By Job
	51533  -  Total Bytes Received By Job
	Partitionable Resources :    Usage  Request Allocated 
	   Cpus                 :        0        1         1 
	   Disk (KB)            :       44  2097152   2112329 
	   GPUs                 :                           0 
	   Memory (MB)          :      269     3000      3000 

	Job terminated of its own accord at 2025-03-03T23:47:35Z with exit-code 0.
...
