Starting job on Tue Mar  4 12:00:17 AM CET 2025
Running on: b9p24p4603.cern.ch
CMSSW environment set up.
DATASET FOLDER: DYJetsToLL_M-50_TuneCP5_13p6TeV-madgraphMLM-pythia8_Run3Summer22NanoAODv12-ALCARECO_forPOG_130X_mcRun3_2022_realistic_v5_ext1-v2_NANOAODSIM 
EOS DIR: /eos/user/o/olfimbre/NanoAOD_Filtered/DYJetsToLL_M-50_TuneCP5_13p6TeV-madgraphMLM-pythia8_Run3Summer22NanoAODv12-ALCARECO_forPOG_130X_mcRun3_2022_realistic_v5_ext1-v2_NANOAODSIM 
Processing file: root://cms-xrd-global.cern.ch//store/mc/Run3Summer22NanoAODv12/DYJetsToLL_M-50_TuneCP5_13p6TeV-madgraphMLM-pythia8/NANOAODSIM/ALCARECO_forPOG_130X_mcRun3_2022_realistic_v5_ext1-v2/2530000/b9229cee-2cd0-4705-90b4-8b96377272c1.root
Will write selected trees to filteredNanoAOD
Pre-select 868989 entries out of 868989 (100.00%)
Processed    10000/  868989 entries,  1.15% (elapsed time     6.1s, curr speed    1.645 kHz, avg speed    1.645 kHz), accepted     2766/   10001 events (27.66%)
Processed    20000/  868989 entries,  2.30% (elapsed time    13.3s, curr speed    1.380 kHz, avg speed    1.501 kHz), accepted     5518/   20001 events (27.59%)
Processed    30000/  868989 entries,  3.45% (elapsed time    18.7s, curr speed    1.855 kHz, avg speed    1.603 kHz), accepted     8243/   30001 events (27.48%)
Processed    40000/  868989 entries,  4.60% (elapsed time    25.1s, curr speed    1.557 kHz, avg speed    1.591 kHz), accepted    11052/   40001 events (27.63%)
Processed    50000/  868989 entries,  5.75% (elapsed time    32.2s, curr speed    1.422 kHz, avg speed    1.554 kHz), accepted    13837/   50001 events (27.67%)
Processed    60000/  868989 entries,  6.90% (elapsed time    37.4s, curr speed    1.898 kHz, avg speed    1.603 kHz), accepted    16579/   60001 events (27.63%)
Processed    70000/  868989 entries,  8.06% (elapsed time    43.5s, curr speed    1.638 kHz, avg speed    1.607 kHz), accepted    19283/   70001 events (27.55%)
Processed    80000/  868989 entries,  9.21% (elapsed time    50.5s, curr speed    1.445 kHz, avg speed    1.585 kHz), accepted    22023/   80001 events (27.53%)
Processed    90000/  868989 entries, 10.36% (elapsed time    55.8s, curr speed    1.859 kHz, avg speed    1.611 kHz), accepted    24736/   90001 events (27.48%)
Processed   100000/  868989 entries, 11.51% (elapsed time    61.8s, curr speed    1.684 kHz, avg speed    1.618 kHz), accepted    27515/  100001 events (27.51%)
Processed   110000/  868989 entries, 12.66% (elapsed time    68.9s, curr speed    1.409 kHz, avg speed    1.597 kHz), accepted    30243/  110001 events (27.49%)
Processed   120000/  868989 entries, 13.81% (elapsed time    74.0s, curr speed    1.968 kHz, avg speed    1.622 kHz), accepted    32989/  120001 events (27.49%)
Processed   130000/  868989 entries, 14.96% (elapsed time    80.4s, curr speed    1.565 kHz, avg speed    1.618 kHz), accepted    35749/  130001 events (27.50%)
Processed   140000/  868989 entries, 16.11% (elapsed time    87.5s, curr speed    1.402 kHz, avg speed    1.600 kHz), accepted    38445/  140001 events (27.46%)
Processed   150000/  868989 entries, 17.26% (elapsed time    92.5s, curr speed    2.004 kHz, avg speed    1.622 kHz), accepted    41130/  150001 events (27.42%)
Processed   160000/  868989 entries, 18.41% (elapsed time    98.4s, curr speed    1.688 kHz, avg speed    1.626 kHz), accepted    43805/  160001 events (27.38%)
Processed   170000/  868989 entries, 19.56% (elapsed time   105.5s, curr speed    1.415 kHz, avg speed    1.612 kHz), accepted    46603/  170001 events (27.41%)
Processed   180000/  868989 entries, 20.71% (elapsed time   110.2s, curr speed    2.125 kHz, avg speed    1.634 kHz), accepted    49343/  180001 events (27.41%)
Processed   190000/  868989 entries, 21.86% (elapsed time   116.7s, curr speed    1.538 kHz, avg speed    1.628 kHz), accepted    52003/  190001 events (27.37%)
Processed   200000/  868989 entries, 23.02% (elapsed time   124.0s, curr speed    1.363 kHz, avg speed    1.613 kHz), accepted    54710/  200001 events (27.35%)
Processed   210000/  868989 entries, 24.17% (elapsed time   128.3s, curr speed    2.326 kHz, avg speed    1.637 kHz), accepted    57508/  210001 events (27.38%)
Processed   220000/  868989 entries, 25.32% (elapsed time   135.6s, curr speed    1.373 kHz, avg speed    1.622 kHz), accepted    60235/  220001 events (27.38%)
Processed   230000/  868989 entries, 26.47% (elapsed time   142.8s, curr speed    1.397 kHz, avg speed    1.611 kHz), accepted    62968/  230001 events (27.38%)
Processed   240000/  868989 entries, 27.62% (elapsed time   146.9s, curr speed    2.436 kHz, avg speed    1.634 kHz), accepted    65715/  240001 events (27.38%)
Processed   250000/  868989 entries, 28.77% (elapsed time   154.1s, curr speed    1.374 kHz, avg speed    1.622 kHz), accepted    68482/  250001 events (27.39%)
Processed   260000/  868989 entries, 29.92% (elapsed time   161.2s, curr speed    1.413 kHz, avg speed    1.613 kHz), accepted    71272/  260001 events (27.41%)
Processed   270000/  868989 entries, 31.07% (elapsed time   165.2s, curr speed    2.505 kHz, avg speed    1.634 kHz), accepted    74062/  270001 events (27.43%)
Processed   280000/  868989 entries, 32.22% (elapsed time   172.3s, curr speed    1.414 kHz, avg speed    1.625 kHz), accepted    76763/  280001 events (27.42%)
Processed   290000/  868989 entries, 33.37% (elapsed time   179.0s, curr speed    1.492 kHz, avg speed    1.620 kHz), accepted    79482/  290001 events (27.41%)
Processed   300000/  868989 entries, 34.52% (elapsed time   183.0s, curr speed    2.470 kHz, avg speed    1.639 kHz), accepted    82215/  300001 events (27.40%)
Processed   310000/  868989 entries, 35.67% (elapsed time   189.9s, curr speed    1.450 kHz, avg speed    1.632 kHz), accepted    84901/  310001 events (27.39%)
Processed   320000/  868989 entries, 36.82% (elapsed time   196.7s, curr speed    1.475 kHz, avg speed    1.627 kHz), accepted    87633/  320001 events (27.39%)
Processed   330000/  868989 entries, 37.98% (elapsed time   200.7s, curr speed    2.501 kHz, avg speed    1.644 kHz), accepted    90384/  330001 events (27.39%)
Processed   340000/  868989 entries, 39.13% (elapsed time   207.6s, curr speed    1.462 kHz, avg speed    1.638 kHz), accepted    93144/  340001 events (27.40%)
Processed   350000/  868989 entries, 40.28% (elapsed time   214.6s, curr speed    1.428 kHz, avg speed    1.631 kHz), accepted    95914/  350001 events (27.40%)
Processed   360000/  868989 entries, 41.43% (elapsed time   218.7s, curr speed    2.394 kHz, avg speed    1.646 kHz), accepted    98697/  360001 events (27.42%)
Processed   370000/  868989 entries, 42.58% (elapsed time   225.4s, curr speed    1.494 kHz, avg speed    1.641 kHz), accepted   101443/  370001 events (27.42%)
Processed   380000/  868989 entries, 43.73% (elapsed time   232.4s, curr speed    1.436 kHz, avg speed    1.635 kHz), accepted   104239/  380001 events (27.43%)
Processed   390000/  868989 entries, 44.88% (elapsed time   236.6s, curr speed    2.358 kHz, avg speed    1.648 kHz), accepted   106974/  390001 events (27.43%)
Processed   400000/  868989 entries, 46.03% (elapsed time   243.1s, curr speed    1.557 kHz, avg speed    1.646 kHz), accepted   109650/  400001 events (27.41%)
Processed   410000/  868989 entries, 47.18% (elapsed time   249.7s, curr speed    1.509 kHz, avg speed    1.642 kHz), accepted   112369/  410001 events (27.41%)
Processed   420000/  868989 entries, 48.33% (elapsed time   253.8s, curr speed    2.407 kHz, avg speed    1.655 kHz), accepted   115170/  420001 events (27.42%)
Processed   430000/  868989 entries, 49.48% (elapsed time   260.8s, curr speed    1.430 kHz, avg speed    1.649 kHz), accepted   117928/  430001 events (27.43%)
Processed   440000/  868989 entries, 50.63% (elapsed time   267.4s, curr speed    1.511 kHz, avg speed    1.645 kHz), accepted   120686/  440001 events (27.43%)
Processed   450000/  868989 entries, 51.78% (elapsed time   271.5s, curr speed    2.495 kHz, avg speed    1.658 kHz), accepted   123501/  450001 events (27.44%)
Processed   460000/  868989 entries, 52.94% (elapsed time   278.2s, curr speed    1.475 kHz, avg speed    1.653 kHz), accepted   126229/  460001 events (27.44%)
Processed   470000/  868989 entries, 54.09% (elapsed time   283.3s, curr speed    1.984 kHz, avg speed    1.659 kHz), accepted   129061/  470001 events (27.46%)
Processed   480000/  868989 entries, 55.24% (elapsed time   289.0s, curr speed    1.746 kHz, avg speed    1.661 kHz), accepted   131832/  480001 events (27.46%)
Processed   490000/  868989 entries, 56.39% (elapsed time   295.9s, curr speed    1.443 kHz, avg speed    1.656 kHz), accepted   134544/  490001 events (27.46%)
Processed   500000/  868989 entries, 57.54% (elapsed time   300.9s, curr speed    2.028 kHz, avg speed    1.662 kHz), accepted   137247/  500001 events (27.45%)
Processed   510000/  868989 entries, 58.69% (elapsed time   306.8s, curr speed    1.680 kHz, avg speed    1.662 kHz), accepted   139975/  510001 events (27.45%)
Processed   520000/  868989 entries, 59.84% (elapsed time   313.6s, curr speed    1.474 kHz, avg speed    1.658 kHz), accepted   142787/  520001 events (27.46%)
Processed   530000/  868989 entries, 60.99% (elapsed time   318.7s, curr speed    1.957 kHz, avg speed    1.663 kHz), accepted   145538/  530001 events (27.46%)
Processed   540000/  868989 entries, 62.14% (elapsed time   324.5s, curr speed    1.727 kHz, avg speed    1.664 kHz), accepted   148353/  540001 events (27.47%)
Processed   550000/  868989 entries, 63.29% (elapsed time   331.2s, curr speed    1.502 kHz, avg speed    1.661 kHz), accepted   151079/  550001 events (27.47%)
Processed   560000/  868989 entries, 64.44% (elapsed time   336.3s, curr speed    1.962 kHz, avg speed    1.665 kHz), accepted   153797/  560001 events (27.46%)
Processed   570000/  868989 entries, 65.59% (elapsed time   342.1s, curr speed    1.711 kHz, avg speed    1.666 kHz), accepted   156522/  570001 events (27.46%)
Processed   580000/  868989 entries, 66.74% (elapsed time   349.2s, curr speed    1.414 kHz, avg speed    1.661 kHz), accepted   159235/  580001 events (27.45%)
Processed   590000/  868989 entries, 67.89% (elapsed time   354.6s, curr speed    1.857 kHz, avg speed    1.664 kHz), accepted   161959/  590001 events (27.45%)
Processed   600000/  868989 entries, 69.05% (elapsed time   360.8s, curr speed    1.602 kHz, avg speed    1.663 kHz), accepted   164700/  600001 events (27.45%)
Processed   610000/  868989 entries, 70.20% (elapsed time   367.6s, curr speed    1.476 kHz, avg speed    1.660 kHz), accepted   167427/  610001 events (27.45%)
Processed   620000/  868989 entries, 71.35% (elapsed time   373.2s, curr speed    1.788 kHz, avg speed    1.661 kHz), accepted   170147/  620001 events (27.44%)
Processed   630000/  868989 entries, 72.50% (elapsed time   379.3s, curr speed    1.629 kHz, avg speed    1.661 kHz), accepted   172810/  630001 events (27.43%)
Processed   640000/  868989 entries, 73.65% (elapsed time   386.5s, curr speed    1.392 kHz, avg speed    1.656 kHz), accepted   175601/  640001 events (27.44%)
Processed   650000/  868989 entries, 74.80% (elapsed time   390.9s, curr speed    2.264 kHz, avg speed    1.663 kHz), accepted   178385/  650001 events (27.44%)
Processed   660000/  868989 entries, 75.95% (elapsed time   397.2s, curr speed    1.585 kHz, avg speed    1.662 kHz), accepted   181026/  660001 events (27.43%)
Processed   670000/  868989 entries, 77.10% (elapsed time   404.3s, curr speed    1.408 kHz, avg speed    1.657 kHz), accepted   183755/  670001 events (27.43%)
Processed   680000/  868989 entries, 78.25% (elapsed time   408.4s, curr speed    2.437 kHz, avg speed    1.665 kHz), accepted   186510/  680001 events (27.43%)
Processed   690000/  868989 entries, 79.40% (elapsed time   415.2s, curr speed    1.473 kHz, avg speed    1.662 kHz), accepted   189207/  690001 events (27.42%)
Processed   700000/  868989 entries, 80.55% (elapsed time   422.3s, curr speed    1.403 kHz, avg speed    1.657 kHz), accepted   192003/  700001 events (27.43%)
Processed   710000/  868989 entries, 81.70% (elapsed time   426.2s, curr speed    2.558 kHz, avg speed    1.666 kHz), accepted   194774/  710001 events (27.43%)
Processed   720000/  868989 entries, 82.85% (elapsed time   433.6s, curr speed    1.369 kHz, avg speed    1.661 kHz), accepted   197488/  720001 events (27.43%)
Processed   730000/  868989 entries, 84.01% (elapsed time   440.5s, curr speed    1.434 kHz, avg speed    1.657 kHz), accepted   200283/  730001 events (27.44%)
Processed   740000/  868989 entries, 85.16% (elapsed time   444.9s, curr speed    2.277 kHz, avg speed    1.663 kHz), accepted   203073/  740001 events (27.44%)
Processed   750000/  868989 entries, 86.31% (elapsed time   452.0s, curr speed    1.403 kHz, avg speed    1.659 kHz), accepted   205814/  750001 events (27.44%)
Processed   760000/  868989 entries, 87.46% (elapsed time   458.7s, curr speed    1.496 kHz, avg speed    1.657 kHz), accepted   208509/  760001 events (27.44%)
Processed   770000/  868989 entries, 88.61% (elapsed time   462.6s, curr speed    2.592 kHz, avg speed    1.665 kHz), accepted   211305/  770001 events (27.44%)
Processed   780000/  868989 entries, 89.76% (elapsed time   469.6s, curr speed    1.433 kHz, avg speed    1.661 kHz), accepted   214111/  780001 events (27.45%)
Processed   790000/  868989 entries, 90.91% (elapsed time   476.1s, curr speed    1.521 kHz, avg speed    1.659 kHz), accepted   216779/  790001 events (27.44%)
Processed   800000/  868989 entries, 92.06% (elapsed time   480.5s, curr speed    2.318 kHz, avg speed    1.665 kHz), accepted   219601/  800001 events (27.45%)
Processed   810000/  868989 entries, 93.21% (elapsed time   487.6s, curr speed    1.397 kHz, avg speed    1.661 kHz), accepted   222325/  810001 events (27.45%)
Processed   820000/  868989 entries, 94.36% (elapsed time   494.2s, curr speed    1.511 kHz, avg speed    1.659 kHz), accepted   225112/  820001 events (27.45%)
Processed   830000/  868989 entries, 95.51% (elapsed time   498.4s, curr speed    2.397 kHz, avg speed    1.665 kHz), accepted   227790/  830001 events (27.44%)
Processed   840000/  868989 entries, 96.66% (elapsed time   505.7s, curr speed    1.374 kHz, avg speed    1.661 kHz), accepted   230474/  840001 events (27.44%)
Processed   850000/  868989 entries, 97.81% (elapsed time   512.8s, curr speed    1.402 kHz, avg speed    1.658 kHz), accepted   233244/  850001 events (27.44%)
Processed   860000/  868989 entries, 98.97% (elapsed time   517.4s, curr speed    2.187 kHz, avg speed    1.662 kHz), accepted   236061/  860001 events (27.45%)
Processed 868989 preselected entries from root://cms-xrd-global.cern.ch//store/mc/Run3Summer22NanoAODv12/DYJetsToLL_M-50_TuneCP5_13p6TeV-madgraphMLM-pythia8/NANOAODSIM/ALCARECO_forPOG_130X_mcRun3_2022_realistic_v5_ext1-v2/2530000/b9229cee-2cd0-4705-90b4-8b96377272c1.root (868989 entries). Finally selected 238558 entries
Done filteredNanoAOD/b9229cee-2cd0-4705-90b4-8b96377272c1_Skim.root
Total time 665.3 sec. to process 868989 events. Rate = 1306.2 Hz.
Copying output files to EOS: /eos/user/o/olfimbre/NanoAOD_Filtered/DYJetsToLL_M-50_TuneCP5_13p6TeV-madgraphMLM-pythia8_Run3Summer22NanoAODv12-ALCARECO_forPOG_130X_mcRun3_2022_realistic_v5_ext1-v2_NANOAODSIM
Job finished on Tue Mar  4 00:12:11 CET 2025
