Starting job on Tue Mar  4 12:00:20 AM CET 2025
Running on: b9p12p8471.cern.ch
CMSSW environment set up.
DATASET FOLDER: DYJetsToLL_M-50_TuneCP5_13p6TeV-madgraphMLM-pythia8_Run3Summer22NanoAODv12-ALCARECO_forPOG_130X_mcRun3_2022_realistic_v5_ext1-v2_NANOAODSIM 
EOS DIR: /eos/user/o/olfimbre/NanoAOD_Filtered/DYJetsToLL_M-50_TuneCP5_13p6TeV-madgraphMLM-pythia8_Run3Summer22NanoAODv12-ALCARECO_forPOG_130X_mcRun3_2022_realistic_v5_ext1-v2_NANOAODSIM 
Processing file: root://cms-xrd-global.cern.ch//store/mc/Run3Summer22NanoAODv12/DYJetsToLL_M-50_TuneCP5_13p6TeV-madgraphMLM-pythia8/NANOAODSIM/ALCARECO_forPOG_130X_mcRun3_2022_realistic_v5_ext1-v2/30000/20f75fa6-4530-485f-af08-39ed0866c142.root
Will write selected trees to filteredNanoAOD
Pre-select 699253 entries out of 699253 (100.00%)
Processed    10000/  699253 entries,  1.43% (elapsed time     6.6s, curr speed    1.515 kHz, avg speed    1.515 kHz), accepted     2822/   10001 events (28.22%)
Processed    20000/  699253 entries,  2.86% (elapsed time    13.6s, curr speed    1.436 kHz, avg speed    1.475 kHz), accepted     5523/   20001 events (27.61%)
Processed    30000/  699253 entries,  4.29% (elapsed time    18.8s, curr speed    1.918 kHz, avg speed    1.598 kHz), accepted     8273/   30001 events (27.58%)
Processed    40000/  699253 entries,  5.72% (elapsed time    25.0s, curr speed    1.616 kHz, avg speed    1.602 kHz), accepted    11010/   40001 events (27.52%)
Processed    50000/  699253 entries,  7.15% (elapsed time    32.0s, curr speed    1.419 kHz, avg speed    1.562 kHz), accepted    13712/   50001 events (27.42%)
Processed    60000/  699253 entries,  8.58% (elapsed time    36.5s, curr speed    2.240 kHz, avg speed    1.645 kHz), accepted    16452/   60001 events (27.42%)
Processed    70000/  699253 entries, 10.01% (elapsed time    44.0s, curr speed    1.336 kHz, avg speed    1.592 kHz), accepted    19117/   70001 events (27.31%)
Processed    80000/  699253 entries, 11.44% (elapsed time    51.2s, curr speed    1.381 kHz, avg speed    1.563 kHz), accepted    21851/   80001 events (27.31%)
Processed    90000/  699253 entries, 12.87% (elapsed time    55.7s, curr speed    2.229 kHz, avg speed    1.616 kHz), accepted    24652/   90001 events (27.39%)
Processed   100000/  699253 entries, 14.30% (elapsed time    63.0s, curr speed    1.374 kHz, avg speed    1.588 kHz), accepted    27383/  100001 events (27.38%)
Processed   110000/  699253 entries, 15.73% (elapsed time    70.4s, curr speed    1.345 kHz, avg speed    1.563 kHz), accepted    30117/  110001 events (27.38%)
Processed   120000/  699253 entries, 17.16% (elapsed time    74.8s, curr speed    2.264 kHz, avg speed    1.604 kHz), accepted    32898/  120001 events (27.41%)
Processed   130000/  699253 entries, 18.59% (elapsed time    82.2s, curr speed    1.357 kHz, avg speed    1.582 kHz), accepted    35661/  130001 events (27.43%)
Processed   140000/  699253 entries, 20.02% (elapsed time    87.6s, curr speed    1.851 kHz, avg speed    1.598 kHz), accepted    38421/  140001 events (27.44%)
Processed   150000/  699253 entries, 21.45% (elapsed time    94.0s, curr speed    1.562 kHz, avg speed    1.596 kHz), accepted    41178/  150001 events (27.45%)
Processed   160000/  699253 entries, 22.88% (elapsed time   101.3s, curr speed    1.358 kHz, avg speed    1.579 kHz), accepted    43995/  160001 events (27.50%)
Processed   170000/  699253 entries, 24.31% (elapsed time   105.6s, curr speed    2.378 kHz, avg speed    1.611 kHz), accepted    46779/  170001 events (27.52%)
Processed   180000/  699253 entries, 25.74% (elapsed time   112.8s, curr speed    1.377 kHz, avg speed    1.596 kHz), accepted    49513/  180001 events (27.51%)
Processed   190000/  699253 entries, 27.17% (elapsed time   120.2s, curr speed    1.355 kHz, avg speed    1.581 kHz), accepted    52247/  190001 events (27.50%)
Processed   200000/  699253 entries, 28.60% (elapsed time   124.3s, curr speed    2.455 kHz, avg speed    1.609 kHz), accepted    54928/  200001 events (27.46%)
Processed   210000/  699253 entries, 30.03% (elapsed time   131.7s, curr speed    1.337 kHz, avg speed    1.594 kHz), accepted    57653/  210001 events (27.45%)
Processed   220000/  699253 entries, 31.46% (elapsed time   138.1s, curr speed    1.567 kHz, avg speed    1.593 kHz), accepted    60446/  220001 events (27.48%)
Processed   230000/  699253 entries, 32.89% (elapsed time   143.5s, curr speed    1.846 kHz, avg speed    1.602 kHz), accepted    63165/  230001 events (27.46%)
Processed   240000/  699253 entries, 34.32% (elapsed time   150.9s, curr speed    1.356 kHz, avg speed    1.590 kHz), accepted    65861/  240001 events (27.44%)
Processed   250000/  699253 entries, 35.75% (elapsed time   155.9s, curr speed    2.024 kHz, avg speed    1.604 kHz), accepted    68581/  250001 events (27.43%)
Processed   260000/  699253 entries, 37.18% (elapsed time   162.1s, curr speed    1.608 kHz, avg speed    1.604 kHz), accepted    71282/  260001 events (27.42%)
Processed   270000/  699253 entries, 38.61% (elapsed time   169.5s, curr speed    1.343 kHz, avg speed    1.593 kHz), accepted    73971/  270001 events (27.40%)
Processed   280000/  699253 entries, 40.04% (elapsed time   173.9s, curr speed    2.300 kHz, avg speed    1.610 kHz), accepted    76781/  280001 events (27.42%)
Processed   290000/  699253 entries, 41.47% (elapsed time   181.2s, curr speed    1.361 kHz, avg speed    1.600 kHz), accepted    79573/  290001 events (27.44%)
Processed   300000/  699253 entries, 42.90% (elapsed time   188.4s, curr speed    1.394 kHz, avg speed    1.592 kHz), accepted    82230/  300001 events (27.41%)
Processed   310000/  699253 entries, 44.33% (elapsed time   192.7s, curr speed    2.338 kHz, avg speed    1.609 kHz), accepted    84978/  310001 events (27.41%)
Processed   320000/  699253 entries, 45.76% (elapsed time   200.2s, curr speed    1.337 kHz, avg speed    1.599 kHz), accepted    87772/  320001 events (27.43%)
Processed   330000/  699253 entries, 47.19% (elapsed time   207.7s, curr speed    1.325 kHz, avg speed    1.589 kHz), accepted    90518/  330001 events (27.43%)
Processed   340000/  699253 entries, 48.62% (elapsed time   211.8s, curr speed    2.452 kHz, avg speed    1.605 kHz), accepted    93333/  340001 events (27.45%)
Processed   350000/  699253 entries, 50.05% (elapsed time   218.9s, curr speed    1.398 kHz, avg speed    1.599 kHz), accepted    96000/  350001 events (27.43%)
Processed   360000/  699253 entries, 51.48% (elapsed time   224.4s, curr speed    1.840 kHz, avg speed    1.605 kHz), accepted    98834/  360001 events (27.45%)
Processed   370000/  699253 entries, 52.91% (elapsed time   230.7s, curr speed    1.578 kHz, avg speed    1.604 kHz), accepted   101553/  370001 events (27.45%)
Processed   380000/  699253 entries, 54.34% (elapsed time   238.0s, curr speed    1.365 kHz, avg speed    1.596 kHz), accepted   104282/  380001 events (27.44%)
Processed   390000/  699253 entries, 55.77% (elapsed time   242.6s, curr speed    2.205 kHz, avg speed    1.608 kHz), accepted   106977/  390001 events (27.43%)
Processed   400000/  699253 entries, 57.20% (elapsed time   249.9s, curr speed    1.370 kHz, avg speed    1.601 kHz), accepted   109732/  400001 events (27.43%)
Processed   410000/  699253 entries, 58.63% (elapsed time   256.9s, curr speed    1.413 kHz, avg speed    1.596 kHz), accepted   112491/  410001 events (27.44%)
Processed   420000/  699253 entries, 60.06% (elapsed time   261.3s, curr speed    2.300 kHz, avg speed    1.607 kHz), accepted   115200/  420001 events (27.43%)
Processed   430000/  699253 entries, 61.49% (elapsed time   269.1s, curr speed    1.280 kHz, avg speed    1.598 kHz), accepted   118006/  430001 events (27.44%)
Processed   440000/  699253 entries, 62.92% (elapsed time   276.2s, curr speed    1.400 kHz, avg speed    1.593 kHz), accepted   120727/  440001 events (27.44%)
Processed   450000/  699253 entries, 64.35% (elapsed time   280.8s, curr speed    2.201 kHz, avg speed    1.603 kHz), accepted   123450/  450001 events (27.43%)
Processed   460000/  699253 entries, 65.78% (elapsed time   288.6s, curr speed    1.284 kHz, avg speed    1.594 kHz), accepted   126230/  460001 events (27.44%)
Processed   470000/  699253 entries, 67.21% (elapsed time   293.9s, curr speed    1.873 kHz, avg speed    1.599 kHz), accepted   128888/  470001 events (27.42%)
Processed   480000/  699253 entries, 68.64% (elapsed time   300.3s, curr speed    1.562 kHz, avg speed    1.598 kHz), accepted   131609/  480001 events (27.42%)
Processed   490000/  699253 entries, 70.07% (elapsed time   307.6s, curr speed    1.368 kHz, avg speed    1.593 kHz), accepted   134424/  490001 events (27.43%)
Processed   500000/  699253 entries, 71.50% (elapsed time   312.1s, curr speed    2.215 kHz, avg speed    1.602 kHz), accepted   137192/  500001 events (27.44%)
Processed   510000/  699253 entries, 72.93% (elapsed time   319.7s, curr speed    1.321 kHz, avg speed    1.595 kHz), accepted   139887/  510001 events (27.43%)
Processed   520000/  699253 entries, 74.37% (elapsed time   326.9s, curr speed    1.392 kHz, avg speed    1.591 kHz), accepted   142644/  520001 events (27.43%)
Processed   530000/  699253 entries, 75.80% (elapsed time   331.1s, curr speed    2.358 kHz, avg speed    1.601 kHz), accepted   145336/  530001 events (27.42%)
Processed   540000/  699253 entries, 77.23% (elapsed time   338.7s, curr speed    1.323 kHz, avg speed    1.594 kHz), accepted   148086/  540001 events (27.42%)
Processed   550000/  699253 entries, 78.66% (elapsed time   345.8s, curr speed    1.410 kHz, avg speed    1.591 kHz), accepted   150815/  550001 events (27.42%)
Processed   560000/  699253 entries, 80.09% (elapsed time   350.1s, curr speed    2.291 kHz, avg speed    1.599 kHz), accepted   153547/  560001 events (27.42%)
Processed   570000/  699253 entries, 81.52% (elapsed time   357.5s, curr speed    1.361 kHz, avg speed    1.594 kHz), accepted   156302/  570001 events (27.42%)
Processed   580000/  699253 entries, 82.95% (elapsed time   362.8s, curr speed    1.888 kHz, avg speed    1.599 kHz), accepted   159053/  580001 events (27.42%)
Processed   590000/  699253 entries, 84.38% (elapsed time   369.4s, curr speed    1.510 kHz, avg speed    1.597 kHz), accepted   161720/  590001 events (27.41%)
Processed   600000/  699253 entries, 85.81% (elapsed time   376.5s, curr speed    1.405 kHz, avg speed    1.593 kHz), accepted   164417/  600001 events (27.40%)
Processed   610000/  699253 entries, 87.24% (elapsed time   380.8s, curr speed    2.328 kHz, avg speed    1.602 kHz), accepted   167179/  610001 events (27.41%)
Processed   620000/  699253 entries, 88.67% (elapsed time   388.0s, curr speed    1.390 kHz, avg speed    1.598 kHz), accepted   169988/  620001 events (27.42%)
Processed   630000/  699253 entries, 90.10% (elapsed time   395.1s, curr speed    1.412 kHz, avg speed    1.594 kHz), accepted   172700/  630001 events (27.41%)
Processed   640000/  699253 entries, 91.53% (elapsed time   399.5s, curr speed    2.264 kHz, avg speed    1.602 kHz), accepted   175503/  640001 events (27.42%)
Processed   650000/  699253 entries, 92.96% (elapsed time   407.0s, curr speed    1.337 kHz, avg speed    1.597 kHz), accepted   178220/  650001 events (27.42%)
Processed   660000/  699253 entries, 94.39% (elapsed time   414.1s, curr speed    1.401 kHz, avg speed    1.594 kHz), accepted   181039/  660001 events (27.43%)
Processed   670000/  699253 entries, 95.82% (elapsed time   418.2s, curr speed    2.456 kHz, avg speed    1.602 kHz), accepted   183859/  670001 events (27.44%)
Processed   680000/  699253 entries, 97.25% (elapsed time   425.6s, curr speed    1.354 kHz, avg speed    1.598 kHz), accepted   186582/  680001 events (27.44%)
Processed   690000/  699253 entries, 98.68% (elapsed time   430.7s, curr speed    1.947 kHz, avg speed    1.602 kHz), accepted   189332/  690001 events (27.44%)
Processed 699253 preselected entries from root://cms-xrd-global.cern.ch//store/mc/Run3Summer22NanoAODv12/DYJetsToLL_M-50_TuneCP5_13p6TeV-madgraphMLM-pythia8/NANOAODSIM/ALCARECO_forPOG_130X_mcRun3_2022_realistic_v5_ext1-v2/30000/20f75fa6-4530-485f-af08-39ed0866c142.root (699253 entries). Finally selected 191855 entries
Done filteredNanoAOD/20f75fa6-4530-485f-af08-39ed0866c142_Skim.root
Total time 588.0 sec. to process 699253 events. Rate = 1189.1 Hz.
Copying output files to EOS: /eos/user/o/olfimbre/NanoAOD_Filtered/DYJetsToLL_M-50_TuneCP5_13p6TeV-madgraphMLM-pythia8_Run3Summer22NanoAODv12-ALCARECO_forPOG_130X_mcRun3_2022_realistic_v5_ext1-v2_NANOAODSIM
Job finished on Tue Mar  4 00:10:51 CET 2025
