000 (16781426.035.000) 03/04 00:13:24 Job submitted from host: <188.185.72.155:9618?addrs=188.185.72.155-9618+[2001-1458-d00-8--100-95]-9618&alias=bigbird08.cern.ch&noUDP&sock=schedd_862983_22fa>
...
040 (16781426.035.000) 03/04 00:14:00 Started transferring input files
	Transferring to host: <188.185.198.99:9618?addrs=188.185.198.99-9618+[2001-1458-303-25--100-5f]-9618&alias=b9p15p8074.cern.ch&noUDP&sock=slot1_26_1402622_d606_12710>
...
040 (16781426.035.000) 03/04 00:14:00 Finished transferring input files
...
001 (16781426.035.000) 03/04 00:14:01 Job executing on host: <188.185.198.99:9618?addrs=188.185.198.99-9618+[2001-1458-303-25--100-5f]-9618&alias=b9p15p8074.cern.ch&noUDP&sock=startd_8337_1129>
	SlotName: slot1_26@b9p15p8074.cern.ch
	CondorScratchDir = "/pool/condor/dir_1198669"
	Cpus = 1
	Disk = 2099943
	GPUs = 0
	Memory = 3000
...
006 (16781426.035.000) 03/04 00:14:15 Image size of job updated: 10204
	6  -  MemoryUsage of job (MB)
	5556  -  ResidentSetSize of job (KB)
...
006 (16781426.035.000) 03/04 00:19:16 Image size of job updated: 78076
	47  -  MemoryUsage of job (MB)
	47648  -  ResidentSetSize of job (KB)
...
006 (16781426.035.000) 03/04 00:24:17 Image size of job updated: 78076
	64  -  MemoryUsage of job (MB)
	65148  -  ResidentSetSize of job (KB)
...
006 (16781426.035.000) 03/04 00:29:17 Image size of job updated: 80512
	64  -  MemoryUsage of job (MB)
	65148  -  ResidentSetSize of job (KB)
...
040 (16781426.035.000) 03/04 00:30:56 Started transferring output files
...
040 (16781426.035.000) 03/04 00:30:56 Finished transferring output files
...
004 (16781426.035.000) 03/04 00:30:56 Job was evicted.
	(0) CPU times
		Usr 0 00:00:11, Sys 0 00:00:03  -  Run Remote Usage
		Usr 0 00:00:00, Sys 0 00:00:00  -  Run Local Usage
	6001  -  Run Bytes Sent By Job
	13321  -  Run Bytes Received By Job
	Partitionable Resources :    Usage  Request Allocated 
	   Cpus                 :     0.00        1         1 
	   Disk (KB)            :    42     2097152   2099943 
	   GPUs                 :                           0 
	   Memory (MB)          :    64        3000      3000 
...
040 (16781426.035.000) 03/04 00:47:31 Started transferring input files
	Transferring to host: <188.185.195.82:9618?addrs=188.185.195.82-9618+[2001-1458-303-22--100-4e]-9618&alias=b9p17p8232.cern.ch&noUDP&sock=slot1_3_9782_0dc7_12780>
...
040 (16781426.035.000) 03/04 00:47:31 Finished transferring input files
...
001 (16781426.035.000) 03/04 00:47:32 Job executing on host: <188.185.195.82:9618?addrs=188.185.195.82-9618+[2001-1458-303-22--100-4e]-9618&alias=b9p17p8232.cern.ch&noUDP&sock=startd_8163_b7ae>
	SlotName: slot1_3@b9p17p8232.cern.ch
	CondorScratchDir = "/pool/condor/dir_2637645"
	Cpus = 1
	Disk = 2101360
	GPUs = 0
	Memory = 3000
...
040 (16781426.035.000) 03/04 00:48:02 Started transferring output files
...
040 (16781426.035.000) 03/04 00:48:02 Finished transferring output files
...
005 (16781426.035.000) 03/04 00:48:02 Job terminated.
	(1) Normal termination (return value 0)
		Usr 0 00:00:11, Sys 0 00:00:03  -  Run Remote Usage
		Usr 0 00:00:00, Sys 0 00:00:00  -  Run Local Usage
		Usr 0 00:00:22, Sys 0 00:00:06  -  Total Remote Usage
		Usr 0 00:00:00, Sys 0 00:00:00  -  Total Local Usage
	1172  -  Run Bytes Sent By Job
	19322  -  Run Bytes Received By Job
	7173  -  Total Bytes Sent By Job
	32643  -  Total Bytes Received By Job
	Partitionable Resources :    Usage  Request Allocated 
	   Cpus                 :        0        1         1 
	   Disk (KB)            :       44  2097152   2101360 
	   GPUs                 :                           0 
	   Memory (MB)          :       74     3000      3000 

	Job terminated of its own accord at 2025-03-03T23:48:02Z with exit-code 0.
...
