Starting job on Tue Mar  4 12:00:15 AM CET 2025
Running on: b9g24p0198.cern.ch
CMSSW environment set up.
DATASET FOLDER: DYJetsToLL_M-50_TuneCP5_13p6TeV-madgraphMLM-pythia8_Run3Summer22NanoAODv12-ALCARECO_forPOG_130X_mcRun3_2022_realistic_v5_ext1-v2_NANOAODSIM 
EOS DIR: /eos/user/o/olfimbre/NanoAOD_Filtered/DYJetsToLL_M-50_TuneCP5_13p6TeV-madgraphMLM-pythia8_Run3Summer22NanoAODv12-ALCARECO_forPOG_130X_mcRun3_2022_realistic_v5_ext1-v2_NANOAODSIM 
Processing file: root://cms-xrd-global.cern.ch//store/mc/Run3Summer22NanoAODv12/DYJetsToLL_M-50_TuneCP5_13p6TeV-madgraphMLM-pythia8/NANOAODSIM/ALCARECO_forPOG_130X_mcRun3_2022_realistic_v5_ext1-v2/40000/95902257-86bc-42ab-8ba3-7b663e7ca5fd.root
Will write selected trees to filteredNanoAOD
Pre-select 1106014 entries out of 1106014 (100.00%)
Processed    10000/ 1106014 entries,  0.90% (elapsed time     6.9s, curr speed    1.445 kHz, avg speed    1.445 kHz), accepted     2676/   10001 events (26.76%)
Processed    20000/ 1106014 entries,  1.81% (elapsed time    14.6s, curr speed    1.295 kHz, avg speed    1.366 kHz), accepted     5427/   20001 events (27.13%)
Processed    30000/ 1106014 entries,  2.71% (elapsed time    20.2s, curr speed    1.786 kHz, avg speed    1.482 kHz), accepted     8234/   30001 events (27.45%)
Processed    40000/ 1106014 entries,  3.62% (elapsed time    27.4s, curr speed    1.391 kHz, avg speed    1.458 kHz), accepted    10921/   40001 events (27.30%)
Processed    50000/ 1106014 entries,  4.52% (elapsed time    36.0s, curr speed    1.169 kHz, avg speed    1.390 kHz), accepted    13668/   50001 events (27.34%)
Processed    60000/ 1106014 entries,  5.42% (elapsed time    41.0s, curr speed    1.989 kHz, avg speed    1.463 kHz), accepted    16498/   60001 events (27.50%)
Processed    70000/ 1106014 entries,  6.33% (elapsed time    49.1s, curr speed    1.233 kHz, avg speed    1.425 kHz), accepted    19294/   70001 events (27.56%)
Processed    80000/ 1106014 entries,  7.23% (elapsed time    56.7s, curr speed    1.319 kHz, avg speed    1.411 kHz), accepted    22012/   80001 events (27.51%)
Processed    90000/ 1106014 entries,  8.14% (elapsed time    61.7s, curr speed    2.012 kHz, avg speed    1.459 kHz), accepted    24766/   90001 events (27.52%)
Processed   100000/ 1106014 entries,  9.04% (elapsed time    69.6s, curr speed    1.269 kHz, avg speed    1.438 kHz), accepted    27476/  100001 events (27.48%)
Processed   110000/ 1106014 entries,  9.95% (elapsed time    75.5s, curr speed    1.693 kHz, avg speed    1.458 kHz), accepted    30204/  110001 events (27.46%)
Processed   120000/ 1106014 entries, 10.85% (elapsed time    82.5s, curr speed    1.422 kHz, avg speed    1.455 kHz), accepted    32930/  120001 events (27.44%)
Processed   130000/ 1106014 entries, 11.75% (elapsed time    91.1s, curr speed    1.166 kHz, avg speed    1.427 kHz), accepted    35730/  130001 events (27.48%)
Processed   140000/ 1106014 entries, 12.66% (elapsed time    97.2s, curr speed    1.638 kHz, avg speed    1.441 kHz), accepted    38538/  140001 events (27.53%)
Processed   150000/ 1106014 entries, 13.56% (elapsed time   104.3s, curr speed    1.397 kHz, avg speed    1.438 kHz), accepted    41313/  150001 events (27.54%)
Processed   160000/ 1106014 entries, 14.47% (elapsed time   112.2s, curr speed    1.268 kHz, avg speed    1.426 kHz), accepted    44035/  160001 events (27.52%)
Processed   170000/ 1106014 entries, 15.37% (elapsed time   117.0s, curr speed    2.078 kHz, avg speed    1.452 kHz), accepted    46788/  170001 events (27.52%)
Processed   180000/ 1106014 entries, 16.27% (elapsed time   124.9s, curr speed    1.269 kHz, avg speed    1.441 kHz), accepted    49540/  180001 events (27.52%)
Processed   190000/ 1106014 entries, 17.18% (elapsed time   132.9s, curr speed    1.258 kHz, avg speed    1.430 kHz), accepted    52225/  190001 events (27.49%)
Processed   200000/ 1106014 entries, 18.08% (elapsed time   137.8s, curr speed    2.037 kHz, avg speed    1.452 kHz), accepted    54932/  200001 events (27.47%)
Processed   210000/ 1106014 entries, 18.99% (elapsed time   145.4s, curr speed    1.317 kHz, avg speed    1.445 kHz), accepted    57768/  210001 events (27.51%)
Processed   220000/ 1106014 entries, 19.89% (elapsed time   151.1s, curr speed    1.745 kHz, avg speed    1.456 kHz), accepted    60541/  220001 events (27.52%)
Processed   230000/ 1106014 entries, 20.80% (elapsed time   157.8s, curr speed    1.483 kHz, avg speed    1.457 kHz), accepted    63270/  230001 events (27.51%)
Processed   240000/ 1106014 entries, 21.70% (elapsed time   165.5s, curr speed    1.312 kHz, avg speed    1.450 kHz), accepted    66021/  240001 events (27.51%)
Processed   250000/ 1106014 entries, 22.60% (elapsed time   171.3s, curr speed    1.717 kHz, avg speed    1.459 kHz), accepted    68677/  250001 events (27.47%)
Processed   260000/ 1106014 entries, 23.51% (elapsed time   177.8s, curr speed    1.536 kHz, avg speed    1.462 kHz), accepted    71425/  260001 events (27.47%)
Processed   270000/ 1106014 entries, 24.41% (elapsed time   185.9s, curr speed    1.239 kHz, avg speed    1.453 kHz), accepted    74229/  270001 events (27.49%)
Processed   280000/ 1106014 entries, 25.32% (elapsed time   190.8s, curr speed    2.043 kHz, avg speed    1.468 kHz), accepted    77040/  280001 events (27.51%)
Processed   290000/ 1106014 entries, 26.22% (elapsed time   198.8s, curr speed    1.246 kHz, avg speed    1.459 kHz), accepted    79752/  290001 events (27.50%)
Processed   300000/ 1106014 entries, 27.12% (elapsed time   206.5s, curr speed    1.304 kHz, avg speed    1.453 kHz), accepted    82557/  300001 events (27.52%)
Processed   310000/ 1106014 entries, 28.03% (elapsed time   211.3s, curr speed    2.077 kHz, avg speed    1.467 kHz), accepted    85303/  310001 events (27.52%)
Processed   320000/ 1106014 entries, 28.93% (elapsed time   219.0s, curr speed    1.295 kHz, avg speed    1.461 kHz), accepted    88050/  320001 events (27.52%)
Processed   330000/ 1106014 entries, 29.84% (elapsed time   225.0s, curr speed    1.669 kHz, avg speed    1.467 kHz), accepted    90777/  330001 events (27.51%)
Processed   340000/ 1106014 entries, 30.74% (elapsed time   231.6s, curr speed    1.504 kHz, avg speed    1.468 kHz), accepted    93554/  340001 events (27.52%)
Processed   350000/ 1106014 entries, 31.65% (elapsed time   239.4s, curr speed    1.280 kHz, avg speed    1.462 kHz), accepted    96329/  350001 events (27.52%)
Processed   360000/ 1106014 entries, 32.55% (elapsed time   245.5s, curr speed    1.642 kHz, avg speed    1.466 kHz), accepted    99097/  360001 events (27.53%)
Processed   370000/ 1106014 entries, 33.45% (elapsed time   252.3s, curr speed    1.476 kHz, avg speed    1.466 kHz), accepted   101878/  370001 events (27.53%)
Processed   380000/ 1106014 entries, 34.36% (elapsed time   260.3s, curr speed    1.258 kHz, avg speed    1.460 kHz), accepted   104651/  380001 events (27.54%)
Processed   390000/ 1106014 entries, 35.26% (elapsed time   265.4s, curr speed    1.964 kHz, avg speed    1.470 kHz), accepted   107340/  390001 events (27.52%)
Processed   400000/ 1106014 entries, 36.17% (elapsed time   273.2s, curr speed    1.269 kHz, avg speed    1.464 kHz), accepted   110123/  400001 events (27.53%)
Processed   410000/ 1106014 entries, 37.07% (elapsed time   280.9s, curr speed    1.298 kHz, avg speed    1.459 kHz), accepted   112831/  410001 events (27.52%)
Processed   420000/ 1106014 entries, 37.97% (elapsed time   285.8s, curr speed    2.057 kHz, avg speed    1.470 kHz), accepted   115545/  420001 events (27.51%)
Processed   430000/ 1106014 entries, 38.88% (elapsed time   293.8s, curr speed    1.253 kHz, avg speed    1.464 kHz), accepted   118335/  430001 events (27.52%)
Processed   440000/ 1106014 entries, 39.78% (elapsed time   299.5s, curr speed    1.743 kHz, avg speed    1.469 kHz), accepted   121052/  440001 events (27.51%)
Processed   450000/ 1106014 entries, 40.69% (elapsed time   306.5s, curr speed    1.431 kHz, avg speed    1.468 kHz), accepted   123732/  450001 events (27.50%)
Processed   460000/ 1106014 entries, 41.59% (elapsed time   314.3s, curr speed    1.282 kHz, avg speed    1.464 kHz), accepted   126429/  460001 events (27.48%)
Processed   470000/ 1106014 entries, 42.49% (elapsed time   320.2s, curr speed    1.700 kHz, avg speed    1.468 kHz), accepted   129214/  470001 events (27.49%)
Processed   480000/ 1106014 entries, 43.40% (elapsed time   326.9s, curr speed    1.485 kHz, avg speed    1.468 kHz), accepted   131939/  480001 events (27.49%)
Processed   490000/ 1106014 entries, 44.30% (elapsed time   334.8s, curr speed    1.276 kHz, avg speed    1.464 kHz), accepted   134740/  490001 events (27.50%)
Processed   500000/ 1106014 entries, 45.21% (elapsed time   339.5s, curr speed    2.129 kHz, avg speed    1.473 kHz), accepted   137506/  500001 events (27.50%)
Processed   510000/ 1106014 entries, 46.11% (elapsed time   347.5s, curr speed    1.243 kHz, avg speed    1.468 kHz), accepted   140154/  510001 events (27.48%)
Processed   520000/ 1106014 entries, 47.02% (elapsed time   355.0s, curr speed    1.331 kHz, avg speed    1.465 kHz), accepted   142855/  520001 events (27.47%)
Processed   530000/ 1106014 entries, 47.92% (elapsed time   360.0s, curr speed    1.996 kHz, avg speed    1.472 kHz), accepted   145649/  530001 events (27.48%)
Processed   540000/ 1106014 entries, 48.82% (elapsed time   368.2s, curr speed    1.218 kHz, avg speed    1.466 kHz), accepted   148447/  540001 events (27.49%)
Processed   550000/ 1106014 entries, 49.73% (elapsed time   373.9s, curr speed    1.763 kHz, avg speed    1.471 kHz), accepted   151135/  550001 events (27.48%)
Processed   560000/ 1106014 entries, 50.63% (elapsed time   381.0s, curr speed    1.415 kHz, avg speed    1.470 kHz), accepted   153889/  560001 events (27.48%)
Processed   570000/ 1106014 entries, 51.54% (elapsed time   389.0s, curr speed    1.252 kHz, avg speed    1.465 kHz), accepted   156698/  570001 events (27.49%)
Processed   580000/ 1106014 entries, 52.44% (elapsed time   394.4s, curr speed    1.831 kHz, avg speed    1.470 kHz), accepted   159452/  580001 events (27.49%)
Processed   590000/ 1106014 entries, 53.34% (elapsed time   401.6s, curr speed    1.395 kHz, avg speed    1.469 kHz), accepted   162200/  590001 events (27.49%)
Processed   600000/ 1106014 entries, 54.25% (elapsed time   409.6s, curr speed    1.253 kHz, avg speed    1.465 kHz), accepted   164929/  600001 events (27.49%)
Processed   610000/ 1106014 entries, 55.15% (elapsed time   414.5s, curr speed    2.015 kHz, avg speed    1.471 kHz), accepted   167718/  610001 events (27.49%)
Processed   620000/ 1106014 entries, 56.06% (elapsed time   422.8s, curr speed    1.209 kHz, avg speed    1.466 kHz), accepted   170508/  620001 events (27.50%)
Processed   630000/ 1106014 entries, 56.96% (elapsed time   430.6s, curr speed    1.292 kHz, avg speed    1.463 kHz), accepted   173272/  630001 events (27.50%)
Processed   640000/ 1106014 entries, 57.87% (elapsed time   435.5s, curr speed    2.022 kHz, avg speed    1.470 kHz), accepted   176023/  640001 events (27.50%)
Processed   650000/ 1106014 entries, 58.77% (elapsed time   443.3s, curr speed    1.288 kHz, avg speed    1.466 kHz), accepted   178715/  650001 events (27.49%)
Processed   660000/ 1106014 entries, 59.67% (elapsed time   449.0s, curr speed    1.743 kHz, avg speed    1.470 kHz), accepted   181538/  660001 events (27.51%)
Processed   670000/ 1106014 entries, 60.58% (elapsed time   455.9s, curr speed    1.446 kHz, avg speed    1.470 kHz), accepted   184220/  670001 events (27.50%)
Processed   680000/ 1106014 entries, 61.48% (elapsed time   463.6s, curr speed    1.304 kHz, avg speed    1.467 kHz), accepted   186919/  680001 events (27.49%)
Processed   690000/ 1106014 entries, 62.39% (elapsed time   469.4s, curr speed    1.715 kHz, avg speed    1.470 kHz), accepted   189666/  690001 events (27.49%)
Processed   700000/ 1106014 entries, 63.29% (elapsed time   476.1s, curr speed    1.491 kHz, avg speed    1.470 kHz), accepted   192373/  700001 events (27.48%)
Processed   710000/ 1106014 entries, 64.19% (elapsed time   483.9s, curr speed    1.282 kHz, avg speed    1.467 kHz), accepted   195177/  710001 events (27.49%)
Processed   720000/ 1106014 entries, 65.10% (elapsed time   488.7s, curr speed    2.086 kHz, avg speed    1.473 kHz), accepted   197945/  720001 events (27.49%)
Processed   730000/ 1106014 entries, 66.00% (elapsed time   496.5s, curr speed    1.291 kHz, avg speed    1.470 kHz), accepted   200676/  730001 events (27.49%)
Processed   740000/ 1106014 entries, 66.91% (elapsed time   504.4s, curr speed    1.258 kHz, avg speed    1.467 kHz), accepted   203418/  740001 events (27.49%)
Processed   750000/ 1106014 entries, 67.81% (elapsed time   509.4s, curr speed    2.005 kHz, avg speed    1.472 kHz), accepted   206216/  750001 events (27.50%)
Processed   760000/ 1106014 entries, 68.72% (elapsed time   517.2s, curr speed    1.283 kHz, avg speed    1.469 kHz), accepted   209010/  760001 events (27.50%)
Processed   770000/ 1106014 entries, 69.62% (elapsed time   523.2s, curr speed    1.680 kHz, avg speed    1.472 kHz), accepted   211824/  770001 events (27.51%)
Processed   780000/ 1106014 entries, 70.52% (elapsed time   530.1s, curr speed    1.436 kHz, avg speed    1.471 kHz), accepted   214467/  780001 events (27.50%)
Processed   790000/ 1106014 entries, 71.43% (elapsed time   537.9s, curr speed    1.280 kHz, avg speed    1.469 kHz), accepted   217181/  790001 events (27.49%)
Processed   800000/ 1106014 entries, 72.33% (elapsed time   543.8s, curr speed    1.715 kHz, avg speed    1.471 kHz), accepted   219916/  800001 events (27.49%)
Processed   810000/ 1106014 entries, 73.24% (elapsed time   550.6s, curr speed    1.458 kHz, avg speed    1.471 kHz), accepted   222660/  810001 events (27.49%)
Processed   820000/ 1106014 entries, 74.14% (elapsed time   558.1s, curr speed    1.335 kHz, avg speed    1.469 kHz), accepted   225339/  820001 events (27.48%)
Processed   830000/ 1106014 entries, 75.04% (elapsed time   562.8s, curr speed    2.141 kHz, avg speed    1.475 kHz), accepted   228057/  830001 events (27.48%)
Processed   840000/ 1106014 entries, 75.95% (elapsed time   570.7s, curr speed    1.267 kHz, avg speed    1.472 kHz), accepted   230808/  840001 events (27.48%)
Processed   850000/ 1106014 entries, 76.85% (elapsed time   578.5s, curr speed    1.271 kHz, avg speed    1.469 kHz), accepted   233600/  850001 events (27.48%)
Processed   860000/ 1106014 entries, 77.76% (elapsed time   583.4s, curr speed    2.047 kHz, avg speed    1.474 kHz), accepted   236337/  860001 events (27.48%)
Processed   870000/ 1106014 entries, 78.66% (elapsed time   591.2s, curr speed    1.292 kHz, avg speed    1.472 kHz), accepted   239154/  870001 events (27.49%)
Processed   880000/ 1106014 entries, 79.56% (elapsed time   596.9s, curr speed    1.756 kHz, avg speed    1.474 kHz), accepted   241907/  880001 events (27.49%)
Processed   890000/ 1106014 entries, 80.47% (elapsed time   603.6s, curr speed    1.484 kHz, avg speed    1.474 kHz), accepted   244638/  890001 events (27.49%)
Processed   900000/ 1106014 entries, 81.37% (elapsed time   611.3s, curr speed    1.307 kHz, avg speed    1.472 kHz), accepted   247337/  900001 events (27.48%)
Processed   910000/ 1106014 entries, 82.28% (elapsed time   616.7s, curr speed    1.825 kHz, avg speed    1.476 kHz), accepted   250083/  910001 events (27.48%)
Processed   920000/ 1106014 entries, 83.18% (elapsed time   623.7s, curr speed    1.426 kHz, avg speed    1.475 kHz), accepted   252816/  920001 events (27.48%)
Processed   930000/ 1106014 entries, 84.09% (elapsed time   631.3s, curr speed    1.332 kHz, avg speed    1.473 kHz), accepted   255606/  930001 events (27.48%)
Processed   940000/ 1106014 entries, 84.99% (elapsed time   635.8s, curr speed    2.180 kHz, avg speed    1.478 kHz), accepted   258370/  940001 events (27.49%)
Processed   950000/ 1106014 entries, 85.89% (elapsed time   643.6s, curr speed    1.281 kHz, avg speed    1.476 kHz), accepted   261035/  950001 events (27.48%)
Processed   960000/ 1106014 entries, 86.80% (elapsed time   651.2s, curr speed    1.318 kHz, avg speed    1.474 kHz), accepted   263754/  960001 events (27.47%)
Processed   970000/ 1106014 entries, 87.70% (elapsed time   656.0s, curr speed    2.114 kHz, avg speed    1.479 kHz), accepted   266497/  970001 events (27.47%)
Processed   980000/ 1106014 entries, 88.61% (elapsed time   663.8s, curr speed    1.282 kHz, avg speed    1.476 kHz), accepted   269263/  980001 events (27.48%)
Processed   990000/ 1106014 entries, 89.51% (elapsed time   669.4s, curr speed    1.777 kHz, avg speed    1.479 kHz), accepted   271981/  990001 events (27.47%)
Processed  1000000/ 1106014 entries, 90.41% (elapsed time   676.0s, curr speed    1.511 kHz, avg speed    1.479 kHz), accepted   274707/ 1000001 events (27.47%)
Processed  1010000/ 1106014 entries, 91.32% (elapsed time   683.7s, curr speed    1.303 kHz, avg speed    1.477 kHz), accepted   277583/ 1010001 events (27.48%)
Processed  1020000/ 1106014 entries, 92.22% (elapsed time   689.4s, curr speed    1.754 kHz, avg speed    1.480 kHz), accepted   280374/ 1020001 events (27.49%)
Processed  1030000/ 1106014 entries, 93.13% (elapsed time   696.1s, curr speed    1.482 kHz, avg speed    1.480 kHz), accepted   283084/ 1030001 events (27.48%)
Processed  1040000/ 1106014 entries, 94.03% (elapsed time   703.9s, curr speed    1.289 kHz, avg speed    1.478 kHz), accepted   285907/ 1040001 events (27.49%)
Processed  1050000/ 1106014 entries, 94.94% (elapsed time   708.5s, curr speed    2.167 kHz, avg speed    1.482 kHz), accepted   288722/ 1050001 events (27.50%)
Processed  1060000/ 1106014 entries, 95.84% (elapsed time   716.4s, curr speed    1.272 kHz, avg speed    1.480 kHz), accepted   291474/ 1060001 events (27.50%)
Processed  1070000/ 1106014 entries, 96.74% (elapsed time   724.0s, curr speed    1.305 kHz, avg speed    1.478 kHz), accepted   294258/ 1070001 events (27.50%)
Processed  1080000/ 1106014 entries, 97.65% (elapsed time   728.5s, curr speed    2.237 kHz, avg speed    1.482 kHz), accepted   296987/ 1080001 events (27.50%)
Processed  1090000/ 1106014 entries, 98.55% (elapsed time   736.1s, curr speed    1.325 kHz, avg speed    1.481 kHz), accepted   299661/ 1090001 events (27.49%)
Processed  1100000/ 1106014 entries, 99.46% (elapsed time   741.8s, curr speed    1.737 kHz, avg speed    1.483 kHz), accepted   302411/ 1100001 events (27.49%)
Processed 1106014 preselected entries from root://cms-xrd-global.cern.ch//store/mc/Run3Summer22NanoAODv12/DYJetsToLL_M-50_TuneCP5_13p6TeV-madgraphMLM-pythia8/NANOAODSIM/ALCARECO_forPOG_130X_mcRun3_2022_realistic_v5_ext1-v2/40000/95902257-86bc-42ab-8ba3-7b663e7ca5fd.root (1106014 entries). Finally selected 304054 entries
Done filteredNanoAOD/95902257-86bc-42ab-8ba3-7b663e7ca5fd_Skim.root
Total time 773.4 sec. to process 1106014 events. Rate = 1430.1 Hz.
Copying output files to EOS: /eos/user/o/olfimbre/NanoAOD_Filtered/DYJetsToLL_M-50_TuneCP5_13p6TeV-madgraphMLM-pythia8_Run3Summer22NanoAODv12-ALCARECO_forPOG_130X_mcRun3_2022_realistic_v5_ext1-v2_NANOAODSIM
Job finished on Tue Mar  4 00:18:52 CET 2025
