000 (16788276.002.000) 03/04 08:36:53 Job submitted from host: <188.185.72.155:9618?addrs=188.185.72.155-9618+[2001-1458-d00-8--100-95]-9618&alias=bigbird08.cern.ch&noUDP&sock=schedd_862983_22fa>
...
040 (16788276.002.000) 03/04 08:38:05 Started transferring input files
	Transferring to host: <188.185.194.102:9618?addrs=188.185.194.102-9618&alias=b9p20p9895.cern.ch&noUDP&sock=slot1_12_6078_4030_25962>
...
040 (16788276.002.000) 03/04 08:38:05 Finished transferring input files
...
001 (16788276.002.000) 03/04 08:38:06 Job executing on host: <188.185.194.102:9618?addrs=188.185.194.102-9618&alias=b9p20p9895.cern.ch&noUDP&sock=startd_4463_d344>
	SlotName: slot1_12@b9p20p9895.cern.ch
	CondorScratchDir = "/pool/condor/dir_3022078"
	Cpus = 1
	Disk = 2100145
	GPUs = 0
	Memory = 3000
...
006 (16788276.002.000) 03/04 08:38:20 Image size of job updated: 5544
	6  -  MemoryUsage of job (MB)
	5544  -  ResidentSetSize of job (KB)
...
006 (16788276.002.000) 03/04 08:43:21 Image size of job updated: 308752
	302  -  MemoryUsage of job (MB)
	308752  -  ResidentSetSize of job (KB)
...
006 (16788276.002.000) 03/04 08:44:39 Image size of job updated: 410356
	302  -  MemoryUsage of job (MB)
	308752  -  ResidentSetSize of job (KB)
...
040 (16788276.002.000) 03/04 08:44:39 Started transferring output files
...
040 (16788276.002.000) 03/04 08:44:39 Finished transferring output files
...
005 (16788276.002.000) 03/04 08:44:39 Job terminated.
	(1) Normal termination (return value 0)
		Usr 0 00:01:31, Sys 0 00:00:05  -  Run Remote Usage
		Usr 0 00:00:00, Sys 0 00:00:00  -  Run Local Usage
		Usr 0 00:01:31, Sys 0 00:00:05  -  Total Remote Usage
		Usr 0 00:00:00, Sys 0 00:00:00  -  Total Local Usage
	6672  -  Run Bytes Sent By Job
	13324  -  Run Bytes Received By Job
	6672  -  Total Bytes Sent By Job
	13324  -  Total Bytes Received By Job
	Partitionable Resources :    Usage  Request Allocated 
	   Cpus                 :     0.03        1         1 
	   Disk (KB)            :    42     2097152   2100145 
	   GPUs                 :                           0 
	   Memory (MB)          :   302        3000      3000 

	Job terminated of its own accord at 2025-03-04T07:44:39Z with exit-code 0.
...
