000 (16781426.008.000) 03/04 00:13:24 Job submitted from host: <188.185.72.155:9618?addrs=188.185.72.155-9618+[2001-1458-d00-8--100-95]-9618&alias=bigbird08.cern.ch&noUDP&sock=schedd_862983_22fa>
...
040 (16781426.008.000) 03/04 00:13:53 Started transferring input files
	Transferring to host: <188.185.198.55:9618?addrs=188.185.198.55-9618+[2001-1458-303-25--100-33]-9618&alias=b9p15p4070.cern.ch&noUDP&sock=slot1_4_11558_680f_13521>
...
040 (16781426.008.000) 03/04 00:13:53 Finished transferring input files
...
001 (16781426.008.000) 03/04 00:13:54 Job executing on host: <188.185.198.55:9618?addrs=188.185.198.55-9618+[2001-1458-303-25--100-33]-9618&alias=b9p15p4070.cern.ch&noUDP&sock=startd_11515_e923>
	SlotName: slot1_4@b9p15p4070.cern.ch
	CondorScratchDir = "/pool/condor/dir_957055"
	Cpus = 1
	Disk = 2100031
	GPUs = 0
	Memory = 3000
...
006 (16781426.008.000) 03/04 00:14:08 Image size of job updated: 27788
	28  -  MemoryUsage of job (MB)
	27788  -  ResidentSetSize of job (KB)
...
006 (16781426.008.000) 03/04 00:19:09 Image size of job updated: 68440
	59  -  MemoryUsage of job (MB)
	59652  -  ResidentSetSize of job (KB)
...
006 (16781426.008.000) 03/04 00:29:10 Image size of job updated: 68940
	59  -  MemoryUsage of job (MB)
	59652  -  ResidentSetSize of job (KB)
...
040 (16781426.008.000) 03/04 00:30:53 Started transferring output files
...
040 (16781426.008.000) 03/04 00:30:53 Finished transferring output files
...
004 (16781426.008.000) 03/04 00:30:53 Job was evicted.
	(0) CPU times
		Usr 0 00:00:10, Sys 0 00:00:04  -  Run Remote Usage
		Usr 0 00:00:00, Sys 0 00:00:00  -  Run Local Usage
	6001  -  Run Bytes Sent By Job
	13321  -  Run Bytes Received By Job
	Partitionable Resources :    Usage  Request Allocated 
	   Cpus                 :     0.00        1         1 
	   Disk (KB)            :    42     2097152   2100031 
	   GPUs                 :                           0 
	   Memory (MB)          :    59        3000      3000 
...
040 (16781426.008.000) 03/04 00:35:29 Started transferring input files
	Transferring to host: <188.185.194.106:9618?addrs=188.185.194.106-9618+[2001-1458-303-21--100-66]-9618&alias=b9p20p7002.cern.ch&noUDP&sock=slot1_20_3719321_dc26_17377>
...
040 (16781426.008.000) 03/04 00:35:29 Finished transferring input files
...
001 (16781426.008.000) 03/04 00:35:30 Job executing on host: <188.185.194.106:9618?addrs=188.185.194.106-9618+[2001-1458-303-21--100-66]-9618&alias=b9p20p7002.cern.ch&noUDP&sock=startd_6595_332e>
	SlotName: slot1_20@b9p20p7002.cern.ch
	CondorScratchDir = "/pool/condor/dir_552715"
	Cpus = 1
	Disk = 2101135
	GPUs = 0
	Memory = 3000
...
040 (16781426.008.000) 03/04 00:47:32 Started transferring output files
...
040 (16781426.008.000) 03/04 00:47:32 Finished transferring output files
...
005 (16781426.008.000) 03/04 00:47:32 Job terminated.
	(1) Normal termination (return value 0)
		Usr 0 00:00:10, Sys 0 00:00:05  -  Run Remote Usage
		Usr 0 00:00:00, Sys 0 00:00:00  -  Run Local Usage
		Usr 0 00:00:20, Sys 0 00:00:09  -  Total Remote Usage
		Usr 0 00:00:00, Sys 0 00:00:00  -  Total Local Usage
	1172  -  Run Bytes Sent By Job
	19322  -  Run Bytes Received By Job
	7173  -  Total Bytes Sent By Job
	32643  -  Total Bytes Received By Job
	Partitionable Resources :    Usage  Request Allocated 
	   Cpus                 :     0.01        1         1 
	   Disk (KB)            :    44     2097152   2101135 
	   GPUs                 :                           0 
	   Memory (MB)          :    74        3000      3000 

	Job terminated of its own accord at 2025-03-03T23:47:32Z with exit-code 0.
...
