000 (16811378.001.000) 03/12 23:31:24 Job submitted from host: <188.185.72.155:9618?addrs=188.185.72.155-9618+[2001-1458-d00-8--100-95]-9618&alias=bigbird08.cern.ch&noUDP&sock=schedd_1954698_d259>
...
040 (16811378.001.000) 03/12 23:33:53 Started transferring input files
	Transferring to host: <188.185.195.139:9618?addrs=188.185.195.139-9618+[2001-1458-303-22--100-87]-9618&alias=b9p17p2256.cern.ch&noUDP&sock=slot1_2_187991_6a76_928>
...
040 (16811378.001.000) 03/12 23:33:53 Finished transferring input files
...
001 (16811378.001.000) 03/12 23:33:54 Job executing on host: <188.185.195.139:9618?addrs=188.185.195.139-9618+[2001-1458-303-22--100-87]-9618&alias=b9p17p2256.cern.ch&noUDP&sock=startd_9729_dcfe>
	SlotName: slot1_2@b9p17p2256.cern.ch
	CondorScratchDir = "/pool/condor/dir_1818701"
	Cpus = 1
	Disk = 2099913
	GPUs = 0
	Memory = 3000
...
006 (16811378.001.000) 03/12 23:34:03 Image size of job updated: 185536
	182  -  MemoryUsage of job (MB)
	185536  -  ResidentSetSize of job (KB)
...
006 (16811378.001.000) 03/12 23:34:18 Image size of job updated: 380340
	372  -  MemoryUsage of job (MB)
	380340  -  ResidentSetSize of job (KB)
...
040 (16811378.001.000) 03/12 23:34:18 Started transferring output files
...
040 (16811378.001.000) 03/12 23:34:18 Finished transferring output files
...
005 (16811378.001.000) 03/12 23:34:18 Job terminated.
	(1) Normal termination (return value 0)
		Usr 0 00:00:16, Sys 0 00:00:01  -  Run Remote Usage
		Usr 0 00:00:00, Sys 0 00:00:00  -  Run Local Usage
		Usr 0 00:00:16, Sys 0 00:00:01  -  Total Remote Usage
		Usr 0 00:00:00, Sys 0 00:00:00  -  Total Local Usage
	6747  -  Run Bytes Sent By Job
	16801  -  Run Bytes Received By Job
	6747  -  Total Bytes Sent By Job
	16801  -  Total Bytes Received By Job
	Partitionable Resources :    Usage  Request Allocated 
	   Cpus                 :        0        1         1 
	   Disk (KB)            :       46  2097152   2099913 
	   GPUs                 :                           0 
	   Memory (MB)          :      372     3000      3000 

	Job terminated of its own accord at 2025-03-12T22:34:18Z with exit-code 0.
...
