000 (16781426.014.000) 03/04 00:13:24 Job submitted from host: <188.185.72.155:9618?addrs=188.185.72.155-9618+[2001-1458-d00-8--100-95]-9618&alias=bigbird08.cern.ch&noUDP&sock=schedd_862983_22fa>
...
040 (16781426.014.000) 03/04 00:13:55 Started transferring input files
	Transferring to host: <128.142.248.84:9618?addrs=128.142.248.84-9618+[2001-1458-301-73--100-144]-9618&alias=b9g23p6084.cern.ch&noUDP&sock=slot1_31_7352_e624_18039>
...
040 (16781426.014.000) 03/04 00:13:55 Finished transferring input files
...
001 (16781426.014.000) 03/04 00:13:56 Job executing on host: <128.142.248.84:9618?addrs=128.142.248.84-9618+[2001-1458-301-73--100-144]-9618&alias=b9g23p6084.cern.ch&noUDP&sock=startd_6634_f360>
	SlotName: slot1_31@b9g23p6084.cern.ch
	CondorScratchDir = "/pool/condor/dir_2728552"
	Cpus = 1
	Disk = 2099952
	GPUs = 0
	Memory = 3000
...
006 (16781426.014.000) 03/04 00:14:09 Image size of job updated: 10756
	11  -  MemoryUsage of job (MB)
	10756  -  ResidentSetSize of job (KB)
...
006 (16781426.014.000) 03/04 00:19:09 Image size of job updated: 76944
	54  -  MemoryUsage of job (MB)
	55292  -  ResidentSetSize of job (KB)
...
040 (16781426.014.000) 03/04 00:30:54 Started transferring output files
...
040 (16781426.014.000) 03/04 00:30:54 Finished transferring output files
...
004 (16781426.014.000) 03/04 00:30:54 Job was evicted.
	(0) CPU times
		Usr 0 00:00:12, Sys 0 00:00:05  -  Run Remote Usage
		Usr 0 00:00:00, Sys 0 00:00:00  -  Run Local Usage
	6001  -  Run Bytes Sent By Job
	13321  -  Run Bytes Received By Job
	Partitionable Resources :    Usage  Request Allocated 
	   Cpus                 :     0.00        1         1 
	   Disk (KB)            :    42     2097152   2099952 
	   GPUs                 :                           0 
	   Memory (MB)          :    54        3000      3000 
...
040 (16781426.014.000) 03/04 00:35:30 Started transferring input files
	Transferring to host: <188.185.196.35:9618?addrs=188.185.196.35-9618+[2001-1458-303-23--100-1f]-9618&alias=b9p16p8087.cern.ch&noUDP&sock=slot1_40_7382_0965_133417>
...
040 (16781426.014.000) 03/04 00:35:30 Finished transferring input files
...
001 (16781426.014.000) 03/04 00:35:31 Job executing on host: <188.185.196.35:9618?addrs=188.185.196.35-9618+[2001-1458-303-23--100-1f]-9618&alias=b9p16p8087.cern.ch&noUDP&sock=startd_6280_22d9>
	SlotName: slot1_40@b9p16p8087.cern.ch
	CondorScratchDir = "/pool/condor/dir_454805"
	Cpus = 1
	Disk = 2098830
	GPUs = 0
	Memory = 3000
...
006 (16781426.014.000) 03/04 00:40:41 Image size of job updated: 100000
	92  -  MemoryUsage of job (MB)
	94176  -  ResidentSetSize of job (KB)
...
040 (16781426.014.000) 03/04 00:47:39 Started transferring output files
...
040 (16781426.014.000) 03/04 00:47:39 Finished transferring output files
...
005 (16781426.014.000) 03/04 00:47:39 Job terminated.
	(1) Normal termination (return value 0)
		Usr 0 00:00:12, Sys 0 00:00:04  -  Run Remote Usage
		Usr 0 00:00:00, Sys 0 00:00:00  -  Run Local Usage
		Usr 0 00:00:24, Sys 0 00:00:09  -  Total Remote Usage
		Usr 0 00:00:00, Sys 0 00:00:00  -  Total Local Usage
	1172  -  Run Bytes Sent By Job
	19322  -  Run Bytes Received By Job
	7173  -  Total Bytes Sent By Job
	32643  -  Total Bytes Received By Job
	Partitionable Resources :    Usage  Request Allocated 
	   Cpus                 :        0        1         1 
	   Disk (KB)            :       44  2097152   2098830 
	   GPUs                 :                           0 
	   Memory (MB)          :       92     3000      3000 

	Job terminated of its own accord at 2025-03-03T23:47:39Z with exit-code 0.
...
