Starting job on Tue Mar  4 12:00:15 AM CET 2025
Running on: b9p24p8652.cern.ch
CMSSW environment set up.
DATASET FOLDER: DYJetsToLL_M-50_TuneCP5_13p6TeV-madgraphMLM-pythia8_Run3Summer22NanoAODv12-ALCARECO_forPOG_130X_mcRun3_2022_realistic_v5_ext1-v2_NANOAODSIM 
EOS DIR: /eos/user/o/olfimbre/NanoAOD_Filtered/DYJetsToLL_M-50_TuneCP5_13p6TeV-madgraphMLM-pythia8_Run3Summer22NanoAODv12-ALCARECO_forPOG_130X_mcRun3_2022_realistic_v5_ext1-v2_NANOAODSIM 
Processing file: root://cms-xrd-global.cern.ch//store/mc/Run3Summer22NanoAODv12/DYJetsToLL_M-50_TuneCP5_13p6TeV-madgraphMLM-pythia8/NANOAODSIM/ALCARECO_forPOG_130X_mcRun3_2022_realistic_v5_ext1-v2/30000/e324fef0-7640-43ff-ad28-d4f3beaeddba.root
Will write selected trees to filteredNanoAOD
Pre-select 699500 entries out of 699500 (100.00%)
Processed    10000/  699500 entries,  1.43% (elapsed time     4.0s, curr speed    2.495 kHz, avg speed    2.495 kHz), accepted     2763/   10001 events (27.63%)
Processed    20000/  699500 entries,  2.86% (elapsed time     8.5s, curr speed    2.232 kHz, avg speed    2.356 kHz), accepted     5431/   20001 events (27.15%)
Processed    30000/  699500 entries,  4.29% (elapsed time    12.5s, curr speed    2.489 kHz, avg speed    2.399 kHz), accepted     8304/   30001 events (27.68%)
Processed    40000/  699500 entries,  5.72% (elapsed time    16.6s, curr speed    2.421 kHz, avg speed    2.404 kHz), accepted    11040/   40001 events (27.60%)
Processed    50000/  699500 entries,  7.15% (elapsed time    21.3s, curr speed    2.156 kHz, avg speed    2.350 kHz), accepted    13814/   50001 events (27.63%)
Processed    60000/  699500 entries,  8.58% (elapsed time    25.1s, curr speed    2.594 kHz, avg speed    2.388 kHz), accepted    16574/   60001 events (27.62%)
Processed    70000/  699500 entries, 10.01% (elapsed time    29.3s, curr speed    2.416 kHz, avg speed    2.392 kHz), accepted    19249/   70001 events (27.50%)
Processed    80000/  699500 entries, 11.44% (elapsed time    33.5s, curr speed    2.378 kHz, avg speed    2.390 kHz), accepted    22052/   80001 events (27.56%)
Processed    90000/  699500 entries, 12.87% (elapsed time    37.3s, curr speed    2.595 kHz, avg speed    2.411 kHz), accepted    24798/   90001 events (27.55%)
Processed   100000/  699500 entries, 14.30% (elapsed time    41.9s, curr speed    2.170 kHz, avg speed    2.385 kHz), accepted    27609/  100001 events (27.61%)
Processed   110000/  699500 entries, 15.73% (elapsed time    46.5s, curr speed    2.196 kHz, avg speed    2.366 kHz), accepted    30313/  110001 events (27.56%)
Processed   120000/  699500 entries, 17.16% (elapsed time    49.9s, curr speed    2.898 kHz, avg speed    2.403 kHz), accepted    33040/  120001 events (27.53%)
Processed   130000/  699500 entries, 18.58% (elapsed time    54.3s, curr speed    2.290 kHz, avg speed    2.394 kHz), accepted    35769/  130001 events (27.51%)
Processed   140000/  699500 entries, 20.01% (elapsed time    58.9s, curr speed    2.175 kHz, avg speed    2.377 kHz), accepted    38512/  140001 events (27.51%)
Processed   150000/  699500 entries, 21.44% (elapsed time    62.0s, curr speed    3.190 kHz, avg speed    2.418 kHz), accepted    41314/  150001 events (27.54%)
Processed   160000/  699500 entries, 22.87% (elapsed time    66.4s, curr speed    2.283 kHz, avg speed    2.409 kHz), accepted    44074/  160001 events (27.55%)
Processed   170000/  699500 entries, 24.30% (elapsed time    71.5s, curr speed    1.976 kHz, avg speed    2.378 kHz), accepted    46869/  170001 events (27.57%)
Processed   180000/  699500 entries, 25.73% (elapsed time    74.4s, curr speed    3.374 kHz, avg speed    2.418 kHz), accepted    49558/  180001 events (27.53%)
Processed   190000/  699500 entries, 27.16% (elapsed time    79.3s, curr speed    2.064 kHz, avg speed    2.396 kHz), accepted    52274/  190001 events (27.51%)
Processed   200000/  699500 entries, 28.59% (elapsed time    84.2s, curr speed    2.025 kHz, avg speed    2.375 kHz), accepted    55036/  200001 events (27.52%)
Processed   210000/  699500 entries, 30.02% (elapsed time    87.1s, curr speed    3.477 kHz, avg speed    2.411 kHz), accepted    57750/  210001 events (27.50%)
Processed   220000/  699500 entries, 31.45% (elapsed time    91.8s, curr speed    2.133 kHz, avg speed    2.397 kHz), accepted    60430/  220001 events (27.47%)
Processed   230000/  699500 entries, 32.88% (elapsed time    95.3s, curr speed    2.842 kHz, avg speed    2.413 kHz), accepted    63162/  230001 events (27.46%)
Processed   240000/  699500 entries, 34.31% (elapsed time    99.4s, curr speed    2.475 kHz, avg speed    2.416 kHz), accepted    65905/  240001 events (27.46%)
Processed   250000/  699500 entries, 35.74% (elapsed time   104.0s, curr speed    2.168 kHz, avg speed    2.405 kHz), accepted    68574/  250001 events (27.43%)
Processed   260000/  699500 entries, 37.17% (elapsed time   107.2s, curr speed    3.071 kHz, avg speed    2.425 kHz), accepted    71358/  260001 events (27.45%)
Processed   270000/  699500 entries, 38.60% (elapsed time   111.3s, curr speed    2.444 kHz, avg speed    2.426 kHz), accepted    74203/  270001 events (27.48%)
Processed   280000/  699500 entries, 40.03% (elapsed time   116.0s, curr speed    2.138 kHz, avg speed    2.414 kHz), accepted    76938/  280001 events (27.48%)
Processed   290000/  699500 entries, 41.46% (elapsed time   119.6s, curr speed    2.792 kHz, avg speed    2.425 kHz), accepted    79697/  290001 events (27.48%)
Processed   300000/  699500 entries, 42.89% (elapsed time   123.4s, curr speed    2.580 kHz, avg speed    2.430 kHz), accepted    82438/  300001 events (27.48%)
Processed   310000/  699500 entries, 44.32% (elapsed time   127.9s, curr speed    2.223 kHz, avg speed    2.423 kHz), accepted    85188/  310001 events (27.48%)
Processed   320000/  699500 entries, 45.75% (elapsed time   131.3s, curr speed    2.963 kHz, avg speed    2.437 kHz), accepted    87911/  320001 events (27.47%)
Processed   330000/  699500 entries, 47.18% (elapsed time   135.4s, curr speed    2.437 kHz, avg speed    2.437 kHz), accepted    90592/  330001 events (27.45%)
Processed   340000/  699500 entries, 48.61% (elapsed time   140.1s, curr speed    2.130 kHz, avg speed    2.427 kHz), accepted    93285/  340001 events (27.44%)
Processed   350000/  699500 entries, 50.04% (elapsed time   143.1s, curr speed    3.378 kHz, avg speed    2.446 kHz), accepted    96005/  350001 events (27.43%)
Processed   360000/  699500 entries, 51.47% (elapsed time   147.4s, curr speed    2.297 kHz, avg speed    2.442 kHz), accepted    98773/  360001 events (27.44%)
Processed   370000/  699500 entries, 52.89% (elapsed time   151.9s, curr speed    2.249 kHz, avg speed    2.436 kHz), accepted   101457/  370001 events (27.42%)
Processed   380000/  699500 entries, 54.32% (elapsed time   155.0s, curr speed    3.192 kHz, avg speed    2.451 kHz), accepted   104196/  380001 events (27.42%)
Processed   390000/  699500 entries, 55.75% (elapsed time   159.6s, curr speed    2.189 kHz, avg speed    2.444 kHz), accepted   106929/  390001 events (27.42%)
Processed   400000/  699500 entries, 57.18% (elapsed time   163.9s, curr speed    2.327 kHz, avg speed    2.441 kHz), accepted   109666/  400001 events (27.42%)
Processed   410000/  699500 entries, 58.61% (elapsed time   166.8s, curr speed    3.400 kHz, avg speed    2.458 kHz), accepted   112380/  410001 events (27.41%)
Processed   420000/  699500 entries, 60.04% (elapsed time   171.4s, curr speed    2.176 kHz, avg speed    2.450 kHz), accepted   115078/  420001 events (27.40%)
Processed   430000/  699500 entries, 61.47% (elapsed time   174.9s, curr speed    2.889 kHz, avg speed    2.459 kHz), accepted   117814/  430001 events (27.40%)
Processed   440000/  699500 entries, 62.90% (elapsed time   178.6s, curr speed    2.663 kHz, avg speed    2.463 kHz), accepted   120531/  440001 events (27.39%)
Processed   450000/  699500 entries, 64.33% (elapsed time   183.2s, curr speed    2.188 kHz, avg speed    2.456 kHz), accepted   123256/  450001 events (27.39%)
Processed   460000/  699500 entries, 65.76% (elapsed time   186.4s, curr speed    3.120 kHz, avg speed    2.468 kHz), accepted   125954/  460001 events (27.38%)
Processed   470000/  699500 entries, 67.19% (elapsed time   190.6s, curr speed    2.407 kHz, avg speed    2.466 kHz), accepted   128781/  470001 events (27.40%)
Processed   480000/  699500 entries, 68.62% (elapsed time   195.2s, curr speed    2.175 kHz, avg speed    2.460 kHz), accepted   131482/  480001 events (27.39%)
Processed   490000/  699500 entries, 70.05% (elapsed time   198.4s, curr speed    3.045 kHz, avg speed    2.469 kHz), accepted   134165/  490001 events (27.38%)
Processed   500000/  699500 entries, 71.48% (elapsed time   202.8s, curr speed    2.282 kHz, avg speed    2.465 kHz), accepted   136867/  500001 events (27.37%)
Processed   510000/  699500 entries, 72.91% (elapsed time   207.2s, curr speed    2.303 kHz, avg speed    2.462 kHz), accepted   139542/  510001 events (27.36%)
Processed   520000/  699500 entries, 74.34% (elapsed time   210.4s, curr speed    3.087 kHz, avg speed    2.471 kHz), accepted   142287/  520001 events (27.36%)
Processed   530000/  699500 entries, 75.77% (elapsed time   215.2s, curr speed    2.102 kHz, avg speed    2.463 kHz), accepted   145094/  530001 events (27.38%)
Processed   540000/  699500 entries, 77.20% (elapsed time   219.4s, curr speed    2.375 kHz, avg speed    2.462 kHz), accepted   147807/  540001 events (27.37%)
Processed   550000/  699500 entries, 78.63% (elapsed time   222.5s, curr speed    3.249 kHz, avg speed    2.472 kHz), accepted   150541/  550001 events (27.37%)
Processed   560000/  699500 entries, 80.06% (elapsed time   226.8s, curr speed    2.319 kHz, avg speed    2.470 kHz), accepted   153285/  560001 events (27.37%)
Processed   570000/  699500 entries, 81.49% (elapsed time   231.1s, curr speed    2.305 kHz, avg speed    2.466 kHz), accepted   156020/  570001 events (27.37%)
Processed   580000/  699500 entries, 82.92% (elapsed time   234.4s, curr speed    3.059 kHz, avg speed    2.475 kHz), accepted   158722/  580001 events (27.37%)
Processed   590000/  699500 entries, 84.35% (elapsed time   238.8s, curr speed    2.245 kHz, avg speed    2.470 kHz), accepted   161467/  590001 events (27.37%)
Processed   600000/  699500 entries, 85.78% (elapsed time   243.0s, curr speed    2.417 kHz, avg speed    2.470 kHz), accepted   164216/  600001 events (27.37%)
Processed   610000/  699500 entries, 87.21% (elapsed time   246.0s, curr speed    3.340 kHz, avg speed    2.480 kHz), accepted   166991/  610001 events (27.38%)
Processed   620000/  699500 entries, 88.63% (elapsed time   250.4s, curr speed    2.252 kHz, avg speed    2.476 kHz), accepted   169693/  620001 events (27.37%)
Processed   630000/  699500 entries, 90.06% (elapsed time   254.6s, curr speed    2.385 kHz, avg speed    2.475 kHz), accepted   172363/  630001 events (27.36%)
Processed   640000/  699500 entries, 91.49% (elapsed time   257.8s, curr speed    3.097 kHz, avg speed    2.482 kHz), accepted   175179/  640001 events (27.37%)
Processed   650000/  699500 entries, 92.92% (elapsed time   262.2s, curr speed    2.280 kHz, avg speed    2.479 kHz), accepted   177927/  650001 events (27.37%)
Processed   660000/  699500 entries, 94.35% (elapsed time   265.6s, curr speed    2.962 kHz, avg speed    2.485 kHz), accepted   180689/  660001 events (27.38%)
Processed   670000/  699500 entries, 95.78% (elapsed time   269.9s, curr speed    2.339 kHz, avg speed    2.483 kHz), accepted   183474/  670001 events (27.38%)
Processed   680000/  699500 entries, 97.21% (elapsed time   274.1s, curr speed    2.337 kHz, avg speed    2.481 kHz), accepted   186096/  680001 events (27.37%)
Processed   690000/  699500 entries, 98.64% (elapsed time   277.5s, curr speed    2.991 kHz, avg speed    2.487 kHz), accepted   188894/  690001 events (27.38%)
Processed 699500 preselected entries from root://cms-xrd-global.cern.ch//store/mc/Run3Summer22NanoAODv12/DYJetsToLL_M-50_TuneCP5_13p6TeV-madgraphMLM-pythia8/NANOAODSIM/ALCARECO_forPOG_130X_mcRun3_2022_realistic_v5_ext1-v2/30000/e324fef0-7640-43ff-ad28-d4f3beaeddba.root (699500 entries). Finally selected 191471 entries
Done filteredNanoAOD/e324fef0-7640-43ff-ad28-d4f3beaeddba_Skim.root
Total time 300.7 sec. to process 699500 events. Rate = 2326.6 Hz.
Copying output files to EOS: /eos/user/o/olfimbre/NanoAOD_Filtered/DYJetsToLL_M-50_TuneCP5_13p6TeV-madgraphMLM-pythia8_Run3Summer22NanoAODv12-ALCARECO_forPOG_130X_mcRun3_2022_realistic_v5_ext1-v2_NANOAODSIM
Job finished on Tue Mar  4 00:05:45 CET 2025
