000 (16788275.000.000) 03/04 08:24:53 Job submitted from host: <188.185.72.155:9618?addrs=188.185.72.155-9618+[2001-1458-d00-8--100-95]-9618&alias=bigbird08.cern.ch&noUDP&sock=schedd_862983_22fa>
...
040 (16788275.000.000) 03/04 08:25:59 Started transferring input files
	Transferring to host: <188.185.193.114:9618?addrs=188.185.193.114-9618+[2001-1458-303-20--100-6e]-9618&alias=b9p19p9524.cern.ch&noUDP&sock=slot1_39_8183_69e6_25775>
...
040 (16788275.000.000) 03/04 08:25:59 Finished transferring input files
...
001 (16788275.000.000) 03/04 08:26:00 Job executing on host: <188.185.193.114:9618?addrs=188.185.193.114-9618+[2001-1458-303-20--100-6e]-9618&alias=b9p19p9524.cern.ch&noUDP&sock=startd_6747_7593>
	SlotName: slot1_39@b9p19p9524.cern.ch
	CondorScratchDir = "/pool/condor/dir_786604"
	Cpus = 1
	Disk = 2099897
	GPUs = 0
	Memory = 3000
...
006 (16788275.000.000) 03/04 08:26:14 Image size of job updated: 70612
	69  -  MemoryUsage of job (MB)
	70612  -  ResidentSetSize of job (KB)
...
006 (16788275.000.000) 03/04 08:27:09 Image size of job updated: 170840
	70  -  MemoryUsage of job (MB)
	70948  -  ResidentSetSize of job (KB)
...
040 (16788275.000.000) 03/04 08:27:09 Started transferring output files
...
040 (16788275.000.000) 03/04 08:27:09 Finished transferring output files
...
005 (16788275.000.000) 03/04 08:27:09 Job terminated.
	(1) Normal termination (return value 0)
		Usr 0 00:00:15, Sys 0 00:00:01  -  Run Remote Usage
		Usr 0 00:00:00, Sys 0 00:00:00  -  Run Local Usage
		Usr 0 00:00:15, Sys 0 00:00:01  -  Total Remote Usage
		Usr 0 00:00:00, Sys 0 00:00:00  -  Total Local Usage
	6594  -  Run Bytes Sent By Job
	13323  -  Run Bytes Received By Job
	6594  -  Total Bytes Sent By Job
	13323  -  Total Bytes Received By Job
	Partitionable Resources :    Usage  Request Allocated 
	   Cpus                 :        0        1         1 
	   Disk (KB)            :       43  2097152   2099897 
	   GPUs                 :                           0 
	   Memory (MB)          :       70     3000      3000 

	Job terminated of its own accord at 2025-03-04T07:27:09Z with exit-code 0.
...
