Starting job on Tue Mar  4 12:00:22 AM CET 2025
Running on: b9g23p9989.cern.ch
CMSSW environment set up.
DATASET FOLDER: DYJetsToLL_M-50_TuneCP5_13p6TeV-madgraphMLM-pythia8_Run3Summer22NanoAODv12-ALCARECO_forPOG_130X_mcRun3_2022_realistic_v5_ext1-v2_NANOAODSIM 
EOS DIR: /eos/user/o/olfimbre/NanoAOD_Filtered/DYJetsToLL_M-50_TuneCP5_13p6TeV-madgraphMLM-pythia8_Run3Summer22NanoAODv12-ALCARECO_forPOG_130X_mcRun3_2022_realistic_v5_ext1-v2_NANOAODSIM 
Processing file: root://cms-xrd-global.cern.ch//store/mc/Run3Summer22NanoAODv12/DYJetsToLL_M-50_TuneCP5_13p6TeV-madgraphMLM-pythia8/NANOAODSIM/ALCARECO_forPOG_130X_mcRun3_2022_realistic_v5_ext1-v2/50000/27c24553-0f9e-493f-bb24-7d2c9571d778.root
Will write selected trees to filteredNanoAOD
Pre-select 890154 entries out of 890154 (100.00%)
Processed    10000/  890154 entries,  1.12% (elapsed time     7.6s, curr speed    1.317 kHz, avg speed    1.317 kHz), accepted     2747/   10001 events (27.47%)
Processed    20000/  890154 entries,  2.25% (elapsed time    16.8s, curr speed    1.091 kHz, avg speed    1.193 kHz), accepted     5564/   20001 events (27.82%)
Processed    30000/  890154 entries,  3.37% (elapsed time    23.4s, curr speed    1.501 kHz, avg speed    1.281 kHz), accepted     8248/   30001 events (27.49%)
Processed    40000/  890154 entries,  4.49% (elapsed time    31.4s, curr speed    1.252 kHz, avg speed    1.274 kHz), accepted    10986/   40001 events (27.46%)
Processed    50000/  890154 entries,  5.62% (elapsed time    41.8s, curr speed    0.966 kHz, avg speed    1.197 kHz), accepted    13715/   50001 events (27.43%)
Processed    60000/  890154 entries,  6.74% (elapsed time    49.0s, curr speed    1.389 kHz, avg speed    1.226 kHz), accepted    16497/   60001 events (27.49%)
Processed    70000/  890154 entries,  7.86% (elapsed time    56.9s, curr speed    1.265 kHz, avg speed    1.231 kHz), accepted    19194/   70001 events (27.42%)
Processed    80000/  890154 entries,  8.99% (elapsed time    65.3s, curr speed    1.179 kHz, avg speed    1.224 kHz), accepted    21992/   80001 events (27.49%)
Processed    90000/  890154 entries, 10.11% (elapsed time    73.5s, curr speed    1.228 kHz, avg speed    1.225 kHz), accepted    24717/   90001 events (27.46%)
Processed   100000/  890154 entries, 11.23% (elapsed time    81.5s, curr speed    1.256 kHz, avg speed    1.228 kHz), accepted    27420/  100001 events (27.42%)
Processed   110000/  890154 entries, 12.36% (elapsed time    90.4s, curr speed    1.118 kHz, avg speed    1.217 kHz), accepted    30190/  110001 events (27.45%)
Processed   120000/  890154 entries, 13.48% (elapsed time    97.9s, curr speed    1.339 kHz, avg speed    1.226 kHz), accepted    32959/  120001 events (27.47%)
Processed   130000/  890154 entries, 14.60% (elapsed time   105.9s, curr speed    1.252 kHz, avg speed    1.228 kHz), accepted    35733/  130001 events (27.49%)
Processed   140000/  890154 entries, 15.73% (elapsed time   115.6s, curr speed    1.023 kHz, avg speed    1.211 kHz), accepted    38418/  140001 events (27.44%)
Processed   150000/  890154 entries, 16.85% (elapsed time   122.7s, curr speed    1.418 kHz, avg speed    1.223 kHz), accepted    41136/  150001 events (27.42%)
Processed   160000/  890154 entries, 17.97% (elapsed time   130.7s, curr speed    1.244 kHz, avg speed    1.224 kHz), accepted    43907/  160001 events (27.44%)
Processed   170000/  890154 entries, 19.10% (elapsed time   140.6s, curr speed    1.010 kHz, avg speed    1.209 kHz), accepted    46644/  170001 events (27.44%)
Processed   180000/  890154 entries, 20.22% (elapsed time   147.7s, curr speed    1.413 kHz, avg speed    1.219 kHz), accepted    49374/  180001 events (27.43%)
Processed   190000/  890154 entries, 21.34% (elapsed time   155.5s, curr speed    1.288 kHz, avg speed    1.222 kHz), accepted    52143/  190001 events (27.44%)
Processed   200000/  890154 entries, 22.47% (elapsed time   165.0s, curr speed    1.048 kHz, avg speed    1.212 kHz), accepted    54899/  200001 events (27.45%)
Processed   210000/  890154 entries, 23.59% (elapsed time   171.8s, curr speed    1.471 kHz, avg speed    1.222 kHz), accepted    57655/  210001 events (27.45%)
Processed   220000/  890154 entries, 24.71% (elapsed time   179.6s, curr speed    1.275 kHz, avg speed    1.225 kHz), accepted    60325/  220001 events (27.42%)
Processed   230000/  890154 entries, 25.84% (elapsed time   188.6s, curr speed    1.117 kHz, avg speed    1.220 kHz), accepted    63082/  230001 events (27.43%)
Processed   240000/  890154 entries, 26.96% (elapsed time   195.5s, curr speed    1.452 kHz, avg speed    1.228 kHz), accepted    65862/  240001 events (27.44%)
Processed   250000/  890154 entries, 28.09% (elapsed time   204.3s, curr speed    1.136 kHz, avg speed    1.224 kHz), accepted    68554/  250001 events (27.42%)
Processed   260000/  890154 entries, 29.21% (elapsed time   213.1s, curr speed    1.138 kHz, avg speed    1.220 kHz), accepted    71300/  260001 events (27.42%)
Processed   270000/  890154 entries, 30.33% (elapsed time   219.9s, curr speed    1.461 kHz, avg speed    1.228 kHz), accepted    74039/  270001 events (27.42%)
Processed   280000/  890154 entries, 31.46% (elapsed time   230.1s, curr speed    0.978 kHz, avg speed    1.217 kHz), accepted    76730/  280001 events (27.40%)
Processed   290000/  890154 entries, 32.58% (elapsed time   239.0s, curr speed    1.123 kHz, avg speed    1.213 kHz), accepted    79459/  290001 events (27.40%)
Processed   300000/  890154 entries, 33.70% (elapsed time   245.7s, curr speed    1.506 kHz, avg speed    1.221 kHz), accepted    82279/  300001 events (27.43%)
Processed   310000/  890154 entries, 34.83% (elapsed time   255.6s, curr speed    1.011 kHz, avg speed    1.213 kHz), accepted    85009/  310001 events (27.42%)
Processed   320000/  890154 entries, 35.95% (elapsed time   264.8s, curr speed    1.087 kHz, avg speed    1.209 kHz), accepted    87756/  320001 events (27.42%)
Processed   330000/  890154 entries, 37.07% (elapsed time   271.0s, curr speed    1.596 kHz, avg speed    1.218 kHz), accepted    90472/  330001 events (27.42%)
Processed   340000/  890154 entries, 38.20% (elapsed time   280.6s, curr speed    1.047 kHz, avg speed    1.212 kHz), accepted    93189/  340001 events (27.41%)
Processed   350000/  890154 entries, 39.32% (elapsed time   289.3s, curr speed    1.147 kHz, avg speed    1.210 kHz), accepted    95973/  350001 events (27.42%)
Processed   360000/  890154 entries, 40.44% (elapsed time   296.1s, curr speed    1.469 kHz, avg speed    1.216 kHz), accepted    98790/  360001 events (27.44%)
Processed   370000/  890154 entries, 41.57% (elapsed time   305.5s, curr speed    1.067 kHz, avg speed    1.211 kHz), accepted   101493/  370001 events (27.43%)
Processed   380000/  890154 entries, 42.69% (elapsed time   314.8s, curr speed    1.073 kHz, avg speed    1.207 kHz), accepted   104186/  380001 events (27.42%)
Processed   390000/  890154 entries, 43.81% (elapsed time   321.2s, curr speed    1.561 kHz, avg speed    1.214 kHz), accepted   106941/  390001 events (27.42%)
Processed   400000/  890154 entries, 44.94% (elapsed time   330.8s, curr speed    1.046 kHz, avg speed    1.209 kHz), accepted   109609/  400001 events (27.40%)
Processed   410000/  890154 entries, 46.06% (elapsed time   339.6s, curr speed    1.138 kHz, avg speed    1.207 kHz), accepted   112326/  410001 events (27.40%)
Processed   420000/  890154 entries, 47.18% (elapsed time   346.3s, curr speed    1.482 kHz, avg speed    1.213 kHz), accepted   115097/  420001 events (27.40%)
Processed   430000/  890154 entries, 48.31% (elapsed time   355.6s, curr speed    1.080 kHz, avg speed    1.209 kHz), accepted   117846/  430001 events (27.41%)
Processed   440000/  890154 entries, 49.43% (elapsed time   364.2s, curr speed    1.153 kHz, avg speed    1.208 kHz), accepted   120571/  440001 events (27.40%)
Processed   450000/  890154 entries, 50.55% (elapsed time   371.7s, curr speed    1.348 kHz, avg speed    1.211 kHz), accepted   123298/  450001 events (27.40%)
Processed   460000/  890154 entries, 51.68% (elapsed time   380.7s, curr speed    1.103 kHz, avg speed    1.208 kHz), accepted   125993/  460001 events (27.39%)
Processed   470000/  890154 entries, 52.80% (elapsed time   389.9s, curr speed    1.083 kHz, avg speed    1.205 kHz), accepted   128761/  470001 events (27.40%)
Processed   480000/  890154 entries, 53.92% (elapsed time   397.1s, curr speed    1.393 kHz, avg speed    1.209 kHz), accepted   131495/  480001 events (27.39%)
Processed   490000/  890154 entries, 55.05% (elapsed time   405.4s, curr speed    1.211 kHz, avg speed    1.209 kHz), accepted   134266/  490001 events (27.40%)
Processed   500000/  890154 entries, 56.17% (elapsed time   415.0s, curr speed    1.044 kHz, avg speed    1.205 kHz), accepted   136988/  500001 events (27.40%)
Processed   510000/  890154 entries, 57.29% (elapsed time   421.2s, curr speed    1.606 kHz, avg speed    1.211 kHz), accepted   139746/  510001 events (27.40%)
Processed   520000/  890154 entries, 58.42% (elapsed time   429.4s, curr speed    1.211 kHz, avg speed    1.211 kHz), accepted   142500/  520001 events (27.40%)
Processed   530000/  890154 entries, 59.54% (elapsed time   439.7s, curr speed    0.971 kHz, avg speed    1.205 kHz), accepted   145222/  530001 events (27.40%)
Processed   540000/  890154 entries, 60.66% (elapsed time   446.0s, curr speed    1.599 kHz, avg speed    1.211 kHz), accepted   147929/  540001 events (27.39%)
Processed   550000/  890154 entries, 61.79% (elapsed time   454.5s, curr speed    1.174 kHz, avg speed    1.210 kHz), accepted   150657/  550001 events (27.39%)
Processed   560000/  890154 entries, 62.91% (elapsed time   462.6s, curr speed    1.231 kHz, avg speed    1.210 kHz), accepted   153402/  560001 events (27.39%)
Processed   570000/  890154 entries, 64.03% (elapsed time   470.1s, curr speed    1.348 kHz, avg speed    1.213 kHz), accepted   156187/  570001 events (27.40%)
Processed   580000/  890154 entries, 65.16% (elapsed time   479.1s, curr speed    1.101 kHz, avg speed    1.210 kHz), accepted   158909/  580001 events (27.40%)
Processed   590000/  890154 entries, 66.28% (elapsed time   487.0s, curr speed    1.266 kHz, avg speed    1.211 kHz), accepted   161742/  590001 events (27.41%)
Processed   600000/  890154 entries, 67.40% (elapsed time   495.1s, curr speed    1.248 kHz, avg speed    1.212 kHz), accepted   164555/  600001 events (27.43%)
Processed   610000/  890154 entries, 68.53% (elapsed time   504.7s, curr speed    1.040 kHz, avg speed    1.209 kHz), accepted   167352/  610001 events (27.43%)
Processed   620000/  890154 entries, 69.65% (elapsed time   511.9s, curr speed    1.390 kHz, avg speed    1.211 kHz), accepted   170076/  620001 events (27.43%)
Processed   630000/  890154 entries, 70.77% (elapsed time   520.2s, curr speed    1.204 kHz, avg speed    1.211 kHz), accepted   172740/  630001 events (27.42%)
Processed   640000/  890154 entries, 71.90% (elapsed time   530.1s, curr speed    1.012 kHz, avg speed    1.207 kHz), accepted   175558/  640001 events (27.43%)
Processed   650000/  890154 entries, 73.02% (elapsed time   537.0s, curr speed    1.437 kHz, avg speed    1.210 kHz), accepted   178270/  650001 events (27.43%)
Processed   660000/  890154 entries, 74.14% (elapsed time   544.8s, curr speed    1.280 kHz, avg speed    1.211 kHz), accepted   181051/  660001 events (27.43%)
Processed   670000/  890154 entries, 75.27% (elapsed time   554.5s, curr speed    1.036 kHz, avg speed    1.208 kHz), accepted   183853/  670001 events (27.44%)
Processed   680000/  890154 entries, 76.39% (elapsed time   561.9s, curr speed    1.357 kHz, avg speed    1.210 kHz), accepted   186536/  680001 events (27.43%)
Processed   690000/  890154 entries, 77.51% (elapsed time   569.8s, curr speed    1.257 kHz, avg speed    1.211 kHz), accepted   189229/  690001 events (27.42%)
Processed   700000/  890154 entries, 78.64% (elapsed time   579.9s, curr speed    0.994 kHz, avg speed    1.207 kHz), accepted   192070/  700001 events (27.44%)
Processed   710000/  890154 entries, 79.76% (elapsed time   588.2s, curr speed    1.198 kHz, avg speed    1.207 kHz), accepted   194828/  710001 events (27.44%)
Processed   720000/  890154 entries, 80.88% (elapsed time   597.1s, curr speed    1.126 kHz, avg speed    1.206 kHz), accepted   197532/  720001 events (27.43%)
Processed   730000/  890154 entries, 82.01% (elapsed time   606.9s, curr speed    1.016 kHz, avg speed    1.203 kHz), accepted   200255/  730001 events (27.43%)
Processed   740000/  890154 entries, 83.13% (elapsed time   614.7s, curr speed    1.287 kHz, avg speed    1.204 kHz), accepted   203017/  740001 events (27.43%)
Processed   750000/  890154 entries, 84.26% (elapsed time   622.8s, curr speed    1.232 kHz, avg speed    1.204 kHz), accepted   205747/  750001 events (27.43%)
Processed   760000/  890154 entries, 85.38% (elapsed time   632.2s, curr speed    1.069 kHz, avg speed    1.202 kHz), accepted   208512/  760001 events (27.44%)
Processed   770000/  890154 entries, 86.50% (elapsed time   639.6s, curr speed    1.347 kHz, avg speed    1.204 kHz), accepted   211295/  770001 events (27.44%)
Processed   780000/  890154 entries, 87.63% (elapsed time   647.7s, curr speed    1.238 kHz, avg speed    1.204 kHz), accepted   213953/  780001 events (27.43%)
Processed   790000/  890154 entries, 88.75% (elapsed time   656.9s, curr speed    1.085 kHz, avg speed    1.203 kHz), accepted   216619/  790001 events (27.42%)
Processed   800000/  890154 entries, 89.87% (elapsed time   663.1s, curr speed    1.621 kHz, avg speed    1.207 kHz), accepted   219337/  800001 events (27.42%)
Processed   810000/  890154 entries, 91.00% (elapsed time   673.1s, curr speed    0.996 kHz, avg speed    1.203 kHz), accepted   222028/  810001 events (27.41%)
Processed   820000/  890154 entries, 92.12% (elapsed time   682.4s, curr speed    1.075 kHz, avg speed    1.202 kHz), accepted   224771/  820001 events (27.41%)
Processed   830000/  890154 entries, 93.24% (elapsed time   688.6s, curr speed    1.625 kHz, avg speed    1.205 kHz), accepted   227506/  830001 events (27.41%)
Processed   840000/  890154 entries, 94.37% (elapsed time   698.1s, curr speed    1.045 kHz, avg speed    1.203 kHz), accepted   230181/  840001 events (27.40%)
Processed   850000/  890154 entries, 95.49% (elapsed time   707.4s, curr speed    1.080 kHz, avg speed    1.202 kHz), accepted   232923/  850001 events (27.40%)
Processed   860000/  890154 entries, 96.61% (elapsed time   713.6s, curr speed    1.623 kHz, avg speed    1.205 kHz), accepted   235671/  860001 events (27.40%)
Processed   870000/  890154 entries, 97.74% (elapsed time   722.9s, curr speed    1.066 kHz, avg speed    1.203 kHz), accepted   238406/  870001 events (27.40%)
Processed   880000/  890154 entries, 98.86% (elapsed time   732.2s, curr speed    1.084 kHz, avg speed    1.202 kHz), accepted   241194/  880001 events (27.41%)
Processed   890000/  890154 entries, 99.98% (elapsed time   739.1s, curr speed    1.445 kHz, avg speed    1.204 kHz), accepted   243975/  890001 events (27.41%)
Processed 890154 preselected entries from root://cms-xrd-global.cern.ch//store/mc/Run3Summer22NanoAODv12/DYJetsToLL_M-50_TuneCP5_13p6TeV-madgraphMLM-pythia8/NANOAODSIM/ALCARECO_forPOG_130X_mcRun3_2022_realistic_v5_ext1-v2/50000/27c24553-0f9e-493f-bb24-7d2c9571d778.root (890154 entries). Finally selected 244019 entries
Done filteredNanoAOD/27c24553-0f9e-493f-bb24-7d2c9571d778_Skim.root
Total time 776.2 sec. to process 890154 events. Rate = 1146.8 Hz.
Copying output files to EOS: /eos/user/o/olfimbre/NanoAOD_Filtered/DYJetsToLL_M-50_TuneCP5_13p6TeV-madgraphMLM-pythia8_Run3Summer22NanoAODv12-ALCARECO_forPOG_130X_mcRun3_2022_realistic_v5_ext1-v2_NANOAODSIM
Job finished on Tue Mar  4 00:24:13 CET 2025
