000 (16781552.000.000) 03/04 00:54:35 Job submitted from host: <188.185.72.155:9618?addrs=188.185.72.155-9618+[2001-1458-d00-8--100-95]-9618&alias=bigbird08.cern.ch&noUDP&sock=schedd_862983_22fa>
...
040 (16781552.000.000) 03/04 00:58:18 Started transferring input files
	Transferring to host: <188.185.192.55:9618?addrs=188.185.192.55-9618+[2001-1458-303-1f--100-33]-9618&alias=b9p13p2541.cern.ch&noUDP&sock=slot1_2_2197641_a46f_93689>
...
040 (16781552.000.000) 03/04 00:58:18 Finished transferring input files
...
001 (16781552.000.000) 03/04 00:58:19 Job executing on host: <188.185.192.55:9618?addrs=188.185.192.55-9618+[2001-1458-303-1f--100-33]-9618&alias=b9p13p2541.cern.ch&noUDP&sock=startd_7061_d650>
	SlotName: slot1_2@b9p13p2541.cern.ch
	CondorScratchDir = "/pool/condor/dir_1740784"
	Cpus = 1
	Disk = 2099895
	GPUs = 0
	Memory = 3000
...
006 (16781552.000.000) 03/04 00:58:28 Image size of job updated: 18772
	19  -  MemoryUsage of job (MB)
	18772  -  ResidentSetSize of job (KB)
...
040 (16781552.000.000) 03/04 01:01:42 Started transferring output files
...
040 (16781552.000.000) 03/04 01:01:42 Finished transferring output files
...
005 (16781552.000.000) 03/04 01:01:42 Job terminated.
	(1) Normal termination (return value 0)
		Usr 0 00:00:12, Sys 0 00:00:04  -  Run Remote Usage
		Usr 0 00:00:00, Sys 0 00:00:00  -  Run Local Usage
		Usr 0 00:00:12, Sys 0 00:00:04  -  Total Remote Usage
		Usr 0 00:00:00, Sys 0 00:00:00  -  Total Local Usage
	6075  -  Run Bytes Sent By Job
	13321  -  Run Bytes Received By Job
	6075  -  Total Bytes Sent By Job
	13321  -  Total Bytes Received By Job
	Partitionable Resources :    Usage  Request Allocated 
	   Cpus                 :                 1         1 
	   Disk (KB)            :       34  2097152   2099895 
	   GPUs                 :                           0 
	   Memory (MB)          :       19     3000      3000 

	Job terminated of its own accord at 2025-03-04T00:01:42Z with exit-code 0.
...
