000 (16790439.003.000) 03/04 20:01:11 Job submitted from host: <188.185.72.155:9618?addrs=188.185.72.155-9618+[2001-1458-d00-8--100-95]-9618&alias=bigbird08.cern.ch&noUDP&sock=schedd_862983_22fa>
...
040 (16790439.003.000) 03/04 20:06:25 Started transferring input files
	Transferring to host: <188.185.214.49:9618?addrs=188.185.214.49-9618+[2001-1458-303-1c--100-2d]-9618&alias=b9p29p2550.cern.ch&noUDP&sock=slot1_21_6569_3464_104183>
...
040 (16790439.003.000) 03/04 20:06:25 Finished transferring input files
...
001 (16790439.003.000) 03/04 20:06:26 Job executing on host: <188.185.214.49:9618?addrs=188.185.214.49-9618+[2001-1458-303-1c--100-2d]-9618&alias=b9p29p2550.cern.ch&noUDP&sock=startd_5307_bd32>
	SlotName: slot1_21@b9p29p2550.cern.ch
	CondorScratchDir = "/pool/condor/dir_3672641"
	Cpus = 1
	Disk = 2100016
	GPUs = 0
	Memory = 3000
...
006 (16790439.003.000) 03/04 20:06:34 Image size of job updated: 5676
	6  -  MemoryUsage of job (MB)
	5676  -  ResidentSetSize of job (KB)
...
040 (16790439.003.000) 03/04 20:06:34 Started transferring output files
...
040 (16790439.003.000) 03/04 20:06:34 Finished transferring output files
...
005 (16790439.003.000) 03/04 20:06:34 Job terminated.
	(1) Normal termination (return value 0)
		Usr 0 00:00:04, Sys 0 00:00:01  -  Run Remote Usage
		Usr 0 00:00:00, Sys 0 00:00:00  -  Run Local Usage
		Usr 0 00:00:04, Sys 0 00:00:01  -  Total Remote Usage
		Usr 0 00:00:00, Sys 0 00:00:00  -  Total Local Usage
	6716  -  Run Bytes Sent By Job
	13355  -  Run Bytes Received By Job
	6716  -  Total Bytes Sent By Job
	13355  -  Total Bytes Received By Job
	Partitionable Resources :    Usage  Request Allocated 
	   Cpus                 :                 1         1 
	   Disk (KB)            :       34  2097152   2100016 
	   GPUs                 :                           0 
	   Memory (MB)          :        6     3000      3000 

	Job terminated of its own accord at 2025-03-04T19:06:34Z with exit-code 0.
...
