000 (16781552.001.000) 03/04 00:54:35 Job submitted from host: <188.185.72.155:9618?addrs=188.185.72.155-9618+[2001-1458-d00-8--100-95]-9618&alias=bigbird08.cern.ch&noUDP&sock=schedd_862983_22fa>
...
040 (16781552.001.000) 03/04 00:58:18 Started transferring input files
	Transferring to host: <188.185.193.89:9618?addrs=188.185.193.89-9618+[2001-1458-303-20--100-55]-9618&alias=b9p19p9121.cern.ch&noUDP&sock=slot1_20_6286_ce39_24887>
...
040 (16781552.001.000) 03/04 00:58:18 Finished transferring input files
...
001 (16781552.001.000) 03/04 00:58:19 Job executing on host: <188.185.193.89:9618?addrs=188.185.193.89-9618+[2001-1458-303-20--100-55]-9618&alias=b9p19p9121.cern.ch&noUDP&sock=startd_4524_aa8b>
	SlotName: slot1_20@b9p19p9121.cern.ch
	CondorScratchDir = "/pool/condor/dir_10275"
	Cpus = 1
	Disk = 2099904
	GPUs = 0
	Memory = 3000
...
006 (16781552.001.000) 03/04 00:58:33 Image size of job updated: 17912
	6  -  MemoryUsage of job (MB)
	5548  -  ResidentSetSize of job (KB)
...
006 (16781552.001.000) 03/04 01:01:54 Image size of job updated: 93876
	6  -  MemoryUsage of job (MB)
	5548  -  ResidentSetSize of job (KB)
...
040 (16781552.001.000) 03/04 01:01:54 Started transferring output files
...
040 (16781552.001.000) 03/04 01:01:54 Finished transferring output files
...
005 (16781552.001.000) 03/04 01:01:54 Job terminated.
	(1) Normal termination (return value 0)
		Usr 0 00:00:13, Sys 0 00:00:05  -  Run Remote Usage
		Usr 0 00:00:00, Sys 0 00:00:00  -  Run Local Usage
		Usr 0 00:00:13, Sys 0 00:00:05  -  Total Remote Usage
		Usr 0 00:00:00, Sys 0 00:00:00  -  Total Local Usage
	6075  -  Run Bytes Sent By Job
	13321  -  Run Bytes Received By Job
	6075  -  Total Bytes Sent By Job
	13321  -  Total Bytes Received By Job
	Partitionable Resources :    Usage  Request Allocated 
	   Cpus                 :        0        1         1 
	   Disk (KB)            :       42  2097152   2099904 
	   GPUs                 :                           0 
	   Memory (MB)          :        6     3000      3000 

	Job terminated of its own accord at 2025-03-04T00:01:54Z with exit-code 0.
...
