000 (16798628.004.000) 03/06 22:38:07 Job submitted from host: <188.185.72.155:9618?addrs=188.185.72.155-9618+[2001-1458-d00-8--100-95]-9618&alias=bigbird08.cern.ch&noUDP&sock=schedd_1954698_d259>
...
040 (16798628.004.000) 03/06 22:38:57 Started transferring input files
	Transferring to host: <128.142.161.123:9618?addrs=128.142.161.123-9618+[2001-1458-301-b8--100-39]-9618&alias=b9g03p5548.cern.ch&noUDP&sock=slot1_9_809891_39bf_4248>
...
040 (16798628.004.000) 03/06 22:38:57 Finished transferring input files
...
001 (16798628.004.000) 03/06 22:38:58 Job executing on host: <128.142.161.123:9618?addrs=128.142.161.123-9618+[2001-1458-301-b8--100-39]-9618&alias=b9g03p5548.cern.ch&noUDP&sock=startd_3224_f96c>
	SlotName: slot1_9@b9g03p5548.cern.ch
	CondorScratchDir = "/pool/condor/dir_3038586"
	Cpus = 1
	Disk = 2100165
	GPUs = 0
	Memory = 3000
...
006 (16798628.004.000) 03/06 22:39:07 Image size of job updated: 106476
	104  -  MemoryUsage of job (MB)
	106476  -  ResidentSetSize of job (KB)
...
006 (16798628.004.000) 03/06 22:39:24 Image size of job updated: 106476
	106  -  MemoryUsage of job (MB)
	108012  -  ResidentSetSize of job (KB)
...
040 (16798628.004.000) 03/06 22:39:24 Started transferring output files
...
040 (16798628.004.000) 03/06 22:39:24 Finished transferring output files
...
005 (16798628.004.000) 03/06 22:39:24 Job terminated.
	(1) Normal termination (return value 0)
		Usr 0 00:00:15, Sys 0 00:00:01  -  Run Remote Usage
		Usr 0 00:00:00, Sys 0 00:00:00  -  Run Local Usage
		Usr 0 00:00:15, Sys 0 00:00:01  -  Total Remote Usage
		Usr 0 00:00:00, Sys 0 00:00:00  -  Total Local Usage
	6916  -  Run Bytes Sent By Job
	15440  -  Run Bytes Received By Job
	6916  -  Total Bytes Sent By Job
	15440  -  Total Bytes Received By Job
	Partitionable Resources :    Usage  Request Allocated 
	   Cpus                 :     0.80        1         1 
	   Disk (KB)            :    44     2097152   2100165 
	   GPUs                 :                           0 
	   Memory (MB)          :   106        3000      3000 

	Job terminated of its own accord at 2025-03-06T21:39:24Z with exit-code 0.
...
