000 (16781426.001.000) 03/04 00:13:24 Job submitted from host: <188.185.72.155:9618?addrs=188.185.72.155-9618+[2001-1458-d00-8--100-95]-9618&alias=bigbird08.cern.ch&noUDP&sock=schedd_862983_22fa>
...
040 (16781426.001.000) 03/04 00:13:51 Started transferring input files
	Transferring to host: <128.142.248.164:9618?addrs=128.142.248.164-9618+[2001-1458-301-73--100-a3]-9618&alias=b9g23p1155.cern.ch&noUDP&sock=slot1_15_7103_74ba_21579>
...
040 (16781426.001.000) 03/04 00:13:51 Finished transferring input files
...
001 (16781426.001.000) 03/04 00:13:52 Job executing on host: <128.142.248.164:9618?addrs=128.142.248.164-9618+[2001-1458-301-73--100-a3]-9618&alias=b9g23p1155.cern.ch&noUDP&sock=startd_5693_80c1>
	SlotName: slot1_15@b9g23p1155.cern.ch
	CondorScratchDir = "/pool/condor/dir_217162"
	Cpus = 1
	Disk = 2099939
	GPUs = 0
	Memory = 3000
...
006 (16781426.001.000) 03/04 00:14:06 Image size of job updated: 13180
	13  -  MemoryUsage of job (MB)
	13180  -  ResidentSetSize of job (KB)
...
006 (16781426.001.000) 03/04 00:19:07 Image size of job updated: 55508
	14  -  MemoryUsage of job (MB)
	13624  -  ResidentSetSize of job (KB)
...
006 (16781426.001.000) 03/04 00:24:07 Image size of job updated: 55508
	14  -  MemoryUsage of job (MB)
	13696  -  ResidentSetSize of job (KB)
...
006 (16781426.001.000) 03/04 00:29:08 Image size of job updated: 64968
	18  -  MemoryUsage of job (MB)
	17896  -  ResidentSetSize of job (KB)
...
040 (16781426.001.000) 03/04 00:30:53 Started transferring output files
...
040 (16781426.001.000) 03/04 00:30:53 Finished transferring output files
...
004 (16781426.001.000) 03/04 00:30:53 Job was evicted.
	(0) CPU times
		Usr 0 00:00:11, Sys 0 00:00:04  -  Run Remote Usage
		Usr 0 00:00:00, Sys 0 00:00:00  -  Run Local Usage
	6001  -  Run Bytes Sent By Job
	13321  -  Run Bytes Received By Job
	Partitionable Resources :    Usage  Request Allocated 
	   Cpus                 :     0.00        1         1 
	   Disk (KB)            :    42     2097152   2099939 
	   GPUs                 :                           0 
	   Memory (MB)          :    18        3000      3000 
...
040 (16781426.001.000) 03/04 00:35:21 Started transferring input files
	Transferring to host: <188.185.195.99:9618?addrs=188.185.195.99-9618+[2001-1458-303-22--100-5f]-9618&alias=b9p17p5083.cern.ch&noUDP&sock=slot1_7_589105_83ed_25462>
...
040 (16781426.001.000) 03/04 00:35:21 Finished transferring input files
...
001 (16781426.001.000) 03/04 00:35:22 Job executing on host: <188.185.195.99:9618?addrs=188.185.195.99-9618+[2001-1458-303-22--100-5f]-9618&alias=b9p17p5083.cern.ch&noUDP&sock=startd_3195_152d>
	SlotName: slot1_7@b9p17p5083.cern.ch
	CondorScratchDir = "/pool/condor/dir_2041453"
	Cpus = 1
	Disk = 2099961
	GPUs = 0
	Memory = 3000
...
006 (16781426.001.000) 03/04 00:35:30 Image size of job updated: 313556
	307  -  MemoryUsage of job (MB)
	313556  -  ResidentSetSize of job (KB)
...
006 (16781426.001.000) 03/04 00:36:15 Image size of job updated: 330388
	323  -  MemoryUsage of job (MB)
	330388  -  ResidentSetSize of job (KB)
...
040 (16781426.001.000) 03/04 00:36:15 Started transferring output files
...
040 (16781426.001.000) 03/04 00:36:15 Finished transferring output files
...
004 (16781426.001.000) 03/04 00:36:15 Job was evicted.
	(0) CPU times
		Usr 0 00:00:08, Sys 0 00:00:01  -  Run Remote Usage
		Usr 0 00:00:00, Sys 0 00:00:00  -  Run Local Usage
	1127  -  Run Bytes Sent By Job
	19322  -  Run Bytes Received By Job
	Partitionable Resources :    Usage  Request Allocated 
	   Cpus                 :        0        1         1 
	   Disk (KB)            :       44  2097152   2099961 
	   GPUs                 :                           0 
	   Memory (MB)          :      323     3000      3000 
...
040 (16781426.001.000) 03/04 00:47:10 Started transferring input files
	Transferring to host: <188.185.193.122:9618?addrs=188.185.193.122-9618+[2001-1458-303-20--100-76]-9618&alias=b9p19p5077.cern.ch&noUDP&sock=slot1_25_1460216_04ec_104339>
...
040 (16781426.001.000) 03/04 00:47:10 Finished transferring input files
...
001 (16781426.001.000) 03/04 00:47:11 Job executing on host: <188.185.193.122:9618?addrs=188.185.193.122-9618+[2001-1458-303-20--100-76]-9618&alias=b9p19p5077.cern.ch&noUDP&sock=startd_6674_6329>
	SlotName: slot1_25@b9p19p5077.cern.ch
	CondorScratchDir = "/pool/condor/dir_2841463"
	Cpus = 1
	Disk = 2100791
	GPUs = 0
	Memory = 3000
...
006 (16781426.001.000) 03/04 00:47:19 Image size of job updated: 358972
	351  -  MemoryUsage of job (MB)
	358972  -  ResidentSetSize of job (KB)
...
040 (16781426.001.000) 03/04 00:47:29 Started transferring output files
...
040 (16781426.001.000) 03/04 00:47:29 Finished transferring output files
...
005 (16781426.001.000) 03/04 00:47:29 Job terminated.
	(1) Normal termination (return value 0)
		Usr 0 00:00:07, Sys 0 00:00:02  -  Run Remote Usage
		Usr 0 00:00:00, Sys 0 00:00:00  -  Run Local Usage
		Usr 0 00:00:26, Sys 0 00:00:07  -  Total Remote Usage
		Usr 0 00:00:00, Sys 0 00:00:00  -  Total Local Usage
	1172  -  Run Bytes Sent By Job
	19322  -  Run Bytes Received By Job
	8300  -  Total Bytes Sent By Job
	51965  -  Total Bytes Received By Job
	Partitionable Resources :    Usage  Request Allocated 
	   Cpus                 :        0        1         1 
	   Disk (KB)            :       44  2097152   2100791 
	   GPUs                 :                           0 
	   Memory (MB)          :      351     3000      3000 

	Job terminated of its own accord at 2025-03-03T23:47:29Z with exit-code 0.
...
