000 (16781426.022.000) 03/04 00:13:24 Job submitted from host: <188.185.72.155:9618?addrs=188.185.72.155-9618+[2001-1458-d00-8--100-95]-9618&alias=bigbird08.cern.ch&noUDP&sock=schedd_862983_22fa>
...
040 (16781426.022.000) 03/04 00:13:58 Started transferring input files
	Transferring to host: <188.185.194.29:9618?addrs=188.185.194.29-9618+[2001-1458-303-21--100-19]-9618&alias=b9p20p6311.cern.ch&noUDP&sock=slot1_16_10094_e2d4_25407>
...
040 (16781426.022.000) 03/04 00:13:58 Finished transferring input files
...
001 (16781426.022.000) 03/04 00:13:59 Job executing on host: <188.185.194.29:9618?addrs=188.185.194.29-9618+[2001-1458-303-21--100-19]-9618&alias=b9p20p6311.cern.ch&noUDP&sock=startd_8358_78a6>
	SlotName: slot1_16@b9p20p6311.cern.ch
	CondorScratchDir = "/pool/condor/dir_2436942"
	Cpus = 1
	Disk = 2099964
	GPUs = 0
	Memory = 3000
...
006 (16781426.022.000) 03/04 00:14:12 Image size of job updated: 10992
	11  -  MemoryUsage of job (MB)
	10992  -  ResidentSetSize of job (KB)
...
006 (16781426.022.000) 03/04 00:19:12 Image size of job updated: 71452
	38  -  MemoryUsage of job (MB)
	38096  -  ResidentSetSize of job (KB)
...
006 (16781426.022.000) 03/04 00:24:13 Image size of job updated: 71452
	46  -  MemoryUsage of job (MB)
	46368  -  ResidentSetSize of job (KB)
...
006 (16781426.022.000) 03/04 00:29:13 Image size of job updated: 71452
	64  -  MemoryUsage of job (MB)
	64824  -  ResidentSetSize of job (KB)
...
040 (16781426.022.000) 03/04 00:30:55 Started transferring output files
...
040 (16781426.022.000) 03/04 00:30:55 Finished transferring output files
...
004 (16781426.022.000) 03/04 00:30:55 Job was evicted.
	(0) CPU times
		Usr 0 00:00:11, Sys 0 00:00:04  -  Run Remote Usage
		Usr 0 00:00:00, Sys 0 00:00:00  -  Run Local Usage
	6003  -  Run Bytes Sent By Job
	13321  -  Run Bytes Received By Job
	Partitionable Resources :    Usage  Request Allocated 
	   Cpus                 :     0.00        1         1 
	   Disk (KB)            :    42     2097152   2099964 
	   GPUs                 :                           0 
	   Memory (MB)          :    64        3000      3000 
...
040 (16781426.022.000) 03/04 00:35:27 Started transferring input files
	Transferring to host: <188.185.195.82:9618?addrs=188.185.195.82-9618+[2001-1458-303-22--100-4e]-9618&alias=b9p17p8232.cern.ch&noUDP&sock=slot1_3_9782_0dc7_12774>
...
040 (16781426.022.000) 03/04 00:35:27 Finished transferring input files
...
001 (16781426.022.000) 03/04 00:35:28 Job executing on host: <188.185.195.82:9618?addrs=188.185.195.82-9618+[2001-1458-303-22--100-4e]-9618&alias=b9p17p8232.cern.ch&noUDP&sock=startd_8163_b7ae>
	SlotName: slot1_3@b9p17p8232.cern.ch
	CondorScratchDir = "/pool/condor/dir_1368550"
	Cpus = 1
	Disk = 2100017
	GPUs = 0
	Memory = 3000
...
006 (16781426.022.000) 03/04 00:40:43 Image size of job updated: 79864
	74  -  MemoryUsage of job (MB)
	75000  -  ResidentSetSize of job (KB)
...
040 (16781426.022.000) 03/04 00:47:29 Started transferring output files
...
040 (16781426.022.000) 03/04 00:47:29 Finished transferring output files
...
005 (16781426.022.000) 03/04 00:47:29 Job terminated.
	(1) Normal termination (return value 0)
		Usr 0 00:00:11, Sys 0 00:00:05  -  Run Remote Usage
		Usr 0 00:00:00, Sys 0 00:00:00  -  Run Local Usage
		Usr 0 00:00:22, Sys 0 00:00:09  -  Total Remote Usage
		Usr 0 00:00:00, Sys 0 00:00:00  -  Total Local Usage
	1174  -  Run Bytes Sent By Job
	19324  -  Run Bytes Received By Job
	7177  -  Total Bytes Sent By Job
	32645  -  Total Bytes Received By Job
	Partitionable Resources :    Usage  Request Allocated 
	   Cpus                 :     0.40        1         1 
	   Disk (KB)            :    44     2097152   2100017 
	   GPUs                 :                           0 
	   Memory (MB)          :    74        3000      3000 

	Job terminated of its own accord at 2025-03-03T23:47:29Z with exit-code 0.
...
