000 (16781426.031.000) 03/04 00:13:24 Job submitted from host: <188.185.72.155:9618?addrs=188.185.72.155-9618+[2001-1458-d00-8--100-95]-9618&alias=bigbird08.cern.ch&noUDP&sock=schedd_862983_22fa>
...
040 (16781426.031.000) 03/04 00:14:01 Started transferring input files
	Transferring to host: <188.185.192.71:9618?addrs=188.185.192.71-9618+[2001-1458-303-1f--100-43]-9618&alias=b9p13p6231.cern.ch&noUDP&sock=slot1_12_16298_2a50_10675>
...
040 (16781426.031.000) 03/04 00:14:01 Finished transferring input files
...
001 (16781426.031.000) 03/04 00:14:02 Job executing on host: <188.185.192.71:9618?addrs=188.185.192.71-9618+[2001-1458-303-1f--100-43]-9618&alias=b9p13p6231.cern.ch&noUDP&sock=startd_9038_e50c>
	SlotName: slot1_12@b9p13p6231.cern.ch
	CondorScratchDir = "/pool/condor/dir_1029209"
	Cpus = 1
	Disk = 2099960
	GPUs = 0
	Memory = 3000
...
006 (16781426.031.000) 03/04 00:14:11 Image size of job updated: 187712
	184  -  MemoryUsage of job (MB)
	187712  -  ResidentSetSize of job (KB)
...
006 (16781426.031.000) 03/04 00:19:12 Image size of job updated: 421204
	412  -  MemoryUsage of job (MB)
	421204  -  ResidentSetSize of job (KB)
...
040 (16781426.031.000) 03/04 00:30:56 Started transferring output files
...
040 (16781426.031.000) 03/04 00:30:56 Finished transferring output files
...
004 (16781426.031.000) 03/04 00:30:56 Job was evicted.
	(0) CPU times
		Usr 0 00:00:11, Sys 0 00:00:04  -  Run Remote Usage
		Usr 0 00:00:00, Sys 0 00:00:00  -  Run Local Usage
	6001  -  Run Bytes Sent By Job
	13321  -  Run Bytes Received By Job
	Partitionable Resources :    Usage  Request Allocated 
	   Cpus                 :     0.00        1         1 
	   Disk (KB)            :    42     2097152   2099960 
	   GPUs                 :                           0 
	   Memory (MB)          :   412        3000      3000 
...
040 (16781426.031.000) 03/04 00:47:18 Started transferring input files
	Transferring to host: <188.185.198.51:9618?addrs=188.185.198.51-9618+[2001-1458-303-25--100-2f]-9618&alias=b9p15p1642.cern.ch&noUDP&sock=slot1_12_1997547_5167_27655>
...
040 (16781426.031.000) 03/04 00:47:18 Finished transferring input files
...
001 (16781426.031.000) 03/04 00:47:19 Job executing on host: <188.185.198.51:9618?addrs=188.185.198.51-9618+[2001-1458-303-25--100-2f]-9618&alias=b9p15p1642.cern.ch&noUDP&sock=startd_6676_c25a>
	SlotName: slot1_12@b9p15p1642.cern.ch
	CondorScratchDir = "/pool/condor/dir_910769"
	Cpus = 1
	Disk = 2099764
	GPUs = 0
	Memory = 3000
...
040 (16781426.031.000) 03/04 00:47:42 Started transferring output files
...
040 (16781426.031.000) 03/04 00:47:42 Finished transferring output files
...
005 (16781426.031.000) 03/04 00:47:42 Job terminated.
	(1) Normal termination (return value 0)
		Usr 0 00:00:10, Sys 0 00:00:02  -  Run Remote Usage
		Usr 0 00:00:00, Sys 0 00:00:00  -  Run Local Usage
		Usr 0 00:00:21, Sys 0 00:00:06  -  Total Remote Usage
		Usr 0 00:00:00, Sys 0 00:00:00  -  Total Local Usage
	1172  -  Run Bytes Sent By Job
	19322  -  Run Bytes Received By Job
	7173  -  Total Bytes Sent By Job
	32643  -  Total Bytes Received By Job
	Partitionable Resources :    Usage  Request Allocated 
	   Cpus                 :        0        1         1 
	   Disk (KB)            :       44  2097152   2099764 
	   GPUs                 :                           0 
	   Memory (MB)          :      416     3000      3000 

	Job terminated of its own accord at 2025-03-03T23:47:42Z with exit-code 0.
...
