000 (16788263.000.000) 03/04 06:46:41 Job submitted from host: <188.185.72.155:9618?addrs=188.185.72.155-9618+[2001-1458-d00-8--100-95]-9618&alias=bigbird08.cern.ch&noUDP&sock=schedd_862983_22fa>
...
040 (16788263.000.000) 03/04 06:49:40 Started transferring input files
	Transferring to host: <188.185.214.220:9618?addrs=188.185.214.220-9618+[2001-1458-303-1d--100-58]-9618&alias=b9p30p4618.cern.ch&noUDP&sock=slot1_31_3109729_2651_26378>
...
040 (16788263.000.000) 03/04 06:49:40 Finished transferring input files
...
001 (16788263.000.000) 03/04 06:49:41 Job executing on host: <188.185.214.220:9618?addrs=188.185.214.220-9618+[2001-1458-303-1d--100-58]-9618&alias=b9p30p4618.cern.ch&noUDP&sock=startd_3495_db97>
	SlotName: slot1_31@b9p30p4618.cern.ch
	CondorScratchDir = "/pool/condor/dir_1617770"
	Cpus = 1
	Disk = 2099912
	GPUs = 0
	Memory = 3000
...
006 (16788263.000.000) 03/04 06:49:49 Image size of job updated: 23688
	24  -  MemoryUsage of job (MB)
	23688  -  ResidentSetSize of job (KB)
...
006 (16788263.000.000) 03/04 06:52:02 Image size of job updated: 361540
	354  -  MemoryUsage of job (MB)
	361540  -  ResidentSetSize of job (KB)
...
040 (16788263.000.000) 03/04 06:52:02 Started transferring output files
...
040 (16788263.000.000) 03/04 06:52:02 Finished transferring output files
...
005 (16788263.000.000) 03/04 06:52:02 Job terminated.
	(1) Normal termination (return value 0)
		Usr 0 00:00:07, Sys 0 00:00:06  -  Run Remote Usage
		Usr 0 00:00:00, Sys 0 00:00:00  -  Run Local Usage
		Usr 0 00:00:07, Sys 0 00:00:06  -  Total Remote Usage
		Usr 0 00:00:00, Sys 0 00:00:00  -  Total Local Usage
	6075  -  Run Bytes Sent By Job
	13317  -  Run Bytes Received By Job
	6075  -  Total Bytes Sent By Job
	13317  -  Total Bytes Received By Job
	Partitionable Resources :    Usage  Request Allocated 
	   Cpus                 :                 1         1 
	   Disk (KB)            :       34  2097152   2099912 
	   GPUs                 :                           0 
	   Memory (MB)          :      354     3000      3000 

	Job terminated of its own accord at 2025-03-04T05:52:02Z with exit-code 0.
...
