000 (16781426.011.000) 03/04 00:13:24 Job submitted from host: <188.185.72.155:9618?addrs=188.185.72.155-9618+[2001-1458-d00-8--100-95]-9618&alias=bigbird08.cern.ch&noUDP&sock=schedd_862983_22fa>
...
040 (16781426.011.000) 03/04 00:13:54 Started transferring input files
	Transferring to host: <128.142.161.111:9618?addrs=128.142.161.111-9618+[2001-1458-301-b8--100-2d]-9618&alias=b9g03p5711.cern.ch&noUDP&sock=slot1_16_2348329_f85f_3528>
...
040 (16781426.011.000) 03/04 00:13:54 Finished transferring input files
...
001 (16781426.011.000) 03/04 00:13:55 Job executing on host: <128.142.161.111:9618?addrs=128.142.161.111-9618+[2001-1458-301-b8--100-2d]-9618&alias=b9g03p5711.cern.ch&noUDP&sock=startd_8045_c781>
	SlotName: slot1_16@b9g03p5711.cern.ch
	CondorScratchDir = "/pool/condor/dir_195526"
	Cpus = 1
	Disk = 2100430
	GPUs = 0
	Memory = 3000
...
006 (16781426.011.000) 03/04 00:14:04 Image size of job updated: 1776
	2  -  MemoryUsage of job (MB)
	1776  -  ResidentSetSize of job (KB)
...
006 (16781426.011.000) 03/04 00:19:05 Image size of job updated: 378612
	370  -  MemoryUsage of job (MB)
	378612  -  ResidentSetSize of job (KB)
...
006 (16781426.011.000) 03/04 00:29:05 Image size of job updated: 379628
	371  -  MemoryUsage of job (MB)
	379628  -  ResidentSetSize of job (KB)
...
040 (16781426.011.000) 03/04 00:30:54 Started transferring output files
...
040 (16781426.011.000) 03/04 00:30:54 Finished transferring output files
...
004 (16781426.011.000) 03/04 00:30:54 Job was evicted.
	(0) CPU times
		Usr 0 00:00:10, Sys 0 00:00:05  -  Run Remote Usage
		Usr 0 00:00:00, Sys 0 00:00:00  -  Run Local Usage
	6001  -  Run Bytes Sent By Job
	13321  -  Run Bytes Received By Job
	Partitionable Resources :    Usage  Request Allocated 
	   Cpus                 :     0.00        1         1 
	   Disk (KB)            :    41     2097152   2100430 
	   GPUs                 :                           0 
	   Memory (MB)          :   371        3000      3000 
...
040 (16781426.011.000) 03/04 00:35:23 Started transferring input files
	Transferring to host: <128.142.52.10:9618?addrs=128.142.52.10-9618+[2001-1458-301-1b--100-7]-9618&alias=b9g02p4813.cern.ch&noUDP&sock=slot1_16_8590_2e96_25930>
...
040 (16781426.011.000) 03/04 00:35:23 Finished transferring input files
...
001 (16781426.011.000) 03/04 00:35:24 Job executing on host: <128.142.52.10:9618?addrs=128.142.52.10-9618+[2001-1458-301-1b--100-7]-9618&alias=b9g02p4813.cern.ch&noUDP&sock=startd_7318_1e27>
	SlotName: slot1_16@b9g02p4813.cern.ch
	CondorScratchDir = "/pool/condor/dir_812959"
	Cpus = 1
	Disk = 2099892
	GPUs = 0
	Memory = 3000
...
040 (16781426.011.000) 03/04 00:47:29 Started transferring output files
...
040 (16781426.011.000) 03/04 00:47:29 Finished transferring output files
...
005 (16781426.011.000) 03/04 00:47:29 Job terminated.
	(1) Normal termination (return value 0)
		Usr 0 00:00:12, Sys 0 00:00:04  -  Run Remote Usage
		Usr 0 00:00:00, Sys 0 00:00:00  -  Run Local Usage
		Usr 0 00:00:22, Sys 0 00:00:09  -  Total Remote Usage
		Usr 0 00:00:00, Sys 0 00:00:00  -  Total Local Usage
	1172  -  Run Bytes Sent By Job
	19322  -  Run Bytes Received By Job
	7173  -  Total Bytes Sent By Job
	32643  -  Total Bytes Received By Job
	Partitionable Resources :    Usage  Request Allocated 
	   Cpus                 :     0.00        1         1 
	   Disk (KB)            :    44     2097152   2099892 
	   GPUs                 :                           0 
	   Memory (MB)          :   391        3000      3000 

	Job terminated of its own accord at 2025-03-03T23:47:29Z with exit-code 0.
...
