Starting job on Tue Mar  4 12:00:14 AM CET 2025
Running on: b9p13p7661.cern.ch
CMSSW environment set up.
DATASET FOLDER: DYJetsToLL_M-50_TuneCP5_13p6TeV-madgraphMLM-pythia8_Run3Summer22NanoAODv12-ALCARECO_forPOG_130X_mcRun3_2022_realistic_v5_ext1-v2_NANOAODSIM 
EOS DIR: /eos/user/o/olfimbre/NanoAOD_Filtered/DYJetsToLL_M-50_TuneCP5_13p6TeV-madgraphMLM-pythia8_Run3Summer22NanoAODv12-ALCARECO_forPOG_130X_mcRun3_2022_realistic_v5_ext1-v2_NANOAODSIM 
Processing file: root://cms-xrd-global.cern.ch//store/mc/Run3Summer22NanoAODv12/DYJetsToLL_M-50_TuneCP5_13p6TeV-madgraphMLM-pythia8/NANOAODSIM/ALCARECO_forPOG_130X_mcRun3_2022_realistic_v5_ext1-v2/30000/8ef3aa1c-8a75-402c-9201-3f98c8cba12c.root
Will write selected trees to filteredNanoAOD
Pre-select 211900 entries out of 211900 (100.00%)
Processed    10000/  211900 entries,  4.72% (elapsed time     7.5s, curr speed    1.341 kHz, avg speed    1.341 kHz), accepted     2684/   10001 events (26.84%)
Processed    20000/  211900 entries,  9.44% (elapsed time    15.8s, curr speed    1.195 kHz, avg speed    1.264 kHz), accepted     5389/   20001 events (26.94%)
Processed    30000/  211900 entries, 14.16% (elapsed time    24.2s, curr speed    1.191 kHz, avg speed    1.239 kHz), accepted     8072/   30001 events (26.91%)
Processed    40000/  211900 entries, 18.88% (elapsed time    29.9s, curr speed    1.768 kHz, avg speed    1.339 kHz), accepted    10758/   40001 events (26.89%)
Processed    50000/  211900 entries, 23.60% (elapsed time    38.4s, curr speed    1.176 kHz, avg speed    1.303 kHz), accepted    13509/   50001 events (27.02%)
Processed    60000/  211900 entries, 28.32% (elapsed time    47.0s, curr speed    1.161 kHz, avg speed    1.277 kHz), accepted    16290/   60001 events (27.15%)
Processed    70000/  211900 entries, 33.03% (elapsed time    52.6s, curr speed    1.782 kHz, avg speed    1.331 kHz), accepted    19037/   70001 events (27.20%)
Processed    80000/  211900 entries, 37.75% (elapsed time    61.2s, curr speed    1.157 kHz, avg speed    1.306 kHz), accepted    21816/   80001 events (27.27%)
Processed    90000/  211900 entries, 42.47% (elapsed time    70.0s, curr speed    1.148 kHz, avg speed    1.287 kHz), accepted    24578/   90001 events (27.31%)
Processed   100000/  211900 entries, 47.19% (elapsed time    75.7s, curr speed    1.743 kHz, avg speed    1.321 kHz), accepted    27311/  100001 events (27.31%)
Processed   110000/  211900 entries, 51.91% (elapsed time    84.2s, curr speed    1.168 kHz, avg speed    1.306 kHz), accepted    30055/  110001 events (27.32%)
Processed   120000/  211900 entries, 56.63% (elapsed time    92.8s, curr speed    1.168 kHz, avg speed    1.293 kHz), accepted    32790/  120001 events (27.32%)
Processed   130000/  211900 entries, 61.35% (elapsed time    98.3s, curr speed    1.807 kHz, avg speed    1.322 kHz), accepted    35562/  130001 events (27.36%)
Processed   140000/  211900 entries, 66.07% (elapsed time   107.2s, curr speed    1.125 kHz, avg speed    1.306 kHz), accepted    38268/  140001 events (27.33%)
Processed   150000/  211900 entries, 70.79% (elapsed time   115.9s, curr speed    1.159 kHz, avg speed    1.295 kHz), accepted    41072/  150001 events (27.38%)
Processed   160000/  211900 entries, 75.51% (elapsed time   121.2s, curr speed    1.875 kHz, avg speed    1.320 kHz), accepted    43840/  160001 events (27.40%)
Processed   170000/  211900 entries, 80.23% (elapsed time   130.0s, curr speed    1.138 kHz, avg speed    1.308 kHz), accepted    46505/  170001 events (27.36%)
Processed   180000/  211900 entries, 84.95% (elapsed time   138.4s, curr speed    1.181 kHz, avg speed    1.300 kHz), accepted    49270/  180001 events (27.37%)
Processed   190000/  211900 entries, 89.66% (elapsed time   144.1s, curr speed    1.761 kHz, avg speed    1.318 kHz), accepted    52031/  190001 events (27.38%)
Processed   200000/  211900 entries, 94.38% (elapsed time   152.2s, curr speed    1.238 kHz, avg speed    1.314 kHz), accepted    54752/  200001 events (27.38%)
Processed   210000/  211900 entries, 99.10% (elapsed time   160.3s, curr speed    1.227 kHz, avg speed    1.310 kHz), accepted    57432/  210001 events (27.35%)
Processed 211900 preselected entries from root://cms-xrd-global.cern.ch//store/mc/Run3Summer22NanoAODv12/DYJetsToLL_M-50_TuneCP5_13p6TeV-madgraphMLM-pythia8/NANOAODSIM/ALCARECO_forPOG_130X_mcRun3_2022_realistic_v5_ext1-v2/30000/8ef3aa1c-8a75-402c-9201-3f98c8cba12c.root (211900 entries). Finally selected 57952 entries
Done filteredNanoAOD/8ef3aa1c-8a75-402c-9201-3f98c8cba12c_Skim.root
Total time 299.6 sec. to process 211900 events. Rate = 707.2 Hz.
Copying output files to EOS: /eos/user/o/olfimbre/NanoAOD_Filtered/DYJetsToLL_M-50_TuneCP5_13p6TeV-madgraphMLM-pythia8_Run3Summer22NanoAODv12-ALCARECO_forPOG_130X_mcRun3_2022_realistic_v5_ext1-v2_NANOAODSIM
Job finished on Tue Mar  4 00:05:31 CET 2025
