000 (16781426.034.000) 03/04 00:13:24 Job submitted from host: <188.185.72.155:9618?addrs=188.185.72.155-9618+[2001-1458-d00-8--100-95]-9618&alias=bigbird08.cern.ch&noUDP&sock=schedd_862983_22fa>
...
040 (16781426.034.000) 03/04 00:14:02 Started transferring input files
	Transferring to host: <188.185.195.38:9618?addrs=188.185.195.38-9618+[2001-1458-303-22--100-22]-9618&alias=b9p17p6084.cern.ch&noUDP&sock=slot1_5_2375032_a63d_23678>
...
040 (16781426.034.000) 03/04 00:14:02 Finished transferring input files
...
001 (16781426.034.000) 03/04 00:14:03 Job executing on host: <188.185.195.38:9618?addrs=188.185.195.38-9618+[2001-1458-303-22--100-22]-9618&alias=b9p17p6084.cern.ch&noUDP&sock=startd_6680_80bb>
	SlotName: slot1_5@b9p17p6084.cern.ch
	CondorScratchDir = "/pool/condor/dir_3070984"
	Cpus = 1
	Disk = 2099939
	GPUs = 0
	Memory = 3000
...
006 (16781426.034.000) 03/04 00:14:12 Image size of job updated: 223420
	219  -  MemoryUsage of job (MB)
	223420  -  ResidentSetSize of job (KB)
...
006 (16781426.034.000) 03/04 00:19:13 Image size of job updated: 403960
	395  -  MemoryUsage of job (MB)
	403960  -  ResidentSetSize of job (KB)
...
040 (16781426.034.000) 03/04 00:30:56 Started transferring output files
...
040 (16781426.034.000) 03/04 00:30:56 Finished transferring output files
...
004 (16781426.034.000) 03/04 00:30:56 Job was evicted.
	(0) CPU times
		Usr 0 00:00:10, Sys 0 00:00:04  -  Run Remote Usage
		Usr 0 00:00:00, Sys 0 00:00:00  -  Run Local Usage
	6001  -  Run Bytes Sent By Job
	13321  -  Run Bytes Received By Job
	Partitionable Resources :    Usage  Request Allocated 
	   Cpus                 :     0.00        1         1 
	   Disk (KB)            :    42     2097152   2099939 
	   GPUs                 :                           0 
	   Memory (MB)          :   395        3000      3000 
...
040 (16781426.034.000) 03/04 00:47:20 Started transferring input files
	Transferring to host: <188.185.196.170:9618?addrs=188.185.196.170-9618+[2001-1458-303-23--100-a6]-9618&alias=b9p16p1151.cern.ch&noUDP&sock=slot1_16_1375888_5087_49591>
...
040 (16781426.034.000) 03/04 00:47:20 Finished transferring input files
...
001 (16781426.034.000) 03/04 00:47:21 Job executing on host: <188.185.196.170:9618?addrs=188.185.196.170-9618+[2001-1458-303-23--100-a6]-9618&alias=b9p16p1151.cern.ch&noUDP&sock=startd_11245_b691>
	SlotName: slot1_16@b9p16p1151.cern.ch
	CondorScratchDir = "/pool/condor/dir_1303847"
	Cpus = 1
	Disk = 2099800
	GPUs = 0
	Memory = 3000
...
040 (16781426.034.000) 03/04 00:47:45 Started transferring output files
...
040 (16781426.034.000) 03/04 00:47:45 Finished transferring output files
...
005 (16781426.034.000) 03/04 00:47:45 Job terminated.
	(1) Normal termination (return value 0)
		Usr 0 00:00:10, Sys 0 00:00:02  -  Run Remote Usage
		Usr 0 00:00:00, Sys 0 00:00:00  -  Run Local Usage
		Usr 0 00:00:20, Sys 0 00:00:06  -  Total Remote Usage
		Usr 0 00:00:00, Sys 0 00:00:00  -  Total Local Usage
	1172  -  Run Bytes Sent By Job
	19322  -  Run Bytes Received By Job
	7173  -  Total Bytes Sent By Job
	32643  -  Total Bytes Received By Job
	Partitionable Resources :    Usage  Request Allocated 
	   Cpus                 :        0        1         1 
	   Disk (KB)            :       44  2097152   2099800 
	   GPUs                 :                           0 
	   Memory (MB)          :      416     3000      3000 

	Job terminated of its own accord at 2025-03-03T23:47:45Z with exit-code 0.
...
