000 (16790439.000.000) 03/04 20:01:11 Job submitted from host: <188.185.72.155:9618?addrs=188.185.72.155-9618+[2001-1458-d00-8--100-95]-9618&alias=bigbird08.cern.ch&noUDP&sock=schedd_862983_22fa>
...
040 (16790439.000.000) 03/04 20:06:25 Started transferring input files
	Transferring to host: <128.142.161.91:9618?addrs=128.142.161.91-9618+[2001-1458-301-b8--100-19]-9618&alias=b9g03p3548.cern.ch&noUDP&sock=slot1_21_719744_824d_9840>
...
040 (16790439.000.000) 03/04 20:06:25 Finished transferring input files
...
001 (16790439.000.000) 03/04 20:06:26 Job executing on host: <128.142.161.91:9618?addrs=128.142.161.91-9618+[2001-1458-301-b8--100-19]-9618&alias=b9g03p3548.cern.ch&noUDP&sock=startd_3743_f713>
	SlotName: slot1_21@b9g03p3548.cern.ch
	CondorScratchDir = "/pool/condor/dir_597687"
	Cpus = 1
	Disk = 2100093
	GPUs = 0
	Memory = 3000
...
006 (16790439.000.000) 03/04 20:06:35 Image size of job updated: 501336
	490  -  MemoryUsage of job (MB)
	501336  -  ResidentSetSize of job (KB)
...
040 (16790439.000.000) 03/04 20:07:02 Started transferring output files
...
040 (16790439.000.000) 03/04 20:07:02 Finished transferring output files
...
005 (16790439.000.000) 03/04 20:07:02 Job terminated.
	(1) Normal termination (return value 0)
		Usr 0 00:00:10, Sys 0 00:00:01  -  Run Remote Usage
		Usr 0 00:00:00, Sys 0 00:00:00  -  Run Local Usage
		Usr 0 00:00:10, Sys 0 00:00:01  -  Total Remote Usage
		Usr 0 00:00:00, Sys 0 00:00:00  -  Total Local Usage
	7249  -  Run Bytes Sent By Job
	13355  -  Run Bytes Received By Job
	7249  -  Total Bytes Sent By Job
	13355  -  Total Bytes Received By Job
	Partitionable Resources :    Usage  Request Allocated 
	   Cpus                 :                 1         1 
	   Disk (KB)            :       35  2097152   2100093 
	   GPUs                 :                           0 
	   Memory (MB)          :      490     3000      3000 

	Job terminated of its own accord at 2025-03-04T19:07:02Z with exit-code 0.
...
