Starting job on Tue Mar  4 12:00:22 AM CET 2025
Running on: b9p04p2913.cern.ch
CMSSW environment set up.
DATASET FOLDER: DYJetsToLL_M-50_TuneCP5_13p6TeV-madgraphMLM-pythia8_Run3Summer22NanoAODv12-ALCARECO_forPOG_130X_mcRun3_2022_realistic_v5_ext1-v2_NANOAODSIM 
EOS DIR: /eos/user/o/olfimbre/NanoAOD_Filtered/DYJetsToLL_M-50_TuneCP5_13p6TeV-madgraphMLM-pythia8_Run3Summer22NanoAODv12-ALCARECO_forPOG_130X_mcRun3_2022_realistic_v5_ext1-v2_NANOAODSIM 
Processing file: root://cms-xrd-global.cern.ch//store/mc/Run3Summer22NanoAODv12/DYJetsToLL_M-50_TuneCP5_13p6TeV-madgraphMLM-pythia8/NANOAODSIM/ALCARECO_forPOG_130X_mcRun3_2022_realistic_v5_ext1-v2/50000/c09d2fcb-2108-41f8-9a14-56a1edb2de5b.root
Will write selected trees to filteredNanoAOD
Pre-select 699489 entries out of 699489 (100.00%)
Processed    10000/  699489 entries,  1.43% (elapsed time     6.3s, curr speed    1.579 kHz, avg speed    1.579 kHz), accepted     2841/   10001 events (28.41%)
Processed    20000/  699489 entries,  2.86% (elapsed time    13.7s, curr speed    1.356 kHz, avg speed    1.459 kHz), accepted     5647/   20001 events (28.23%)
Processed    30000/  699489 entries,  4.29% (elapsed time    19.1s, curr speed    1.866 kHz, avg speed    1.573 kHz), accepted     8389/   30001 events (27.96%)
Processed    40000/  699489 entries,  5.72% (elapsed time    25.5s, curr speed    1.546 kHz, avg speed    1.566 kHz), accepted    11158/   40001 events (27.89%)
Processed    50000/  699489 entries,  7.15% (elapsed time    32.9s, curr speed    1.358 kHz, avg speed    1.520 kHz), accepted    13857/   50001 events (27.71%)
Processed    60000/  699489 entries,  8.58% (elapsed time    38.0s, curr speed    1.947 kHz, avg speed    1.577 kHz), accepted    16678/   60001 events (27.80%)
Processed    70000/  699489 entries, 10.01% (elapsed time    44.4s, curr speed    1.572 kHz, avg speed    1.577 kHz), accepted    19477/   70001 events (27.82%)
Processed    80000/  699489 entries, 11.44% (elapsed time    51.6s, curr speed    1.393 kHz, avg speed    1.551 kHz), accepted    22200/   80001 events (27.75%)
Processed    90000/  699489 entries, 12.87% (elapsed time    57.4s, curr speed    1.734 kHz, avg speed    1.569 kHz), accepted    24976/   90001 events (27.75%)
Processed   100000/  699489 entries, 14.30% (elapsed time    63.5s, curr speed    1.633 kHz, avg speed    1.575 kHz), accepted    27642/  100001 events (27.64%)
Processed   110000/  699489 entries, 15.73% (elapsed time    70.9s, curr speed    1.341 kHz, avg speed    1.551 kHz), accepted    30442/  110001 events (27.67%)
Processed   120000/  699489 entries, 17.16% (elapsed time    76.4s, curr speed    1.844 kHz, avg speed    1.572 kHz), accepted    33223/  120001 events (27.69%)
Processed   130000/  699489 entries, 18.58% (elapsed time    82.7s, curr speed    1.578 kHz, avg speed    1.572 kHz), accepted    35981/  130001 events (27.68%)
Processed   140000/  699489 entries, 20.01% (elapsed time    89.9s, curr speed    1.394 kHz, avg speed    1.558 kHz), accepted    38666/  140001 events (27.62%)
Processed   150000/  699489 entries, 21.44% (elapsed time    94.2s, curr speed    2.292 kHz, avg speed    1.592 kHz), accepted    41303/  150001 events (27.54%)
Processed   160000/  699489 entries, 22.87% (elapsed time   101.8s, curr speed    1.322 kHz, avg speed    1.572 kHz), accepted    44056/  160001 events (27.53%)
Processed   170000/  699489 entries, 24.30% (elapsed time   109.9s, curr speed    1.240 kHz, avg speed    1.547 kHz), accepted    46730/  170001 events (27.49%)
Processed   180000/  699489 entries, 25.73% (elapsed time   114.5s, curr speed    2.162 kHz, avg speed    1.572 kHz), accepted    49435/  180001 events (27.46%)
Processed   190000/  699489 entries, 27.16% (elapsed time   122.1s, curr speed    1.309 kHz, avg speed    1.556 kHz), accepted    52174/  190001 events (27.46%)
Processed   200000/  699489 entries, 28.59% (elapsed time   129.9s, curr speed    1.288 kHz, avg speed    1.540 kHz), accepted    54946/  200001 events (27.47%)
Processed   210000/  699489 entries, 30.02% (elapsed time   134.2s, curr speed    2.339 kHz, avg speed    1.565 kHz), accepted    57719/  210001 events (27.49%)
Processed   220000/  699489 entries, 31.45% (elapsed time   142.0s, curr speed    1.278 kHz, avg speed    1.549 kHz), accepted    60461/  220001 events (27.48%)
Processed   230000/  699489 entries, 32.88% (elapsed time   149.8s, curr speed    1.276 kHz, avg speed    1.535 kHz), accepted    63177/  230001 events (27.47%)
Processed   240000/  699489 entries, 34.31% (elapsed time   153.9s, curr speed    2.470 kHz, avg speed    1.560 kHz), accepted    65972/  240001 events (27.49%)
Processed   250000/  699489 entries, 35.74% (elapsed time   161.5s, curr speed    1.309 kHz, avg speed    1.548 kHz), accepted    68734/  250001 events (27.49%)
Processed   260000/  699489 entries, 37.17% (elapsed time   169.0s, curr speed    1.343 kHz, avg speed    1.539 kHz), accepted    71477/  260001 events (27.49%)
Processed   270000/  699489 entries, 38.60% (elapsed time   173.6s, curr speed    2.150 kHz, avg speed    1.555 kHz), accepted    74220/  270001 events (27.49%)
Processed   280000/  699489 entries, 40.03% (elapsed time   181.6s, curr speed    1.245 kHz, avg speed    1.542 kHz), accepted    76983/  280001 events (27.49%)
Processed   290000/  699489 entries, 41.46% (elapsed time   189.2s, curr speed    1.324 kHz, avg speed    1.533 kHz), accepted    79747/  290001 events (27.50%)
Processed   300000/  699489 entries, 42.89% (elapsed time   193.9s, curr speed    2.128 kHz, avg speed    1.547 kHz), accepted    82541/  300001 events (27.51%)
Processed   310000/  699489 entries, 44.32% (elapsed time   201.5s, curr speed    1.315 kHz, avg speed    1.539 kHz), accepted    85232/  310001 events (27.49%)
Processed   320000/  699489 entries, 45.75% (elapsed time   209.1s, curr speed    1.317 kHz, avg speed    1.530 kHz), accepted    87941/  320001 events (27.48%)
Processed   330000/  699489 entries, 47.18% (elapsed time   213.5s, curr speed    2.248 kHz, avg speed    1.545 kHz), accepted    90679/  330001 events (27.48%)
Processed   340000/  699489 entries, 48.61% (elapsed time   220.9s, curr speed    1.361 kHz, avg speed    1.539 kHz), accepted    93309/  340001 events (27.44%)
Processed   350000/  699489 entries, 50.04% (elapsed time   226.2s, curr speed    1.868 kHz, avg speed    1.547 kHz), accepted    96062/  350001 events (27.45%)
Processed   360000/  699489 entries, 51.47% (elapsed time   233.2s, curr speed    1.440 kHz, avg speed    1.544 kHz), accepted    98835/  360001 events (27.45%)
Processed   370000/  699489 entries, 52.90% (elapsed time   240.5s, curr speed    1.361 kHz, avg speed    1.538 kHz), accepted   101537/  370001 events (27.44%)
Processed   380000/  699489 entries, 54.33% (elapsed time   245.9s, curr speed    1.873 kHz, avg speed    1.546 kHz), accepted   104298/  380001 events (27.45%)
Processed   390000/  699489 entries, 55.75% (elapsed time   252.5s, curr speed    1.513 kHz, avg speed    1.545 kHz), accepted   106956/  390001 events (27.42%)
Processed   400000/  699489 entries, 57.18% (elapsed time   259.9s, curr speed    1.352 kHz, avg speed    1.539 kHz), accepted   109629/  400001 events (27.41%)
Processed   410000/  699489 entries, 58.61% (elapsed time   265.5s, curr speed    1.770 kHz, avg speed    1.544 kHz), accepted   112392/  410001 events (27.41%)
Processed   420000/  699489 entries, 60.04% (elapsed time   272.3s, curr speed    1.471 kHz, avg speed    1.542 kHz), accepted   115158/  420001 events (27.42%)
Processed   430000/  699489 entries, 61.47% (elapsed time   279.8s, curr speed    1.342 kHz, avg speed    1.537 kHz), accepted   117799/  430001 events (27.40%)
Processed   440000/  699489 entries, 62.90% (elapsed time   284.8s, curr speed    1.986 kHz, avg speed    1.545 kHz), accepted   120551/  440001 events (27.40%)
Processed   450000/  699489 entries, 64.33% (elapsed time   291.5s, curr speed    1.497 kHz, avg speed    1.544 kHz), accepted   123236/  450001 events (27.39%)
Processed   460000/  699489 entries, 65.76% (elapsed time   299.1s, curr speed    1.320 kHz, avg speed    1.538 kHz), accepted   125961/  460001 events (27.38%)
Processed   470000/  699489 entries, 67.19% (elapsed time   304.4s, curr speed    1.859 kHz, avg speed    1.544 kHz), accepted   128674/  470001 events (27.38%)
Processed   480000/  699489 entries, 68.62% (elapsed time   311.2s, curr speed    1.478 kHz, avg speed    1.542 kHz), accepted   131508/  480001 events (27.40%)
Processed   490000/  699489 entries, 70.05% (elapsed time   318.4s, curr speed    1.391 kHz, avg speed    1.539 kHz), accepted   134344/  490001 events (27.42%)
Processed   500000/  699489 entries, 71.48% (elapsed time   322.9s, curr speed    2.226 kHz, avg speed    1.549 kHz), accepted   137076/  500001 events (27.42%)
Processed   510000/  699489 entries, 72.91% (elapsed time   330.3s, curr speed    1.344 kHz, avg speed    1.544 kHz), accepted   139767/  510001 events (27.41%)
Processed   520000/  699489 entries, 74.34% (elapsed time   337.8s, curr speed    1.341 kHz, avg speed    1.539 kHz), accepted   142487/  520001 events (27.40%)
Processed   530000/  699489 entries, 75.77% (elapsed time   342.6s, curr speed    2.096 kHz, avg speed    1.547 kHz), accepted   145268/  530001 events (27.41%)
Processed   540000/  699489 entries, 77.20% (elapsed time   350.3s, curr speed    1.295 kHz, avg speed    1.542 kHz), accepted   147994/  540001 events (27.41%)
Processed   550000/  699489 entries, 78.63% (elapsed time   357.8s, curr speed    1.337 kHz, avg speed    1.537 kHz), accepted   150734/  550001 events (27.41%)
Processed   560000/  699489 entries, 80.06% (elapsed time   362.3s, curr speed    2.193 kHz, avg speed    1.546 kHz), accepted   153492/  560001 events (27.41%)
Processed   570000/  699489 entries, 81.49% (elapsed time   369.9s, curr speed    1.318 kHz, avg speed    1.541 kHz), accepted   156233/  570001 events (27.41%)
Processed   580000/  699489 entries, 82.92% (elapsed time   377.7s, curr speed    1.281 kHz, avg speed    1.536 kHz), accepted   158996/  580001 events (27.41%)
Processed   590000/  699489 entries, 84.35% (elapsed time   382.3s, curr speed    2.187 kHz, avg speed    1.543 kHz), accepted   161741/  590001 events (27.41%)
Processed   600000/  699489 entries, 85.78% (elapsed time   389.9s, curr speed    1.313 kHz, avg speed    1.539 kHz), accepted   164518/  600001 events (27.42%)
Processed   610000/  699489 entries, 87.21% (elapsed time   397.8s, curr speed    1.268 kHz, avg speed    1.533 kHz), accepted   167240/  610001 events (27.42%)
Processed   620000/  699489 entries, 88.64% (elapsed time   402.0s, curr speed    2.396 kHz, avg speed    1.542 kHz), accepted   170072/  620001 events (27.43%)
Processed   630000/  699489 entries, 90.07% (elapsed time   409.6s, curr speed    1.302 kHz, avg speed    1.538 kHz), accepted   172750/  630001 events (27.42%)
Processed   640000/  699489 entries, 91.50% (elapsed time   417.4s, curr speed    1.281 kHz, avg speed    1.533 kHz), accepted   175503/  640001 events (27.42%)
Processed   650000/  699489 entries, 92.92% (elapsed time   421.4s, curr speed    2.510 kHz, avg speed    1.542 kHz), accepted   178233/  650001 events (27.42%)
Processed   660000/  699489 entries, 94.35% (elapsed time   428.8s, curr speed    1.358 kHz, avg speed    1.539 kHz), accepted   180970/  660001 events (27.42%)
Processed   670000/  699489 entries, 95.78% (elapsed time   436.4s, curr speed    1.307 kHz, avg speed    1.535 kHz), accepted   183748/  670001 events (27.43%)
Processed   680000/  699489 entries, 97.21% (elapsed time   440.7s, curr speed    2.332 kHz, avg speed    1.543 kHz), accepted   186446/  680001 events (27.42%)
Processed   690000/  699489 entries, 98.64% (elapsed time   448.0s, curr speed    1.382 kHz, avg speed    1.540 kHz), accepted   189203/  690001 events (27.42%)
Processed 699489 preselected entries from root://cms-xrd-global.cern.ch//store/mc/Run3Summer22NanoAODv12/DYJetsToLL_M-50_TuneCP5_13p6TeV-madgraphMLM-pythia8/NANOAODSIM/ALCARECO_forPOG_130X_mcRun3_2022_realistic_v5_ext1-v2/50000/c09d2fcb-2108-41f8-9a14-56a1edb2de5b.root (699489 entries). Finally selected 191836 entries
Done filteredNanoAOD/c09d2fcb-2108-41f8-9a14-56a1edb2de5b_Skim.root
Total time 594.6 sec. to process 699489 events. Rate = 1176.3 Hz.
Copying output files to EOS: /eos/user/o/olfimbre/NanoAOD_Filtered/DYJetsToLL_M-50_TuneCP5_13p6TeV-madgraphMLM-pythia8_Run3Summer22NanoAODv12-ALCARECO_forPOG_130X_mcRun3_2022_realistic_v5_ext1-v2_NANOAODSIM
Job finished on Tue Mar  4 00:10:56 CET 2025
