Starting job on Tue Mar  4 12:00:24 AM CET 2025
Running on: b9p25p1985.cern.ch
CMSSW environment set up.
DATASET FOLDER: DYJetsToLL_M-50_TuneCP5_13p6TeV-madgraphMLM-pythia8_Run3Summer22NanoAODv12-ALCARECO_forPOG_130X_mcRun3_2022_realistic_v5_ext1-v2_NANOAODSIM 
EOS DIR: /eos/user/o/olfimbre/NanoAOD_Filtered/DYJetsToLL_M-50_TuneCP5_13p6TeV-madgraphMLM-pythia8_Run3Summer22NanoAODv12-ALCARECO_forPOG_130X_mcRun3_2022_realistic_v5_ext1-v2_NANOAODSIM 
Processing file: root://cms-xrd-global.cern.ch//store/mc/Run3Summer22NanoAODv12/DYJetsToLL_M-50_TuneCP5_13p6TeV-madgraphMLM-pythia8/NANOAODSIM/ALCARECO_forPOG_130X_mcRun3_2022_realistic_v5_ext1-v2/2520000/e3d2783c-fa4e-4391-bbce-65dc8badf70b.root
Will write selected trees to filteredNanoAOD
Pre-select 764938 entries out of 764938 (100.00%)
Processed    10000/  764938 entries,  1.31% (elapsed time     6.7s, curr speed    1.503 kHz, avg speed    1.503 kHz), accepted     2772/   10001 events (27.72%)
Processed    20000/  764938 entries,  2.61% (elapsed time    14.3s, curr speed    1.313 kHz, avg speed    1.401 kHz), accepted     5505/   20001 events (27.52%)
Processed    30000/  764938 entries,  3.92% (elapsed time    19.8s, curr speed    1.809 kHz, avg speed    1.515 kHz), accepted     8206/   30001 events (27.35%)
Processed    40000/  764938 entries,  5.23% (elapsed time    27.3s, curr speed    1.340 kHz, avg speed    1.467 kHz), accepted    10910/   40001 events (27.27%)
Processed    50000/  764938 entries,  6.54% (elapsed time    34.8s, curr speed    1.327 kHz, avg speed    1.437 kHz), accepted    13652/   50001 events (27.30%)
Processed    60000/  764938 entries,  7.84% (elapsed time    40.6s, curr speed    1.721 kHz, avg speed    1.478 kHz), accepted    16392/   60001 events (27.32%)
Processed    70000/  764938 entries,  9.15% (elapsed time    47.5s, curr speed    1.456 kHz, avg speed    1.474 kHz), accepted    19233/   70001 events (27.48%)
Processed    80000/  764938 entries, 10.46% (elapsed time    55.0s, curr speed    1.328 kHz, avg speed    1.454 kHz), accepted    21970/   80001 events (27.46%)
Processed    90000/  764938 entries, 11.77% (elapsed time    60.9s, curr speed    1.698 kHz, avg speed    1.478 kHz), accepted    24710/   90001 events (27.46%)
Processed   100000/  764938 entries, 13.07% (elapsed time    67.4s, curr speed    1.546 kHz, avg speed    1.485 kHz), accepted    27414/  100001 events (27.41%)
Processed   110000/  764938 entries, 14.38% (elapsed time    74.8s, curr speed    1.349 kHz, avg speed    1.471 kHz), accepted    30085/  110001 events (27.35%)
Processed   120000/  764938 entries, 15.69% (elapsed time    80.4s, curr speed    1.787 kHz, avg speed    1.493 kHz), accepted    32825/  120001 events (27.35%)
Processed   130000/  764938 entries, 16.99% (elapsed time    86.3s, curr speed    1.677 kHz, avg speed    1.506 kHz), accepted    35514/  130001 events (27.32%)
Processed   140000/  764938 entries, 18.30% (elapsed time    94.3s, curr speed    1.261 kHz, avg speed    1.485 kHz), accepted    38318/  140001 events (27.37%)
Processed   150000/  764938 entries, 19.61% (elapsed time    99.9s, curr speed    1.759 kHz, avg speed    1.501 kHz), accepted    41088/  150001 events (27.39%)
Processed   160000/  764938 entries, 20.92% (elapsed time   106.5s, curr speed    1.534 kHz, avg speed    1.503 kHz), accepted    43794/  160001 events (27.37%)
Processed   170000/  764938 entries, 22.22% (elapsed time   114.6s, curr speed    1.233 kHz, avg speed    1.484 kHz), accepted    46585/  170001 events (27.40%)
Processed   180000/  764938 entries, 23.53% (elapsed time   119.5s, curr speed    2.026 kHz, avg speed    1.506 kHz), accepted    49327/  180001 events (27.40%)
Processed   190000/  764938 entries, 24.84% (elapsed time   127.2s, curr speed    1.309 kHz, avg speed    1.494 kHz), accepted    52075/  190001 events (27.41%)
Processed   200000/  764938 entries, 26.15% (elapsed time   134.9s, curr speed    1.296 kHz, avg speed    1.483 kHz), accepted    54860/  200001 events (27.43%)
Processed   210000/  764938 entries, 27.45% (elapsed time   139.7s, curr speed    2.050 kHz, avg speed    1.503 kHz), accepted    57640/  210001 events (27.45%)
Processed   220000/  764938 entries, 28.76% (elapsed time   148.6s, curr speed    1.123 kHz, avg speed    1.480 kHz), accepted    60376/  220001 events (27.44%)
Processed   230000/  764938 entries, 30.07% (elapsed time   156.4s, curr speed    1.290 kHz, avg speed    1.471 kHz), accepted    63110/  230001 events (27.44%)
Processed   240000/  764938 entries, 31.38% (elapsed time   161.2s, curr speed    2.101 kHz, avg speed    1.489 kHz), accepted    65827/  240001 events (27.43%)
Processed   250000/  764938 entries, 32.68% (elapsed time   169.2s, curr speed    1.241 kHz, avg speed    1.477 kHz), accepted    68592/  250001 events (27.44%)
Processed   260000/  764938 entries, 33.99% (elapsed time   176.3s, curr speed    1.416 kHz, avg speed    1.475 kHz), accepted    71268/  260001 events (27.41%)
Processed   270000/  764938 entries, 35.30% (elapsed time   181.4s, curr speed    1.956 kHz, avg speed    1.488 kHz), accepted    74066/  270001 events (27.43%)
Processed   280000/  764938 entries, 36.60% (elapsed time   189.6s, curr speed    1.218 kHz, avg speed    1.477 kHz), accepted    76816/  280001 events (27.43%)
Processed   290000/  764938 entries, 37.91% (elapsed time   197.5s, curr speed    1.272 kHz, avg speed    1.469 kHz), accepted    79650/  290001 events (27.47%)
Processed   300000/  764938 entries, 39.22% (elapsed time   203.4s, curr speed    1.682 kHz, avg speed    1.475 kHz), accepted    82430/  300001 events (27.48%)
Processed   310000/  764938 entries, 40.53% (elapsed time   211.4s, curr speed    1.257 kHz, avg speed    1.467 kHz), accepted    85126/  310001 events (27.46%)
Processed   320000/  764938 entries, 41.83% (elapsed time   219.1s, curr speed    1.294 kHz, avg speed    1.461 kHz), accepted    87910/  320001 events (27.47%)
Processed   330000/  764938 entries, 43.14% (elapsed time   224.3s, curr speed    1.905 kHz, avg speed    1.471 kHz), accepted    90697/  330001 events (27.48%)
Processed   340000/  764938 entries, 44.45% (elapsed time   232.1s, curr speed    1.292 kHz, avg speed    1.465 kHz), accepted    93392/  340001 events (27.47%)
Processed   350000/  764938 entries, 45.76% (elapsed time   239.7s, curr speed    1.312 kHz, avg speed    1.460 kHz), accepted    96085/  350001 events (27.45%)
Processed   360000/  764938 entries, 47.06% (elapsed time   245.4s, curr speed    1.769 kHz, avg speed    1.467 kHz), accepted    98886/  360001 events (27.47%)
Processed   370000/  764938 entries, 48.37% (elapsed time   252.5s, curr speed    1.407 kHz, avg speed    1.466 kHz), accepted   101639/  370001 events (27.47%)
Processed   380000/  764938 entries, 49.68% (elapsed time   258.6s, curr speed    1.636 kHz, avg speed    1.470 kHz), accepted   104358/  380001 events (27.46%)
Processed   390000/  764938 entries, 50.98% (elapsed time   265.4s, curr speed    1.466 kHz, avg speed    1.469 kHz), accepted   107149/  390001 events (27.47%)
Processed   400000/  764938 entries, 52.29% (elapsed time   272.8s, curr speed    1.347 kHz, avg speed    1.466 kHz), accepted   109883/  400001 events (27.47%)
Processed   410000/  764938 entries, 53.60% (elapsed time   278.5s, curr speed    1.763 kHz, avg speed    1.472 kHz), accepted   112585/  410001 events (27.46%)
Processed   420000/  764938 entries, 54.91% (elapsed time   285.4s, curr speed    1.443 kHz, avg speed    1.471 kHz), accepted   115387/  420001 events (27.47%)
Processed   430000/  764938 entries, 56.21% (elapsed time   292.9s, curr speed    1.341 kHz, avg speed    1.468 kHz), accepted   118080/  430001 events (27.46%)
Processed   440000/  764938 entries, 57.52% (elapsed time   298.2s, curr speed    1.887 kHz, avg speed    1.476 kHz), accepted   120845/  440001 events (27.46%)
Processed   450000/  764938 entries, 58.83% (elapsed time   305.6s, curr speed    1.344 kHz, avg speed    1.472 kHz), accepted   123571/  450001 events (27.46%)
Processed   460000/  764938 entries, 60.14% (elapsed time   313.0s, curr speed    1.355 kHz, avg speed    1.470 kHz), accepted   126266/  460001 events (27.45%)
Processed   470000/  764938 entries, 61.44% (elapsed time   318.7s, curr speed    1.746 kHz, avg speed    1.475 kHz), accepted   128998/  470001 events (27.45%)
Processed   480000/  764938 entries, 62.75% (elapsed time   325.4s, curr speed    1.510 kHz, avg speed    1.475 kHz), accepted   131804/  480001 events (27.46%)
Processed   490000/  764938 entries, 64.06% (elapsed time   332.8s, curr speed    1.337 kHz, avg speed    1.472 kHz), accepted   134553/  490001 events (27.46%)
Processed   500000/  764938 entries, 65.36% (elapsed time   338.5s, curr speed    1.764 kHz, avg speed    1.477 kHz), accepted   137331/  500001 events (27.47%)
Processed   510000/  764938 entries, 66.67% (elapsed time   345.3s, curr speed    1.481 kHz, avg speed    1.477 kHz), accepted   140095/  510001 events (27.47%)
Processed   520000/  764938 entries, 67.98% (elapsed time   352.4s, curr speed    1.392 kHz, avg speed    1.475 kHz), accepted   142814/  520001 events (27.46%)
Processed   530000/  764938 entries, 69.29% (elapsed time   357.5s, curr speed    1.990 kHz, avg speed    1.483 kHz), accepted   145586/  530001 events (27.47%)
Processed   540000/  764938 entries, 70.59% (elapsed time   365.2s, curr speed    1.297 kHz, avg speed    1.479 kHz), accepted   148346/  540001 events (27.47%)
Processed   550000/  764938 entries, 71.90% (elapsed time   372.5s, curr speed    1.359 kHz, avg speed    1.476 kHz), accepted   151092/  550001 events (27.47%)
Processed   560000/  764938 entries, 73.21% (elapsed time   378.5s, curr speed    1.685 kHz, avg speed    1.480 kHz), accepted   153900/  560001 events (27.48%)
Processed   570000/  764938 entries, 74.52% (elapsed time   385.7s, curr speed    1.381 kHz, avg speed    1.478 kHz), accepted   156616/  570001 events (27.48%)
Processed   580000/  764938 entries, 75.82% (elapsed time   393.5s, curr speed    1.284 kHz, avg speed    1.474 kHz), accepted   159401/  580001 events (27.48%)
Processed   590000/  764938 entries, 77.13% (elapsed time   398.3s, curr speed    2.063 kHz, avg speed    1.481 kHz), accepted   162110/  590001 events (27.48%)
Processed   600000/  764938 entries, 78.44% (elapsed time   406.1s, curr speed    1.284 kHz, avg speed    1.477 kHz), accepted   164882/  600001 events (27.48%)
Processed   610000/  764938 entries, 79.75% (elapsed time   414.2s, curr speed    1.239 kHz, avg speed    1.473 kHz), accepted   167621/  610001 events (27.48%)
Processed   620000/  764938 entries, 81.05% (elapsed time   419.1s, curr speed    2.059 kHz, avg speed    1.479 kHz), accepted   170414/  620001 events (27.49%)
Processed   630000/  764938 entries, 82.36% (elapsed time   426.4s, curr speed    1.367 kHz, avg speed    1.478 kHz), accepted   173176/  630001 events (27.49%)
Processed   640000/  764938 entries, 83.67% (elapsed time   434.2s, curr speed    1.272 kHz, avg speed    1.474 kHz), accepted   175846/  640001 events (27.48%)
Processed   650000/  764938 entries, 84.97% (elapsed time   438.8s, curr speed    2.203 kHz, avg speed    1.481 kHz), accepted   178505/  650001 events (27.46%)
Processed   660000/  764938 entries, 86.28% (elapsed time   446.5s, curr speed    1.297 kHz, avg speed    1.478 kHz), accepted   181220/  660001 events (27.46%)
Processed   670000/  764938 entries, 87.59% (elapsed time   454.6s, curr speed    1.237 kHz, avg speed    1.474 kHz), accepted   184030/  670001 events (27.47%)
Processed   680000/  764938 entries, 88.90% (elapsed time   459.3s, curr speed    2.117 kHz, avg speed    1.481 kHz), accepted   186734/  680001 events (27.46%)
Processed   690000/  764938 entries, 90.20% (elapsed time   467.1s, curr speed    1.286 kHz, avg speed    1.477 kHz), accepted   189427/  690001 events (27.45%)
Processed   700000/  764938 entries, 91.51% (elapsed time   474.8s, curr speed    1.295 kHz, avg speed    1.474 kHz), accepted   192224/  700001 events (27.46%)
Processed   710000/  764938 entries, 92.82% (elapsed time   479.9s, curr speed    1.957 kHz, avg speed    1.479 kHz), accepted   194998/  710001 events (27.46%)
Processed   720000/  764938 entries, 94.13% (elapsed time   487.6s, curr speed    1.296 kHz, avg speed    1.477 kHz), accepted   197792/  720001 events (27.47%)
Processed   730000/  764938 entries, 95.43% (elapsed time   493.7s, curr speed    1.638 kHz, avg speed    1.479 kHz), accepted   200460/  730001 events (27.46%)
Processed   740000/  764938 entries, 96.74% (elapsed time   500.9s, curr speed    1.399 kHz, avg speed    1.477 kHz), accepted   203168/  740001 events (27.46%)
Processed   750000/  764938 entries, 98.05% (elapsed time   509.2s, curr speed    1.202 kHz, avg speed    1.473 kHz), accepted   205931/  750001 events (27.46%)
Processed   760000/  764938 entries, 99.35% (elapsed time   515.3s, curr speed    1.643 kHz, avg speed    1.475 kHz), accepted   208754/  760001 events (27.47%)
Processed 764938 preselected entries from root://cms-xrd-global.cern.ch//store/mc/Run3Summer22NanoAODv12/DYJetsToLL_M-50_TuneCP5_13p6TeV-madgraphMLM-pythia8/NANOAODSIM/ALCARECO_forPOG_130X_mcRun3_2022_realistic_v5_ext1-v2/2520000/e3d2783c-fa4e-4391-bbce-65dc8badf70b.root (764938 entries). Finally selected 210109 entries
Done filteredNanoAOD/e3d2783c-fa4e-4391-bbce-65dc8badf70b_Skim.root
Total time 665.9 sec. to process 764938 events. Rate = 1148.8 Hz.
Copying output files to EOS: /eos/user/o/olfimbre/NanoAOD_Filtered/DYJetsToLL_M-50_TuneCP5_13p6TeV-madgraphMLM-pythia8_Run3Summer22NanoAODv12-ALCARECO_forPOG_130X_mcRun3_2022_realistic_v5_ext1-v2_NANOAODSIM
Job finished on Tue Mar  4 00:13:02 CET 2025
