000 (16781552.002.000) 03/04 00:54:35 Job submitted from host: <188.185.72.155:9618?addrs=188.185.72.155-9618+[2001-1458-d00-8--100-95]-9618&alias=bigbird08.cern.ch&noUDP&sock=schedd_862983_22fa>
...
040 (16781552.002.000) 03/04 00:58:19 Started transferring input files
	Transferring to host: <188.185.192.174:9618?addrs=188.185.192.174-9618+[2001-1458-303-1f--100-aa]-9618&alias=b9p13p7531.cern.ch&noUDP&sock=slot1_30_498400_a324_26357>
...
040 (16781552.002.000) 03/04 00:58:19 Finished transferring input files
...
001 (16781552.002.000) 03/04 00:58:20 Job executing on host: <188.185.192.174:9618?addrs=188.185.192.174-9618+[2001-1458-303-1f--100-aa]-9618&alias=b9p13p7531.cern.ch&noUDP&sock=startd_5456_f0cf>
	SlotName: slot1_30@b9p13p7531.cern.ch
	CondorScratchDir = "/pool/condor/dir_1134124"
	Cpus = 1
	Disk = 2099853
	GPUs = 0
	Memory = 3000
...
006 (16781552.002.000) 03/04 00:58:28 Image size of job updated: 1792
	2  -  MemoryUsage of job (MB)
	1792  -  ResidentSetSize of job (KB)
...
006 (16781552.002.000) 03/04 01:01:52 Image size of job updated: 9668
	10  -  MemoryUsage of job (MB)
	9668  -  ResidentSetSize of job (KB)
...
040 (16781552.002.000) 03/04 01:01:52 Started transferring output files
...
040 (16781552.002.000) 03/04 01:01:52 Finished transferring output files
...
005 (16781552.002.000) 03/04 01:01:52 Job terminated.
	(1) Normal termination (return value 0)
		Usr 0 00:00:11, Sys 0 00:00:04  -  Run Remote Usage
		Usr 0 00:00:00, Sys 0 00:00:00  -  Run Local Usage
		Usr 0 00:00:11, Sys 0 00:00:04  -  Total Remote Usage
		Usr 0 00:00:00, Sys 0 00:00:00  -  Total Local Usage
	6075  -  Run Bytes Sent By Job
	13321  -  Run Bytes Received By Job
	6075  -  Total Bytes Sent By Job
	13321  -  Total Bytes Received By Job
	Partitionable Resources :    Usage  Request Allocated 
	   Cpus                 :        0        1         1 
	   Disk (KB)            :       42  2097152   2099853 
	   GPUs                 :                           0 
	   Memory (MB)          :       10     3000      3000 

	Job terminated of its own accord at 2025-03-04T00:01:52Z with exit-code 0.
...
