000 (16781426.006.000) 03/04 00:13:24 Job submitted from host: <188.185.72.155:9618?addrs=188.185.72.155-9618+[2001-1458-d00-8--100-95]-9618&alias=bigbird08.cern.ch&noUDP&sock=schedd_862983_22fa>
...
040 (16781426.006.000) 03/04 00:13:52 Started transferring input files
	Transferring to host: <188.185.198.137:9618?addrs=188.185.198.137-9618+[2001-1458-303-25--100-85]-9618&alias=b9p15p4726.cern.ch&noUDP&sock=slot1_25_1394679_4623_11647>
...
040 (16781426.006.000) 03/04 00:13:52 Finished transferring input files
...
001 (16781426.006.000) 03/04 00:13:53 Job executing on host: <188.185.198.137:9618?addrs=188.185.198.137-9618+[2001-1458-303-25--100-85]-9618&alias=b9p15p4726.cern.ch&noUDP&sock=startd_11466_4cff>
	SlotName: slot1_25@b9p15p4726.cern.ch
	CondorScratchDir = "/pool/condor/dir_834661"
	Cpus = 1
	Disk = 2099981
	GPUs = 0
	Memory = 3000
...
006 (16781426.006.000) 03/04 00:14:06 Image size of job updated: 81964
	81  -  MemoryUsage of job (MB)
	81964  -  ResidentSetSize of job (KB)
...
006 (16781426.006.000) 03/04 00:19:06 Image size of job updated: 82008
	81  -  MemoryUsage of job (MB)
	82008  -  ResidentSetSize of job (KB)
...
040 (16781426.006.000) 03/04 00:30:53 Started transferring output files
...
040 (16781426.006.000) 03/04 00:30:53 Finished transferring output files
...
004 (16781426.006.000) 03/04 00:30:53 Job was evicted.
	(0) CPU times
		Usr 0 00:00:10, Sys 0 00:00:04  -  Run Remote Usage
		Usr 0 00:00:00, Sys 0 00:00:00  -  Run Local Usage
	6001  -  Run Bytes Sent By Job
	13321  -  Run Bytes Received By Job
	Partitionable Resources :    Usage  Request Allocated 
	   Cpus                 :     0.00        1         1 
	   Disk (KB)            :    42     2097152   2099981 
	   GPUs                 :                           0 
	   Memory (MB)          :    81        3000      3000 
...
040 (16781426.006.000) 03/04 00:35:22 Started transferring input files
	Transferring to host: <188.185.194.86:9618?addrs=188.185.194.86-9618+[2001-1458-303-21--100-52]-9618&alias=b9p20p9758.cern.ch&noUDP&sock=slot1_5_11256_9ec3_130730>
...
040 (16781426.006.000) 03/04 00:35:22 Finished transferring input files
...
001 (16781426.006.000) 03/04 00:35:23 Job executing on host: <188.185.194.86:9618?addrs=188.185.194.86-9618+[2001-1458-303-21--100-52]-9618&alias=b9p20p9758.cern.ch&noUDP&sock=startd_11128_75fc>
	SlotName: slot1_5@b9p20p9758.cern.ch
	CondorScratchDir = "/pool/condor/dir_2612643"
	Cpus = 1
	Disk = 2099808
	GPUs = 0
	Memory = 3000
...
006 (16781426.006.000) 03/04 00:35:32 Image size of job updated: 441932
	432  -  MemoryUsage of job (MB)
	441932  -  ResidentSetSize of job (KB)
...
040 (16781426.006.000) 03/04 00:46:43 Started transferring output files
...
040 (16781426.006.000) 03/04 00:46:43 Finished transferring output files
...
005 (16781426.006.000) 03/04 00:46:43 Job terminated.
	(1) Normal termination (return value 0)
		Usr 0 00:00:07, Sys 0 00:00:04  -  Run Remote Usage
		Usr 0 00:00:00, Sys 0 00:00:00  -  Run Local Usage
		Usr 0 00:00:17, Sys 0 00:00:08  -  Total Remote Usage
		Usr 0 00:00:00, Sys 0 00:00:00  -  Total Local Usage
	1172  -  Run Bytes Sent By Job
	19322  -  Run Bytes Received By Job
	7173  -  Total Bytes Sent By Job
	32643  -  Total Bytes Received By Job
	Partitionable Resources :    Usage  Request Allocated 
	   Cpus                 :     0.01        1         1 
	   Disk (KB)            :    44     2097152   2099808 
	   GPUs                 :                           0 
	   Memory (MB)          :   432        3000      3000 

	Job terminated of its own accord at 2025-03-03T23:46:43Z with exit-code 0.
...
