000 (16788267.000.000) 03/04 07:01:55 Job submitted from host: <188.185.72.155:9618?addrs=188.185.72.155-9618+[2001-1458-d00-8--100-95]-9618&alias=bigbird08.cern.ch&noUDP&sock=schedd_862983_22fa>
...
040 (16788267.000.000) 03/04 07:05:21 Started transferring input files
	Transferring to host: <188.185.195.53:9618?addrs=188.185.195.53-9618+[2001-1458-303-22--100-31]-9618&alias=b9p17p9353.cern.ch&noUDP&sock=slot1_26_1104583_660f_18072>
...
040 (16788267.000.000) 03/04 07:05:21 Finished transferring input files
...
001 (16788267.000.000) 03/04 07:05:22 Job executing on host: <188.185.195.53:9618?addrs=188.185.195.53-9618+[2001-1458-303-22--100-31]-9618&alias=b9p17p9353.cern.ch&noUDP&sock=startd_6818_28cd>
	SlotName: slot1_26@b9p17p9353.cern.ch
	CondorScratchDir = "/pool/condor/dir_3656384"
	Cpus = 1
	Disk = 2099883
	GPUs = 0
	Memory = 3000
...
006 (16788267.000.000) 03/04 07:05:30 Image size of job updated: 1804
	2  -  MemoryUsage of job (MB)
	1804  -  ResidentSetSize of job (KB)
...
006 (16788267.000.000) 03/04 07:06:03 Image size of job updated: 359700
	352  -  MemoryUsage of job (MB)
	359700  -  ResidentSetSize of job (KB)
...
040 (16788267.000.000) 03/04 07:06:03 Started transferring output files
...
040 (16788267.000.000) 03/04 07:06:03 Finished transferring output files
...
005 (16788267.000.000) 03/04 07:06:03 Job terminated.
	(1) Normal termination (return value 0)
		Usr 0 00:00:07, Sys 0 00:00:01  -  Run Remote Usage
		Usr 0 00:00:00, Sys 0 00:00:00  -  Run Local Usage
		Usr 0 00:00:07, Sys 0 00:00:01  -  Total Remote Usage
		Usr 0 00:00:00, Sys 0 00:00:00  -  Total Local Usage
	6142  -  Run Bytes Sent By Job
	13317  -  Run Bytes Received By Job
	6142  -  Total Bytes Sent By Job
	13317  -  Total Bytes Received By Job
	Partitionable Resources :    Usage  Request Allocated 
	   Cpus                 :        0        1         1 
	   Disk (KB)            :       42  2097152   2099883 
	   GPUs                 :                           0 
	   Memory (MB)          :      352     3000      3000 

	Job terminated of its own accord at 2025-03-04T06:06:03Z with exit-code 0.
...
