Starting job on Tue Mar  4 12:00:21 AM CET 2025
Running on: b9p24p2956.cern.ch
CMSSW environment set up.
DATASET FOLDER: DYJetsToLL_M-50_TuneCP5_13p6TeV-madgraphMLM-pythia8_Run3Summer22NanoAODv12-ALCARECO_forPOG_130X_mcRun3_2022_realistic_v5_ext1-v2_NANOAODSIM 
EOS DIR: /eos/user/o/olfimbre/NanoAOD_Filtered/DYJetsToLL_M-50_TuneCP5_13p6TeV-madgraphMLM-pythia8_Run3Summer22NanoAODv12-ALCARECO_forPOG_130X_mcRun3_2022_realistic_v5_ext1-v2_NANOAODSIM 
Processing file: root://cms-xrd-global.cern.ch//store/mc/Run3Summer22NanoAODv12/DYJetsToLL_M-50_TuneCP5_13p6TeV-madgraphMLM-pythia8/NANOAODSIM/ALCARECO_forPOG_130X_mcRun3_2022_realistic_v5_ext1-v2/30000/2bf5efe9-3f1a-4f7e-b591-9cc3e3a2cebe.root
Will write selected trees to filteredNanoAOD
Pre-select 739888 entries out of 739888 (100.00%)
Processed    10000/  739888 entries,  1.35% (elapsed time     6.5s, curr speed    1.536 kHz, avg speed    1.536 kHz), accepted     2801/   10001 events (28.01%)
Processed    20000/  739888 entries,  2.70% (elapsed time    14.1s, curr speed    1.319 kHz, avg speed    1.419 kHz), accepted     5493/   20001 events (27.46%)
Processed    30000/  739888 entries,  4.05% (elapsed time    19.4s, curr speed    1.892 kHz, avg speed    1.548 kHz), accepted     8179/   30001 events (27.26%)
Processed    40000/  739888 entries,  5.41% (elapsed time    25.7s, curr speed    1.577 kHz, avg speed    1.555 kHz), accepted    10890/   40001 events (27.22%)
Processed    50000/  739888 entries,  6.76% (elapsed time    33.0s, curr speed    1.380 kHz, avg speed    1.517 kHz), accepted    13606/   50001 events (27.21%)
Processed    60000/  739888 entries,  8.11% (elapsed time    38.4s, curr speed    1.828 kHz, avg speed    1.561 kHz), accepted    16349/   60001 events (27.25%)
Processed    70000/  739888 entries,  9.46% (elapsed time    44.8s, curr speed    1.577 kHz, avg speed    1.563 kHz), accepted    19088/   70001 events (27.27%)
Processed    80000/  739888 entries, 10.81% (elapsed time    52.1s, curr speed    1.375 kHz, avg speed    1.537 kHz), accepted    21872/   80001 events (27.34%)
Processed    90000/  739888 entries, 12.16% (elapsed time    56.9s, curr speed    2.077 kHz, avg speed    1.583 kHz), accepted    24624/   90001 events (27.36%)
Processed   100000/  739888 entries, 13.52% (elapsed time    64.4s, curr speed    1.332 kHz, avg speed    1.553 kHz), accepted    27341/  100001 events (27.34%)
Processed   110000/  739888 entries, 14.87% (elapsed time    71.8s, curr speed    1.339 kHz, avg speed    1.531 kHz), accepted    30063/  110001 events (27.33%)
Processed   120000/  739888 entries, 16.22% (elapsed time    76.7s, curr speed    2.051 kHz, avg speed    1.564 kHz), accepted    32863/  120001 events (27.39%)
Processed   130000/  739888 entries, 17.57% (elapsed time    83.9s, curr speed    1.396 kHz, avg speed    1.550 kHz), accepted    35638/  130001 events (27.41%)
Processed   140000/  739888 entries, 18.92% (elapsed time    91.4s, curr speed    1.330 kHz, avg speed    1.532 kHz), accepted    38376/  140001 events (27.41%)
Processed   150000/  739888 entries, 20.27% (elapsed time    95.9s, curr speed    2.245 kHz, avg speed    1.565 kHz), accepted    41088/  150001 events (27.39%)
Processed   160000/  739888 entries, 21.62% (elapsed time   103.0s, curr speed    1.403 kHz, avg speed    1.554 kHz), accepted    43765/  160001 events (27.35%)
Processed   170000/  739888 entries, 22.98% (elapsed time   110.5s, curr speed    1.329 kHz, avg speed    1.538 kHz), accepted    46567/  170001 events (27.39%)
Processed   180000/  739888 entries, 24.33% (elapsed time   115.2s, curr speed    2.126 kHz, avg speed    1.562 kHz), accepted    49274/  180001 events (27.37%)
Processed   190000/  739888 entries, 25.68% (elapsed time   122.8s, curr speed    1.323 kHz, avg speed    1.548 kHz), accepted    52126/  190001 events (27.43%)
Processed   200000/  739888 entries, 27.03% (elapsed time   128.2s, curr speed    1.844 kHz, avg speed    1.560 kHz), accepted    54801/  200001 events (27.40%)
Processed   210000/  739888 entries, 28.38% (elapsed time   134.7s, curr speed    1.527 kHz, avg speed    1.559 kHz), accepted    57567/  210001 events (27.41%)
Processed   220000/  739888 entries, 29.73% (elapsed time   142.2s, curr speed    1.333 kHz, avg speed    1.547 kHz), accepted    60251/  220001 events (27.39%)
Processed   230000/  739888 entries, 31.09% (elapsed time   147.5s, curr speed    1.898 kHz, avg speed    1.559 kHz), accepted    62891/  230001 events (27.34%)
Processed   240000/  739888 entries, 32.44% (elapsed time   153.9s, curr speed    1.572 kHz, avg speed    1.560 kHz), accepted    65709/  240001 events (27.38%)
Processed   250000/  739888 entries, 33.79% (elapsed time   161.4s, curr speed    1.324 kHz, avg speed    1.549 kHz), accepted    68430/  250001 events (27.37%)
Processed   260000/  739888 entries, 35.14% (elapsed time   165.6s, curr speed    2.400 kHz, avg speed    1.570 kHz), accepted    71144/  260001 events (27.36%)
Processed   270000/  739888 entries, 36.49% (elapsed time   173.6s, curr speed    1.255 kHz, avg speed    1.556 kHz), accepted    73907/  270001 events (27.37%)
Processed   280000/  739888 entries, 37.84% (elapsed time   180.9s, curr speed    1.370 kHz, avg speed    1.548 kHz), accepted    76716/  280001 events (27.40%)
Processed   290000/  739888 entries, 39.20% (elapsed time   185.3s, curr speed    2.236 kHz, avg speed    1.565 kHz), accepted    79447/  290001 events (27.40%)
Processed   300000/  739888 entries, 40.55% (elapsed time   192.7s, curr speed    1.360 kHz, avg speed    1.557 kHz), accepted    82139/  300001 events (27.38%)
Processed   310000/  739888 entries, 41.90% (elapsed time   200.0s, curr speed    1.371 kHz, avg speed    1.550 kHz), accepted    84892/  310001 events (27.38%)
Processed   320000/  739888 entries, 43.25% (elapsed time   204.7s, curr speed    2.115 kHz, avg speed    1.563 kHz), accepted    87609/  320001 events (27.38%)
Processed   330000/  739888 entries, 44.60% (elapsed time   212.4s, curr speed    1.298 kHz, avg speed    1.554 kHz), accepted    90369/  330001 events (27.38%)
Processed   340000/  739888 entries, 45.95% (elapsed time   220.0s, curr speed    1.319 kHz, avg speed    1.545 kHz), accepted    93155/  340001 events (27.40%)
Processed   350000/  739888 entries, 47.30% (elapsed time   224.5s, curr speed    2.234 kHz, avg speed    1.559 kHz), accepted    95994/  350001 events (27.43%)
Processed   360000/  739888 entries, 48.66% (elapsed time   232.1s, curr speed    1.310 kHz, avg speed    1.551 kHz), accepted    98755/  360001 events (27.43%)
Processed   370000/  739888 entries, 50.01% (elapsed time   237.5s, curr speed    1.858 kHz, avg speed    1.558 kHz), accepted   101485/  370001 events (27.43%)
Processed   380000/  739888 entries, 51.36% (elapsed time   244.0s, curr speed    1.540 kHz, avg speed    1.557 kHz), accepted   104215/  380001 events (27.42%)
Processed   390000/  739888 entries, 52.71% (elapsed time   251.7s, curr speed    1.298 kHz, avg speed    1.550 kHz), accepted   107017/  390001 events (27.44%)
Processed   400000/  739888 entries, 54.06% (elapsed time   257.4s, curr speed    1.757 kHz, avg speed    1.554 kHz), accepted   109739/  400001 events (27.43%)
Processed   410000/  739888 entries, 55.41% (elapsed time   263.7s, curr speed    1.592 kHz, avg speed    1.555 kHz), accepted   112438/  410001 events (27.42%)
Processed   420000/  739888 entries, 56.77% (elapsed time   271.5s, curr speed    1.281 kHz, avg speed    1.547 kHz), accepted   115231/  420001 events (27.44%)
Processed   430000/  739888 entries, 58.12% (elapsed time   276.1s, curr speed    2.169 kHz, avg speed    1.558 kHz), accepted   117968/  430001 events (27.43%)
Processed   440000/  739888 entries, 59.47% (elapsed time   283.6s, curr speed    1.335 kHz, avg speed    1.552 kHz), accepted   120756/  440001 events (27.44%)
Processed   450000/  739888 entries, 60.82% (elapsed time   291.3s, curr speed    1.285 kHz, avg speed    1.545 kHz), accepted   123427/  450001 events (27.43%)
Processed   460000/  739888 entries, 62.17% (elapsed time   295.8s, curr speed    2.251 kHz, avg speed    1.555 kHz), accepted   126154/  460001 events (27.42%)
Processed   470000/  739888 entries, 63.52% (elapsed time   303.3s, curr speed    1.331 kHz, avg speed    1.550 kHz), accepted   128856/  470001 events (27.42%)
Processed   480000/  739888 entries, 64.87% (elapsed time   311.1s, curr speed    1.282 kHz, avg speed    1.543 kHz), accepted   131602/  480001 events (27.42%)
Processed   490000/  739888 entries, 66.23% (elapsed time   315.7s, curr speed    2.175 kHz, avg speed    1.552 kHz), accepted   134366/  490001 events (27.42%)
Processed   500000/  739888 entries, 67.58% (elapsed time   323.2s, curr speed    1.334 kHz, avg speed    1.547 kHz), accepted   137109/  500001 events (27.42%)
Processed   510000/  739888 entries, 68.93% (elapsed time   330.9s, curr speed    1.291 kHz, avg speed    1.541 kHz), accepted   139800/  510001 events (27.41%)
Processed   520000/  739888 entries, 70.28% (elapsed time   335.5s, curr speed    2.208 kHz, avg speed    1.550 kHz), accepted   142538/  520001 events (27.41%)
Processed   530000/  739888 entries, 71.63% (elapsed time   343.7s, curr speed    1.219 kHz, avg speed    1.542 kHz), accepted   145347/  530001 events (27.42%)
Processed   540000/  739888 entries, 72.98% (elapsed time   349.2s, curr speed    1.794 kHz, avg speed    1.546 kHz), accepted   148147/  540001 events (27.43%)
Processed   550000/  739888 entries, 74.34% (elapsed time   355.7s, curr speed    1.559 kHz, avg speed    1.546 kHz), accepted   150854/  550001 events (27.43%)
Processed   560000/  739888 entries, 75.69% (elapsed time   363.6s, curr speed    1.252 kHz, avg speed    1.540 kHz), accepted   153549/  560001 events (27.42%)
Processed   570000/  739888 entries, 77.04% (elapsed time   369.0s, curr speed    1.871 kHz, avg speed    1.545 kHz), accepted   156251/  570001 events (27.41%)
Processed   580000/  739888 entries, 78.39% (elapsed time   375.4s, curr speed    1.561 kHz, avg speed    1.545 kHz), accepted   159035/  580001 events (27.42%)
Processed   590000/  739888 entries, 79.74% (elapsed time   383.2s, curr speed    1.280 kHz, avg speed    1.540 kHz), accepted   161762/  590001 events (27.42%)
Processed   600000/  739888 entries, 81.09% (elapsed time   387.6s, curr speed    2.254 kHz, avg speed    1.548 kHz), accepted   164472/  600001 events (27.41%)
Processed   610000/  739888 entries, 82.44% (elapsed time   395.4s, curr speed    1.290 kHz, avg speed    1.543 kHz), accepted   167205/  610001 events (27.41%)
Processed   620000/  739888 entries, 83.80% (elapsed time   402.7s, curr speed    1.369 kHz, avg speed    1.540 kHz), accepted   169967/  620001 events (27.41%)
Processed   630000/  739888 entries, 85.15% (elapsed time   407.5s, curr speed    2.078 kHz, avg speed    1.546 kHz), accepted   172779/  630001 events (27.43%)
Processed   640000/  739888 entries, 86.50% (elapsed time   415.2s, curr speed    1.306 kHz, avg speed    1.542 kHz), accepted   175506/  640001 events (27.42%)
Processed   650000/  739888 entries, 87.85% (elapsed time   422.4s, curr speed    1.380 kHz, avg speed    1.539 kHz), accepted   178275/  650001 events (27.43%)
Processed   660000/  739888 entries, 89.20% (elapsed time   427.1s, curr speed    2.124 kHz, avg speed    1.545 kHz), accepted   181028/  660001 events (27.43%)
Processed   670000/  739888 entries, 90.55% (elapsed time   434.8s, curr speed    1.298 kHz, avg speed    1.541 kHz), accepted   183675/  670001 events (27.41%)
Processed   680000/  739888 entries, 91.91% (elapsed time   442.4s, curr speed    1.326 kHz, avg speed    1.537 kHz), accepted   186369/  680001 events (27.41%)
Processed   690000/  739888 entries, 93.26% (elapsed time   446.9s, curr speed    2.230 kHz, avg speed    1.544 kHz), accepted   189071/  690001 events (27.40%)
Processed   700000/  739888 entries, 94.61% (elapsed time   454.3s, curr speed    1.342 kHz, avg speed    1.541 kHz), accepted   191821/  700001 events (27.40%)
Processed   710000/  739888 entries, 95.96% (elapsed time   460.2s, curr speed    1.699 kHz, avg speed    1.543 kHz), accepted   194564/  710001 events (27.40%)
Processed   720000/  739888 entries, 97.31% (elapsed time   466.7s, curr speed    1.536 kHz, avg speed    1.543 kHz), accepted   197361/  720001 events (27.41%)
Processed   730000/  739888 entries, 98.66% (elapsed time   474.0s, curr speed    1.370 kHz, avg speed    1.540 kHz), accepted   200067/  730001 events (27.41%)
Processed 739888 preselected entries from root://cms-xrd-global.cern.ch//store/mc/Run3Summer22NanoAODv12/DYJetsToLL_M-50_TuneCP5_13p6TeV-madgraphMLM-pythia8/NANOAODSIM/ALCARECO_forPOG_130X_mcRun3_2022_realistic_v5_ext1-v2/30000/2bf5efe9-3f1a-4f7e-b591-9cc3e3a2cebe.root (739888 entries). Finally selected 202779 entries
Done filteredNanoAOD/2bf5efe9-3f1a-4f7e-b591-9cc3e3a2cebe_Skim.root
Total time 621.9 sec. to process 739888 events. Rate = 1189.7 Hz.
Copying output files to EOS: /eos/user/o/olfimbre/NanoAOD_Filtered/DYJetsToLL_M-50_TuneCP5_13p6TeV-madgraphMLM-pythia8_Run3Summer22NanoAODv12-ALCARECO_forPOG_130X_mcRun3_2022_realistic_v5_ext1-v2_NANOAODSIM
Job finished on Tue Mar  4 00:11:24 CET 2025
