000 (16790437.003.000) 03/04 19:37:51 Job submitted from host: <188.185.72.155:9618?addrs=188.185.72.155-9618+[2001-1458-d00-8--100-95]-9618&alias=bigbird08.cern.ch&noUDP&sock=schedd_862983_22fa>
...
040 (16790437.003.000) 03/04 19:39:59 Started transferring input files
	Transferring to host: <128.142.161.81:9618?addrs=128.142.161.81-9618+[2001-1458-301-b8--100-f]-9618&alias=b9g03p1530.cern.ch&noUDP&sock=slot1_24_2922788_4dbf_12434>
...
040 (16790437.003.000) 03/04 19:39:59 Finished transferring input files
...
001 (16790437.003.000) 03/04 19:40:00 Job executing on host: <128.142.161.81:9618?addrs=128.142.161.81-9618+[2001-1458-301-b8--100-f]-9618&alias=b9g03p1530.cern.ch&noUDP&sock=startd_3995_d0f1>
	SlotName: slot1_24@b9g03p1530.cern.ch
	CondorScratchDir = "/pool/condor/dir_1271492"
	Cpus = 1
	Disk = 2100057
	GPUs = 0
	Memory = 3000
...
006 (16790437.003.000) 03/04 19:40:08 Image size of job updated: 302304
	296  -  MemoryUsage of job (MB)
	302304  -  ResidentSetSize of job (KB)
...
006 (16790437.003.000) 03/04 19:45:08 Image size of job updated: 355032
	347  -  MemoryUsage of job (MB)
	355032  -  ResidentSetSize of job (KB)
...
040 (16790437.003.000) 03/04 19:47:39 Started transferring output files
...
040 (16790437.003.000) 03/04 19:47:39 Finished transferring output files
...
005 (16790437.003.000) 03/04 19:47:39 Job terminated.
	(1) Normal termination (return value 0)
		Usr 0 00:01:14, Sys 0 00:00:04  -  Run Remote Usage
		Usr 0 00:00:00, Sys 0 00:00:00  -  Run Local Usage
		Usr 0 00:01:14, Sys 0 00:00:04  -  Total Remote Usage
		Usr 0 00:00:00, Sys 0 00:00:00  -  Total Local Usage
	6672  -  Run Bytes Sent By Job
	13324  -  Run Bytes Received By Job
	6672  -  Total Bytes Sent By Job
	13324  -  Total Bytes Received By Job
	Partitionable Resources :    Usage  Request Allocated 
	   Cpus                 :     0.02        1         1 
	   Disk (KB)            :    42     2097152   2100057 
	   GPUs                 :                           0 
	   Memory (MB)          :   347        3000      3000 

	Job terminated of its own accord at 2025-03-04T18:47:39Z with exit-code 0.
...
