000 (16781426.026.000) 03/04 00:13:24 Job submitted from host: <188.185.72.155:9618?addrs=188.185.72.155-9618+[2001-1458-d00-8--100-95]-9618&alias=bigbird08.cern.ch&noUDP&sock=schedd_862983_22fa>
...
040 (16781426.026.000) 03/04 00:13:59 Started transferring input files
	Transferring to host: <128.142.161.144:9618?addrs=128.142.161.144-9618+[2001-1458-301-b9--100-d]-9618&alias=b9g03p4884.cern.ch&noUDP&sock=slot1_28_520267_eabe_8975>
...
040 (16781426.026.000) 03/04 00:13:59 Finished transferring input files
...
001 (16781426.026.000) 03/04 00:14:00 Job executing on host: <128.142.161.144:9618?addrs=128.142.161.144-9618+[2001-1458-301-b9--100-d]-9618&alias=b9g03p4884.cern.ch&noUDP&sock=startd_2552_09c8>
	SlotName: slot1_28@b9g03p4884.cern.ch
	CondorScratchDir = "/pool/condor/dir_311189"
	Cpus = 1
	Disk = 2100019
	GPUs = 0
	Memory = 3000
...
006 (16781426.026.000) 03/04 00:14:14 Image size of job updated: 1380
	2  -  MemoryUsage of job (MB)
	1380  -  ResidentSetSize of job (KB)
...
006 (16781426.026.000) 03/04 00:19:15 Image size of job updated: 136580
	51  -  MemoryUsage of job (MB)
	51392  -  ResidentSetSize of job (KB)
...
006 (16781426.026.000) 03/04 00:24:15 Image size of job updated: 136580
	58  -  MemoryUsage of job (MB)
	58896  -  ResidentSetSize of job (KB)
...
040 (16781426.026.000) 03/04 00:30:55 Started transferring output files
...
040 (16781426.026.000) 03/04 00:30:55 Finished transferring output files
...
004 (16781426.026.000) 03/04 00:30:55 Job was evicted.
	(0) CPU times
		Usr 0 00:00:12, Sys 0 00:00:04  -  Run Remote Usage
		Usr 0 00:00:00, Sys 0 00:00:00  -  Run Local Usage
	6003  -  Run Bytes Sent By Job
	13321  -  Run Bytes Received By Job
	Partitionable Resources :    Usage  Request Allocated 
	   Cpus                 :     0.00        1         1 
	   Disk (KB)            :    42     2097152   2100019 
	   GPUs                 :                           0 
	   Memory (MB)          :    58        3000      3000 
...
040 (16781426.026.000) 03/04 00:35:30 Started transferring input files
	Transferring to host: <128.142.161.112:9618?addrs=128.142.161.112-9618+[2001-1458-301-b8--100-2e]-9618&alias=b9g03p9650.cern.ch&noUDP&sock=slot1_14_2699588_b64b_9301>
...
040 (16781426.026.000) 03/04 00:35:30 Finished transferring input files
...
001 (16781426.026.000) 03/04 00:35:31 Job executing on host: <128.142.161.112:9618?addrs=128.142.161.112-9618+[2001-1458-301-b8--100-2e]-9618&alias=b9g03p9650.cern.ch&noUDP&sock=startd_3210_5f19>
	SlotName: slot1_14@b9g03p9650.cern.ch
	CondorScratchDir = "/pool/condor/dir_404862"
	Cpus = 1
	Disk = 2100155
	GPUs = 0
	Memory = 3000
...
006 (16781426.026.000) 03/04 00:35:40 Image size of job updated: 247440
	242  -  MemoryUsage of job (MB)
	247440  -  ResidentSetSize of job (KB)
...
006 (16781426.026.000) 03/04 00:40:41 Image size of job updated: 392292
	384  -  MemoryUsage of job (MB)
	392292  -  ResidentSetSize of job (KB)
...
040 (16781426.026.000) 03/04 00:47:30 Started transferring output files
...
040 (16781426.026.000) 03/04 00:47:30 Finished transferring output files
...
005 (16781426.026.000) 03/04 00:47:30 Job terminated.
	(1) Normal termination (return value 0)
		Usr 0 00:00:11, Sys 0 00:00:05  -  Run Remote Usage
		Usr 0 00:00:00, Sys 0 00:00:00  -  Run Local Usage
		Usr 0 00:00:23, Sys 0 00:00:09  -  Total Remote Usage
		Usr 0 00:00:00, Sys 0 00:00:00  -  Total Local Usage
	1174  -  Run Bytes Sent By Job
	19324  -  Run Bytes Received By Job
	7177  -  Total Bytes Sent By Job
	32645  -  Total Bytes Received By Job
	Partitionable Resources :    Usage  Request Allocated 
	   Cpus                 :     0.01        1         1 
	   Disk (KB)            :    43     2097152   2100155 
	   GPUs                 :                           0 
	   Memory (MB)          :   384        3000      3000 

	Job terminated of its own accord at 2025-03-03T23:47:30Z with exit-code 0.
...
