000 (16781426.017.000) 03/04 00:13:24 Job submitted from host: <188.185.72.155:9618?addrs=188.185.72.155-9618+[2001-1458-d00-8--100-95]-9618&alias=bigbird08.cern.ch&noUDP&sock=schedd_862983_22fa>
...
040 (16781426.017.000) 03/04 00:13:56 Started transferring input files
	Transferring to host: <188.185.194.79:9618?addrs=188.185.194.79-9618+[2001-1458-303-21--100-4b]-9618&alias=b9p20p9544.cern.ch&noUDP&sock=slot1_29_10951_b856_26306>
...
040 (16781426.017.000) 03/04 00:13:56 Finished transferring input files
...
001 (16781426.017.000) 03/04 00:13:57 Job executing on host: <188.185.194.79:9618?addrs=188.185.194.79-9618+[2001-1458-303-21--100-4b]-9618&alias=b9p20p9544.cern.ch&noUDP&sock=startd_9485_7fe2>
	SlotName: slot1_29@b9p20p9544.cern.ch
	CondorScratchDir = "/pool/condor/dir_1040573"
	Cpus = 1
	Disk = 2099886
	GPUs = 0
	Memory = 3000
...
006 (16781426.017.000) 03/04 00:14:10 Image size of job updated: 5804
	6  -  MemoryUsage of job (MB)
	5804  -  ResidentSetSize of job (KB)
...
006 (16781426.017.000) 03/04 00:19:10 Image size of job updated: 79064
	38  -  MemoryUsage of job (MB)
	38656  -  ResidentSetSize of job (KB)
...
006 (16781426.017.000) 03/04 00:24:11 Image size of job updated: 79064
	52  -  MemoryUsage of job (MB)
	53060  -  ResidentSetSize of job (KB)
...
040 (16781426.017.000) 03/04 00:30:54 Started transferring output files
...
040 (16781426.017.000) 03/04 00:30:54 Finished transferring output files
...
004 (16781426.017.000) 03/04 00:30:54 Job was evicted.
	(0) CPU times
		Usr 0 00:00:11, Sys 0 00:00:04  -  Run Remote Usage
		Usr 0 00:00:00, Sys 0 00:00:00  -  Run Local Usage
	6003  -  Run Bytes Sent By Job
	13321  -  Run Bytes Received By Job
	Partitionable Resources :    Usage  Request Allocated 
	   Cpus                 :     0.00        1         1 
	   Disk (KB)            :    42     2097152   2099886 
	   GPUs                 :                           0 
	   Memory (MB)          :    52        3000      3000 
...
040 (16781426.017.000) 03/04 00:35:25 Started transferring input files
	Transferring to host: <188.185.193.122:9618?addrs=188.185.193.122-9618+[2001-1458-303-20--100-76]-9618&alias=b9p19p5077.cern.ch&noUDP&sock=slot1_25_1460216_04ec_104334>
...
040 (16781426.017.000) 03/04 00:35:25 Finished transferring input files
...
001 (16781426.017.000) 03/04 00:35:26 Job executing on host: <188.185.193.122:9618?addrs=188.185.193.122-9618+[2001-1458-303-20--100-76]-9618&alias=b9p19p5077.cern.ch&noUDP&sock=startd_6674_6329>
	SlotName: slot1_25@b9p19p5077.cern.ch
	CondorScratchDir = "/pool/condor/dir_2831697"
	Cpus = 1
	Disk = 2099975
	GPUs = 0
	Memory = 3000
...
006 (16781426.017.000) 03/04 00:35:34 Image size of job updated: 405528
	397  -  MemoryUsage of job (MB)
	405528  -  ResidentSetSize of job (KB)
...
006 (16781426.017.000) 03/04 00:40:34 Image size of job updated: 414164
	405  -  MemoryUsage of job (MB)
	414164  -  ResidentSetSize of job (KB)
...
040 (16781426.017.000) 03/04 00:47:09 Started transferring output files
...
040 (16781426.017.000) 03/04 00:47:09 Finished transferring output files
...
005 (16781426.017.000) 03/04 00:47:09 Job terminated.
	(1) Normal termination (return value 0)
		Usr 0 00:00:09, Sys 0 00:00:04  -  Run Remote Usage
		Usr 0 00:00:00, Sys 0 00:00:00  -  Run Local Usage
		Usr 0 00:00:20, Sys 0 00:00:08  -  Total Remote Usage
		Usr 0 00:00:00, Sys 0 00:00:00  -  Total Local Usage
	1174  -  Run Bytes Sent By Job
	19324  -  Run Bytes Received By Job
	7177  -  Total Bytes Sent By Job
	32645  -  Total Bytes Received By Job
	Partitionable Resources :    Usage  Request Allocated 
	   Cpus                 :     0.01        1         1 
	   Disk (KB)            :    44     2097152   2099975 
	   GPUs                 :                           0 
	   Memory (MB)          :   405        3000      3000 

	Job terminated of its own accord at 2025-03-03T23:47:09Z with exit-code 0.
...
