000 (16788263.001.000) 03/04 06:46:41 Job submitted from host: <188.185.72.155:9618?addrs=188.185.72.155-9618+[2001-1458-d00-8--100-95]-9618&alias=bigbird08.cern.ch&noUDP&sock=schedd_862983_22fa>
...
040 (16788263.001.000) 03/04 06:49:40 Started transferring input files
	Transferring to host: <188.185.205.193:9618?addrs=188.185.205.193-9618+[2001-1458-303-a--100-3e]-9618&alias=b9p04p8349.cern.ch&noUDP&sock=slot1_24_3796_6013_5074>
...
040 (16788263.001.000) 03/04 06:49:40 Finished transferring input files
...
001 (16788263.001.000) 03/04 06:49:41 Job executing on host: <188.185.205.193:9618?addrs=188.185.205.193-9618+[2001-1458-303-a--100-3e]-9618&alias=b9p04p8349.cern.ch&noUDP&sock=startd_3746_05dc>
	SlotName: slot1_24@b9p04p8349.cern.ch
	CondorScratchDir = "/pool/condor/dir_907965"
	Cpus = 1
	Disk = 2099733
	GPUs = 0
	Memory = 3000
...
006 (16788263.001.000) 03/04 06:49:55 Image size of job updated: 10968
	6  -  MemoryUsage of job (MB)
	5512  -  ResidentSetSize of job (KB)
...
006 (16788263.001.000) 03/04 06:52:00 Image size of job updated: 54808
	6  -  MemoryUsage of job (MB)
	5512  -  ResidentSetSize of job (KB)
...
040 (16788263.001.000) 03/04 06:52:00 Started transferring output files
...
040 (16788263.001.000) 03/04 06:52:00 Finished transferring output files
...
005 (16788263.001.000) 03/04 06:52:00 Job terminated.
	(1) Normal termination (return value 0)
		Usr 0 00:00:07, Sys 0 00:00:05  -  Run Remote Usage
		Usr 0 00:00:00, Sys 0 00:00:00  -  Run Local Usage
		Usr 0 00:00:07, Sys 0 00:00:05  -  Total Remote Usage
		Usr 0 00:00:00, Sys 0 00:00:00  -  Total Local Usage
	6075  -  Run Bytes Sent By Job
	13317  -  Run Bytes Received By Job
	6075  -  Total Bytes Sent By Job
	13317  -  Total Bytes Received By Job
	Partitionable Resources :    Usage  Request Allocated 
	   Cpus                 :                 1         1 
	   Disk (KB)            :       35  2097152   2099733 
	   GPUs                 :                           0 
	   Memory (MB)          :        6     3000      3000 

	Job terminated of its own accord at 2025-03-04T05:52:00Z with exit-code 0.
...
