040 (16781425.033.000) 03/04 00:35:20 Started transferring input files
	Transferring to host: <188.185.192.30:9618?addrs=188.185.192.30-9618+[2001-1458-303-1f--100-1a]-9618&alias=b9p13p4361.cern.ch&noUDP&sock=slot1_4_11347_bce7_13518>
...
040 (16781425.033.000) 03/04 00:35:20 Finished transferring input files
...
001 (16781425.033.000) 03/04 00:35:21 Job executing on host: <188.185.192.30:9618?addrs=188.185.192.30-9618+[2001-1458-303-1f--100-1a]-9618&alias=b9p13p4361.cern.ch&noUDP&sock=startd_10879_aae7>
	SlotName: slot1_4@b9p13p4361.cern.ch
	CondorScratchDir = "/pool/condor/dir_368579"
	Cpus = 1
	Disk = 2099870
	GPUs = 0
	Memory = 3000
...
040 (16781425.033.000) 03/04 00:36:15 Started transferring output files
...
040 (16781425.033.000) 03/04 00:36:15 Finished transferring output files
...
004 (16781425.033.000) 03/04 00:36:15 Job was evicted.
	(0) CPU times
		Usr 0 00:00:09, Sys 0 00:00:01  -  Run Remote Usage
		Usr 0 00:00:00, Sys 0 00:00:00  -  Run Local Usage
	1127  -  Run Bytes Sent By Job
	36699  -  Run Bytes Received By Job
	Partitionable Resources :    Usage  Request Allocated 
	   Cpus                 :     0.26        1         1 
	   Disk (KB)            :    43     2097152   2099870 
	   GPUs                 :                           0 
	   Memory (MB)          :   293        3000      3000 
...
040 (16781425.033.000) 03/04 00:46:59 Started transferring input files
	Transferring to host: <128.142.161.111:9618?addrs=128.142.161.111-9618+[2001-1458-301-b8--100-2d]-9618&alias=b9g03p5711.cern.ch&noUDP&sock=slot1_16_2348329_f85f_3557>
...
040 (16781425.033.000) 03/04 00:46:59 Finished transferring input files
...
001 (16781425.033.000) 03/04 00:47:00 Job executing on host: <128.142.161.111:9618?addrs=128.142.161.111-9618+[2001-1458-301-b8--100-2d]-9618&alias=b9g03p5711.cern.ch&noUDP&sock=startd_8045_c781>
	SlotName: slot1_16@b9g03p5711.cern.ch
	CondorScratchDir = "/pool/condor/dir_257934"
	Cpus = 1
	Disk = 2109772
	GPUs = 0
	Memory = 3000
...
040 (16781425.033.000) 03/04 00:47:50 Started transferring output files
...
040 (16781425.033.000) 03/04 00:47:50 Finished transferring output files
...
005 (16781425.033.000) 03/04 00:47:50 Job terminated.
	(1) Normal termination (return value 0)
		Usr 0 00:00:10, Sys 0 00:00:03  -  Run Remote Usage
		Usr 0 00:00:00, Sys 0 00:00:00  -  Run Local Usage
		Usr 0 00:03:12, Sys 0 00:00:13  -  Total Remote Usage
		Usr 0 00:00:00, Sys 0 00:00:00  -  Total Local Usage
	1172  -  Run Bytes Sent By Job
	18821  -  Run Bytes Received By Job
	26178  -  Total Bytes Sent By Job
	68308  -  Total Bytes Received By Job
	Partitionable Resources :    Usage  Request Allocated 
	   Cpus                 :     0.26        1         1 
	   Disk (KB)            :    35     2097152   2109772 
	   GPUs                 :                           0 
	   Memory (MB)          :   293        3000      3000 

	Job terminated of its own accord at 2025-03-03T23:47:50Z with exit-code 0.
...
