000 (16781426.007.000) 03/04 00:13:24 Job submitted from host: <188.185.72.155:9618?addrs=188.185.72.155-9618+[2001-1458-d00-8--100-95]-9618&alias=bigbird08.cern.ch&noUDP&sock=schedd_862983_22fa>
...
040 (16781426.007.000) 03/04 00:13:53 Started transferring input files
	Transferring to host: <188.185.194.85:9618?addrs=188.185.194.85-9618+[2001-1458-303-21--100-51]-9618&alias=b9p20p8066.cern.ch&noUDP&sock=slot1_5_256774_4303_24092>
...
040 (16781426.007.000) 03/04 00:13:53 Finished transferring input files
...
001 (16781426.007.000) 03/04 00:13:54 Job executing on host: <188.185.194.85:9618?addrs=188.185.194.85-9618+[2001-1458-303-21--100-51]-9618&alias=b9p20p8066.cern.ch&noUDP&sock=startd_4996_6b3e>
	SlotName: slot1_5@b9p20p8066.cern.ch
	CondorScratchDir = "/pool/condor/dir_1521827"
	Cpus = 1
	Disk = 2099873
	GPUs = 0
	Memory = 3000
...
006 (16781426.007.000) 03/04 00:14:03 Image size of job updated: 90744
	89  -  MemoryUsage of job (MB)
	90744  -  ResidentSetSize of job (KB)
...
006 (16781426.007.000) 03/04 00:19:04 Image size of job updated: 387376
	379  -  MemoryUsage of job (MB)
	387376  -  ResidentSetSize of job (KB)
...
006 (16781426.007.000) 03/04 00:24:05 Image size of job updated: 392224
	384  -  MemoryUsage of job (MB)
	392224  -  ResidentSetSize of job (KB)
...
006 (16781426.007.000) 03/04 00:29:05 Image size of job updated: 405552
	397  -  MemoryUsage of job (MB)
	405552  -  ResidentSetSize of job (KB)
...
040 (16781426.007.000) 03/04 00:30:53 Started transferring output files
...
040 (16781426.007.000) 03/04 00:30:53 Finished transferring output files
...
004 (16781426.007.000) 03/04 00:30:53 Job was evicted.
	(0) CPU times
		Usr 0 00:00:10, Sys 0 00:00:04  -  Run Remote Usage
		Usr 0 00:00:00, Sys 0 00:00:00  -  Run Local Usage
	6001  -  Run Bytes Sent By Job
	13321  -  Run Bytes Received By Job
	Partitionable Resources :    Usage  Request Allocated 
	   Cpus                 :     0.00        1         1 
	   Disk (KB)            :    42     2097152   2099873 
	   GPUs                 :                           0 
	   Memory (MB)          :   397        3000      3000 
...
040 (16781426.007.000) 03/04 00:35:29 Started transferring input files
	Transferring to host: <188.185.192.117:9618?addrs=188.185.192.117-9618+[2001-1458-303-1f--100-71]-9618&alias=b9p13p7787.cern.ch&noUDP&sock=slot1_26_9570_ae3e_13453>
...
040 (16781426.007.000) 03/04 00:35:29 Finished transferring input files
...
001 (16781426.007.000) 03/04 00:35:30 Job executing on host: <188.185.192.117:9618?addrs=188.185.192.117-9618+[2001-1458-303-1f--100-71]-9618&alias=b9p13p7787.cern.ch&noUDP&sock=startd_8073_fc28>
	SlotName: slot1_26@b9p13p7787.cern.ch
	CondorScratchDir = "/pool/condor/dir_571819"
	Cpus = 1
	Disk = 2098646
	GPUs = 0
	Memory = 3000
...
040 (16781426.007.000) 03/04 00:47:45 Started transferring output files
...
040 (16781426.007.000) 03/04 00:47:45 Finished transferring output files
...
005 (16781426.007.000) 03/04 00:47:45 Job terminated.
	(1) Normal termination (return value 0)
		Usr 0 00:00:12, Sys 0 00:00:05  -  Run Remote Usage
		Usr 0 00:00:00, Sys 0 00:00:00  -  Run Local Usage
		Usr 0 00:00:22, Sys 0 00:00:09  -  Total Remote Usage
		Usr 0 00:00:00, Sys 0 00:00:00  -  Total Local Usage
	1172  -  Run Bytes Sent By Job
	19322  -  Run Bytes Received By Job
	7173  -  Total Bytes Sent By Job
	32643  -  Total Bytes Received By Job
	Partitionable Resources :    Usage  Request Allocated 
	   Cpus                 :     0.01        1         1 
	   Disk (KB)            :    44     2097152   2098646 
	   GPUs                 :                           0 
	   Memory (MB)          :   416        3000      3000 

	Job terminated of its own accord at 2025-03-03T23:47:45Z with exit-code 0.
...
