Starting job on Tue Mar  4 12:00:13 AM CET 2025
Running on: b9p19p2548.cern.ch
CMSSW environment set up.
DATASET FOLDER: DYJetsToLL_M-50_TuneCP5_13p6TeV-madgraphMLM-pythia8_Run3Summer22NanoAODv12-ALCARECO_forPOG_130X_mcRun3_2022_realistic_v5_ext1-v2_NANOAODSIM 
EOS DIR: /eos/user/o/olfimbre/NanoAOD_Filtered/DYJetsToLL_M-50_TuneCP5_13p6TeV-madgraphMLM-pythia8_Run3Summer22NanoAODv12-ALCARECO_forPOG_130X_mcRun3_2022_realistic_v5_ext1-v2_NANOAODSIM 
Processing file: root://cms-xrd-global.cern.ch//store/mc/Run3Summer22NanoAODv12/DYJetsToLL_M-50_TuneCP5_13p6TeV-madgraphMLM-pythia8/NANOAODSIM/ALCARECO_forPOG_130X_mcRun3_2022_realistic_v5_ext1-v2/30000/276d8f18-6665-46c3-a3c4-002689e2de12.root
Will write selected trees to filteredNanoAOD
Pre-select 190555 entries out of 190555 (100.00%)
Processed    10000/  190555 entries,  5.25% (elapsed time     8.4s, curr speed    1.195 kHz, avg speed    1.195 kHz), accepted     2767/   10001 events (27.67%)
Processed    20000/  190555 entries, 10.50% (elapsed time    17.4s, curr speed    1.110 kHz, avg speed    1.151 kHz), accepted     5520/   20001 events (27.60%)
Processed    30000/  190555 entries, 15.74% (elapsed time    24.6s, curr speed    1.382 kHz, avg speed    1.219 kHz), accepted     8285/   30001 events (27.62%)
Processed    40000/  190555 entries, 20.99% (elapsed time    32.8s, curr speed    1.222 kHz, avg speed    1.220 kHz), accepted    11100/   40001 events (27.75%)
Processed    50000/  190555 entries, 26.24% (elapsed time    41.8s, curr speed    1.110 kHz, avg speed    1.196 kHz), accepted    13917/   50001 events (27.83%)
Processed    60000/  190555 entries, 31.49% (elapsed time    49.1s, curr speed    1.362 kHz, avg speed    1.221 kHz), accepted    16749/   60001 events (27.91%)
Processed    70000/  190555 entries, 36.73% (elapsed time    57.2s, curr speed    1.240 kHz, avg speed    1.224 kHz), accepted    19461/   70001 events (27.80%)
Processed    80000/  190555 entries, 41.98% (elapsed time    66.2s, curr speed    1.115 kHz, avg speed    1.209 kHz), accepted    22204/   80001 events (27.75%)
Processed    90000/  190555 entries, 47.23% (elapsed time    73.5s, curr speed    1.369 kHz, avg speed    1.225 kHz), accepted    24967/   90001 events (27.74%)
Processed   100000/  190555 entries, 52.48% (elapsed time    81.8s, curr speed    1.200 kHz, avg speed    1.222 kHz), accepted    27769/  100001 events (27.77%)
Processed   110000/  190555 entries, 57.73% (elapsed time    91.3s, curr speed    1.051 kHz, avg speed    1.204 kHz), accepted    30576/  110001 events (27.80%)
Processed   120000/  190555 entries, 62.97% (elapsed time    98.1s, curr speed    1.470 kHz, avg speed    1.223 kHz), accepted    33248/  120001 events (27.71%)
Processed   130000/  190555 entries, 68.22% (elapsed time   106.2s, curr speed    1.241 kHz, avg speed    1.224 kHz), accepted    35973/  130001 events (27.67%)
Processed   140000/  190555 entries, 73.47% (elapsed time   114.8s, curr speed    1.154 kHz, avg speed    1.219 kHz), accepted    38763/  140001 events (27.69%)
Processed   150000/  190555 entries, 78.72% (elapsed time   122.0s, curr speed    1.399 kHz, avg speed    1.230 kHz), accepted    41475/  150001 events (27.65%)
Processed   160000/  190555 entries, 83.97% (elapsed time   130.0s, curr speed    1.242 kHz, avg speed    1.230 kHz), accepted    44139/  160001 events (27.59%)
Processed   170000/  190555 entries, 89.21% (elapsed time   139.0s, curr speed    1.122 kHz, avg speed    1.223 kHz), accepted    46839/  170001 events (27.55%)
Processed   180000/  190555 entries, 94.46% (elapsed time   146.1s, curr speed    1.406 kHz, avg speed    1.232 kHz), accepted    49561/  180001 events (27.53%)
Processed   190000/  190555 entries, 99.71% (elapsed time   153.8s, curr speed    1.301 kHz, avg speed    1.236 kHz), accepted    52265/  190001 events (27.51%)
Processed 190555 preselected entries from root://cms-xrd-global.cern.ch//store/mc/Run3Summer22NanoAODv12/DYJetsToLL_M-50_TuneCP5_13p6TeV-madgraphMLM-pythia8/NANOAODSIM/ALCARECO_forPOG_130X_mcRun3_2022_realistic_v5_ext1-v2/30000/276d8f18-6665-46c3-a3c4-002689e2de12.root (190555 entries). Finally selected 52408 entries
Done filteredNanoAOD/276d8f18-6665-46c3-a3c4-002689e2de12_Skim.root
Total time 296.1 sec. to process 190555 events. Rate = 643.6 Hz.
Copying output files to EOS: /eos/user/o/olfimbre/NanoAOD_Filtered/DYJetsToLL_M-50_TuneCP5_13p6TeV-madgraphMLM-pythia8_Run3Summer22NanoAODv12-ALCARECO_forPOG_130X_mcRun3_2022_realistic_v5_ext1-v2_NANOAODSIM
Job finished on Tue Mar  4 00:05:33 CET 2025
