000 (16798628.001.000) 03/06 22:38:07 Job submitted from host: <188.185.72.155:9618?addrs=188.185.72.155-9618+[2001-1458-d00-8--100-95]-9618&alias=bigbird08.cern.ch&noUDP&sock=schedd_1954698_d259>
...
040 (16798628.001.000) 03/06 22:38:58 Started transferring input files
	Transferring to host: <188.185.213.153:9618?addrs=188.185.213.153-9618+[2001-1458-303-1b--100-15]-9618&alias=b9p28p8772.cern.ch&noUDP&sock=slot1_6_3708787_b43a_48586>
...
040 (16798628.001.000) 03/06 22:38:58 Finished transferring input files
...
001 (16798628.001.000) 03/06 22:38:59 Job executing on host: <188.185.213.153:9618?addrs=188.185.213.153-9618+[2001-1458-303-1b--100-15]-9618&alias=b9p28p8772.cern.ch&noUDP&sock=startd_5313_dac4>
	SlotName: slot1_6@b9p28p8772.cern.ch
	CondorScratchDir = "/pool/condor/dir_3394800"
	Cpus = 1
	Disk = 2099924
	GPUs = 0
	Memory = 3000
...
006 (16798628.001.000) 03/06 22:39:08 Image size of job updated: 134268
	132  -  MemoryUsage of job (MB)
	134268  -  ResidentSetSize of job (KB)
...
006 (16798628.001.000) 03/06 22:39:19 Image size of job updated: 134268
	134  -  MemoryUsage of job (MB)
	136572  -  ResidentSetSize of job (KB)
...
040 (16798628.001.000) 03/06 22:39:19 Started transferring output files
...
040 (16798628.001.000) 03/06 22:39:20 Finished transferring output files
...
005 (16798628.001.000) 03/06 22:39:20 Job terminated.
	(1) Normal termination (return value 0)
		Usr 0 00:00:11, Sys 0 00:00:01  -  Run Remote Usage
		Usr 0 00:00:00, Sys 0 00:00:00  -  Run Local Usage
		Usr 0 00:00:11, Sys 0 00:00:01  -  Total Remote Usage
		Usr 0 00:00:00, Sys 0 00:00:00  -  Total Local Usage
	6747  -  Run Bytes Sent By Job
	15440  -  Run Bytes Received By Job
	6747  -  Total Bytes Sent By Job
	15440  -  Total Bytes Received By Job
	Partitionable Resources :    Usage  Request Allocated 
	   Cpus                 :        0        1         1 
	   Disk (KB)            :       45  2097152   2099924 
	   GPUs                 :                           0 
	   Memory (MB)          :      134     3000      3000 

	Job terminated of its own accord at 2025-03-06T21:39:19Z with exit-code 0.
...
