000 (16781426.016.000) 03/04 00:13:24 Job submitted from host: <188.185.72.155:9618?addrs=188.185.72.155-9618+[2001-1458-d00-8--100-95]-9618&alias=bigbird08.cern.ch&noUDP&sock=schedd_862983_22fa>
...
040 (16781426.016.000) 03/04 00:13:56 Started transferring input files
	Transferring to host: <188.185.193.144:9618?addrs=188.185.193.144-9618+[2001-1458-303-20--100-8c]-9618&alias=b9p19p1102.cern.ch&noUDP&sock=slot1_31_4166320_17c7_15685>
...
040 (16781426.016.000) 03/04 00:13:56 Finished transferring input files
...
001 (16781426.016.000) 03/04 00:13:57 Job executing on host: <188.185.193.144:9618?addrs=188.185.193.144-9618+[2001-1458-303-20--100-8c]-9618&alias=b9p19p1102.cern.ch&noUDP&sock=startd_10334_d7ca>
	SlotName: slot1_31@b9p19p1102.cern.ch
	CondorScratchDir = "/pool/condor/dir_4120493"
	Cpus = 1
	Disk = 2099370
	GPUs = 0
	Memory = 3000
...
006 (16781426.016.000) 03/04 00:14:05 Image size of job updated: 20180
	20  -  MemoryUsage of job (MB)
	20180  -  ResidentSetSize of job (KB)
...
006 (16781426.016.000) 03/04 00:19:05 Image size of job updated: 412896
	404  -  MemoryUsage of job (MB)
	412896  -  ResidentSetSize of job (KB)
...
006 (16781426.016.000) 03/04 00:24:06 Image size of job updated: 429368
	420  -  MemoryUsage of job (MB)
	429368  -  ResidentSetSize of job (KB)
...
040 (16781426.016.000) 03/04 00:30:54 Started transferring output files
...
040 (16781426.016.000) 03/04 00:30:54 Finished transferring output files
...
004 (16781426.016.000) 03/04 00:30:54 Job was evicted.
	(0) CPU times
		Usr 0 00:00:13, Sys 0 00:00:04  -  Run Remote Usage
		Usr 0 00:00:00, Sys 0 00:00:00  -  Run Local Usage
	6003  -  Run Bytes Sent By Job
	13321  -  Run Bytes Received By Job
	Partitionable Resources :    Usage  Request Allocated 
	   Cpus                 :     0.00        1         1 
	   Disk (KB)            :    42     2097152   2099370 
	   GPUs                 :                           0 
	   Memory (MB)          :   420        3000      3000 
...
040 (16781426.016.000) 03/04 00:35:25 Started transferring input files
	Transferring to host: <188.185.198.134:9618?addrs=188.185.198.134-9618+[2001-1458-303-25--100-82]-9618&alias=b9p15p6683.cern.ch&noUDP&sock=slot1_14_6075_2310_4022>
...
040 (16781426.016.000) 03/04 00:35:25 Finished transferring input files
...
001 (16781426.016.000) 03/04 00:35:26 Job executing on host: <188.185.198.134:9618?addrs=188.185.198.134-9618+[2001-1458-303-25--100-82]-9618&alias=b9p15p6683.cern.ch&noUDP&sock=startd_4557_4d2b>
	SlotName: slot1_14@b9p15p6683.cern.ch
	CondorScratchDir = "/pool/condor/dir_29964"
	Cpus = 1
	Disk = 2099856
	GPUs = 0
	Memory = 3000
...
040 (16781426.016.000) 03/04 00:47:34 Started transferring output files
...
040 (16781426.016.000) 03/04 00:47:34 Finished transferring output files
...
005 (16781426.016.000) 03/04 00:47:34 Job terminated.
	(1) Normal termination (return value 0)
		Usr 0 00:00:11, Sys 0 00:00:04  -  Run Remote Usage
		Usr 0 00:00:00, Sys 0 00:00:00  -  Run Local Usage
		Usr 0 00:00:24, Sys 0 00:00:08  -  Total Remote Usage
		Usr 0 00:00:00, Sys 0 00:00:00  -  Total Local Usage
	1174  -  Run Bytes Sent By Job
	19324  -  Run Bytes Received By Job
	7177  -  Total Bytes Sent By Job
	32645  -  Total Bytes Received By Job
	Partitionable Resources :    Usage  Request Allocated 
	   Cpus                 :     0.00        1         1 
	   Disk (KB)            :    44     2097152   2099856 
	   GPUs                 :                           0 
	   Memory (MB)          :   440        3000      3000 

	Job terminated of its own accord at 2025-03-03T23:47:34Z with exit-code 0.
...
