000 (16781426.003.000) 03/04 00:13:24 Job submitted from host: <188.185.72.155:9618?addrs=188.185.72.155-9618+[2001-1458-d00-8--100-95]-9618&alias=bigbird08.cern.ch&noUDP&sock=schedd_862983_22fa>
...
040 (16781426.003.000) 03/04 00:13:51 Started transferring input files
	Transferring to host: <188.185.196.146:9618?addrs=188.185.196.146-9618+[2001-1458-303-23--100-8e]-9618&alias=b9p16p3934.cern.ch&noUDP&sock=slot1_6_81382_bb26_20812>
...
040 (16781426.003.000) 03/04 00:13:51 Finished transferring input files
...
001 (16781426.003.000) 03/04 00:13:52 Job executing on host: <188.185.196.146:9618?addrs=188.185.196.146-9618+[2001-1458-303-23--100-8e]-9618&alias=b9p16p3934.cern.ch&noUDP&sock=startd_4723_29e3>
	SlotName: slot1_6@b9p16p3934.cern.ch
	CondorScratchDir = "/pool/condor/dir_5532"
	Cpus = 1
	Disk = 2099942
	GPUs = 0
	Memory = 3000
...
006 (16781426.003.000) 03/04 00:14:01 Image size of job updated: 1788
	2  -  MemoryUsage of job (MB)
	1788  -  ResidentSetSize of job (KB)
...
006 (16781426.003.000) 03/04 00:19:02 Image size of job updated: 413296
	404  -  MemoryUsage of job (MB)
	413296  -  ResidentSetSize of job (KB)
...
006 (16781426.003.000) 03/04 00:24:02 Image size of job updated: 421440
	412  -  MemoryUsage of job (MB)
	421440  -  ResidentSetSize of job (KB)
...
006 (16781426.003.000) 03/04 00:29:02 Image size of job updated: 422372
	413  -  MemoryUsage of job (MB)
	422372  -  ResidentSetSize of job (KB)
...
040 (16781426.003.000) 03/04 00:30:53 Started transferring output files
...
040 (16781426.003.000) 03/04 00:30:53 Finished transferring output files
...
004 (16781426.003.000) 03/04 00:30:53 Job was evicted.
	(0) CPU times
		Usr 0 00:00:09, Sys 0 00:00:04  -  Run Remote Usage
		Usr 0 00:00:00, Sys 0 00:00:00  -  Run Local Usage
	6001  -  Run Bytes Sent By Job
	13321  -  Run Bytes Received By Job
	Partitionable Resources :    Usage  Request Allocated 
	   Cpus                 :     0.00        1         1 
	   Disk (KB)            :    42     2097152   2099942 
	   GPUs                 :                           0 
	   Memory (MB)          :   413        3000      3000 
...
040 (16781426.003.000) 03/04 00:35:21 Started transferring input files
	Transferring to host: <188.185.196.160:9618?addrs=188.185.196.160-9618+[2001-1458-303-23--100-9c]-9618&alias=b9p16p4006.cern.ch&noUDP&sock=slot1_7_7579_d74d_17148>
...
040 (16781426.003.000) 03/04 00:35:21 Finished transferring input files
...
001 (16781426.003.000) 03/04 00:35:22 Job executing on host: <188.185.196.160:9618?addrs=188.185.196.160-9618+[2001-1458-303-23--100-9c]-9618&alias=b9p16p4006.cern.ch&noUDP&sock=startd_6600_a127>
	SlotName: slot1_7@b9p16p4006.cern.ch
	CondorScratchDir = "/pool/condor/dir_3886419"
	Cpus = 1
	Disk = 2100253
	GPUs = 0
	Memory = 3000
...
040 (16781426.003.000) 03/04 00:36:15 Started transferring output files
...
040 (16781426.003.000) 03/04 00:36:15 Finished transferring output files
...
004 (16781426.003.000) 03/04 00:36:15 Job was evicted.
	(0) CPU times
		Usr 0 00:00:12, Sys 0 00:00:01  -  Run Remote Usage
		Usr 0 00:00:00, Sys 0 00:00:00  -  Run Local Usage
	1127  -  Run Bytes Sent By Job
	19322  -  Run Bytes Received By Job
	Partitionable Resources :    Usage  Request Allocated 
	   Cpus                 :        0        1         1 
	   Disk (KB)            :       44  2097152   2100253 
	   GPUs                 :                           0 
	   Memory (MB)          :      416     3000      3000 
...
040 (16781426.003.000) 03/04 00:47:15 Started transferring input files
	Transferring to host: <188.185.194.68:9618?addrs=188.185.194.68-9618+[2001-1458-303-21--100-40]-9618&alias=b9p20p5000.cern.ch&noUDP&sock=slot1_28_3379479_6d6a_16839>
...
040 (16781426.003.000) 03/04 00:47:15 Finished transferring input files
...
001 (16781426.003.000) 03/04 00:47:16 Job executing on host: <188.185.194.68:9618?addrs=188.185.194.68-9618+[2001-1458-303-21--100-40]-9618&alias=b9p20p5000.cern.ch&noUDP&sock=startd_6859_482f>
	SlotName: slot1_28@b9p20p5000.cern.ch
	CondorScratchDir = "/pool/condor/dir_3647328"
	Cpus = 1
	Disk = 2128664
	GPUs = 0
	Memory = 3000
...
040 (16781426.003.000) 03/04 00:47:38 Started transferring output files
...
040 (16781426.003.000) 03/04 00:47:38 Finished transferring output files
...
005 (16781426.003.000) 03/04 00:47:38 Job terminated.
	(1) Normal termination (return value 0)
		Usr 0 00:00:11, Sys 0 00:00:02  -  Run Remote Usage
		Usr 0 00:00:00, Sys 0 00:00:00  -  Run Local Usage
		Usr 0 00:00:32, Sys 0 00:00:07  -  Total Remote Usage
		Usr 0 00:00:00, Sys 0 00:00:00  -  Total Local Usage
	1172  -  Run Bytes Sent By Job
	19322  -  Run Bytes Received By Job
	8300  -  Total Bytes Sent By Job
	51965  -  Total Bytes Received By Job
	Partitionable Resources :    Usage  Request Allocated 
	   Cpus                 :        0        1         1 
	   Disk (KB)            :       44  2097152   2128664 
	   GPUs                 :                           0 
	   Memory (MB)          :      416     3000      3000 

	Job terminated of its own accord at 2025-03-03T23:47:38Z with exit-code 0.
...
