000 (16788275.003.000) 03/04 08:24:53 Job submitted from host: <188.185.72.155:9618?addrs=188.185.72.155-9618+[2001-1458-d00-8--100-95]-9618&alias=bigbird08.cern.ch&noUDP&sock=schedd_862983_22fa>
...
040 (16788275.003.000) 03/04 08:26:01 Started transferring input files
	Transferring to host: <188.185.196.87:9618?addrs=188.185.196.87-9618+[2001-1458-303-23--100-53]-9618&alias=b9p16p3622.cern.ch&noUDP&sock=slot1_23_3670057_ea53_25600>
...
040 (16788275.003.000) 03/04 08:26:01 Finished transferring input files
...
001 (16788275.003.000) 03/04 08:26:02 Job executing on host: <188.185.196.87:9618?addrs=188.185.196.87-9618+[2001-1458-303-23--100-53]-9618&alias=b9p16p3622.cern.ch&noUDP&sock=startd_7355_7f28>
	SlotName: slot1_23@b9p16p3622.cern.ch
	CondorScratchDir = "/pool/condor/dir_3296833"
	Cpus = 1
	Disk = 2099969
	GPUs = 0
	Memory = 3000
...
006 (16788275.003.000) 03/04 08:26:11 Image size of job updated: 22988
	23  -  MemoryUsage of job (MB)
	22988  -  ResidentSetSize of job (KB)
...
006 (16788275.003.000) 03/04 08:27:08 Image size of job updated: 374280
	366  -  MemoryUsage of job (MB)
	374280  -  ResidentSetSize of job (KB)
...
040 (16788275.003.000) 03/04 08:27:08 Started transferring output files
...
040 (16788275.003.000) 03/04 08:27:08 Finished transferring output files
...
005 (16788275.003.000) 03/04 08:27:08 Job terminated.
	(1) Normal termination (return value 0)
		Usr 0 00:00:15, Sys 0 00:00:01  -  Run Remote Usage
		Usr 0 00:00:00, Sys 0 00:00:00  -  Run Local Usage
		Usr 0 00:00:15, Sys 0 00:00:01  -  Total Remote Usage
		Usr 0 00:00:00, Sys 0 00:00:00  -  Total Local Usage
	6429  -  Run Bytes Sent By Job
	13323  -  Run Bytes Received By Job
	6429  -  Total Bytes Sent By Job
	13323  -  Total Bytes Received By Job
	Partitionable Resources :    Usage  Request Allocated 
	   Cpus                 :        0        1         1 
	   Disk (KB)            :       42  2097152   2099969 
	   GPUs                 :                           0 
	   Memory (MB)          :      366     3000      3000 

	Job terminated of its own accord at 2025-03-04T07:27:08Z with exit-code 0.
...
