000 (16811378.005.000) 03/12 23:31:24 Job submitted from host: <188.185.72.155:9618?addrs=188.185.72.155-9618+[2001-1458-d00-8--100-95]-9618&alias=bigbird08.cern.ch&noUDP&sock=schedd_1954698_d259>
...
040 (16811378.005.000) 03/12 23:33:54 Started transferring input files
	Transferring to host: <188.185.195.21:9618?addrs=188.185.195.21-9618+[2001-1458-303-22--100-11]-9618&alias=b9p17p2773.cern.ch&noUDP&sock=slot1_6_779717_e9b4_997>
...
040 (16811378.005.000) 03/12 23:33:54 Finished transferring input files
...
001 (16811378.005.000) 03/12 23:33:55 Job executing on host: <188.185.195.21:9618?addrs=188.185.195.21-9618+[2001-1458-303-22--100-11]-9618&alias=b9p17p2773.cern.ch&noUDP&sock=startd_9006_f205>
	SlotName: slot1_6@b9p17p2773.cern.ch
	CondorScratchDir = "/pool/condor/dir_1891676"
	Cpus = 1
	Disk = 2099989
	GPUs = 0
	Memory = 3000
...
006 (16811378.005.000) 03/12 23:34:04 Image size of job updated: 265280
	260  -  MemoryUsage of job (MB)
	265280  -  ResidentSetSize of job (KB)
...
006 (16811378.005.000) 03/12 23:34:21 Image size of job updated: 377756
	369  -  MemoryUsage of job (MB)
	377756  -  ResidentSetSize of job (KB)
...
040 (16811378.005.000) 03/12 23:34:21 Started transferring output files
...
040 (16811378.005.000) 03/12 23:34:21 Finished transferring output files
...
005 (16811378.005.000) 03/12 23:34:21 Job terminated.
	(1) Normal termination (return value 0)
		Usr 0 00:00:18, Sys 0 00:00:01  -  Run Remote Usage
		Usr 0 00:00:00, Sys 0 00:00:00  -  Run Local Usage
		Usr 0 00:00:18, Sys 0 00:00:01  -  Total Remote Usage
		Usr 0 00:00:00, Sys 0 00:00:00  -  Total Local Usage
	7257  -  Run Bytes Sent By Job
	16801  -  Run Bytes Received By Job
	7257  -  Total Bytes Sent By Job
	16801  -  Total Bytes Received By Job
	Partitionable Resources :    Usage  Request Allocated 
	   Cpus                 :        0        1         1 
	   Disk (KB)            :       46  2097152   2099989 
	   GPUs                 :                           0 
	   Memory (MB)          :      369     3000      3000 

	Job terminated of its own accord at 2025-03-12T22:34:21Z with exit-code 0.
...
