Starting job on Tue Mar  4 12:00:42 AM CET 2025
Running on: b9p13p9645.cern.ch
CMSSW environment set up.
DATASET FOLDER: DYJetsToLL_M-50_TuneCP5_13p6TeV-madgraphMLM-pythia8_Run3Summer22NanoAODv12-ALCARECO_forPOG_130X_mcRun3_2022_realistic_v5_ext1-v2_NANOAODSIM 
EOS DIR: /eos/user/o/olfimbre/NanoAOD_Filtered/DYJetsToLL_M-50_TuneCP5_13p6TeV-madgraphMLM-pythia8_Run3Summer22NanoAODv12-ALCARECO_forPOG_130X_mcRun3_2022_realistic_v5_ext1-v2_NANOAODSIM 
Processing file: root://cms-xrd-global.cern.ch//store/mc/Run3Summer22NanoAODv12/DYJetsToLL_M-50_TuneCP5_13p6TeV-madgraphMLM-pythia8/NANOAODSIM/ALCARECO_forPOG_130X_mcRun3_2022_realistic_v5_ext1-v2/2520000/1390d008-e312-49a9-b139-b577f24583a7.root
Will write selected trees to filteredNanoAOD
Pre-select 212389 entries out of 212389 (100.00%)
Processed    10000/  212389 entries,  4.71% (elapsed time     7.2s, curr speed    1.393 kHz, avg speed    1.393 kHz), accepted     2772/   10001 events (27.72%)
Processed    20000/  212389 entries,  9.42% (elapsed time    15.7s, curr speed    1.175 kHz, avg speed    1.275 kHz), accepted     5553/   20001 events (27.76%)
Processed    30000/  212389 entries, 14.13% (elapsed time    22.0s, curr speed    1.578 kHz, avg speed    1.362 kHz), accepted     8239/   30001 events (27.46%)
Processed    40000/  212389 entries, 18.83% (elapsed time    29.2s, curr speed    1.397 kHz, avg speed    1.371 kHz), accepted    10990/   40001 events (27.47%)
Processed    50000/  212389 entries, 23.54% (elapsed time    37.2s, curr speed    1.241 kHz, avg speed    1.342 kHz), accepted    13782/   50001 events (27.56%)
Processed    60000/  212389 entries, 28.25% (elapsed time    44.0s, curr speed    1.471 kHz, avg speed    1.362 kHz), accepted    16567/   60001 events (27.61%)
Processed    70000/  212389 entries, 32.96% (elapsed time    51.1s, curr speed    1.416 kHz, avg speed    1.370 kHz), accepted    19286/   70001 events (27.55%)
Processed    80000/  212389 entries, 37.67% (elapsed time    59.0s, curr speed    1.268 kHz, avg speed    1.356 kHz), accepted    21989/   80001 events (27.49%)
Processed    90000/  212389 entries, 42.38% (elapsed time    65.6s, curr speed    1.504 kHz, avg speed    1.371 kHz), accepted    24767/   90001 events (27.52%)
Processed   100000/  212389 entries, 47.08% (elapsed time    73.8s, curr speed    1.231 kHz, avg speed    1.356 kHz), accepted    27509/  100001 events (27.51%)
Processed   110000/  212389 entries, 51.79% (elapsed time    82.7s, curr speed    1.124 kHz, avg speed    1.331 kHz), accepted    30305/  110001 events (27.55%)
Processed   120000/  212389 entries, 56.50% (elapsed time    88.7s, curr speed    1.649 kHz, avg speed    1.352 kHz), accepted    33139/  120001 events (27.62%)
Processed   130000/  212389 entries, 61.21% (elapsed time    97.2s, curr speed    1.180 kHz, avg speed    1.337 kHz), accepted    35875/  130001 events (27.60%)
Processed   140000/  212389 entries, 65.92% (elapsed time   106.7s, curr speed    1.051 kHz, avg speed    1.312 kHz), accepted    38639/  140001 events (27.60%)
Processed   150000/  212389 entries, 70.63% (elapsed time   112.3s, curr speed    1.780 kHz, avg speed    1.335 kHz), accepted    41436/  150001 events (27.62%)
Processed   160000/  212389 entries, 75.33% (elapsed time   121.0s, curr speed    1.159 kHz, avg speed    1.323 kHz), accepted    44136/  160001 events (27.58%)
Processed   170000/  212389 entries, 80.04% (elapsed time   130.0s, curr speed    1.107 kHz, avg speed    1.308 kHz), accepted    46897/  170001 events (27.59%)
Processed   180000/  212389 entries, 84.75% (elapsed time   134.8s, curr speed    2.069 kHz, avg speed    1.335 kHz), accepted    49637/  180001 events (27.58%)
Processed   190000/  212389 entries, 89.46% (elapsed time   143.4s, curr speed    1.170 kHz, avg speed    1.325 kHz), accepted    52376/  190001 events (27.57%)
Processed   200000/  212389 entries, 94.17% (elapsed time   152.3s, curr speed    1.121 kHz, avg speed    1.313 kHz), accepted    55194/  200001 events (27.60%)
Processed   210000/  212389 entries, 98.88% (elapsed time   157.5s, curr speed    1.919 kHz, avg speed    1.333 kHz), accepted    57960/  210001 events (27.60%)
Processed 212389 preselected entries from root://cms-xrd-global.cern.ch//store/mc/Run3Summer22NanoAODv12/DYJetsToLL_M-50_TuneCP5_13p6TeV-madgraphMLM-pythia8/NANOAODSIM/ALCARECO_forPOG_130X_mcRun3_2022_realistic_v5_ext1-v2/2520000/1390d008-e312-49a9-b139-b577f24583a7.root (212389 entries). Finally selected 58632 entries
Done filteredNanoAOD/1390d008-e312-49a9-b139-b577f24583a7_Skim.root
Total time 298.7 sec. to process 212389 events. Rate = 711.1 Hz.
Copying output files to EOS: /eos/user/o/olfimbre/NanoAOD_Filtered/DYJetsToLL_M-50_TuneCP5_13p6TeV-madgraphMLM-pythia8_Run3Summer22NanoAODv12-ALCARECO_forPOG_130X_mcRun3_2022_realistic_v5_ext1-v2_NANOAODSIM
Job finished on Tue Mar  4 00:06:00 CET 2025
